<?xml version="1.0" ?>
<ISSUE>
  <ISSUENO>615</ISSUENO>
  <ISSUEURL>https://github.com/vercel/vercel/issues/615</ISSUEURL>
  <TITLE>Periodic failures install now-cli on TravisCI running Node 6</TITLE>
  <DESCRIPTION>During the`postinstall` script, the `latest.assets` is `undefined` which breaks builds. I have tried both installing `now` as a `devDependency` in my `package.json` as well as just installing globally through a `preinstall` hook in my `.travis.yml` file. Periodically (1 in every 3-4 invocations) the build will pass without issue. Otherwise I get the output below: ``` now@6.2.5 postinstall /home/travis/.nvm/versions/node/v6.10.3/lib/node_modules/now &gt; node download/install.js &gt; Retrieving the latest CLI version... TypeError: Cannot read property 'find' of undefined at _callee$ (/home/travis/.nvm/versions/node/v6.10.3/lib/node_modules/now/download/dist/download.js:4771:34) at tryCatch (/home/travis/.nvm/versions/node/v6.10.3/lib/node_modules/now/download/dist/download.js:14364:40) at GeneratorFunctionPrototype.invoke [as _invoke] (/home/travis/.nvm/versions/node/v6.10.3/lib/node_modules/now/download/dist/download.js:14599:22) at GeneratorFunctionPrototype.prototype.(anonymous function) [as next] (/home/travis/.nvm/versions/node/v6.10.3/lib/node_modules/now/download/dist/download.js:14416:21) at step (/home/travis/.nvm/versions/node/v6.10.3/lib/node_modules/now/download/dist/download.js:5003:30) at /home/travis/.nvm/versions/node/v6.10.3/lib/node_modules/now/download/dist/download.js:5014:13 at process._tickCallback (internal/process/next_tick.js:109:7) npm ERR! Linux 4.8.12-040812-generic npm ERR! argv &quot;/home/travis/.nvm/versions/node/v6.10.3/bin/node&quot; &quot;/home/travis/.nvm/versions/node/v6.10.3/bin/npm&quot; &quot;install&quot; &quot;-g&quot; &quot;now&quot; npm ERR! node v6.10.3 npm ERR! npm v3.10.10 npm ERR! code ELIFECYCLE ```</DESCRIPTION>
  <REPONAME>vercel</REPONAME>
  <TIMEDIFFERENCEDAYS>3</TIMEDIFFERENCEDAYS>
  <BUGGYCOMMIT>
    <MESSAGE>[tests] Run against all commits in the branch (#611)</MESSAGE>
    <SHA>5f1cf714c1a235a33600bf4a2b049cb1b0cc9d16</SHA>
  </BUGGYCOMMIT>
  <PATCHCOMMITS>
    <COMMIT>
      <MESSAGE>[now-node] Fix faulty behavior when request's body is empty and content-type is `application/json` (#615) * add test for empty body and `application/json` * fix test</MESSAGE>
      <SHA>05314da8100d2375851a686f78d0e54249cbaf94</SHA>
      <PATCHEDFILES>
        <FILE>packages/now-node/src/helpers.ts</FILE>
        <FILE>packages/now-node/test/helpers.test.js</FILE>
      </PATCHEDFILES>
    </COMMIT>
  </PATCHCOMMITS>
</ISSUE>
