<?xml version="1.0" ?>
<ISSUE>
  <ISSUENO>1582</ISSUENO>
  <ISSUEURL>https://github.com/MobSF/Mobile-Security-Framework-MobSF/issues/1582</ISSUEURL>
  <TITLE>the program killed for no reason, with specific apk file</TITLE>
  <DESCRIPTION>&lt;!-- ## IMPORTANT --&gt; &lt;!-- Issues are ONLY for reporting BUGS. For support, feature requests, questions, queries, and discussions use our slack channel for limited support. Join MobSF Slack channel: http://tiny.cc/mobsf --&gt; &lt;!-- If you see errors while running setup/run scripts, it is mostly because you haven't installed the required dependencies correctly. You will have to look into the errors and figure out what is causing them and solve them accordingly. Make sure you have installed all the required dependencies and their correct versions as per the latest documentation. If you still find yourself at a dead end, join MobSF Slack channel: http://tiny.cc/mobsf Please do not post support/help request in GitHub issues, doing so will definitely waste our time get them closed without further response. --&gt; ## ENVIRONMENT ``` OS and Version: windows10 Python Version: 3.7 MobSF Version: matser-branch 2020/11/4 ``` ## EXPLANATION OF THE ISSUE it happens when analysize the specific appï¼Œ it seems something wrong with the binary analysis. ``` What happens, under which versions, under what conditions, when, and what were you expecting instead. ``` &lt;!-- If you see errors while running setup/run scripts, join MobSF Slack channel: http://tiny.cc/mobsf to get limited support. --&gt; ## STEPS TO REPRODUCE THE ISSUE ``` 1. This is the first step upload the specific app to do the static analysis, the mobsf will be killed for no reason 2. This is the second step restart the mobsf ,Traceback (most recent call last): 'security_score'] = score(context['code_analysis']) TypeError: 'NoneType' object is not subscriptable [ERROR] 07/Nov/2020 21:42:48 - 'NoneType' object is not subscriptable [ERROR] 07/Nov/2020 21:42:48 - Internal Server Error: /StaticAnalyzer/ 3. Further steps, etc. ``` ## LOG FILE first time: when info Saving to Database. it killed second time: [ERROR] 07/Nov/2020 21:42:47 - Fetching from DB Traceback (most recent call last): mobsf\Mobile-Security-Framework-MobSF-master\StaticAnalyzer\views\android\db_interaction.py&quot;, line 54, in get_context_from_db_entry 'binary_analysis': python_list(db_entry[0].BINARY_ANALYSIS), mobsf\Mobile-Security-Framework-MobSF-master\MobSF\utils.py&quot;, line 229, in python_list return ast.literal_eval(value) File &quot;C:\ProgramData\Anaconda3\lib\ast.py&quot;, line 46, in literal_eval node_or_string = parse(node_or_string, mode='eval') File &quot;C:\ProgramData\Anaconda3\lib\ast.py&quot;, line 35, in parse return compile(source, filename, mode, PyCF_ONLY_AST) File &quot;&lt;unknown&gt;&quot;, line 1 [{'name': 'lib/armeabi-v7a/libandromeda.so', 'nx': {'is_nx': True, 'severity': 'info', 'description': 'The shared object has NX bit set. This marks a memory page non-executable making attacker injected shellcode non-executable.'}, ``` Paste the contents of logs/debug.log here or attach the log file. ``` &lt;!-- BEFORE POSTING YOUR ISSUE/BUG - These comments won't show up when you submit the issue. - GitHub issues ARE NOT FOR FEATURE REQUESTS, SUPPORT, DISCUSSIONS AND QUESTIONS! - If you have questions, use our slack channel. Join MobSF Slack channel: http://tiny.cc/mobsf - Reproduce issue in the latest master and try to add as much detail as possible. - Search this repository (top of the page) for the issue and it has not been fixed or reported already. - Once you open a bug, you should also provide additional information if requested. - Failure to do so in 25 days will result in closure of the bug without further communication. --&gt;</DESCRIPTION>
  <REPONAME>Mobile-Security-Framework-MobSF</REPONAME>
  <TIMEDIFFERENCEDAYS>30</TIMEDIFFERENCEDAYS>
  <BUGGYCOMMIT>
    <MESSAGE>Apktool 2.5.0 (#1615)</MESSAGE>
    <SHA>2417f1423f32d2ac3885f4b8ab7abb2688354e81</SHA>
  </BUGGYCOMMIT>
  <PATCHCOMMITS>
    <COMMIT>
      <MESSAGE>Fixes #1595 #1582</MESSAGE>
      <SHA>64ad8cfb921721f2306b0a44a3c6d1cd00412386</SHA>
      <PATCHEDFILES>
        <FILE>StaticAnalyzer/views/android/binary_analysis.py</FILE>
      </PATCHEDFILES>
    </COMMIT>
    <COMMIT>
      <MESSAGE>HOTFIX: Bugfixes (#1618) * Fixes #1595 #1582 * update version * version bump * Fix install verification bug for dynamic analysis Fix install verification bug for dynamic analysis in Android 6.0</MESSAGE>
      <SHA>7e2ad1aae4b6acc05db61abe22638dd93afff79e</SHA>
      <PATCHEDFILES>
        <FILE>DynamicAnalyzer/views/android/environment.py</FILE>
        <FILE>MobSF/settings.py</FILE>
        <FILE>README.md</FILE>
        <FILE>StaticAnalyzer/views/android/binary_analysis.py</FILE>
      </PATCHEDFILES>
    </COMMIT>
  </PATCHCOMMITS>
</ISSUE>
