<?xml version="1.0" ?>
<ISSUE>
  <ISSUENO>122141</ISSUENO>
  <ISSUEURL>https://github.com/elastic/elasticsearch/issues/122141</ISSUEURL>
  <TITLE>[CI] EsqlActionBreakerIT testEvalWhere failing</TITLE>
  <DESCRIPTION>**Build Scans:** - [elasticsearch-periodic-platform-support #6289 / ubuntu-2004-aarch64_checkpart3_platform-support-arm](https://gradle-enterprise.elastic.co/s/7syvz5h52vw34) - [elasticsearch-pull-request #55855 / part-3](https://gradle-enterprise.elastic.co/s/zobcjdgviufl4) - [elasticsearch-periodic #6286 / openjdk21_checkpart3_java-matrix](https://gradle-enterprise.elastic.co/s/vbf3ctvo5p4j6) **Reproduction Line:** ``` ./gradlew &quot;:x-pack:plugin:esql:internalClusterTest&quot; --tests &quot;org.elasticsearch.xpack.esql.action.EsqlActionBreakerIT.testCountTextField&quot; -Dtests.seed=8082D9D20B98F7CD -Dtests.locale=es-AR -Dtests.timezone=Indian/Mahe -Druntime.java=23 ``` **Applicable branches:** main **Reproduces locally?:** N/A **Failure History:** [See dashboard](https://es-delivery-stats.elastic.dev/app/dashboards#/view/dcec9e60-72ac-11ee-8f39-55975ded9e63?_g=(refreshInterval:(pause:!t,value:60000),time:(from:now-7d%2Fd,to:now))&amp;_a=(controlGroupState:(initialChildControlState:('0c0c9cb8-ccd2-45c6-9b13-96bac4abc542':(dataViewId:fbbdc689-be23-4b3d-8057-aa402e9ed0c5,fieldName:task.keyword,order:0,selectedOptions:!(),title:'GradleTask',type:optionsListControl),'4e6ad9d6-6fdc-4fcc-bf1a-aa6ca79e0850':(dataViewId:fbbdc689-be23-4b3d-8057-aa402e9ed0c5,fieldName:className.keyword,order:1,selectedOptions:!(org.elasticsearch.xpack.esql.action.EsqlActionBreakerIT),title:'Suite',type:optionsListControl),'144933da-5c1b-4257-a969-7f43455a7901':(dataViewId:fbbdc689-be23-4b3d-8057-aa402e9ed0c5,fieldName:name.keyword,order:2,selectedOptions:!(testEvalWhere),title:'Test',type:optionsListControl))))) **Failure Message:** ``` java.lang.AssertionError: Expected: an instance of org.elasticsearch.common.breaker.CircuitBreakingException but: &lt;[test_count/_f7KwDmzS-y4ExASh1lCVg][[test_count][2]] org.elasticsearch.action.NoShardAvailableActionException: no shard copies found&gt; is a org.elasticsearch.action.NoShardAvailableActionException ``` **Issue Reasons:** - [main] 3 failures in test testEvalWhere (3.3% fail rate in 91 executions) **Note:** This issue was created using new test triage automation. Please report issues or feedback to es-delivery.</DESCRIPTION>
  <REPONAME>elasticsearch</REPONAME>
  <TIMEDIFFERENCEDAYS>0</TIMEDIFFERENCEDAYS>
  <BUGGYCOMMIT>
    <MESSAGE>Mute org.elasticsearch.xpack.esql.action.EsqlNodeFailureIT testFailureLoadingFields #122132</MESSAGE>
    <SHA>db7fa3c7e99ebdf304f81dbbf2b15d7ac5362113</SHA>
  </BUGGYCOMMIT>
  <PATCHCOMMITS>
    <COMMIT>
      <MESSAGE>Mute org.elasticsearch.xpack.esql.action.EsqlActionBreakerIT testEvalWhere #122141</MESSAGE>
      <SHA>549165d347dd7d545b4950e5b51a97ad95e035a1</SHA>
      <PATCHEDFILES>
        <FILE>muted-tests.yml</FILE>
      </PATCHEDFILES>
    </COMMIT>
  </PATCHCOMMITS>
</ISSUE>
