<?xml version="1.0" ?>
<ISSUE>
  <ISSUENO>123131</ISSUENO>
  <ISSUEURL>https://github.com/elastic/elasticsearch/issues/123131</ISSUEURL>
  <TITLE>[CI] MultiClusterSpecIT test {fork.ForkWithWhereSortAndLimit} failing</TITLE>
  <DESCRIPTION>**Build Scans:** - [elasticsearch-intake #18618 / 9.0.0_bwc-snapshots](https://gradle-enterprise.elastic.co/s/yprccxv4ufvfm) - [elasticsearch-intake #18618 / 8.19.0_bwc-snapshots](https://gradle-enterprise.elastic.co/s/ggypwgoaeejss) - [elasticsearch-pull-request #58646 / 9.0.0_bwc-snapshots](https://gradle-enterprise.elastic.co/s/g5b6xv3qbmqfm) - [elasticsearch-intake #18617 / 8.19.0_bwc-snapshots](https://gradle-enterprise.elastic.co/s/vwvrhfeox5a52) - [elasticsearch-intake #18616 / 9.0.0_bwc-snapshots](https://gradle-enterprise.elastic.co/s/tyvhcesn3d6eo) - [elasticsearch-intake #18616 / 8.19.0_bwc-snapshots](https://gradle-enterprise.elastic.co/s/o4bgatyntndss) - [elasticsearch-pull-request #58646 / 8.19.0_bwc-snapshots](https://gradle-enterprise.elastic.co/s/57gicennbrnma) - [elasticsearch-intake #18617 / 9.0.0_bwc-snapshots](https://gradle-enterprise.elastic.co/s/4r6dmzseo55zw) - [elasticsearch-intake #18615 / 8.19.0_bwc-snapshots](https://gradle-enterprise.elastic.co/s/7ixz5mrye2v4k) - [elasticsearch-intake #18615 / 9.0.0_bwc-snapshots](https://gradle-enterprise.elastic.co/s/4ckhobmtciyum) **Reproduction Line:** ``` ./gradlew &quot;:x-pack:plugin:esql:qa:server:multi-clusters:v9.0.0#oldToNew&quot; -Dtests.class=&quot;org.elasticsearch.xpack.esql.ccq.MultiClusterSpecIT&quot; -Dtests.method=&quot;test {fork.ForkWithWhereSortAndLimit}&quot; -Dtests.seed=B5F5BC65A3FB6352 -Dtests.bwc=true -Dtests.locale=tok-001 -Dtests.timezone=America/Inuvik -Druntime.java=23 ``` **Applicable branches:** main **Reproduces locally?:** N/A **Failure History:** [See dashboard](https://es-delivery-stats.elastic.dev/app/dashboards#/view/dcec9e60-72ac-11ee-8f39-55975ded9e63?_g=(refreshInterval:(pause:!t,value:60000),time:(from:now-7d%2Fd,to:now))&amp;_a=(controlGroupState:(initialChildControlState:('0c0c9cb8-ccd2-45c6-9b13-96bac4abc542':(dataViewId:fbbdc689-be23-4b3d-8057-aa402e9ed0c5,fieldName:task.keyword,order:0,selectedOptions:!(),title:'GradleTask',type:optionsListControl),'4e6ad9d6-6fdc-4fcc-bf1a-aa6ca79e0850':(dataViewId:fbbdc689-be23-4b3d-8057-aa402e9ed0c5,fieldName:className.keyword,order:1,selectedOptions:!(org.elasticsearch.xpack.esql.ccq.MultiClusterSpecIT),title:'Suite',type:optionsListControl),'144933da-5c1b-4257-a969-7f43455a7901':(dataViewId:fbbdc689-be23-4b3d-8057-aa402e9ed0c5,fieldName:name.keyword,order:2,selectedOptions:!(test%20%7Bfork.ForkWithWhereSortAndLimit%7D),title:'Test',type:optionsListControl))))) **Failure Message:** ``` org.elasticsearch.client.ResponseException: method [POST], host [http://[::1]:36629], URI [/_query?format=cbor&amp;pretty=true&amp;error_trace=true], status line [HTTP/1.1 400 Bad Request] ¿eerror¿jroot_cause¿dtypeqparsing_exceptionfreasonxíline 2:3: mismatched input 'FORK' expecting {'dissect', 'drop', 'enrich', 'eval', 'grok', 'keep', 'limit', 'mv_expand', 'rename', 'sort', 'stats', 'where', 'lookup', DEV_INLINESTATS, DEV_INSIST, DEV_LOOKUP, DEV_JOIN_LEFT, DEV_JOIN_RIGHT}kstack_tracey&lt;org.elasticsearch.xpack.esql.parser.ParsingException: line 2:3: mismatched input 'FORK' expecting {'dissect', 'drop', 'enrich', 'eval', 'grok', 'keep', 'limit', 'mv_expand', 'rename', 'sort', 'stats', 'where', 'lookup', DEV_INLINESTATS, DEV_INSIST, DEV_LOOKUP, DEV_JOIN_LEFT, DEV_JOIN_RIGHT} at org.elasticsearch.xpack.esql.parser.EsqlParser$1.syntaxError(EsqlParser.java:149) at org.antlr.v4.runtime.ProxyErrorListener.syntaxError(ProxyErrorListener.java:41) at org.antlr.v4.runtime.Parser.notifyErrorListeners [truncated] ``` **Issue Reasons:** - [main] 55 failures in test test {fork.ForkWithWhereSortAndLimit} (7.7% fail rate in 713 executions) - [main] 27 failures in step 9.0.0_bwc-snapshots (21.1% fail rate in 128 executions) - [main] 27 failures in step 8.19.0_bwc-snapshots (22.5% fail rate in 120 executions) - [main] 15 failures in pipeline elasticsearch-intake (27.8% fail rate in 54 executions) - [main] 13 failures in pipeline elasticsearch-pull-request (16.3% fail rate in 80 executions) **Note:** This issue was created using new test triage automation. Please report issues or feedback to es-delivery.</DESCRIPTION>
  <REPONAME>elasticsearch</REPONAME>
  <TIMEDIFFERENCEDAYS>0</TIMEDIFFERENCEDAYS>
  <BUGGYCOMMIT>
    <MESSAGE>Mute org.elasticsearch.xpack.esql.qa.mixed.EsqlClientYamlIT test {p0=esql/40_tsdb/render aggregate_metric_double when missing value} #123130</MESSAGE>
    <SHA>861daf6d0314cad2371c1a8e82089768fbc8a075</SHA>
  </BUGGYCOMMIT>
  <PATCHCOMMITS>
    <COMMIT>
      <MESSAGE>Mute org.elasticsearch.xpack.esql.ccq.MultiClusterSpecIT test {fork.ForkWithWhereSortAndLimit} #123131</MESSAGE>
      <SHA>2c432a461c4370cbf08dba2dcd3bc80f90eb8f1d</SHA>
      <PATCHEDFILES>
        <FILE>muted-tests.yml</FILE>
      </PATCHEDFILES>
    </COMMIT>
    <COMMIT>
      <MESSAGE>Unmute aaaall the affected tests (#123136) Depends on https://github.com/elastic/elasticsearch/pull/123133 and https://github.com/elastic/elasticsearch/pull/123132 Fixes https://github.com/elastic/elasticsearch/issues/123096 Fixes https://github.com/elastic/elasticsearch/issues/123097 Fixes https://github.com/elastic/elasticsearch/issues/123098 Fixes https://github.com/elastic/elasticsearch/issues/123099 Fixes https://github.com/elastic/elasticsearch/issues/123100 Fixes https://github.com/elastic/elasticsearch/issues/123103 Fixes https://github.com/elastic/elasticsearch/issues/123104 Fixes https://github.com/elastic/elasticsearch/issues/123107 Fixes https://github.com/elastic/elasticsearch/issues/123108 Fixes https://github.com/elastic/elasticsearch/issues/123109 Fixes https://github.com/elastic/elasticsearch/issues/123116 Fixes https://github.com/elastic/elasticsearch/issues/123117 Fixes https://github.com/elastic/elasticsearch/issues/123118 Fixes https://github.com/elastic/elasticsearch/issues/123119 Fixes https://github.com/elastic/elasticsearch/issues/123120 Fixes https://github.com/elastic/elasticsearch/issues/123122 Fixes https://github.com/elastic/elasticsearch/issues/123123 Fixes https://github.com/elastic/elasticsearch/issues/123124 Fixes https://github.com/elastic/elasticsearch/issues/123130 Fixes https://github.com/elastic/elasticsearch/issues/123131</MESSAGE>
      <SHA>5013eee400a87fd6f52b9fa50310ae856d72e629</SHA>
      <PATCHEDFILES>
        <FILE>muted-tests.yml</FILE>
      </PATCHEDFILES>
    </COMMIT>
  </PATCHCOMMITS>
</ISSUE>
