<?xml version="1.0" ?>
<ISSUE>
  <ISSUENO>118960</ISSUENO>
  <ISSUEURL>https://github.com/elastic/elasticsearch/issues/118960</ISSUEURL>
  <TITLE>[CI] InternalDistributionBwcSetupPluginFuncTest supports darwin aarch distributions failing</TITLE>
  <DESCRIPTION>**Build Scans:** - [elasticsearch-periodic #5531 / openjdk22_checkpart1_java-matrix](https://gradle-enterprise.elastic.co/s/fyriggcm6fons) - [elasticsearch-intake #14850 / part1](https://gradle-enterprise.elastic.co/s/frgps5g3tlrsg) **Reproduction Line:** ``` null ``` **Applicable branches:** 8.17 **Reproduces locally?:** N/A **Failure History:** [See dashboard](https://es-delivery-stats.elastic.dev/app/dashboards#/view/dcec9e60-72ac-11ee-8f39-55975ded9e63?_g=(refreshInterval:(pause:!t,value:60000),time:(from:now-7d%2Fd,to:now))&amp;_a=(controlGroupState:(initialChildControlState:('0c0c9cb8-ccd2-45c6-9b13-96bac4abc542':(dataViewId:fbbdc689-be23-4b3d-8057-aa402e9ed0c5,fieldName:task.keyword,order:0,selectedOptions:!(),title:'GradleTask',type:optionsListControl),'4e6ad9d6-6fdc-4fcc-bf1a-aa6ca79e0850':(dataViewId:fbbdc689-be23-4b3d-8057-aa402e9ed0c5,fieldName:className.keyword,order:1,selectedOptions:!(org.elasticsearch.gradle.internal.InternalDistributionBwcSetupPluginFuncTest),title:'Suite',type:optionsListControl),'144933da-5c1b-4257-a969-7f43455a7901':(dataViewId:fbbdc689-be23-4b3d-8057-aa402e9ed0c5,fieldName:name.keyword,order:2,selectedOptions:!(supports%20darwin%20aarch%20distributions),title:'Test',type:optionsListControl))))) **Failure Message:** ``` org.gradle.testkit.runner.UnexpectedBuildFailure: Unexpected build execution failure in /tmp/junit17915759489043925228/cloned with arguments [:distribution:bwc:bugfix2:buildBwcDarwinTar, :distribution:bwc:bugfix2:buildBwcDarwinTar, -DtestRemoteRepo=/tmp/junit3259890625907337601/remote/.git, -Dbwc.remote=origin, -Dbwc.dist.version=8.1.3-SNAPSHOT, -Dtest.external=true] Output: &gt; Task :buildSrc:compileJava NO-SOURCE &gt; Task :buildSrc:compileGroovy NO-SOURCE &gt; Task :buildSrc:processResources &gt; Task :buildSrc:classes &gt; Task :buildSrc:jar ======================================= Elasticsearch Build Hamster says Hello! Gradle Version : 8.11.1 OS Info : Linux 5.15.0-1073-gcp (amd64) Runtime JDK Version : 22.0.2+9-70 (Oracle, 22.0.2+9-70) Runtime java.home : /opt/buildkite-agent/.java/openjdk22 Gradle JDK Version : 17.0.2+8-86 (Oracle) Gradle java.home : /usr/java/openjdk17 Random Testing Seed : B43B73D2096687FF In FIPS 140 mode : false ======================================= &gt; Task :distribution:bwc:bugfix2:createClone FAILED FAILURE: Build failed with an exception. * What went wrong: Execution failed for task ':distribution:bwc:bugfix2:createClone'. &gt; A problem occurred starting process 'command 'git'' * Try: &gt; Run with --stacktrace option to get the stack trace. &gt; Run with --info or --debug option to get more log output. &gt; Run with --scan to get full insights. &gt; Get more help at https://help.gradle.org. BUILD FAILED in 9s 3 actionable tasks: 3 executed ``` **Issue Reasons:** - [8.17] 2 failures in test supports darwin aarch distributions (3.0% fail rate in 66 executions) **Note:** This issue was created using new test triage automation. Please report issues or feedback to es-delivery.</DESCRIPTION>
  <REPONAME>elasticsearch</REPONAME>
  <TIMEDIFFERENCEDAYS>8</TIMEDIFFERENCEDAYS>
  <BUGGYCOMMIT>
    <MESSAGE>[DOCS] Make Wolfi hardened Docker option more prominent (#118755) (#118948)</MESSAGE>
    <SHA>a8ccd6d707b9585819ca88efd4bafc5fde4faa92</SHA>
  </BUGGYCOMMIT>
  <PATCHCOMMITS>
    <COMMIT>
      <MESSAGE>Mute org.elasticsearch.gradle.internal.InternalDistributionBwcSetupPluginFuncTest supports darwin aarch distributions #118960</MESSAGE>
      <SHA>5fba3bd11a63d11f41639c1f94fca7bc63a90020</SHA>
      <PATCHEDFILES>
        <FILE>muted-tests.yml</FILE>
      </PATCHEDFILES>
    </COMMIT>
    <COMMIT>
      <MESSAGE>Mute org.elasticsearch.gradle.internal.InternalDistributionBwcSetupPluginFuncTest supports darwin aarch distributions #118960</MESSAGE>
      <SHA>13181ccc9154326a349287c1510b4dbaff190319</SHA>
      <PATCHEDFILES>
        <FILE>muted-tests.yml</FILE>
      </PATCHEDFILES>
    </COMMIT>
    <COMMIT>
      <MESSAGE>Mute org.elasticsearch.gradle.internal.InternalDistributionBwcSetupPluginFuncTest supports darwin aarch distributions #118960</MESSAGE>
      <SHA>b5da7f2b47f5678aa10969260c1eefd3c7cd2c23</SHA>
      <PATCHEDFILES>
        <FILE>muted-tests.yml</FILE>
      </PATCHEDFILES>
    </COMMIT>
  </PATCHCOMMITS>
</ISSUE>
