<?xml version="1.0" ?>
<ISSUE>
  <ISSUENO>123100</ISSUENO>
  <ISSUEURL>https://github.com/elastic/elasticsearch/issues/123100</ISSUEURL>
  <TITLE>[CI] MixedClusterEsqlSpecIT test {fork.SimpleFork ASYNC} failing</TITLE>
  <DESCRIPTION>**Build Scans:** - [elasticsearch-intake #18596 / 9.0.0_bwc-snapshots](https://gradle-enterprise.elastic.co/s/ualt6smaikjng) - [elasticsearch-intake #18594 / 8.19.0_bwc-snapshots](https://gradle-enterprise.elastic.co/s/64jqp5cs36vpm) - [elasticsearch-intake #18595 / 9.0.0_bwc-snapshots](https://gradle-enterprise.elastic.co/s/syfdeacihkdbu) - [elasticsearch-pull-request #58608 / 9.0.0_bwc-snapshots](https://gradle-enterprise.elastic.co/s/ix3qok6bkc5wi) - [elasticsearch-intake #18592 / 9.0.0_bwc-snapshots](https://gradle-enterprise.elastic.co/s/5mdpg42g5amu6) - [elasticsearch-intake #18591 / 8.19.0_bwc-snapshots](https://gradle-enterprise.elastic.co/s/ogziqkexfq7wi) - [elasticsearch-intake #18590 / 8.19.0_bwc-snapshots](https://gradle-enterprise.elastic.co/s/j2scur4ckkoae) - [elasticsearch-intake #18590 / 9.0.0_bwc-snapshots](https://gradle-enterprise.elastic.co/s/jm6jvfunz42ie) - [elasticsearch-pull-request #58066 / 9.0.0_bwc-snapshots](https://gradle-enterprise.elastic.co/s/m4wyqaiy35h2i) **Reproduction Line:** ``` ./gradlew &quot;:x-pack:plugin:esql:qa:server:mixed-cluster:v9.0.0#javaRestTest&quot; -Dtests.class=&quot;org.elasticsearch.xpack.esql.qa.mixed.MixedClusterEsqlSpecIT&quot; -Dtests.method=&quot;test {fork.SimpleFork SYNC}&quot; -Dtests.seed=201C5DEB0B428E16 -Dtests.bwc=true -Dtests.locale=ps-Arab-AF -Dtests.timezone=Asia/Qostanay -Druntime.java=23 ``` **Applicable branches:** main **Reproduces locally?:** N/A **Failure History:** [See dashboard](https://es-delivery-stats.elastic.dev/app/dashboards#/view/dcec9e60-72ac-11ee-8f39-55975ded9e63?_g=(refreshInterval:(pause:!t,value:60000),time:(from:now-7d%2Fd,to:now))&amp;_a=(controlGroupState:(initialChildControlState:('0c0c9cb8-ccd2-45c6-9b13-96bac4abc542':(dataViewId:fbbdc689-be23-4b3d-8057-aa402e9ed0c5,fieldName:task.keyword,order:0,selectedOptions:!(),title:'GradleTask',type:optionsListControl),'4e6ad9d6-6fdc-4fcc-bf1a-aa6ca79e0850':(dataViewId:fbbdc689-be23-4b3d-8057-aa402e9ed0c5,fieldName:className.keyword,order:1,selectedOptions:!(org.elasticsearch.xpack.esql.qa.mixed.MixedClusterEsqlSpecIT),title:'Suite',type:optionsListControl),'144933da-5c1b-4257-a969-7f43455a7901':(dataViewId:fbbdc689-be23-4b3d-8057-aa402e9ed0c5,fieldName:name.keyword,order:2,selectedOptions:!(test%20%7Bfork.SimpleFork%20ASYNC%7D),title:'Test',type:optionsListControl))))) **Failure Message:** ``` org.elasticsearch.client.ResponseException: method [POST], host [http://[::1]:43283], URI [/_query?pretty=true&amp;error_trace=true], status line [HTTP/1.1 400 Bad Request] ¿eerror¿jroot_cause¿dtypeqparsing_exceptionfreasonxíline 2:3: mismatched input 'FORK' expecting {'dissect', 'drop', 'enrich', 'eval', 'grok', 'keep', 'limit', 'mv_expand', 'rename', 'sort', 'stats', 'where', 'lookup', DEV_INLINESTATS, DEV_INSIST, DEV_LOOKUP, DEV_JOIN_LEFT, DEV_JOIN_RIGHT}kstack_tracey&lt;org.elasticsearch.xpack.esql.parser.ParsingException: line 2:3: mismatched input 'FORK' expecting {'dissect', 'drop', 'enrich', 'eval', 'grok', 'keep', 'limit', 'mv_expand', 'rename', 'sort', 'stats', 'where', 'lookup', DEV_INLINESTATS, DEV_INSIST, DEV_LOOKUP, DEV_JOIN_LEFT, DEV_JOIN_RIGHT} at org.elasticsearch.xpack.esql.parser.EsqlParser$1.syntaxError(EsqlParser.java:149) at org.antlr.v4.runtime.ProxyErrorListener.syntaxError(ProxyErrorListener.java:41) at org.antlr.v4.runtime.Parser.notifyErrorListeners(Parser.java [truncated] ``` **Issue Reasons:** - [main] 9 failures in test test {fork.SimpleFork ASYNC} (56.3% fail rate in 16 executions) - [main] 6 failures in step 9.0.0_bwc-snapshots (60.0% fail rate in 10 executions) - [main] 3 failures in step 8.19.0_bwc-snapshots (50.0% fail rate in 6 executions) - [main] 6 failures in pipeline elasticsearch-intake (85.7% fail rate in 7 executions) - [main] 2 failures in pipeline elasticsearch-pull-request (66.7% fail rate in 3 executions) **Note:** This issue was created using new test triage automation. Please report issues or feedback to es-delivery.</DESCRIPTION>
  <REPONAME>elasticsearch</REPONAME>
  <TIMEDIFFERENCEDAYS>0</TIMEDIFFERENCEDAYS>
  <BUGGYCOMMIT>
    <MESSAGE>Mute org.elasticsearch.xpack.esql.qa.mixed.MixedClusterEsqlSpecIT test {fork.FiveFork ASYNC} #123099</MESSAGE>
    <SHA>681a55303bac099819ebaa563888bfe14819bc3a</SHA>
  </BUGGYCOMMIT>
  <PATCHCOMMITS>
    <COMMIT>
      <MESSAGE>Mute org.elasticsearch.xpack.esql.qa.mixed.MixedClusterEsqlSpecIT test {fork.SimpleFork ASYNC} #123100</MESSAGE>
      <SHA>18d20c305da7f1fa095e86d444102b33db254c67</SHA>
      <PATCHEDFILES>
        <FILE>muted-tests.yml</FILE>
      </PATCHEDFILES>
    </COMMIT>
    <COMMIT>
      <MESSAGE>Unmute aaaall the affected tests (#123136) Depends on https://github.com/elastic/elasticsearch/pull/123133 and https://github.com/elastic/elasticsearch/pull/123132 Fixes https://github.com/elastic/elasticsearch/issues/123096 Fixes https://github.com/elastic/elasticsearch/issues/123097 Fixes https://github.com/elastic/elasticsearch/issues/123098 Fixes https://github.com/elastic/elasticsearch/issues/123099 Fixes https://github.com/elastic/elasticsearch/issues/123100 Fixes https://github.com/elastic/elasticsearch/issues/123103 Fixes https://github.com/elastic/elasticsearch/issues/123104 Fixes https://github.com/elastic/elasticsearch/issues/123107 Fixes https://github.com/elastic/elasticsearch/issues/123108 Fixes https://github.com/elastic/elasticsearch/issues/123109 Fixes https://github.com/elastic/elasticsearch/issues/123116 Fixes https://github.com/elastic/elasticsearch/issues/123117 Fixes https://github.com/elastic/elasticsearch/issues/123118 Fixes https://github.com/elastic/elasticsearch/issues/123119 Fixes https://github.com/elastic/elasticsearch/issues/123120 Fixes https://github.com/elastic/elasticsearch/issues/123122 Fixes https://github.com/elastic/elasticsearch/issues/123123 Fixes https://github.com/elastic/elasticsearch/issues/123124 Fixes https://github.com/elastic/elasticsearch/issues/123130 Fixes https://github.com/elastic/elasticsearch/issues/123131</MESSAGE>
      <SHA>5013eee400a87fd6f52b9fa50310ae856d72e629</SHA>
      <PATCHEDFILES>
        <FILE>muted-tests.yml</FILE>
      </PATCHEDFILES>
    </COMMIT>
  </PATCHCOMMITS>
</ISSUE>
