<?xml version="1.0" ?>
<ISSUE>
  <ISSUENO>119332</ISSUENO>
  <ISSUEURL>https://github.com/elastic/elasticsearch/issues/119332</ISSUEURL>
  <TITLE>[CI] XPackRestIT test {p0=ml/data_frame_analytics_cat_apis/Test cat data frame analytics all jobs with header} failing</TITLE>
  <DESCRIPTION>**Build Scans:** - [elasticsearch-periodic-platform-support #5578 / almalinux-8-aarch64_checkpart3_platform-support-arm](https://gradle-enterprise.elastic.co/s/6hgzz5su6wih6) - [elasticsearch-pull-request #48254 / rest-compatibility](https://gradle-enterprise.elastic.co/s/lif3nmj2i7t6s) - [elasticsearch-pull-request #48056 / rest-compatibility](https://gradle-enterprise.elastic.co/s/bw2qyb7n6wqve) - [elasticsearch-pull-request #48047 / rest-compatibility](https://gradle-enterprise.elastic.co/s/zwqizrlmkfdfq) **Reproduction Line:** ``` ./gradlew &quot;:x-pack:plugin:yamlRestTest&quot; --tests &quot;org.elasticsearch.xpack.test.rest.XPackRestIT.test {p0=ml/data_frame_analytics_cat_apis/Test cat data frame analytics all jobs with header}&quot; -Dtests.seed=AC5DC1BF94ABF49C -Dtests.locale=khq-Latn-ML -Dtests.timezone=Asia/Aqtobe -Druntime.java=23 ``` **Applicable branches:** main **Reproduces locally?:** N/A **Failure History:** [See dashboard](https://es-delivery-stats.elastic.dev/app/dashboards#/view/dcec9e60-72ac-11ee-8f39-55975ded9e63?_g=(refreshInterval:(pause:!t,value:60000),time:(from:now-7d%2Fd,to:now))&amp;_a=(controlGroupState:(initialChildControlState:('0c0c9cb8-ccd2-45c6-9b13-96bac4abc542':(dataViewId:fbbdc689-be23-4b3d-8057-aa402e9ed0c5,fieldName:task.keyword,order:0,selectedOptions:!(),title:'GradleTask',type:optionsListControl),'4e6ad9d6-6fdc-4fcc-bf1a-aa6ca79e0850':(dataViewId:fbbdc689-be23-4b3d-8057-aa402e9ed0c5,fieldName:className.keyword,order:1,selectedOptions:!(org.elasticsearch.xpack.test.rest.XPackRestIT),title:'Suite',type:optionsListControl),'144933da-5c1b-4257-a969-7f43455a7901':(dataViewId:fbbdc689-be23-4b3d-8057-aa402e9ed0c5,fieldName:name.keyword,order:2,selectedOptions:!(test%20%7Bp0%3Dml%2Fdata_frame_analytics_cat_apis%2FTest%20cat%20data%20frame%20analytics%20all%20jobs%20with%20header%7D),title:'Test',type:optionsListControl))))) **Failure Message:** ``` java.lang.AssertionError: Failure at [ml/data_frame_analytics_cat_apis:65]: expected [2xx] status code but api [cat.ml_data_frame_analytics] returned [500 Internal Server Error] [{&quot;error&quot;:{&quot;root_cause&quot;:[{&quot;type&quot;:&quot;no_shard_available_action_exception&quot;,&quot;reason&quot;:&quot;[yamlRestTest-0][127.0.0.1:40257][indices:data/read/search[phase/query]]&quot;,&quot;stack_trace&quot;:&quot;org.elasticsearch.action.NoShardAvailableActionException: [yamlRestTest-0][127.0.0.1:40257][indices:data/read/search[phase/query]]\n&quot;}],&quot;type&quot;:&quot;exception&quot;,&quot;reason&quot;:&quot;all shards failed&quot;,&quot;caused_by&quot;:{&quot;type&quot;:&quot;search_phase_execution_exception&quot;,&quot;reason&quot;:&quot;all shards failed&quot;,&quot;phase&quot;:&quot;query&quot;,&quot;grouped&quot;:true,&quot;failed_shards&quot;:[{&quot;shard&quot;:0,&quot;index&quot;:&quot;.ml-stats-000001&quot;,&quot;node&quot;:&quot;dwLlIVxDQ5q53IevMMxPpw&quot;,&quot;reason&quot;:{&quot;type&quot;:&quot;no_shard_available_action_exception&quot;,&quot;reason&quot;:&quot;[yamlRestTest-0][127.0.0.1:40257][indices:data/read/search[phase/query]]&quot;,&quot;stack_trace&quot;:&quot;org.elasticsearch.action.NoShardAvailableActionException: [yamlRestTest-0][127.0.0.1:40257][indices:data/read/search[phase/query]]\n&quot;}}],&quot;stack_trace&quot;:&quot;Failed to execute phase [query], all shards failed; shardFailures {[dwLlIVxDQ5q53IevMMxPpw][.ml-stats-000001][0]: org.elasticsearch.action.NoShardAvailableActionException: [yamlRestTest-0][127.0.0.1:40257][indices:data/read/search[phase/query]]\n}\n\tat org.elasticsearch.server@9.0.0-SNAPSHOT/org.elasticsearch.action.search.AbstractSearchAsyncAction.onPhaseFailure(AbstractSearchAsyncAction.java:698)\n\tat org.elasticsearch.server@9.0.0-SNAPSHOT/org.elasticsearch.action.search.AbstractSearchAsyncAction.executeNextPhase(AbstractSearchAsyncAction.java:364)\n\tat org.elasticsearch.server@9.0.0-SNAPSHOT/org.elasticsearch.action.search.AbstractSearchAsyncAction.onPhaseDone(AbstractSearchAsyncAction.java:743)\n\tat org.elasticsearch.server@9.0.0-SNAPSHOT/org.elasticsearch.action.search.AbstractSearchAsyncAction.onShardFailure(AbstractSearchAsyncAction.java:458)\n\tat org.elasticsearch.server@9.0.0-SNAPSHOT/org.elasticsearch.action.search.AbstractSearchAsyncAction$1.onFailure(AbstractSearchAsyncAction.java:316)\n\tat org.elasticsearch.server@9.0.0-SNAPSHOT/org.elasticsearch.action.ActionListenerImplementations.safeAcceptException(ActionListenerImplementations.java:64)\n\tat org.elasticsearch.server@9.0.0-SNAPSHOT/org.elasticsearch.action.ActionListenerImplementations.safeOnFailure(ActionListenerImplementations.java:75)\n\tat org.elasticsearch.server@9.0.0-SNAPSHOT/org.elasticsearch.action.DelegatingActionListener.onFailure(DelegatingActionListener.java:32)\n\tat org.elasticsearch.server@9.0.0-SNAPSHOT/org.elasticsearch.action.ActionListenerResponseHandler.handleException(ActionListenerResponseHandler.java:54)\n\tat org.elasticsearch.server@9.0.0-SNAPSHOT/org.elasticsearch.action.search.SearchTransportService$ConnectionCountingHandler.handleException(SearchTransportService.java:593)\n\tat org.elasticsearch.server@9.0.0-SNAPSHOT/org.elasticsearch.transport.TransportService$UnregisterChildTransportResponseHandler.handleException(TransportService.java:1776)\n\tat org.elasticsearch.server@9.0.0-SNAPSHOT/org.elasticsearch.transport.TransportService$ContextRestoreResponseHandler.handleException(TransportService.java:1509)\n\tat org.elasticsearch.server@9.0.0-SNAPSHOT/org.elasticsearch.transport.TransportService$DirectResponseChannel.processException(TransportService.java:1643)\n\tat org.elasticsearch.server@9.0.0-SNAPSHOT/org.elasticsearch.transport.TransportService$DirectResponseChannel.sendResponse(TransportService.java:1618)\n\tat org.elasticsearch.server@9.0.0-SNAPSHOT/org.elasticsearch.transport.TaskTransportChannel.sendResponse(TaskTransportChannel.java:44)\n\tat org.elasticsearch.server@9.0.0-SNAPSHOT/org.elasticsearch.action.support.ChannelActionListener.onFailure(ChannelActionListener.java:45)\n\tat org.elasticsearch.server@9.0.0-SNAPSHOT/org.elasticsearch.search.SearchService.lambda$maybeWrapListenerForStackTrace$1(SearchService.java:540)\n\tat org.elasticsearch.server@9.0.0-SNAPSHOT/org.elasticsearch.action.ActionListenerImplementations$DelegatingResponseActionListener.acceptException(ActionListenerImplementations.java:188)\n\tat org.elasticsearch.server@9.0.0-SNAPSHOT/org.elasticsearch.action.ActionListenerImplementations.safeAcceptException(ActionListenerImplementations.java:64)\n\tat org.elasticsearch.server@9.0.0-SNAPSHOT/org.elasticsearch.action.ActionListenerImplementations$DelegatingResponseActionListener.onFailure(ActionListenerImplementations.java:193)\n\tat org.elasticsearch.server@9.0.0-SNAPSHOT/org.elasticsearch.action.ActionRunnable.onFailure(ActionRunnable.java:152)\n\tat org.elasticsearch.server@9.0.0-SNAPSHOT/org.elasticsearch.common.util.concurrent.AbstractRunnable.run(AbstractRunnable.java:29)\n\tat org.elasticsearch.server@9.0.0-SNAPSHOT/org.elasticsearch.common.util.concurrent.TimedRunnable.doRun(TimedRunnable.java:34)\n\tat org.elasticsearch.server@9.0.0-SNAPSHOT/org.elasticsearch.common.util.concurrent.ThreadContext$ContextPreservingAbstractRunnable.doRun(ThreadContext.java:1044)\n\tat org.elasticsearch.server@9.0.0-SNAPSHOT/org.elasticsearch.common.util.concurrent.AbstractRunnable.run(AbstractRunnable.java:27)\n\tat java.base/java.util.concurrent.ThreadPoolExecutor.runWorker(ThreadPoolExecutor.java:1144)\n\tat java.base/java.util.concurrent.ThreadPoolExecutor$Worker.run(ThreadPoolExecutor.java:642)\n\tat java.base/java.lang.Thread.run(Thread.java:1575)\nCaused by: org.elasticsearch.action.NoShardAvailableActionException: [yamlRestTest-0][127.0.0.1:40257][indices:data/read/search[phase/query]]\n&quot;},&quot;stack_trace&quot;:&quot;org.elasticsearch.ElasticsearchException: all shards failed\n\tat org.elasticsearch.xcore@9.0.0-SNAPSHOT/org.elasticsearch.xpack.core.ml.utils.ExceptionsHelper.serverError(ExceptionsHelper.java:69)\n\tat org.elasticsearch.ml@9.0.0-SNAPSHOT/org.elasticsearch.xpack.ml.action.TransportGetDataFrameAnalyticsStatsAction.lambda$searchStats$9(TransportGetDataFrameAnalyticsStatsAction.java:287)\n\tat org.elasticsearch.server@9.0.0-SNAPSHOT/org.elasticsearch.action.ActionListener$2.onResponse(ActionListener.java:257)\n\tat org.elasticsearch.server@9.0.0-SNAPSHOT/org.elasticsearch.action.support.ContextPreservingActionListener.onResponse(ContextPreservingActionListener.java:33)\n\tat org.elasticsearch.server@9.0.0-SNAPSHOT/org.elasticsearch.action.ActionListener$3.onResponse(ActionListener.java:400)\n\tat org.elasticsearch.server@9.0.0-SNAPSHOT/org.elasticsearch.tasks.TaskManager$1.onResponse(TaskManager.java:203)\n\tat org.elasticsearch.server@9.0.0-SNAPSHOT/org.elasticsearch.tasks.TaskManager$1.onResponse(TaskManager.java:197)\n\tat org.elasticsearch.server@9.0.0-SNAPSHOT/org.elasticsearch.action.ActionListenerImplementations$RunBeforeActionListener.onResponse(ActionListenerImplementations.java:336)\n\tat org.elasticsearch.server@9.0.0-SNAPSHOT/org.elasticsearch.action.ActionListener$3.onResponse(ActionListener.java:400)\n\tat org.elasticsearch.server@9.0.0-SNAPSHOT/org.elasticsearch.action.support.ContextPreservingActionListener.onResponse(ContextPreservingActionListener.java:33)\n\tat org.elasticsearch.server@9.0.0-SNAPSHOT/org.elasticsearch.action.ActionListenerImplementations$MappedActionListener.onResponse(ActionListenerImplementations.java:97)\n\tat org.elasticsearch.server@9.0.0-SNAPSHOT/org.elasticsearch.action.ActionListener.respondAndRelease(ActionListener.java:375)\n\tat org.elasticsearch.server@9.0.0-SNAPSHOT/org.elasticsearch.action.search.TransportMultiSearchAction$1.finish(TransportMultiSearchAction.java:186)\n\tat org.elasticsearch.server@9.0.0-SNAPSHOT/org.elasticsearch.action.search.TransportMultiSearchAction$1.handleResponse(TransportMultiSearchAction.java:181)\n\tat org.elasticsearch.server@9.0.0-SNAPSHOT/org.elasticsearch.action.search.TransportMultiSearchAction$1.onFailure(TransportMultiSearchAction.java:174)\n\tat org.elasticsearch.server@9.0.0-SNAPSHOT/org.elasticsearch.action.ActionListenerImplementations.safeAcceptException(ActionListenerImplementations.java:64)\n\tat org.elasticsearch.server@9.0.0-SNAPSHOT/org.elasticsearch.action.ActionListenerImplementations.safeOnFailure(ActionListenerImplementations.java:75)\n\tat org.elasticsearch.server@9.0.0-SNAPSHOT/org.elasticsearch.action.DelegatingActionListener.onFailure(DelegatingActionListener.java:32)\n\tat org.elasticsearch.server@9.0.0-SNAPSHOT/org.elasticsearch.action.ActionListenerImplementations$RunAfterActionListener.onFailure(ActionListenerImplementations.java:307)\n\tat org.elasticsearch.server@9.0.0-SNAPSHOT/org.elasticsearch.action.ActionListenerImplementations.safeAcceptException(ActionListenerImplementations.java:64)\n\tat org.elasticsearch.server@9.0.0-SNAPSHOT/org.elasticsearch.action.ActionListenerImplementations.safeOnFailure(ActionListenerImplementations.java:75)\n\tat org.elasticsearch.server@9.0.0-SNAPSHOT/org.elasticsearch.action.ActionListener$3.onFailure(ActionListener.java:410)\n\tat org.elasticsearch.server@9.0.0-SNAPSHOT/org.elasticsearch.action.support.SubscribableListener$FailureResult.complete(SubscribableListener.java:399)\n\tat org.elasticsearch.server@9.0.0-SNAPSHOT/org.elasticsearch.action.support.SubscribableListener.tryComplete(SubscribableListener.java:311)\n\tat org.elasticsearch.server@9.0.0-SNAPSHOT/org.elasticsearch.action.support.SubscribableListener.setResult(SubscribableListener.java:336)\n\tat org.elasticsearch.server@9.0.0-SNAPSHOT/org.elasticsearch.action.support.SubscribableListener.onFailure(SubscribableListener.java:255)\n\tat org.elasticsearch.server@9.0.0-SNAPSHOT/org.elasticsearch.action.ActionListenerImplementations.safeAcceptException(ActionListenerImplementations.java:64)\n\tat org.elasticsearch.server@9.0.0-SNAPSHOT/org.elasticsearch.action.ActionListenerImplementations.safeOnFailure(ActionListenerImplementations.java:75)\n\tat org.elasticsearch.server@9.0.0-SNAPSHOT/org.elasticsearch.action.DelegatingActionListener.onFailure(DelegatingActionListener.java:32)\n\tat org.elasticsearch.server@9.0.0-SNAPSHOT/org.elasticsearch.action.ActionListenerImplementations.safeAcceptException(ActionListenerImplementations.java:64)\n\tat org.elasticsearch.server@9.0.0-SNAPSHOT/org.elasticsearch.action.ActionListenerImplementations.safeOnFailure(ActionListenerImplementations.java:75)\n\tat org.elasticsearch.server@9.0.0-SNAPSHOT/org.elasticsearch.action.ActionListener$3.onFailure(ActionListener.java:410)\n\tat org.elasticsearch.server@9.0.0-SNAPSHOT/org.elasticsearch.tasks.TaskManager$1.onFailure(TaskManager.java:215)\n\tat org.elasticsearch.server@9.0.0-SNAPSHOT/org.elasticsearch.action.ActionListenerImplementations.safeAcceptException(ActionListenerImplementations.java:64)\n\tat org.elasticsearch.server@9.0.0-SNAPSHOT/org.elasticsearch.action.ActionListenerImplementations.safeOnFailure(ActionListenerImplementations.java:75)\n\tat org.elasticsearch.server@9.0.0-SNAPSHOT/org.elasticsearch.action.DelegatingActionListener.onFailure(DelegatingActionListener.java:32)\n\tat org.elasticsearch.server@9.0.0-SNAPSHOT/org.elasticsearch.action.ActionListenerImplementations$RunBeforeActionListener.onFailure(ActionListenerImplementations.java:346)\n\tat org.elasticsearch.server@9.0.0-SNAPSHOT/org.elasticsearch.action.ActionListenerImplementations.safeAcceptException(ActionListenerImplementations.java:64)\n\tat org.elasticsearch.server@9.0.0-SNAPSHOT/org.elasticsearch.action.ActionListenerImplementations.safeOnFailure(ActionListenerImplementations.java:75)\n\tat org.elasticsearch.server@9.0.0-SNAPSHOT/org.elasticsearch.action.ActionListener$3.onFailure(ActionListener.java:410)\n\tat org.elasticsearch.server@9.0.0-SNAPSHOT/org.elasticsearch.action.ActionListenerImplementations.safeAcceptException(ActionListenerImplementations.java:64)\n\tat org.elasticsearch.server@9.0.0-SNAPSHOT/org.elasticsearch.action.ActionListenerImplementations.safeOnFailure(ActionListenerImplementations.java:75)\n\tat org.elasticsearch.server@9.0.0-SNAPSHOT/org.elasticsearch.action.DelegatingActionListener.onFailure(DelegatingActionListener.java:32)\n\tat org.elasticsearch.server@9.0.0-SNAPSHOT/org.elasticsearch.action.support.ContextPreservingActionListener.onFailure(ContextPreservingActionListener.java:40)\n\tat org.elasticsearch.server@9.0.0-SNAPSHOT/org.elasticsearch.action.ActionListenerImplementations.safeAcceptException(ActionListenerImplementations.java:64)\n\tat org.elasticsearch.server@9.0.0-SNAPSHOT/org.elasticsearch.action.ActionListenerImplementations.safeOnFailure(ActionListenerImplementations.java:75)\n\tat org.elasticsearch.server@9.0.0-SNAPSHOT/org.elasticsearch.action.DelegatingActionListener.onFailure(DelegatingActionListener.java:32)\n\tat org.elasticsearch.server@9.0.0-SNAPSHOT/org.elasticsearch.action.ActionListenerImplementations.safeAcceptException(ActionListenerImplementations.java:64)\n\tat org.elasticsearch.server@9.0.0-SNAPSHOT/org.elasticsearch.action.ActionListenerImplementations.safeOnFailure(ActionListenerImplementations.java:75)\n\tat org.elasticsearch.server@9.0.0-SNAPSHOT/org.elasticsearch.action.DelegatingActionListener.onFailure(DelegatingActionListener.java:32)\n\tat org.elasticsearch.server@9.0.0-SNAPSHOT/org.elasticsearch.action.search.TransportSearchAction$SearchResponseActionListener.onFailure(TransportSearchAction.java:1966)\n\tat org.elasticsearch.server@9.0.0-SNAPSHOT/org.elasticsearch.action.ActionListenerImplementations.safeAcceptException(ActionListenerImplementations.java:64)\n\tat org.elasticsearch.server@9.0.0-SNAPSHOT/org.elasticsearch.action.ActionListenerImplementations.safeOnFailure(ActionListenerImplementations.java:75)\n\tat org.elasticsearch.server@9.0.0-SNAPSHOT/org.elasticsearch.action.DelegatingActionListener.onFailure(DelegatingActionListener.java:32)\n\tat org.elasticsearch.server@9.0.0-SNAPSHOT/org.elasticsearch.action.ActionListenerImplementations$RunAfterActionListener.onFailure(ActionListenerImplementations.java:307)\n\tat org.elasticsearch.server@9.0.0-SNAPSHOT/org.elasticsearch.action.ActionListenerImplementations.safeAcceptException(ActionListenerImplementations.java:64)\n\tat org.elasticsearch.server@9.0.0-SNAPSHOT/org.elasticsearch.action.ActionListenerImplementations.safeOnFailure(ActionListenerImplementations.java:75)\n\tat org.elasticsearch.server@9.0.0-SNAPSHOT/org.elasticsearch.action.ActionListener$3.onFailure(ActionListener.java:410)\n\tat org.elasticsearch.server@9.0.0-SNAPSHOT/org.elasticsearch.action.search.AbstractSearchAsyncAction.raisePhaseFailure(AbstractSearchAsyncAction.java:721)\n\tat org.elasticsearch.server@9.0.0-SNAPSHOT/org.elasticsearch.action.search.AbstractSearchAsyncAction.onPhaseFailure(AbstractSearchAsyncAction.java:698)\n\tat org.elasticsearch.server@9.0.0-SNAPSHOT/org.elasticsearch.action.search.AbstractSearchAsyncAction.executeNextPhase(AbstractSearchAsyncAction.java:364)\n\tat org.elasticsearch.server@9.0.0-SNAPSHOT/org.elasticsearch.action.search.AbstractSearchAsyncAction.onPhaseDone(AbstractSearchAsyncAction.java:743)\n\tat org.elasticsearch.server@9.0.0-SNAPSHOT/org.elasticsearch.action.search.AbstractSearchAsyncAction.onShardFailure(AbstractSearchAsyncAction.java:458)\n\tat org.elasticsearch.server@9.0.0-SNAPSHOT/org.elasticsearch.action.search.AbstractSearchAsyncAction$1.onFailure(AbstractSearchAsyncAction.java:316)\n\tat org.elasticsearch.server@9.0.0-SNAPSHOT/org.elasticsearch.action.ActionListenerImplementations.safeAcceptException(ActionListenerImplementations.java:64)\n\tat org.elasticsearch.server@9.0.0-SNAPSHOT/org.elasticsearch.action.ActionListenerImplementations.safeOnFailure(ActionListenerImplementations.java:75)\n\tat org.elasticsearch.server@9.0.0-SNAPSHOT/org.elasticsearch.action.DelegatingActionListener.onFailure(DelegatingActionListener.java:32)\n\tat org.elasticsearch.server@9.0.0-SNAPSHOT/org.elasticsearch.action.ActionListenerResponseHandler.handleException(ActionListenerResponseHandler.java:54)\n\tat org.elasticsearch.server@9.0.0-SNAPSHOT/org.elasticsearch.action.search.SearchTransportService$ConnectionCountingHandler.handleException(SearchTransportService.java:593)\n\tat org.elasticsearch.server@9.0.0-SNAPSHOT/org.elasticsearch.transport.TransportService$UnregisterChildTransportResponseHandler.handleException(TransportService.java:1776)\n\tat org.elasticsearch.server@9.0.0-SNAPSHOT/org.elasticsearch.transport.TransportService$ContextRestoreResponseHandler.handleException(TransportService.java:1509)\n\tat org.elasticsearch.server@9.0.0-SNAPSHOT/org.elasticsearch.transport.TransportService$DirectResponseChannel.processException(TransportService.java:1643)\n\tat org.elasticsearch.server@9.0.0-SNAPSHOT/org.elasticsearch.transport.TransportService$DirectResponseChannel.sendResponse(TransportService.java:1618)\n\tat org.elasticsearch.server@9.0.0-SNAPSHOT/org.elasticsearch.transport.TaskTransportChannel.sendResponse(TaskTransportChannel.java:44)\n\tat org.elasticsearch.server@9.0.0-SNAPSHOT/org.elasticsearch.action.support.ChannelActionListener.onFailure(ChannelActionListener.java:45)\n\tat org.elasticsearch.server@9.0.0-SNAPSHOT/org.elasticsearch.search.SearchService.lambda$maybeWrapListenerForStackTrace$1(SearchService.java:540)\n\tat org.elasticsearch.server@9.0.0-SNAPSHOT/org.elasticsearch.action.ActionListenerImplementations$DelegatingResponseActionListener.acceptException(ActionListenerImplementations.java:188)\n\tat org.elasticsearch.server@9.0.0-SNAPSHOT/org.elasticsearch.action.ActionListenerImplementations.safeAcceptException(ActionListenerImplementations.java:64)\n\tat org.elasticsearch.server@9.0.0-SNAPSHOT/org.elasticsearch.action.ActionListenerImplementations$DelegatingResponseActionListener.onFailure(ActionListenerImplementations.java:193)\n\tat org.elasticsearch.server@9.0.0-SNAPSHOT/org.elasticsearch.action.ActionRunnable.onFailure(ActionRunnable.java:152)\n\tat org.elasticsearch.server@9.0.0-SNAPSHOT/org.elasticsearch.common.util.concurrent.AbstractRunnable.run(AbstractRunnable.java:29)\n\tat org.elasticsearch.server@9.0.0-SNAPSHOT/org.elasticsearch.common.util.concurrent.TimedRunnable.doRun(TimedRunnable.java:34)\n\tat org.elasticsearch.server@9.0.0-SNAPSHOT/org.elasticsearch.common.util.concurrent.ThreadContext$ContextPreservingAbstractRunnable.doRun(ThreadContext.java:1044)\n\tat org.elasticsearch.server@9.0.0-SNAPSHOT/org.elasticsearch.common.util.concurrent.AbstractRunnable.run(AbstractRunnable.java:27)\n\tat java.base/java.util.concurrent.ThreadPoolExecutor.runWorker(ThreadPoolExecutor.java:1144)\n\tat java.base/java.util.concurrent.ThreadPoolExecutor$Worker.run(ThreadPoolExecutor.java:642)\n\tat java.base/java.lang.Thread.run(Thread.java:1575)\nCaused by: Failed to execute phase [query], all shards failed; shardFailures {[dwLlIVxDQ5q53IevMMxPpw][.ml-stats-000001][0]: org.elasticsearch.action.NoShardAvailableActionException: [yamlRestTest-0][127.0.0.1:40257][indices:data/read/search[phase/query]]\n}\n\t... 28 more\nCaused by: org.elasticsearch.action.NoShardAvailableActionException: [yamlRestTest-0][127.0.0.1:40257][indices:data/read/search[phase/query]]\n&quot;},&quot;status&quot;:500}] ``` **Issue Reasons:** - [main] 4 failures in test test {p0=ml/data_frame_analytics_cat_apis/Test cat data frame analytics all jobs with header} (0.9% fail rate in 447 executions) - [main] 3 failures in step rest-compatibility (2.4% fail rate in 126 executions) - [main] 3 failures in pipeline elasticsearch-pull-request (2.3% fail rate in 130 executions) **Note:** This issue was created using new test triage automation. Please report issues or feedback to es-delivery.</DESCRIPTION>
  <REPONAME>elasticsearch</REPONAME>
  <TIMEDIFFERENCEDAYS>12</TIMEDIFFERENCEDAYS>
  <BUGGYCOMMIT>
    <MESSAGE>Change synthetic source logic for constant_keyword to not rely on fallback synthetic source (#119323)</MESSAGE>
    <SHA>d008adaa159e008bfac47381498a04c2795b09b7</SHA>
  </BUGGYCOMMIT>
  <PATCHCOMMITS>
    <COMMIT>
      <MESSAGE>Mute org.elasticsearch.xpack.test.rest.XPackRestIT test {p0=ml/data_frame_analytics_cat_apis/Test cat data frame analytics all jobs with header} #119332</MESSAGE>
      <SHA>d3285c6acee6d60b2e19b349033d78c9538aae48</SHA>
      <PATCHEDFILES>
        <FILE>muted-tests.yml</FILE>
      </PATCHEDFILES>
    </COMMIT>
  </PATCHCOMMITS>
</ISSUE>
