<?xml version="1.0" ?>
<ISSUE>
  <ISSUENO>123791</ISSUENO>
  <ISSUEURL>https://github.com/elastic/elasticsearch/issues/123791</ISSUEURL>
  <TITLE>[CI] EsqlActionBreakerIT testDropAllColumns failing</TITLE>
  <DESCRIPTION>**Build Scans:** - [elasticsearch-periodic #6712 / openjdk24_entitlements_true_checkpart3_java-matrix](https://gradle-enterprise.elastic.co/s/ehb7paj2atdha) - [elasticsearch-pull-request #59876 / part-3](https://gradle-enterprise.elastic.co/s/otch25nmdbviw) **Reproduction Line:** ``` ./gradlew &quot;:x-pack:plugin:esql:internalClusterTest&quot; --tests &quot;org.elasticsearch.xpack.esql.action.EsqlActionBreakerIT.testOverlappingIndexPatterns&quot; -Dtests.seed=C983A8FD725A9114 -Dtests.jvm.argline=&quot;-Des.entitlements.enabled=true&quot; -Dtests.locale=af-NA -Dtests.timezone=Asia/Seoul -Druntime.java=24 ``` **Applicable branches:** main **Reproduces locally?:** N/A **Failure History:** [See dashboard](https://es-delivery-stats.elastic.dev/app/dashboards#/view/dcec9e60-72ac-11ee-8f39-55975ded9e63?_g=(refreshInterval:(pause:!t,value:60000),time:(from:now-7d%2Fd,to:now))&amp;_a=(controlGroupState:(initialChildControlState:('0c0c9cb8-ccd2-45c6-9b13-96bac4abc542':(dataViewId:fbbdc689-be23-4b3d-8057-aa402e9ed0c5,fieldName:task.keyword,order:0,selectedOptions:!(),title:'GradleTask',type:optionsListControl),'4e6ad9d6-6fdc-4fcc-bf1a-aa6ca79e0850':(dataViewId:fbbdc689-be23-4b3d-8057-aa402e9ed0c5,fieldName:className.keyword,order:1,selectedOptions:!(org.elasticsearch.xpack.esql.action.EsqlActionBreakerIT),title:'Suite',type:optionsListControl),'144933da-5c1b-4257-a969-7f43455a7901':(dataViewId:fbbdc689-be23-4b3d-8057-aa402e9ed0c5,fieldName:name.keyword,order:2,selectedOptions:!(testDropAllColumns),title:'Test',type:optionsListControl))))) **Failure Message:** ``` java.lang.AssertionError: unexpected exception type thrown; expected:&lt;org.elasticsearch.xpack.esql.VerificationException&gt; but was:&lt;java.lang.AssertionError&gt; ``` **Issue Reasons:** - [main] 2 failures in test testDropAllColumns (1.1% fail rate in 178 executions) **Note:** This issue was created using new test triage automation. Please report issues or feedback to es-delivery.</DESCRIPTION>
  <REPONAME>elasticsearch</REPONAME>
  <TIMEDIFFERENCEDAYS>1</TIMEDIFFERENCEDAYS>
  <BUGGYCOMMIT>
    <MESSAGE>Fix compilation after #123784</MESSAGE>
    <SHA>ca88c9332945e3057a058895cee02f592163fcd7</SHA>
  </BUGGYCOMMIT>
  <PATCHCOMMITS>
    <COMMIT>
      <MESSAGE>Mute org.elasticsearch.xpack.esql.action.EsqlActionBreakerIT testDropAllColumns #123791</MESSAGE>
      <SHA>6d04ffd064a46ad8d69c36f16d6efebaf2b231bb</SHA>
      <PATCHEDFILES>
        <FILE>muted-tests.yml</FILE>
      </PATCHEDFILES>
    </COMMIT>
  </PATCHCOMMITS>
</ISSUE>
