<?xml version="1.0" ?>
<ISSUE>
  <ISSUENO>123432</ISSUENO>
  <ISSUEURL>https://github.com/elastic/elasticsearch/issues/123432</ISSUEURL>
  <TITLE>[CI] HeapAttackIT testLookupExplosionNoFetch failing</TITLE>
  <DESCRIPTION>**Build Scans:** - [elasticsearch-periodic-platform-support #6766 / almalinux-8-aarch64_checkpart1_platform-support-arm](https://gradle-enterprise.elastic.co/s/g7ph3sgcxgyok) - [elasticsearch-pull-request #59795 / part-1](https://gradle-enterprise.elastic.co/s/dvl37lhqhrayk) **Reproduction Line:** ``` ./gradlew &quot;:test:external-modules:test-esql-heap-attack:javaRestTest&quot; --tests &quot;org.elasticsearch.xpack.esql.heap_attack.HeapAttackIT.testLookupExplosionNoFetch&quot; -Dtests.seed=B6380225CF313F5E -Dtests.locale=en-KI -Dtests.timezone=America/Los_Angeles -Druntime.java=23 ``` **Applicable branches:** main **Reproduces locally?:** N/A **Failure History:** [See dashboard](https://es-delivery-stats.elastic.dev/app/dashboards#/view/dcec9e60-72ac-11ee-8f39-55975ded9e63?_g=(refreshInterval:(pause:!t,value:60000),time:(from:now-7d%2Fd,to:now))&amp;_a=(controlGroupState:(initialChildControlState:('0c0c9cb8-ccd2-45c6-9b13-96bac4abc542':(dataViewId:fbbdc689-be23-4b3d-8057-aa402e9ed0c5,fieldName:task.keyword,order:0,selectedOptions:!(),title:'GradleTask',type:optionsListControl),'4e6ad9d6-6fdc-4fcc-bf1a-aa6ca79e0850':(dataViewId:fbbdc689-be23-4b3d-8057-aa402e9ed0c5,fieldName:className.keyword,order:1,selectedOptions:!(org.elasticsearch.xpack.esql.heap_attack.HeapAttackIT),title:'Suite',type:optionsListControl),'144933da-5c1b-4257-a969-7f43455a7901':(dataViewId:fbbdc689-be23-4b3d-8057-aa402e9ed0c5,fieldName:name.keyword,order:2,selectedOptions:!(testLookupExplosionNoFetch),title:'Test',type:optionsListControl))))) **Failure Message:** ``` org.elasticsearch.client.ResponseException: method [POST], host [http://[::1]:34875], URI [/_query?error_trace=], status line [HTTP/1.1 429 Too Many Requests] Warnings: [No limit defined, adding default limit of [1000]] {&quot;error&quot;:{&quot;root_cause&quot;:[{&quot;type&quot;:&quot;circuit_breaking_exception&quot;,&quot;reason&quot;:&quot;[request] Data too large, data for [serialize lookup join response] would be [348652480/332.5mb], which is larger than the limit of [322122547/307.1mb]; for more information, see https://www.elastic.co/guide/en/elasticsearch/reference/master/circuit-breaker-errors.html&quot;,&quot;bytes_wanted&quot;:348652480,&quot;bytes_limit&quot;:322122547,&quot;durability&quot;:&quot;TRANSIENT&quot;,&quot;stack_trace&quot;:&quot;org.elasticsearch.common.breaker.CircuitBreakingException: [request] Data too large, data for [serialize lookup join response] would be [348652480/332.5mb], which is larger than the limit of [322122547/307.1mb]; for more information, see https://www.elastic.co/guide/en/elasticsearch/reference/master/circuit-breaker-errors.html\n\tat org.elasticsea [truncated] ``` **Issue Reasons:** - [main] 2 failures in test testLookupExplosionNoFetch (0.3% fail rate in 611 executions) **Note:** This issue was created using new test triage automation. Please report issues or feedback to es-delivery.</DESCRIPTION>
  <REPONAME>elasticsearch</REPONAME>
  <TIMEDIFFERENCEDAYS>13</TIMEDIFFERENCEDAYS>
  <BUGGYCOMMIT>
    <MESSAGE>Unmute `TimeSeriesDataStreamsIT.testSearchableSnapshotAction` (#123973) Already fixed by #123378. Closes #123214</MESSAGE>
    <SHA>8c6df1f4515f94bcfd74d233b7e96101f66af56b</SHA>
  </BUGGYCOMMIT>
  <PATCHCOMMITS>
    <COMMIT>
      <MESSAGE>Mute org.elasticsearch.xpack.esql.heap_attack.HeapAttackIT testLookupExplosionNoFetch #123432</MESSAGE>
      <SHA>959ad8bfdca6248adf8f15ddba1ed52a44cbe0f6</SHA>
      <PATCHEDFILES>
        <FILE>muted-tests.yml</FILE>
      </PATCHEDFILES>
    </COMMIT>
    <COMMIT>
      <MESSAGE>Mute org.elasticsearch.xpack.esql.heap_attack.HeapAttackIT testLookupExplosionNoFetch #123432</MESSAGE>
      <SHA>f01a9e8c54a647ae65f8beabafde1b1a3d3719ba</SHA>
      <PATCHEDFILES>
        <FILE>muted-tests.yml</FILE>
      </PATCHEDFILES>
    </COMMIT>
  </PATCHCOMMITS>
</ISSUE>
