<?xml version="1.0" ?>
<ISSUE>
  <ISSUENO>121594</ISSUENO>
  <ISSUEURL>https://github.com/elastic/elasticsearch/issues/121594</ISSUEURL>
  <TITLE>[CI] MixedClusterEsqlSpecIT class failing</TITLE>
  <DESCRIPTION>**Build Scans:** - [elasticsearch-periodic #6948 / 8.14.3_bwc](https://gradle-enterprise.elastic.co/s/w76pdncf6aoic) - [elasticsearch-periodic #6948 / 8.15.5_bwc](https://gradle-enterprise.elastic.co/s/kpz2buxeijdxs) - [elasticsearch-periodic #6948 / 8.13.4_bwc](https://gradle-enterprise.elastic.co/s/vvsvbsymrylys) - [elasticsearch-periodic #6948 / 8.12.2_bwc](https://gradle-enterprise.elastic.co/s/rfwe5theblyho) - [elasticsearch-periodic #6948 / 8.11.4_bwc](https://gradle-enterprise.elastic.co/s/yd6zd267qmsvs) - [elasticsearch-periodic #6941 / 8.14.3_bwc](https://gradle-enterprise.elastic.co/s/rrxnjqo2ktzua) - [elasticsearch-periodic #6941 / 8.11.4_bwc](https://gradle-enterprise.elastic.co/s/li5lss23x6hzk) - [elasticsearch-periodic #6941 / 8.12.2_bwc](https://gradle-enterprise.elastic.co/s/ofgkdehqj2jl4) - [elasticsearch-periodic #6941 / 8.13.4_bwc](https://gradle-enterprise.elastic.co/s/g2t5sixlh5f4g) - [elasticsearch-periodic #6934 / 8.15.5_bwc](https://gradle-enterprise.elastic.co/s/lmmmeyz4vya24) **Reproduction Line:** ``` ./gradlew &quot;:x-pack:plugin:esql:qa:server:mixed-cluster:v8.14.3#javaRestTest&quot; -Dtests.class=&quot;org.elasticsearch.xpack.esql.qa.mixed.MixedClusterEsqlSpecIT&quot; -Dtests.method=&quot;test {string.LucenePushdownMultipleOr ASYNC}&quot; -Dtests.seed=AF0D3FC7A7EF95F7 -Dtests.bwc=true -Dtests.locale=nl-SX -Dtests.timezone=Atlantic/Faeroe -Druntime.java=24 ``` **Applicable branches:** 8.x **Reproduces locally?:** N/A **Failure History:** [See dashboard](https://es-delivery-stats.elastic.dev/app/dashboards#/view/dcec9e60-72ac-11ee-8f39-55975ded9e63?_g=(refreshInterval:(pause:!t,value:60000),time:(from:now-7d%2Fd,to:now))&amp;_a=(controlGroupState:(initialChildControlState:('0c0c9cb8-ccd2-45c6-9b13-96bac4abc542':(dataViewId:fbbdc689-be23-4b3d-8057-aa402e9ed0c5,fieldName:task.keyword,order:0,selectedOptions:!(),title:'GradleTask',type:optionsListControl),'4e6ad9d6-6fdc-4fcc-bf1a-aa6ca79e0850':(dataViewId:fbbdc689-be23-4b3d-8057-aa402e9ed0c5,fieldName:className.keyword,order:1,selectedOptions:!(org.elasticsearch.xpack.esql.qa.mixed.MixedClusterEsqlSpecIT),title:'Suite',type:optionsListControl),'144933da-5c1b-4257-a969-7f43455a7901':(dataViewId:fbbdc689-be23-4b3d-8057-aa402e9ed0c5,fieldName:name.keyword,order:2,selectedOptions:!(org.elasticsearch.xpack.esql.qa.mixed.MixedClusterEsqlSpecIT),title:'Test',type:optionsListControl))))) **Failure Message:** ``` org.elasticsearch.client.ResponseException: method [GET], host [http://[::1]:34485], URI [/_query/async/FkExUnhOR2lzUkdxc1JTaWRJNlhBWXccN3dFSkU2UFhTNWl1bjJxenh1SU9RdzozODc2Mw==?wait_for_completion_timeout=60s&amp;pretty=true&amp;error_trace=true], status line [HTTP/1.1 400 Bad Request] { &quot;error&quot; : { &quot;root_cause&quot; : [ { &quot;type&quot; : &quot;parsing_exception&quot;, &quot;reason&quot; : &quot;line -1:0: parsing_exception: line 2:25: token recognition error at: ':'&quot;, &quot;stack_trace&quot; : &quot;org.elasticsearch.xpack.esql.parser.ParsingException: line -1:0: parsing_exception: line 2:25: token recognition error at: ':'\n\tat org.elasticsearch.xpack.esql.parser.EsqlParser$1.syntaxError(EsqlParser.java:109)\n\tat org.antlr.v4.runtime.ProxyErrorListener.syntaxError(ProxyErrorListener.java:41)\n\tat org.antlr.v4.runtime.Lexer.notifyListeners(Lexer.java:364)\n\tat org.antlr.v4.runtime.Lexer.nextToken(Lexer.java:144)\n\tat org.elasticsearch.xpack.esql.parser.EsqlParser$ParametrizedTokenSource.nextToken(EsqlPa [truncated] ``` **Issue Reasons:** - [8.x] 5 consecutive failures in class org.elasticsearch.xpack.esql.qa.mixed.MixedClusterEsqlSpecIT - [8.x] 4 consecutive failures in step 8.14.3_bwc - [8.x] 2 consecutive failures in step 8.13.4_bwc - [8.x] 2 consecutive failures in step 8.12.2_bwc - [8.x] 2 consecutive failures in step 8.11.4_bwc - [8.x] 29 failures in class org.elasticsearch.xpack.esql.qa.mixed.MixedClusterEsqlSpecIT (3.1% fail rate in 930 executions) - [8.x] 10 failures in step 8.14.3_bwc (52.6% fail rate in 19 executions) - [8.x] 9 failures in step 8.15.5_bwc (50.0% fail rate in 18 executions) - [8.x] 2 failures in step 8.13.4_bwc (11.1% fail rate in 18 executions) - [8.x] 2 failures in step 8.12.2_bwc (11.1% fail rate in 18 executions) - [8.x] 2 failures in step 8.11.4_bwc (11.1% fail rate in 18 executions) - [8.x] 2 failures in step 8.17.4_bwc-snapshots (1.2% fail rate in 163 executions) - [8.x] 14 failures in pipeline elasticsearch-periodic (73.7% fail rate in 19 executions) - [8.x] 2 failures in pipeline elasticsearch-pull-request (2.4% fail rate in 82 executions) **Note:** This issue was created using new test triage automation. Please report issues or feedback to es-delivery.</DESCRIPTION>
  <REPONAME>elasticsearch</REPONAME>
  <TIMEDIFFERENCEDAYS>59</TIMEDIFFERENCEDAYS>
  <BUGGYCOMMIT>
    <MESSAGE>Add missing apm-server tail sampling monitoring metrics to stack monitoring mapping (#121543) (#121581) Add missing apm-server tail sampling monitoring metrics to stack monitoring mapping. They were missed in #110568. (cherry picked from commit f3f5135f0687bcacbbee638f2061204d54e3f951)</MESSAGE>
    <SHA>2199bbd39f68d2ee4242914b637d31ddf40c3a29</SHA>
  </BUGGYCOMMIT>
  <PATCHCOMMITS>
    <COMMIT>
      <MESSAGE>Mute failing date mixed cluster tests (#121648) Mute the tests causing https://github.com/elastic/elasticsearch/issues/121594 to avoid getting the whole test suite muted.</MESSAGE>
      <SHA>2bc0d281be040489570b8369d95b4a20d50694be</SHA>
      <PATCHEDFILES>
        <FILE>muted-tests.yml</FILE>
      </PATCHEDFILES>
    </COMMIT>
  </PATCHCOMMITS>
</ISSUE>
