<?xml version="1.0" ?>
<ISSUE>
  <ISSUENO>123107</ISSUENO>
  <ISSUEURL>https://github.com/elastic/elasticsearch/issues/123107</ISSUEURL>
  <TITLE>[CI] MixedClusterEsqlSpecIT test {fork.ForkWithWhereSortDescAndLimit SYNC} failing</TITLE>
  <DESCRIPTION>**Build Scans:** - [elasticsearch-intake #18599 / 8.19.0_bwc-snapshots](https://gradle-enterprise.elastic.co/s/ngqbjv42hqqoa) - [elasticsearch-intake #18600 / 9.0.0_bwc-snapshots](https://gradle-enterprise.elastic.co/s/v6icszwtmwpwa) - [elasticsearch-intake #18598 / 9.0.0_bwc-snapshots](https://gradle-enterprise.elastic.co/s/bg2ac2wj7rd5g) - [elasticsearch-pull-request #58612 / 9.0.0_bwc-snapshots](https://gradle-enterprise.elastic.co/s/sfnsrdjmrqutk) - [elasticsearch-intake #18596 / 9.0.0_bwc-snapshots](https://gradle-enterprise.elastic.co/s/ualt6smaikjng) - [elasticsearch-pull-request #58609 / 8.19.0_bwc-snapshots](https://gradle-enterprise.elastic.co/s/ymo5rvnkkqi3q) - [elasticsearch-intake #18597 / 9.0.0_bwc-snapshots](https://gradle-enterprise.elastic.co/s/dnfj4tjkfhffe) - [elasticsearch-intake #18594 / 9.0.0_bwc-snapshots](https://gradle-enterprise.elastic.co/s/zh2auxcnwrbxm) - [elasticsearch-intake #18593 / 9.0.0_bwc-snapshots](https://gradle-enterprise.elastic.co/s/2vdh7dxtjnbq4) - [elasticsearch-intake #18592 / 8.19.0_bwc-snapshots](https://gradle-enterprise.elastic.co/s/ynj2itog365zq) **Reproduction Line:** ``` ./gradlew &quot;:x-pack:plugin:esql:qa:server:mixed-cluster:v8.19.0#javaRestTest&quot; -Dtests.class=&quot;org.elasticsearch.xpack.esql.qa.mixed.MixedClusterEsqlSpecIT&quot; -Dtests.method=&quot;test {fork.ForkWithWhereSortDescAndLimit SYNC}&quot; -Dtests.seed=20940DCC287E68BF -Dtests.bwc=true -Dtests.locale=dje-Latn-NE -Dtests.timezone=America/Bahia -Druntime.java=23 ``` **Applicable branches:** main **Reproduces locally?:** N/A **Failure History:** [See dashboard](https://es-delivery-stats.elastic.dev/app/dashboards#/view/dcec9e60-72ac-11ee-8f39-55975ded9e63?_g=(refreshInterval:(pause:!t,value:60000),time:(from:now-7d%2Fd,to:now))&amp;_a=(controlGroupState:(initialChildControlState:('0c0c9cb8-ccd2-45c6-9b13-96bac4abc542':(dataViewId:fbbdc689-be23-4b3d-8057-aa402e9ed0c5,fieldName:task.keyword,order:0,selectedOptions:!(),title:'GradleTask',type:optionsListControl),'4e6ad9d6-6fdc-4fcc-bf1a-aa6ca79e0850':(dataViewId:fbbdc689-be23-4b3d-8057-aa402e9ed0c5,fieldName:className.keyword,order:1,selectedOptions:!(org.elasticsearch.xpack.esql.qa.mixed.MixedClusterEsqlSpecIT),title:'Suite',type:optionsListControl),'144933da-5c1b-4257-a969-7f43455a7901':(dataViewId:fbbdc689-be23-4b3d-8057-aa402e9ed0c5,fieldName:name.keyword,order:2,selectedOptions:!(test%20%7Bfork.ForkWithWhereSortDescAndLimit%20SYNC%7D),title:'Test',type:optionsListControl))))) **Failure Message:** ``` org.elasticsearch.client.ResponseException: method [POST], host [http://[::1]:38777], URI [/_query?pretty=true&amp;error_trace=true], status line [HTTP/1.1 400 Bad Request] { &quot;error&quot; : { &quot;root_cause&quot; : [ { &quot;type&quot; : &quot;parsing_exception&quot;, &quot;reason&quot; : &quot;line 2:3: mismatched input 'FORK' expecting {'dissect', 'drop', 'enrich', 'eval', 'grok', 'keep', 'limit', 'mv_expand', 'rename', 'sort', 'stats', 'where', 'lookup', DEV_INLINESTATS, DEV_LOOKUP, DEV_JOIN_LEFT, DEV_JOIN_RIGHT}&quot;, &quot;stack_trace&quot; : &quot;org.elasticsearch.xpack.esql.parser.ParsingException: line 2:3: mismatched input 'FORK' expecting {'dissect', 'drop', 'enrich', 'eval', 'grok', 'keep', 'limit', 'mv_expand', 'rename', 'sort', 'stats', 'where', 'lookup', DEV_INLINESTATS, DEV_LOOKUP, DEV_JOIN_LEFT, DEV_JOIN_RIGHT}\n\tat org.elasticsearch.xpack.esql.parser.EsqlParser$1.syntaxError(EsqlParser.java:149)\n\tat org.antlr.v4.runtime.ProxyErrorListener.syntaxError(ProxyErrorListener.java:41)\n\tat org.antlr.v4.ru [truncated] ``` **Issue Reasons:** - [main] 2 consecutive failures in test test {fork.ForkWithWhereSortDescAndLimit SYNC} - [main] 3 consecutive failures in step 9.0.0_bwc-snapshots - [main] 2 consecutive failures in pipeline elasticsearch-intake - [main] 13 failures in test test {fork.ForkWithWhereSortDescAndLimit SYNC} (50.0% fail rate in 26 executions) - [main] 4 failures in step 8.19.0_bwc-snapshots (36.4% fail rate in 11 executions) - [main] 9 failures in step 9.0.0_bwc-snapshots (60.0% fail rate in 15 executions) - [main] 9 failures in pipeline elasticsearch-intake (81.8% fail rate in 11 executions) - [main] 3 failures in pipeline elasticsearch-pull-request (60.0% fail rate in 5 executions) **Note:** This issue was created using new test triage automation. Please report issues or feedback to es-delivery.</DESCRIPTION>
  <REPONAME>elasticsearch</REPONAME>
  <TIMEDIFFERENCEDAYS>0</TIMEDIFFERENCEDAYS>
  <BUGGYCOMMIT>
    <MESSAGE>Mute org.elasticsearch.xpack.esql.qa.mixed.MixedClusterEsqlSpecIT test {fork.SimpleFork SYNC} #123104</MESSAGE>
    <SHA>c5ca08f7a0ef3bc57120a6a42da2e3c0be53c489</SHA>
  </BUGGYCOMMIT>
  <PATCHCOMMITS>
    <COMMIT>
      <MESSAGE>Mute org.elasticsearch.xpack.esql.qa.mixed.MixedClusterEsqlSpecIT test {fork.ForkWithWhereSortDescAndLimit SYNC} #123107</MESSAGE>
      <SHA>cf80db122c5fa4e01932f42d579c6f185ca1bf82</SHA>
      <PATCHEDFILES>
        <FILE>muted-tests.yml</FILE>
      </PATCHEDFILES>
    </COMMIT>
    <COMMIT>
      <MESSAGE>Unmute aaaall the affected tests (#123136) Depends on https://github.com/elastic/elasticsearch/pull/123133 and https://github.com/elastic/elasticsearch/pull/123132 Fixes https://github.com/elastic/elasticsearch/issues/123096 Fixes https://github.com/elastic/elasticsearch/issues/123097 Fixes https://github.com/elastic/elasticsearch/issues/123098 Fixes https://github.com/elastic/elasticsearch/issues/123099 Fixes https://github.com/elastic/elasticsearch/issues/123100 Fixes https://github.com/elastic/elasticsearch/issues/123103 Fixes https://github.com/elastic/elasticsearch/issues/123104 Fixes https://github.com/elastic/elasticsearch/issues/123107 Fixes https://github.com/elastic/elasticsearch/issues/123108 Fixes https://github.com/elastic/elasticsearch/issues/123109 Fixes https://github.com/elastic/elasticsearch/issues/123116 Fixes https://github.com/elastic/elasticsearch/issues/123117 Fixes https://github.com/elastic/elasticsearch/issues/123118 Fixes https://github.com/elastic/elasticsearch/issues/123119 Fixes https://github.com/elastic/elasticsearch/issues/123120 Fixes https://github.com/elastic/elasticsearch/issues/123122 Fixes https://github.com/elastic/elasticsearch/issues/123123 Fixes https://github.com/elastic/elasticsearch/issues/123124 Fixes https://github.com/elastic/elasticsearch/issues/123130 Fixes https://github.com/elastic/elasticsearch/issues/123131</MESSAGE>
      <SHA>5013eee400a87fd6f52b9fa50310ae856d72e629</SHA>
      <PATCHEDFILES>
        <FILE>muted-tests.yml</FILE>
      </PATCHEDFILES>
    </COMMIT>
  </PATCHCOMMITS>
</ISSUE>
