<?xml version="1.0" ?>
<ISSUE>
  <ISSUENO>121354</ISSUENO>
  <ISSUEURL>https://github.com/elastic/elasticsearch/issues/121354</ISSUEURL>
  <TITLE>[CI] EsqlClientYamlAsyncIT class failing</TITLE>
  <DESCRIPTION>**Build Scans:** - [elasticsearch-periodic #6099 / release-tests](https://gradle-enterprise.elastic.co/s/hwctsbb75vtfw) - [elasticsearch-periodic #6092 / release-tests](https://gradle-enterprise.elastic.co/s/ajyw5ebj67ooe) - [elasticsearch-pull-request #54210 / checkpart3_release-tests](https://gradle-enterprise.elastic.co/s/5ffctly7hidqa) - [elasticsearch-pull-request #54121 / checkpart3_release-tests](https://gradle-enterprise.elastic.co/s/t2fxk66v4lros) **Reproduction Line:** ``` ./gradlew &quot;:x-pack:plugin:esql:qa:server:single-node:yamlRestTest&quot; --tests &quot;org.elasticsearch.xpack.esql.qa.single_node.EsqlClientYamlAsyncIT.test {p0=esql/46_downsample/Query stats on downsampled index}&quot; -Dtests.seed=8D86EC19CBC01EB7 -Dbuild.snapshot=false -Dtests.jvm.argline=&quot;-Dbuild.snapshot=false&quot; -Dlicense.key=x-pack/license-tools/src/test/resources/public.key -Dtests.locale=ff-Latn-BF -Dtests.timezone=Asia/Pyongyang -Druntime.java=23 ``` **Applicable branches:** 9.0 **Reproduces locally?:** N/A **Failure History:** [See dashboard](https://es-delivery-stats.elastic.dev/app/dashboards#/view/dcec9e60-72ac-11ee-8f39-55975ded9e63?_g=(refreshInterval:(pause:!t,value:60000),time:(from:now-7d%2Fd,to:now))&amp;_a=(controlGroupState:(initialChildControlState:('0c0c9cb8-ccd2-45c6-9b13-96bac4abc542':(dataViewId:fbbdc689-be23-4b3d-8057-aa402e9ed0c5,fieldName:task.keyword,order:0,selectedOptions:!(),title:'GradleTask',type:optionsListControl),'4e6ad9d6-6fdc-4fcc-bf1a-aa6ca79e0850':(dataViewId:fbbdc689-be23-4b3d-8057-aa402e9ed0c5,fieldName:className.keyword,order:1,selectedOptions:!(org.elasticsearch.xpack.esql.qa.single_node.EsqlClientYamlAsyncIT),title:'Suite',type:optionsListControl),'144933da-5c1b-4257-a969-7f43455a7901':(dataViewId:fbbdc689-be23-4b3d-8057-aa402e9ed0c5,fieldName:name.keyword,order:2,selectedOptions:!(org.elasticsearch.xpack.esql.qa.single_node.EsqlClientYamlAsyncIT),title:'Test',type:optionsListControl))))) **Failure Message:** ``` java.lang.AssertionError: Failure at [esql/46_downsample:98]: expected [2xx] status code but api [esql.async_query] returned [400 Bad Request] [{&quot;error&quot;:{&quot;root_cause&quot;:[{&quot;type&quot;:&quot;verification_exception&quot;,&quot;reason&quot;:&quot;Found 1 problem\nline 1:34: Cannot use field [k8s.pod.network.rx] with unsupported type [aggregate_metric_double]&quot;,&quot;stack_trace&quot;:&quot;org.elasticsearch.xpack.esql.VerificationException: Found 1 problem\nline 1:34: Cannot use field [k8s.pod.network.rx] with unsupported type [aggregate_metric_double]\n\tat org.elasticsearch.xpack.esql.analysis.Analyzer.verify(Analyzer.java:189)\n\tat org.elasticsearch.xpack.esql.analysis.Analyzer.analyze(Analyzer.java:183)\n\tat org.elasticsearch.xpack.esql.session.EsqlSession.lambda$analyzedPlan$7(EsqlSession.java:304)\n\tat org.elasticsearch.xpack.esql.session.EsqlSession.analyzeAndMaybeRetry(EsqlSession.java:511)\n\tat org.elasticsearch.xpack.esql.session.EsqlSession.lambda$analyzedPlan$16(EsqlSession.java:349)\n\tat org.elasticsearch.server@9.0.0/ [truncated] ``` **Issue Reasons:** - [9.0] 2 consecutive failures in step release-tests - [9.0] 4 failures in class org.elasticsearch.xpack.esql.qa.single_node.EsqlClientYamlAsyncIT (7.0% fail rate in 57 executions) - [9.0] 2 failures in step release-tests (100.0% fail rate in 2 executions) - [9.0] 2 failures in step checkpart3_release-tests (66.7% fail rate in 3 executions) - [9.0] 2 failures in pipeline elasticsearch-periodic (100.0% fail rate in 2 executions) - [9.0] 2 failures in pipeline elasticsearch-pull-request (28.6% fail rate in 7 executions) **Note:** This issue was created using new test triage automation. Please report issues or feedback to es-delivery.</DESCRIPTION>
  <REPONAME>elasticsearch</REPONAME>
  <TIMEDIFFERENCEDAYS>0</TIMEDIFFERENCEDAYS>
  <BUGGYCOMMIT>
    <MESSAGE>Mute org.elasticsearch.xpack.esql.qa.multi_node.EsqlClientYamlIT org.elasticsearch.xpack.esql.qa.multi_node.EsqlClientYamlIT #121352</MESSAGE>
    <SHA>787662a35a6dbb3515ca0104d118c749c78a81f8</SHA>
  </BUGGYCOMMIT>
  <PATCHCOMMITS>
    <COMMIT>
      <MESSAGE>Mute org.elasticsearch.xpack.esql.qa.single_node.EsqlClientYamlAsyncIT org.elasticsearch.xpack.esql.qa.single_node.EsqlClientYamlAsyncIT #121354</MESSAGE>
      <SHA>56f8ca7f1861f482382a053268ac0e8d38e0a167</SHA>
      <PATCHEDFILES>
        <FILE>muted-tests.yml</FILE>
      </PATCHEDFILES>
    </COMMIT>
  </PATCHCOMMITS>
</ISSUE>
