<?xml version="1.0" ?>
<ISSUE>
  <ISSUENO>123120</ISSUENO>
  <ISSUEURL>https://github.com/elastic/elasticsearch/issues/123120</ISSUEURL>
  <TITLE>[CI] MultiClusterSpecIT test {fork.ForkWithWhereSortDescAndLimit} failing</TITLE>
  <DESCRIPTION>**Build Scans:** - [elasticsearch-intake #18607 / 8.19.0_bwc-snapshots](https://gradle-enterprise.elastic.co/s/e3ooe7yadweta) - [elasticsearch-intake #18608 / 8.19.0_bwc-snapshots](https://gradle-enterprise.elastic.co/s/v4juzelvxyx2w) - [elasticsearch-intake #18606 / 8.19.0_bwc-snapshots](https://gradle-enterprise.elastic.co/s/iqzi44gutopvc) - [elasticsearch-intake #18605 / 8.19.0_bwc-snapshots](https://gradle-enterprise.elastic.co/s/x7ksai6gxz2gm) - [elasticsearch-intake #18608 / 9.0.0_bwc-snapshots](https://gradle-enterprise.elastic.co/s/sp7u27d6inxfu) - [elasticsearch-intake #18607 / 9.0.0_bwc-snapshots](https://gradle-enterprise.elastic.co/s/r4aseno4utv2u) - [elasticsearch-intake #18606 / 9.0.0_bwc-snapshots](https://gradle-enterprise.elastic.co/s/6xn6yb6xijsl2) - [elasticsearch-pull-request #58629 / 8.19.0_bwc-snapshots](https://gradle-enterprise.elastic.co/s/nhhstzu5ahvso) - [elasticsearch-pull-request #58629 / 9.0.0_bwc-snapshots](https://gradle-enterprise.elastic.co/s/ipisi37pfvuxm) - [elasticsearch-intake #18605 / 9.0.0_bwc-snapshots](https://gradle-enterprise.elastic.co/s/qfsuoxubn442a) **Reproduction Line:** ``` ./gradlew &quot;:x-pack:plugin:esql:qa:server:multi-clusters:v8.19.0#oldToNew&quot; -Dtests.class=&quot;org.elasticsearch.xpack.esql.ccq.MultiClusterSpecIT&quot; -Dtests.method=&quot;test {fork.ForkWithWhereSortDescAndLimit}&quot; -Dtests.seed=79A0A776860366AE -Dtests.bwc=true -Dtests.locale=ccp-IN -Dtests.timezone=Atlantic/Faeroe -Druntime.java=23 ``` **Applicable branches:** main **Reproduces locally?:** N/A **Failure History:** [See dashboard](https://es-delivery-stats.elastic.dev/app/dashboards#/view/dcec9e60-72ac-11ee-8f39-55975ded9e63?_g=(refreshInterval:(pause:!t,value:60000),time:(from:now-7d%2Fd,to:now))&amp;_a=(controlGroupState:(initialChildControlState:('0c0c9cb8-ccd2-45c6-9b13-96bac4abc542':(dataViewId:fbbdc689-be23-4b3d-8057-aa402e9ed0c5,fieldName:task.keyword,order:0,selectedOptions:!(),title:'GradleTask',type:optionsListControl),'4e6ad9d6-6fdc-4fcc-bf1a-aa6ca79e0850':(dataViewId:fbbdc689-be23-4b3d-8057-aa402e9ed0c5,fieldName:className.keyword,order:1,selectedOptions:!(org.elasticsearch.xpack.esql.ccq.MultiClusterSpecIT),title:'Suite',type:optionsListControl),'144933da-5c1b-4257-a969-7f43455a7901':(dataViewId:fbbdc689-be23-4b3d-8057-aa402e9ed0c5,fieldName:name.keyword,order:2,selectedOptions:!(test%20%7Bfork.ForkWithWhereSortDescAndLimit%7D),title:'Test',type:optionsListControl))))) **Failure Message:** ``` org.elasticsearch.client.ResponseException: method [POST], host [http://[::1]:37347], URI [/_query?format=json&amp;pretty=true&amp;error_trace=true], status line [HTTP/1.1 400 Bad Request] { &quot;error&quot; : { &quot;root_cause&quot; : [ { &quot;type&quot; : &quot;parsing_exception&quot;, &quot;reason&quot; : &quot;line 2:3: mismatched input 'FORK' expecting {'dissect', 'drop', 'enrich', 'eval', 'grok', 'keep', 'limit', 'mv_expand', 'rename', 'sort', 'stats', 'where', 'lookup', DEV_INLINESTATS, DEV_LOOKUP, DEV_JOIN_LEFT, DEV_JOIN_RIGHT}&quot;, &quot;stack_trace&quot; : &quot;org.elasticsearch.xpack.esql.parser.ParsingException: line 2:3: mismatched input 'FORK' expecting {'dissect', 'drop', 'enrich', 'eval', 'grok', 'keep', 'limit', 'mv_expand', 'rename', 'sort', 'stats', 'where', 'lookup', DEV_INLINESTATS, DEV_LOOKUP, DEV_JOIN_LEFT, DEV_JOIN_RIGHT}\n\tat org.elasticsearch.xpack.esql.parser.EsqlParser$1.syntaxError(EsqlParser.java:149)\n\tat org.antlr.v4.runtime.ProxyErrorListener.syntaxError(ProxyErrorListener.java:41)\n\tat org [truncated] ``` **Issue Reasons:** - [main] 29 failures in test test {fork.ForkWithWhereSortDescAndLimit} (4.6% fail rate in 625 executions) - [main] 14 failures in step 8.19.0_bwc-snapshots (13.1% fail rate in 107 executions) - [main] 14 failures in step 9.0.0_bwc-snapshots (12.2% fail rate in 115 executions) - [main] 7 failures in pipeline elasticsearch-intake (15.2% fail rate in 46 executions) - [main] 8 failures in pipeline elasticsearch-pull-request (10.4% fail rate in 77 executions) **Note:** This issue was created using new test triage automation. Please report issues or feedback to es-delivery.</DESCRIPTION>
  <REPONAME>elasticsearch</REPONAME>
  <TIMEDIFFERENCEDAYS>0</TIMEDIFFERENCEDAYS>
  <BUGGYCOMMIT>
    <MESSAGE>Mute org.elasticsearch.xpack.esql.ccq.MultiClusterSpecIT test {fork.FiveFork} #123119</MESSAGE>
    <SHA>0c5941d9b9ed7b999fd354820fadd3f454e1518c</SHA>
  </BUGGYCOMMIT>
  <PATCHCOMMITS>
    <COMMIT>
      <MESSAGE>Mute org.elasticsearch.xpack.esql.ccq.MultiClusterSpecIT test {fork.ForkWithWhereSortDescAndLimit} #123120</MESSAGE>
      <SHA>fcdf9eb060477a83b2af04c42b1bf02b1dc7ac69</SHA>
      <PATCHEDFILES>
        <FILE>muted-tests.yml</FILE>
      </PATCHEDFILES>
    </COMMIT>
    <COMMIT>
      <MESSAGE>Unmute aaaall the affected tests (#123136) Depends on https://github.com/elastic/elasticsearch/pull/123133 and https://github.com/elastic/elasticsearch/pull/123132 Fixes https://github.com/elastic/elasticsearch/issues/123096 Fixes https://github.com/elastic/elasticsearch/issues/123097 Fixes https://github.com/elastic/elasticsearch/issues/123098 Fixes https://github.com/elastic/elasticsearch/issues/123099 Fixes https://github.com/elastic/elasticsearch/issues/123100 Fixes https://github.com/elastic/elasticsearch/issues/123103 Fixes https://github.com/elastic/elasticsearch/issues/123104 Fixes https://github.com/elastic/elasticsearch/issues/123107 Fixes https://github.com/elastic/elasticsearch/issues/123108 Fixes https://github.com/elastic/elasticsearch/issues/123109 Fixes https://github.com/elastic/elasticsearch/issues/123116 Fixes https://github.com/elastic/elasticsearch/issues/123117 Fixes https://github.com/elastic/elasticsearch/issues/123118 Fixes https://github.com/elastic/elasticsearch/issues/123119 Fixes https://github.com/elastic/elasticsearch/issues/123120 Fixes https://github.com/elastic/elasticsearch/issues/123122 Fixes https://github.com/elastic/elasticsearch/issues/123123 Fixes https://github.com/elastic/elasticsearch/issues/123124 Fixes https://github.com/elastic/elasticsearch/issues/123130 Fixes https://github.com/elastic/elasticsearch/issues/123131</MESSAGE>
      <SHA>5013eee400a87fd6f52b9fa50310ae856d72e629</SHA>
      <PATCHEDFILES>
        <FILE>muted-tests.yml</FILE>
      </PATCHEDFILES>
    </COMMIT>
  </PATCHCOMMITS>
</ISSUE>
