<?xml version="1.0" ?>
<ISSUE>
  <ISSUENO>120980</ISSUENO>
  <ISSUEURL>https://github.com/elastic/elasticsearch/issues/120980</ISSUEURL>
  <TITLE>[CI] RestEsqlIT testWarningHeadersOnFailedConversions {ASYNC} failing</TITLE>
  <DESCRIPTION>**Build Scans:** - [elasticsearch-periodic-platform-support #6035 / almalinux-9_platform-support-unix](https://gradle-enterprise.elastic.co/s/ymihwipwo52vo) - [elasticsearch-pull-request #53119 / part-3](https://gradle-enterprise.elastic.co/s/gpf6ieax5e7ty) - [elasticsearch-intake #16480 / part3](https://gradle-enterprise.elastic.co/s/bkpridgupv3zy) - [elasticsearch-intake #16479 / part3](https://gradle-enterprise.elastic.co/s/rv45gtmhdfcoa) - [elasticsearch-periodic #6046 / openjdk17_checkpart3_java-matrix](https://gradle-enterprise.elastic.co/s/qn5oq6ss4ef6k) - [elasticsearch-periodic-platform-support #6035 / almalinux-8-aarch64_checkpart3_platform-support-arm](https://gradle-enterprise.elastic.co/s/w3yf7mtojzoue) - [elasticsearch-intake #16478 / part3](https://gradle-enterprise.elastic.co/s/dseoofm5tfmjk) - [elasticsearch-intake #16474 / part3](https://gradle-enterprise.elastic.co/s/xjwaahketz5gu) - [elasticsearch-intake #16470 / part3](https://gradle-enterprise.elastic.co/s/eukgncz2mgxlk) **Reproduction Line:** ``` ./gradlew &quot;:x-pack:plugin:esql:qa:server:multi-node:javaRestTest&quot; --tests &quot;org.elasticsearch.xpack.esql.qa.multi_node.RestEsqlIT.testInternalRange {ASYNC}&quot; -Dtests.seed=F5D4B475D16DFC9F -Dtests.locale=sr-Latn -Dtests.timezone=Kwajalein -Druntime.java=23 ``` **Applicable branches:** 8.x **Reproduces locally?:** N/A **Failure History:** [See dashboard](https://es-delivery-stats.elastic.dev/app/dashboards#/view/dcec9e60-72ac-11ee-8f39-55975ded9e63?_g=(refreshInterval:(pause:!t,value:60000),time:(from:now-7d%2Fd,to:now))&amp;_a=(controlGroupState:(initialChildControlState:('0c0c9cb8-ccd2-45c6-9b13-96bac4abc542':(dataViewId:fbbdc689-be23-4b3d-8057-aa402e9ed0c5,fieldName:task.keyword,order:0,selectedOptions:!(),title:'GradleTask',type:optionsListControl),'4e6ad9d6-6fdc-4fcc-bf1a-aa6ca79e0850':(dataViewId:fbbdc689-be23-4b3d-8057-aa402e9ed0c5,fieldName:className.keyword,order:1,selectedOptions:!(org.elasticsearch.xpack.esql.qa.multi_node.RestEsqlIT),title:'Suite',type:optionsListControl),'144933da-5c1b-4257-a969-7f43455a7901':(dataViewId:fbbdc689-be23-4b3d-8057-aa402e9ed0c5,fieldName:name.keyword,order:2,selectedOptions:!(testWarningHeadersOnFailedConversions%20%7BASYNC%7D),title:'Test',type:optionsListControl))))) **Failure Message:** ``` org.elasticsearch.client.ResponseException: method [GET], host [http://[::1]:38781], URI [/_query/async/FjZtdVRiNHJNUmQtTVN5dDZsNnpyeFEbVlpwRzhfQ2xScWFReXBUQjdZX1ZEZzo0NDI1?wait_for_completion_timeout=60s&amp;pretty=true&amp;error_trace=true], status line [HTTP/1.1 502 Bad Gateway] ¿eerror¿jroot_cause¿dtypexnode_not_connected_exceptionfreasonx4[test-cluster-0][127.0.0.1:33989] Node not connectedkstack_tracexlorg.elasticsearch.transport.NodeNotConnectedException: [test-cluster-0][127.0.0.1:33989] Node not connected ÿÿdtypexnode_not_connected_exceptionfreasonx4[test-cluster-0][127.0.0.1:33989] Node not connectedkstack_tracexlorg.elasticsearch.transport.NodeNotConnectedException: [test-cluster-0][127.0.0.1:33989] Node not connected ÿfstatusöÿ ``` **Issue Reasons:** - [8.x] 9 failures in test testWarningHeadersOnFailedConversions {ASYNC} (5.3% fail rate in 170 executions) - [8.x] 5 failures in step part3 (25.0% fail rate in 20 executions) - [8.x] 5 failures in pipeline elasticsearch-intake (25.0% fail rate in 20 executions) **Note:** This issue was created using new test triage automation. Please report issues or feedback to es-delivery.</DESCRIPTION>
  <REPONAME>elasticsearch</REPONAME>
  <TIMEDIFFERENCEDAYS>0</TIMEDIFFERENCEDAYS>
  <BUGGYCOMMIT>
    <MESSAGE>Mute org.elasticsearch.xpack.esql.qa.multi_node.RestEsqlIT testInternalRange {ASYNC} #120979</MESSAGE>
    <SHA>a86a18b10190676c1d830d3ca3a55137c137411d</SHA>
  </BUGGYCOMMIT>
  <PATCHCOMMITS>
    <COMMIT>
      <MESSAGE>Mute org.elasticsearch.xpack.esql.qa.multi_node.RestEsqlIT testWarningHeadersOnFailedConversions {ASYNC} #120980</MESSAGE>
      <SHA>a99b95beef03a07b69cc95eb1739590d91a6bf40</SHA>
      <PATCHEDFILES>
        <FILE>muted-tests.yml</FILE>
      </PATCHEDFILES>
    </COMMIT>
  </PATCHCOMMITS>
</ISSUE>
