<?xml version="1.0" ?>
<ISSUE>
  <ISSUENO>126633</ISSUENO>
  <ISSUEURL>https://github.com/elastic/elasticsearch/issues/126633</ISSUEURL>
  <TITLE>[CI] SearchStatesIT testCanMatch failing</TITLE>
  <DESCRIPTION>**Build Scans:** - [elasticsearch-intake #21662 / 8.19.0_bwc-snapshots](https://gradle-enterprise.elastic.co/s/cdfagt4fq37re) - [elasticsearch-intake #21660 / 8.19.0_bwc-snapshots](https://gradle-enterprise.elastic.co/s/hsgg32ssiesu2) - [elasticsearch-intake #21659 / 8.19.0_bwc-snapshots](https://gradle-enterprise.elastic.co/s/vc65kwype4434) - [elasticsearch-pull-request #67369 / 8.19.0_bwc-snapshots](https://gradle-enterprise.elastic.co/s/il7euvlqphxea) - [elasticsearch-pull-request #67355 / 8.19.0_bwc-snapshots](https://gradle-enterprise.elastic.co/s/xmss2fu6fgsy4) - [elasticsearch-pull-request #67363 / 8.19.0_bwc-snapshots](https://gradle-enterprise.elastic.co/s/54ooaaqybm7vy) - [elasticsearch-pull-request #67357 / 8.19.0_bwc-snapshots](https://gradle-enterprise.elastic.co/s/7ckdnyul7fgik) - [elasticsearch-pull-request #67356 / 8.19.0_bwc-snapshots](https://gradle-enterprise.elastic.co/s/cxhwzlit6zx6m) - [elasticsearch-pull-request #67355 / 8.19.0_bwc-snapshots](https://gradle-enterprise.elastic.co/s/52loi73v5zlum) - [elasticsearch-pull-request #67351 / 8.19.0_bwc-snapshots](https://gradle-enterprise.elastic.co/s/g6z4a2by2hu3e) **Reproduction Line:** ``` ./gradlew &quot;:qa:ccs-rolling-upgrade-remote-cluster:v8.19.0#oneThirdUpgraded&quot; -Dtests.class=&quot;org.elasticsearch.upgrades.SearchStatesIT&quot; -Dtests.method=&quot;testCanMatch&quot; -Dtests.seed=BC6B127480CE0547 -Dtests.bwc=true -Dtests.locale=en-ZM -Dtests.timezone=Asia/Chongqing -Druntime.java=24 ``` **Applicable branches:** main **Reproduces locally?:** N/A **Failure History:** [See dashboard](https://es-delivery-stats.elastic.dev/app/dashboards#/view/dcec9e60-72ac-11ee-8f39-55975ded9e63?_g=(refreshInterval:(pause:!t,value:60000),time:(from:now-7d%2Fd,to:now))&amp;_a=(controlGroupState:(initialChildControlState:('0c0c9cb8-ccd2-45c6-9b13-96bac4abc542':(dataViewId:fbbdc689-be23-4b3d-8057-aa402e9ed0c5,fieldName:task.keyword,order:0,selectedOptions:!(),title:'GradleTask',type:optionsListControl),'4e6ad9d6-6fdc-4fcc-bf1a-aa6ca79e0850':(dataViewId:fbbdc689-be23-4b3d-8057-aa402e9ed0c5,fieldName:className.keyword,order:1,selectedOptions:!(org.elasticsearch.upgrades.SearchStatesIT),title:'Suite',type:optionsListControl),'144933da-5c1b-4257-a969-7f43455a7901':(dataViewId:fbbdc689-be23-4b3d-8057-aa402e9ed0c5,fieldName:name.keyword,order:2,selectedOptions:!(testCanMatch),title:'Test',type:optionsListControl))))) **Failure Message:** ``` java.io.UncheckedIOException: org.elasticsearch.client.ResponseException: method [POST], host [http://[::1]:36413], URI [/_search?index=remote_cluster%3Atest_can_match_remote_index&amp;pre_filter_shard_size=9&amp;ccs_minimize_roundtrips=false], status line [HTTP/1.1 500 Internal Server Error] {&quot;error&quot;:{&quot;root_cause&quot;:[],&quot;type&quot;:&quot;search_phase_execution_exception&quot;,&quot;reason&quot;:&quot;&quot;,&quot;phase&quot;:&quot;query&quot;,&quot;grouped&quot;:true,&quot;failed_shards&quot;:[],&quot;caused_by&quot;:{&quot;type&quot;:&quot;null_pointer_exception&quot;,&quot;reason&quot;:&quot;Cannot read field \&quot;topDocs\&quot; because \&quot;topDocs\&quot; is null&quot;}},&quot;status&quot;:500} ``` **Issue Reasons:** - [main] 12 failures in test testCanMatch (1.2% fail rate in 1000 executions) - [main] 12 failures in step 8.19.0_bwc-snapshots (13.8% fail rate in 87 executions) - [main] 3 failures in pipeline elasticsearch-intake (15.8% fail rate in 19 executions) - [main] 8 failures in pipeline elasticsearch-pull-request (11.1% fail rate in 72 executions) **Note:** This issue was created using new test triage automation. Please report issues or feedback to es-delivery.</DESCRIPTION>
  <REPONAME>elasticsearch</REPONAME>
  <TIMEDIFFERENCEDAYS>0</TIMEDIFFERENCEDAYS>
  <BUGGYCOMMIT>
    <MESSAGE>Mute org.elasticsearch.upgrades.SearchStatesIT testBWCSearchStates #126632</MESSAGE>
    <SHA>4eace877214919a0eb9508f0b323ff4b407e702a</SHA>
  </BUGGYCOMMIT>
  <PATCHCOMMITS>
    <COMMIT>
      <MESSAGE>Mute org.elasticsearch.upgrades.SearchStatesIT testCanMatch #126633</MESSAGE>
      <SHA>a73f9238eac75e40d72c4120d44c15e67cf21fe3</SHA>
      <PATCHEDFILES>
        <FILE>muted-tests.yml</FILE>
      </PATCHEDFILES>
    </COMMIT>
  </PATCHCOMMITS>
</ISSUE>
