<?xml version="1.0" ?>
<ISSUE>
  <ISSUENO>123097</ISSUENO>
  <ISSUEURL>https://github.com/elastic/elasticsearch/issues/123097</ISSUEURL>
  <TITLE>[CI] MixedClusterEsqlSpecIT test {fork.ForkWithCommonPrefilter ASYNC} failing</TITLE>
  <DESCRIPTION>**Build Scans:** - [elasticsearch-intake #18591 / 8.19.0_bwc-snapshots](https://gradle-enterprise.elastic.co/s/ogziqkexfq7wi) - [elasticsearch-intake #18591 / 9.0.0_bwc-snapshots](https://gradle-enterprise.elastic.co/s/ewqxotnb3wqbw) - [elasticsearch-intake #18590 / 8.19.0_bwc-snapshots](https://gradle-enterprise.elastic.co/s/j2scur4ckkoae) **Reproduction Line:** ``` ./gradlew &quot;:x-pack:plugin:esql:qa:server:mixed-cluster:v8.19.0#javaRestTest&quot; -Dtests.class=&quot;org.elasticsearch.xpack.esql.qa.mixed.MixedClusterEsqlSpecIT&quot; -Dtests.method=&quot;test {fork.FiveFork ASYNC}&quot; -Dtests.seed=376C8D1E8DE3A17C -Dtests.bwc=true -Dtests.locale=zgh-Tfng-MA -Dtests.timezone=Australia/Darwin -Druntime.java=23 ``` **Applicable branches:** main **Reproduces locally?:** N/A **Failure History:** [See dashboard](https://es-delivery-stats.elastic.dev/app/dashboards#/view/dcec9e60-72ac-11ee-8f39-55975ded9e63?_g=(refreshInterval:(pause:!t,value:60000),time:(from:now-7d%2Fd,to:now))&amp;_a=(controlGroupState:(initialChildControlState:('0c0c9cb8-ccd2-45c6-9b13-96bac4abc542':(dataViewId:fbbdc689-be23-4b3d-8057-aa402e9ed0c5,fieldName:task.keyword,order:0,selectedOptions:!(),title:'GradleTask',type:optionsListControl),'4e6ad9d6-6fdc-4fcc-bf1a-aa6ca79e0850':(dataViewId:fbbdc689-be23-4b3d-8057-aa402e9ed0c5,fieldName:className.keyword,order:1,selectedOptions:!(org.elasticsearch.xpack.esql.qa.mixed.MixedClusterEsqlSpecIT),title:'Suite',type:optionsListControl),'144933da-5c1b-4257-a969-7f43455a7901':(dataViewId:fbbdc689-be23-4b3d-8057-aa402e9ed0c5,fieldName:name.keyword,order:2,selectedOptions:!(test%20%7Bfork.ForkWithCommonPrefilter%20ASYNC%7D),title:'Test',type:optionsListControl))))) **Failure Message:** ``` org.elasticsearch.client.ResponseException: method [GET], host [http://[::1]:40281], URI [/_query/async/FndlRXBfeUNUVHh1OVoyeVRKZG9HSkEcazJ4cUpIX3hUM2U1WDRoVFlkYXAtUTozMzM3MQ==?wait_for_completion_timeout=60s&amp;pretty=true&amp;error_trace=true], status line [HTTP/1.1 400 Bad Request] ¿eerror¿jroot_cause¿dtypeqparsing_exceptionfreasony[U+0000]line -1:-1: parsing_exception: line 2:3: mismatched input 'FORK' expecting {'dissect', 'drop', 'enrich', 'eval', 'grok', 'keep', 'limit', 'mv_expand', 'rename', 'sort', 'stats', 'where', 'lookup', DEV_INLINESTATS, DEV_LOOKUP, DEV_JOIN_LEFT, DEV_JOIN_RIGHT}kstack_traceyÞorg.elasticsearch.xpack.esql.parser.ParsingException: line -1:-1: parsing_exception: line 2:3: mismatched input 'FORK' expecting {'dissect', 'drop', 'enrich', 'eval', 'grok', 'keep', 'limit', 'mv_expand', 'rename', 'sort', 'stats', 'where', 'lookup', DEV_INLINESTATS, DEV_LOOKUP, DEV_JOIN_LEFT, DEV_JOIN_RIGHT} at org.elasticsearch.xpack.esql.parser.EsqlParser$1.syntaxError(EsqlParser.ja [truncated] ``` **Issue Reasons:** - [main] 3 consecutive failures in test test {fork.ForkWithCommonPrefilter ASYNC} - [main] 2 consecutive failures in step 8.19.0_bwc-snapshots - [main] 2 consecutive failures in pipeline elasticsearch-intake - [main] 3 failures in test test {fork.ForkWithCommonPrefilter ASYNC} (75.0% fail rate in 4 executions) - [main] 2 failures in step 8.19.0_bwc-snapshots (100.0% fail rate in 2 executions) - [main] 2 failures in pipeline elasticsearch-intake (100.0% fail rate in 2 executions) **Note:** This issue was created using new test triage automation. Please report issues or feedback to es-delivery.</DESCRIPTION>
  <REPONAME>elasticsearch</REPONAME>
  <TIMEDIFFERENCEDAYS>0</TIMEDIFFERENCEDAYS>
  <BUGGYCOMMIT>
    <MESSAGE>Mute org.elasticsearch.xpack.esql.qa.mixed.MixedClusterEsqlSpecIT test {fork.ForkWithWhereSortAndLimit ASYNC} #123096</MESSAGE>
    <SHA>6501d673becf52d2634833a6c21bcdce435fa9dc</SHA>
  </BUGGYCOMMIT>
  <PATCHCOMMITS>
    <COMMIT>
      <MESSAGE>Mute org.elasticsearch.xpack.esql.qa.mixed.MixedClusterEsqlSpecIT test {fork.ForkWithCommonPrefilter ASYNC} #123097</MESSAGE>
      <SHA>a9872fb80c9bb8d1e15672c9f02a66038422d8c0</SHA>
      <PATCHEDFILES>
        <FILE>muted-tests.yml</FILE>
      </PATCHEDFILES>
    </COMMIT>
    <COMMIT>
      <MESSAGE>Unmute aaaall the affected tests (#123136) Depends on https://github.com/elastic/elasticsearch/pull/123133 and https://github.com/elastic/elasticsearch/pull/123132 Fixes https://github.com/elastic/elasticsearch/issues/123096 Fixes https://github.com/elastic/elasticsearch/issues/123097 Fixes https://github.com/elastic/elasticsearch/issues/123098 Fixes https://github.com/elastic/elasticsearch/issues/123099 Fixes https://github.com/elastic/elasticsearch/issues/123100 Fixes https://github.com/elastic/elasticsearch/issues/123103 Fixes https://github.com/elastic/elasticsearch/issues/123104 Fixes https://github.com/elastic/elasticsearch/issues/123107 Fixes https://github.com/elastic/elasticsearch/issues/123108 Fixes https://github.com/elastic/elasticsearch/issues/123109 Fixes https://github.com/elastic/elasticsearch/issues/123116 Fixes https://github.com/elastic/elasticsearch/issues/123117 Fixes https://github.com/elastic/elasticsearch/issues/123118 Fixes https://github.com/elastic/elasticsearch/issues/123119 Fixes https://github.com/elastic/elasticsearch/issues/123120 Fixes https://github.com/elastic/elasticsearch/issues/123122 Fixes https://github.com/elastic/elasticsearch/issues/123123 Fixes https://github.com/elastic/elasticsearch/issues/123124 Fixes https://github.com/elastic/elasticsearch/issues/123130 Fixes https://github.com/elastic/elasticsearch/issues/123131</MESSAGE>
      <SHA>5013eee400a87fd6f52b9fa50310ae856d72e629</SHA>
      <PATCHEDFILES>
        <FILE>muted-tests.yml</FILE>
      </PATCHEDFILES>
    </COMMIT>
  </PATCHCOMMITS>
</ISSUE>
