<?xml version="1.0" ?>
<ISSUE>
  <ISSUENO>123101</ISSUENO>
  <ISSUEURL>https://github.com/elastic/elasticsearch/issues/123101</ISSUEURL>
  <TITLE>[CI] CrossClusterQueryWithPartialResultsIT testPartialResults failing</TITLE>
  <DESCRIPTION>**Build Scans:** - [elasticsearch-intake #19088 / part3](https://gradle-enterprise.elastic.co/s/5o4qzaxvyfy3m) - [elasticsearch-periodic-platform-support #6671 / rhel-8_platform-support-unix](https://gradle-enterprise.elastic.co/s/673vpvfdtji7s) - [elasticsearch-pull-request #59520 / part-3](https://gradle-enterprise.elastic.co/s/7ar3xiimmuvte) - [elasticsearch-intake #18727 / part3](https://gradle-enterprise.elastic.co/s/5t3mi7bdl4yzg) **Reproduction Line:** ``` ./gradlew &quot;:x-pack:plugin:esql:internalClusterTest&quot; --tests &quot;org.elasticsearch.xpack.esql.action.CrossClusterQueryWithPartialResultsIT.testPartialResults&quot; -Dtests.seed=CC9ED55CD72A903 -Dtests.locale=pcm-NG -Dtests.timezone=America/Caracas -Druntime.java=23 ``` **Applicable branches:** 8.x **Reproduces locally?:** N/A **Failure History:** [See dashboard](https://es-delivery-stats.elastic.dev/app/dashboards#/view/dcec9e60-72ac-11ee-8f39-55975ded9e63?_g=(refreshInterval:(pause:!t,value:60000),time:(from:now-7d%2Fd,to:now))&amp;_a=(controlGroupState:(initialChildControlState:('0c0c9cb8-ccd2-45c6-9b13-96bac4abc542':(dataViewId:fbbdc689-be23-4b3d-8057-aa402e9ed0c5,fieldName:task.keyword,order:0,selectedOptions:!(),title:'GradleTask',type:optionsListControl),'4e6ad9d6-6fdc-4fcc-bf1a-aa6ca79e0850':(dataViewId:fbbdc689-be23-4b3d-8057-aa402e9ed0c5,fieldName:className.keyword,order:1,selectedOptions:!(org.elasticsearch.xpack.esql.action.CrossClusterQueryWithPartialResultsIT),title:'Suite',type:optionsListControl),'144933da-5c1b-4257-a969-7f43455a7901':(dataViewId:fbbdc689-be23-4b3d-8057-aa402e9ed0c5,fieldName:name.keyword,order:2,selectedOptions:!(testPartialResults),title:'Test',type:optionsListControl))))) **Failure Message:** ``` junit.framework.AssertionFailedError: Unexpected exception type, expected IllegalStateException but got org.elasticsearch.ElasticsearchTimeoutException: java.util.concurrent.TimeoutException: Timeout waiting for task. ``` **Issue Reasons:** - [8.x] 4 failures in test testPartialResults (0.8% fail rate in 495 executions) - [8.x] 2 failures in step part3 (3.7% fail rate in 54 executions) - [8.x] 2 failures in pipeline elasticsearch-intake (3.7% fail rate in 54 executions) **Note:** This issue was created using new test triage automation. Please report issues or feedback to es-delivery.</DESCRIPTION>
  <REPONAME>elasticsearch</REPONAME>
  <TIMEDIFFERENCEDAYS>10</TIMEDIFFERENCEDAYS>
  <BUGGYCOMMIT>
    <MESSAGE>Mute org.elasticsearch.xpack.esql.qa.mixed.MixedClusterEsqlSpecIT test {fork.SimpleFork ASYNC} #123100</MESSAGE>
    <SHA>18d20c305da7f1fa095e86d444102b33db254c67</SHA>
  </BUGGYCOMMIT>
  <PATCHCOMMITS>
    <COMMIT>
      <MESSAGE>Mute org.elasticsearch.xpack.esql.action.CrossClusterQueryWithPartialResultsIT testPartialResults #123101</MESSAGE>
      <SHA>1b0b8acf969845c795c73b10744fb6eeb4f7d073</SHA>
      <PATCHEDFILES>
        <FILE>muted-tests.yml</FILE>
      </PATCHEDFILES>
    </COMMIT>
  </PATCHCOMMITS>
</ISSUE>
