<?xml version="1.0" ?>
<ISSUE>
  <ISSUENO>122693</ISSUENO>
  <ISSUEURL>https://github.com/elastic/elasticsearch/issues/122693</ISSUEURL>
  <TITLE>[CI] FrozenSearchableSnapshotsIntegTests testCreateAndRestorePartialSearchableSnapshot failing</TITLE>
  <DESCRIPTION>**Build Scans:** - [elasticsearch-intake #18196 / part2](https://gradle-enterprise.elastic.co/s/wythryzo24c3u) - [elasticsearch-pull-request #56649 / part-2](https://gradle-enterprise.elastic.co/s/2mpgqw3n2up5u) **Reproduction Line:** ``` ./gradlew &quot;:x-pack:plugin:searchable-snapshots:internalClusterTest&quot; --tests &quot;org.elasticsearch.xpack.searchablesnapshots.FrozenSearchableSnapshotsIntegTests.testCreateAndRestorePartialSearchableSnapshot&quot; -Dtests.seed=939AED20A539540E -Dtests.locale=es-BZ -Dtests.timezone=Europe/Gibraltar -Druntime.java=23 ``` **Applicable branches:** main **Reproduces locally?:** N/A **Failure History:** [See dashboard](https://es-delivery-stats.elastic.dev/app/dashboards#/view/dcec9e60-72ac-11ee-8f39-55975ded9e63?_g=(refreshInterval:(pause:!t,value:60000),time:(from:now-7d%2Fd,to:now))&amp;_a=(controlGroupState:(initialChildControlState:('0c0c9cb8-ccd2-45c6-9b13-96bac4abc542':(dataViewId:fbbdc689-be23-4b3d-8057-aa402e9ed0c5,fieldName:task.keyword,order:0,selectedOptions:!(),title:'GradleTask',type:optionsListControl),'4e6ad9d6-6fdc-4fcc-bf1a-aa6ca79e0850':(dataViewId:fbbdc689-be23-4b3d-8057-aa402e9ed0c5,fieldName:className.keyword,order:1,selectedOptions:!(org.elasticsearch.xpack.searchablesnapshots.FrozenSearchableSnapshotsIntegTests),title:'Suite',type:optionsListControl),'144933da-5c1b-4257-a969-7f43455a7901':(dataViewId:fbbdc689-be23-4b3d-8057-aa402e9ed0c5,fieldName:name.keyword,order:2,selectedOptions:!(testCreateAndRestorePartialSearchableSnapshot),title:'Test',type:optionsListControl))))) **Failure Message:** ``` java.lang.IllegalStateException: Some shards are still open after the threadpool terminated. Something is leaking index readers or store references. ``` **Issue Reasons:** - [main] 2 failures in test testCreateAndRestorePartialSearchableSnapshot (0.3% fail rate in 626 executions) **Note:** This issue was created using new test triage automation. Please report issues or feedback to es-delivery.</DESCRIPTION>
  <REPONAME>elasticsearch</REPONAME>
  <TIMEDIFFERENCEDAYS>2</TIMEDIFFERENCEDAYS>
  <BUGGYCOMMIT>
    <MESSAGE>Mute org.elasticsearch.lucene.RollingUpgradeLuceneIndexCompatibilityTestCase testRestoreIndex {p0=[9.1.0, 8.19.0, 8.19.0]} #122691</MESSAGE>
    <SHA>2d9a090b16bcb3e224ef089a49cd89a97600e2c3</SHA>
  </BUGGYCOMMIT>
  <PATCHCOMMITS>
    <COMMIT>
      <MESSAGE>Mute org.elasticsearch.xpack.searchablesnapshots.FrozenSearchableSnapshotsIntegTests testCreateAndRestorePartialSearchableSnapshot #122693</MESSAGE>
      <SHA>5b95480f2cc2c2867c8cca82d3a9ad01ee881f1e</SHA>
      <PATCHEDFILES>
        <FILE>muted-tests.yml</FILE>
      </PATCHEDFILES>
    </COMMIT>
    <COMMIT>
      <MESSAGE>Unmute `FrozenSearchableSnapshotsIntegTests#testCreateAndRestorePartialSearchableSnapshot` The underlying failure `java.lang.AssertionError: Searchable snapshot directory does not support the operation [createOutput` was fixed in https://github.com/elastic/elasticsearch/pull/122006. The automation bot was too aggressive in re-opening this issue. Resolve #122693</MESSAGE>
      <SHA>036b89bc58f905d84e161035495e60b82bd2d4a5</SHA>
      <PATCHEDFILES>
        <FILE>muted-tests.yml</FILE>
      </PATCHEDFILES>
    </COMMIT>
    <COMMIT>
      <MESSAGE>Unmute `FrozenSearchableSnapshotsIntegTests#testCreateAndRestorePartialSearchableSnapshot` (#122831) * Unmute `FrozenSearchableSnapshotsIntegTests#testCreateAndRestorePartialSearchableSnapshot` The underlying failure `java.lang.AssertionError: Searchable snapshot directory does not support the operation [createOutput` was fixed in https://github.com/elastic/elasticsearch/pull/122006. The automation bot was too aggressive in re-opening this issue. Resolve #122693 * Add a check for the CLOSED state along with STOPPED * Update x-pack/plugin/searchable-snapshots/src/main/java/org/elasticsearch/xpack/searchablesnapshots/cache/full/CacheService.java Co-authored-by: Tanguy Leroux &lt;tlrx.dev@gmail.com&gt; --------- Co-authored-by: Tanguy Leroux &lt;tlrx.dev@gmail.com&gt;</MESSAGE>
      <SHA>b4e95dc40a1618f522e0cf7a7ff3a4f5a4433ebf</SHA>
      <PATCHEDFILES>
        <FILE>muted-tests.yml</FILE>
        <FILE>x-pack/plugin/searchable-snapshots/src/main/java/org/elasticsearch/xpack/searchablesnapshots/cache/full/CacheService.java</FILE>
      </PATCHEDFILES>
    </COMMIT>
  </PATCHCOMMITS>
</ISSUE>
