<?xml version="1.0" ?>
<ISSUE>
  <ISSUENO>122342</ISSUENO>
  <ISSUEURL>https://github.com/elastic/elasticsearch/issues/122342</ISSUEURL>
  <TITLE>[CI] EsqlActionBreakerIT testUnsupportedTypesOrdinalGrouping failing</TITLE>
  <DESCRIPTION>**Build Scans:** - [elasticsearch-intake #17851 / part3](https://gradle-enterprise.elastic.co/s/4cvchpidwzuos) - [elasticsearch-intake #17779 / part3](https://gradle-enterprise.elastic.co/s/2rb4xnq7y23fw) **Reproduction Line:** ``` ./gradlew &quot;:x-pack:plugin:esql:internalClusterTest&quot; --tests &quot;org.elasticsearch.xpack.esql.action.EsqlActionBreakerIT.testUnsupportedTypesOrdinalGrouping&quot; -Dtests.seed=FF7C56A500B32893 -Dtests.locale=en-LR -Dtests.timezone=Australia/North -Druntime.java=23 ``` **Applicable branches:** main **Reproduces locally?:** N/A **Failure History:** [See dashboard](https://es-delivery-stats.elastic.dev/app/dashboards#/view/dcec9e60-72ac-11ee-8f39-55975ded9e63?_g=(refreshInterval:(pause:!t,value:60000),time:(from:now-7d%2Fd,to:now))&amp;_a=(controlGroupState:(initialChildControlState:('0c0c9cb8-ccd2-45c6-9b13-96bac4abc542':(dataViewId:fbbdc689-be23-4b3d-8057-aa402e9ed0c5,fieldName:task.keyword,order:0,selectedOptions:!(),title:'GradleTask',type:optionsListControl),'4e6ad9d6-6fdc-4fcc-bf1a-aa6ca79e0850':(dataViewId:fbbdc689-be23-4b3d-8057-aa402e9ed0c5,fieldName:className.keyword,order:1,selectedOptions:!(org.elasticsearch.xpack.esql.action.EsqlActionBreakerIT),title:'Suite',type:optionsListControl),'144933da-5c1b-4257-a969-7f43455a7901':(dataViewId:fbbdc689-be23-4b3d-8057-aa402e9ed0c5,fieldName:name.keyword,order:2,selectedOptions:!(testUnsupportedTypesOrdinalGrouping),title:'Test',type:optionsListControl))))) **Failure Message:** ``` java.lang.AssertionError: Expected: an instance of org.elasticsearch.common.breaker.CircuitBreakingException but: &lt;org.elasticsearch.ElasticsearchTimeoutException: java.util.concurrent.TimeoutException: Timeout waiting for task.&gt; is a org.elasticsearch.ElasticsearchTimeoutException ``` **Issue Reasons:** - [main] 2 failures in test testUnsupportedTypesOrdinalGrouping (1.0% fail rate in 209 executions) - [main] 2 failures in step part3 (6.3% fail rate in 32 executions) - [main] 2 failures in pipeline elasticsearch-intake (6.3% fail rate in 32 executions) **Note:** This issue was created using new test triage automation. Please report issues or feedback to es-delivery.</DESCRIPTION>
  <REPONAME>elasticsearch</REPONAME>
  <TIMEDIFFERENCEDAYS>7</TIMEDIFFERENCEDAYS>
  <BUGGYCOMMIT>
    <MESSAGE>Enforce aggs interface (#121898)</MESSAGE>
    <SHA>a57b985487955886769375eaf9a69a2d9b5b3c80</SHA>
  </BUGGYCOMMIT>
  <PATCHCOMMITS>
    <COMMIT>
      <MESSAGE>Mute org.elasticsearch.xpack.esql.action.EsqlActionBreakerIT testUnsupportedTypesOrdinalGrouping #122342</MESSAGE>
      <SHA>bc6731b4672fb2f083476b0fea8b090458f0a09b</SHA>
      <PATCHEDFILES>
        <FILE>muted-tests.yml</FILE>
      </PATCHEDFILES>
    </COMMIT>
  </PATCHCOMMITS>
</ISSUE>
