<?xml version="1.0" ?>
<ISSUE>
  <ISSUENO>122131</ISSUENO>
  <ISSUEURL>https://github.com/elastic/elasticsearch/issues/122131</ISSUEURL>
  <TITLE>[CI] EsqlActionBreakerIT testGroupingMultiValueByOrdinals failing</TITLE>
  <DESCRIPTION>**Build Scans:** - [elasticsearch-intake #17664 / part3](https://gradle-enterprise.elastic.co/s/gp4jzun2arh74) - [elasticsearch-periodic-platform-support #6268 / ubuntu-2004-aarch64_checkpart3_platform-support-arm](https://gradle-enterprise.elastic.co/s/hhpctcm5h54ck) **Reproduction Line:** ``` ./gradlew &quot;:x-pack:plugin:esql:internalClusterTest&quot; --tests &quot;org.elasticsearch.xpack.esql.action.EsqlActionBreakerIT.testGroupingMultiValueByOrdinals&quot; -Dtests.seed=1DFBC8B7FB153BEB -Dtests.locale=gv -Dtests.timezone=Australia/Hobart -Druntime.java=23 ``` **Applicable branches:** main **Reproduces locally?:** N/A **Failure History:** [See dashboard](https://es-delivery-stats.elastic.dev/app/dashboards#/view/dcec9e60-72ac-11ee-8f39-55975ded9e63?_g=(refreshInterval:(pause:!t,value:60000),time:(from:now-7d%2Fd,to:now))&amp;_a=(controlGroupState:(initialChildControlState:('0c0c9cb8-ccd2-45c6-9b13-96bac4abc542':(dataViewId:fbbdc689-be23-4b3d-8057-aa402e9ed0c5,fieldName:task.keyword,order:0,selectedOptions:!(),title:'GradleTask',type:optionsListControl),'4e6ad9d6-6fdc-4fcc-bf1a-aa6ca79e0850':(dataViewId:fbbdc689-be23-4b3d-8057-aa402e9ed0c5,fieldName:className.keyword,order:1,selectedOptions:!(org.elasticsearch.xpack.esql.action.EsqlActionBreakerIT),title:'Suite',type:optionsListControl),'144933da-5c1b-4257-a969-7f43455a7901':(dataViewId:fbbdc689-be23-4b3d-8057-aa402e9ed0c5,fieldName:name.keyword,order:2,selectedOptions:!(testGroupingMultiValueByOrdinals),title:'Test',type:optionsListControl))))) **Failure Message:** ``` java.lang.AssertionError: Expected: an instance of org.elasticsearch.common.breaker.CircuitBreakingException but: &lt;[test-ordinals/3g9uIBCbTOKaxjTm-PqlwA][[test-ordinals][3]] org.elasticsearch.action.NoShardAvailableActionException: no shard copies found&gt; is a org.elasticsearch.action.NoShardAvailableActionException ``` **Issue Reasons:** - [main] 2 failures in test testGroupingMultiValueByOrdinals (3.1% fail rate in 65 executions) **Note:** This issue was created using new test triage automation. Please report issues or feedback to es-delivery.</DESCRIPTION>
  <REPONAME>elasticsearch</REPONAME>
  <TIMEDIFFERENCEDAYS>0</TIMEDIFFERENCEDAYS>
  <BUGGYCOMMIT>
    <MESSAGE>Mute org.elasticsearch.xpack.esql.qa.single_node.EsqlSpecIT org.elasticsearch.xpack.esql.qa.single_node.EsqlSpecIT #121411</MESSAGE>
    <SHA>8a3b7d38810b8cdd8a1bd787558806c9d683882d</SHA>
  </BUGGYCOMMIT>
  <PATCHCOMMITS>
    <COMMIT>
      <MESSAGE>Mute org.elasticsearch.xpack.esql.action.EsqlActionBreakerIT testGroupingMultiValueByOrdinals #122131</MESSAGE>
      <SHA>4cb5f88dd9341dc512dc41a0aea3d817d2cb3e5f</SHA>
      <PATCHEDFILES>
        <FILE>muted-tests.yml</FILE>
      </PATCHEDFILES>
    </COMMIT>
  </PATCHCOMMITS>
</ISSUE>
