<?xml version="1.0" ?>
<ISSUE>
  <ISSUENO>122128</ISSUENO>
  <ISSUEURL>https://github.com/elastic/elasticsearch/issues/122128</ISSUEURL>
  <TITLE>[CI] EsqlActionBreakerIT testIndexPatterns failing</TITLE>
  <DESCRIPTION>**Build Scans:** - [elasticsearch-periodic-platform-support #6268 / ubuntu-2004-aarch64_checkpart3_platform-support-arm](https://gradle-enterprise.elastic.co/s/hhpctcm5h54ck) - [elasticsearch-pull-request #55803 / part-3](https://gradle-enterprise.elastic.co/s/fegbcqvsmc4xq) **Reproduction Line:** ``` ./gradlew &quot;:x-pack:plugin:esql:internalClusterTest&quot; --tests &quot;org.elasticsearch.xpack.esql.action.EsqlActionBreakerIT.testIndexPatterns&quot; -Dtests.seed=ADD1691343D44504 -Dtests.locale=vmw -Dtests.timezone=Asia/Dhaka -Druntime.java=23 ``` **Applicable branches:** main **Reproduces locally?:** N/A **Failure History:** [See dashboard](https://es-delivery-stats.elastic.dev/app/dashboards#/view/dcec9e60-72ac-11ee-8f39-55975ded9e63?_g=(refreshInterval:(pause:!t,value:60000),time:(from:now-7d%2Fd,to:now))&amp;_a=(controlGroupState:(initialChildControlState:('0c0c9cb8-ccd2-45c6-9b13-96bac4abc542':(dataViewId:fbbdc689-be23-4b3d-8057-aa402e9ed0c5,fieldName:task.keyword,order:0,selectedOptions:!(),title:'GradleTask',type:optionsListControl),'4e6ad9d6-6fdc-4fcc-bf1a-aa6ca79e0850':(dataViewId:fbbdc689-be23-4b3d-8057-aa402e9ed0c5,fieldName:className.keyword,order:1,selectedOptions:!(org.elasticsearch.xpack.esql.action.EsqlActionBreakerIT),title:'Suite',type:optionsListControl),'144933da-5c1b-4257-a969-7f43455a7901':(dataViewId:fbbdc689-be23-4b3d-8057-aa402e9ed0c5,fieldName:name.keyword,order:2,selectedOptions:!(testIndexPatterns),title:'Test',type:optionsListControl))))) **Failure Message:** ``` java.lang.AssertionError: Expected: an instance of org.elasticsearch.common.breaker.CircuitBreakingException but: &lt;[test_index_patterns_1/lTN4DWpbSCOhx4vrf30FTQ][[test_index_patterns_1][0]] org.elasticsearch.action.NoShardAvailableActionException: no shard copies found&gt; is a org.elasticsearch.action.NoShardAvailableActionException ``` **Issue Reasons:** - [main] 2 failures in test testIndexPatterns (5.6% fail rate in 36 executions) **Note:** This issue was created using new test triage automation. Please report issues or feedback to es-delivery.</DESCRIPTION>
  <REPONAME>elasticsearch</REPONAME>
  <TIMEDIFFERENCEDAYS>1</TIMEDIFFERENCEDAYS>
  <BUGGYCOMMIT>
    <MESSAGE>Mute org.elasticsearch.xpack.esql.action.EsqlActionBreakerIT testExtractFields #122125</MESSAGE>
    <SHA>c0bf7d2335a05d73f09e33a91b997c234ab02392</SHA>
  </BUGGYCOMMIT>
  <PATCHCOMMITS>
    <COMMIT>
      <MESSAGE>Mute org.elasticsearch.xpack.esql.action.EsqlActionBreakerIT testIndexPatterns #122128</MESSAGE>
      <SHA>5dcb507715e93b12f0cfd8797bd2b5d3cdc82b1a</SHA>
      <PATCHEDFILES>
        <FILE>muted-tests.yml</FILE>
      </PATCHEDFILES>
    </COMMIT>
  </PATCHCOMMITS>
</ISSUE>
