<?xml version="1.0" ?>
<ISSUE>
  <ISSUENO>117998</ISSUENO>
  <ISSUEURL>https://github.com/elastic/elasticsearch/issues/117998</ISSUEURL>
  <TITLE>SparseVectorQueryBuilderTests.testToQuery</TITLE>
  <DESCRIPTION>### CI Link https://buildkite.com/elastic/elasticsearch-pull-request/builds/44598#01939200-5771-41d9-b062-2f317bffb9ea ### Repro line ./gradlew &quot;:x-pack:plugin:core:test&quot; --tests &quot;org.elasticsearch.xpack.core.ml.search.SparseVectorQueryBuilderTests.testToQuery&quot; -Dtests.seed=7E71170FE6E413E8 -Dtests.locale=cs -Dtests.timezone=Asia/Bahrain -Druntime.java=23 ### Does it reproduce? Yes ### Applicable branches 8.x ### Failure history _No response_ ### Failure excerpt &gt; Task :x-pack:plugin:core:test -- | | REPRODUCE WITH: ./gradlew &quot;:x-pack:plugin:core:test&quot; --tests &quot;org.elasticsearch.xpack.core.ml.search.SparseVectorQueryBuilderTests.testToQuery&quot; -Dtests.seed=7E71170FE6E413E8 -Dtests.locale=cs -Dtests.timezone=Asia/Bahrain -Druntime.java=23 | | SparseVectorQueryBuilderTests &gt; testToQuery FAILED | java.lang.AssertionError | at __randomizedtesting.SeedInfo.seed([7E71170FE6E413E8:898A15319767D602]:0) | at org.junit.Assert.fail(Assert.java:87) | at org.junit.Assert.assertTrue(Assert.java:42) | at org.junit.Assert.assertTrue(Assert.java:53) | at org.elasticsearch.xpack.core.ml.search.SparseVectorQueryBuilderTests.testDoToQuery(SparseVectorQueryBuilderTests.java:235) | at org.elasticsearch.xpack.core.ml.search.SparseVectorQueryBuilderTests.testToQuery(SparseVectorQueryBuilderTests.java:225)</DESCRIPTION>
  <REPONAME>elasticsearch</REPONAME>
  <TIMEDIFFERENCEDAYS>0</TIMEDIFFERENCEDAYS>
  <BUGGYCOMMIT>
    <MESSAGE>Updates minimum_number_of_allocations description (#117746) (#117984)</MESSAGE>
    <SHA>2272d4818aaa19cc63584b6ce7dcfec9e553eb41</SHA>
  </BUGGYCOMMIT>
  <PATCHCOMMITS>
    <COMMIT>
      <MESSAGE>Muting SparseVectorQueryBuilderTests.testToQuery (#117998)</MESSAGE>
      <SHA>285ab013ce6a317af220c1ce5042e101dd1390e3</SHA>
      <PATCHEDFILES>
        <FILE>muted-tests.yml</FILE>
      </PATCHEDFILES>
    </COMMIT>
  </PATCHCOMMITS>
</ISSUE>
