<?xml version="1.0" ?>
<ISSUE>
  <ISSUENO>122150</ISSUENO>
  <ISSUEURL>https://github.com/elastic/elasticsearch/issues/122150</ISSUEURL>
  <TITLE>[CI] EsqlActionBreakerIT testProjectRenameEvalProject failing</TITLE>
  <DESCRIPTION>**Build Scans:** - [elasticsearch-intake #17668 / part3](https://gradle-enterprise.elastic.co/s/idskak7ktopym) - [elasticsearch-periodic-platform-support #6268 / amazonlinux-2023_platform-support-aws](https://gradle-enterprise.elastic.co/s/5n6ooefq2fg2u) **Reproduction Line:** ``` ./gradlew &quot;:x-pack:plugin:esql:internalClusterTest&quot; --tests &quot;org.elasticsearch.xpack.esql.action.EsqlActionBreakerIT.testProjectRenameEvalProject&quot; -Dtests.seed=D734564D50955883 -Dtests.locale=si -Dtests.timezone=America/Swift_Current -Druntime.java=23 ``` **Applicable branches:** main **Reproduces locally?:** N/A **Failure History:** [See dashboard](https://es-delivery-stats.elastic.dev/app/dashboards#/view/dcec9e60-72ac-11ee-8f39-55975ded9e63?_g=(refreshInterval:(pause:!t,value:60000),time:(from:now-7d%2Fd,to:now))&amp;_a=(controlGroupState:(initialChildControlState:('0c0c9cb8-ccd2-45c6-9b13-96bac4abc542':(dataViewId:fbbdc689-be23-4b3d-8057-aa402e9ed0c5,fieldName:task.keyword,order:0,selectedOptions:!(),title:'GradleTask',type:optionsListControl),'4e6ad9d6-6fdc-4fcc-bf1a-aa6ca79e0850':(dataViewId:fbbdc689-be23-4b3d-8057-aa402e9ed0c5,fieldName:className.keyword,order:1,selectedOptions:!(org.elasticsearch.xpack.esql.action.EsqlActionBreakerIT),title:'Suite',type:optionsListControl),'144933da-5c1b-4257-a969-7f43455a7901':(dataViewId:fbbdc689-be23-4b3d-8057-aa402e9ed0c5,fieldName:name.keyword,order:2,selectedOptions:!(testProjectRenameEvalProject),title:'Test',type:optionsListControl))))) **Failure Message:** ``` java.lang.AssertionError: Expected: an instance of org.elasticsearch.common.breaker.CircuitBreakingException but: &lt;[test/MoW0WBNiQSC1hdC4nnG5fQ][[test][4]] org.elasticsearch.action.NoShardAvailableActionException: no shard copies found&gt; is a org.elasticsearch.action.NoShardAvailableActionException ``` **Issue Reasons:** - [main] 2 failures in test testProjectRenameEvalProject (2.0% fail rate in 98 executions) **Note:** This issue was created using new test triage automation. Please report issues or feedback to es-delivery.</DESCRIPTION>
  <REPONAME>elasticsearch</REPONAME>
  <TIMEDIFFERENCEDAYS>0</TIMEDIFFERENCEDAYS>
  <BUGGYCOMMIT>
    <MESSAGE>Mute org.elasticsearch.xpack.esql.action.EsqlActionBreakerIT testFromStatsProjectGroupWithAlias #122144</MESSAGE>
    <SHA>f3bb4161d6b46f25ebf2a41612c74bd519d0a8d3</SHA>
  </BUGGYCOMMIT>
  <PATCHCOMMITS>
    <COMMIT>
      <MESSAGE>Mute org.elasticsearch.xpack.esql.action.EsqlActionBreakerIT testProjectRenameEvalProject #122150</MESSAGE>
      <SHA>0e9e9f6196b704bbd5461cd96d1d68487ecc7fe5</SHA>
      <PATCHEDFILES>
        <FILE>muted-tests.yml</FILE>
      </PATCHEDFILES>
    </COMMIT>
  </PATCHCOMMITS>
</ISSUE>
