<?xml version="1.0" ?>
<ISSUE>
  <ISSUENO>122147</ISSUENO>
  <ISSUEURL>https://github.com/elastic/elasticsearch/issues/122147</ISSUEURL>
  <TITLE>[CI] EsqlActionBreakerIT testWhereNegatedCondition failing</TITLE>
  <DESCRIPTION>**Build Scans:** - [elasticsearch-intake #17669 / part3](https://gradle-enterprise.elastic.co/s/ibyu47yiyvlrg) - [elasticsearch-periodic-platform-support #6289 / almalinux-9_platform-support-unix](https://gradle-enterprise.elastic.co/s/qwil4k3hxq6wk) - [elasticsearch-periodic-platform-support #6289 / ubuntu-2404-aarch64_checkpart3_platform-support-arm](https://gradle-enterprise.elastic.co/s/bztwxfyr2r7iu) **Reproduction Line:** ``` ./gradlew &quot;:x-pack:plugin:esql:internalClusterTest&quot; --tests &quot;org.elasticsearch.xpack.esql.action.EsqlActionBreakerIT.testWhereNegatedCondition&quot; -Dtests.seed=5B368EEE534CB422 -Dtests.locale=mzn-IR -Dtests.timezone=Turkey -Druntime.java=23 ``` **Applicable branches:** main **Reproduces locally?:** N/A **Failure History:** [See dashboard](https://es-delivery-stats.elastic.dev/app/dashboards#/view/dcec9e60-72ac-11ee-8f39-55975ded9e63?_g=(refreshInterval:(pause:!t,value:60000),time:(from:now-7d%2Fd,to:now))&amp;_a=(controlGroupState:(initialChildControlState:('0c0c9cb8-ccd2-45c6-9b13-96bac4abc542':(dataViewId:fbbdc689-be23-4b3d-8057-aa402e9ed0c5,fieldName:task.keyword,order:0,selectedOptions:!(),title:'GradleTask',type:optionsListControl),'4e6ad9d6-6fdc-4fcc-bf1a-aa6ca79e0850':(dataViewId:fbbdc689-be23-4b3d-8057-aa402e9ed0c5,fieldName:className.keyword,order:1,selectedOptions:!(org.elasticsearch.xpack.esql.action.EsqlActionBreakerIT),title:'Suite',type:optionsListControl),'144933da-5c1b-4257-a969-7f43455a7901':(dataViewId:fbbdc689-be23-4b3d-8057-aa402e9ed0c5,fieldName:name.keyword,order:2,selectedOptions:!(testWhereNegatedCondition),title:'Test',type:optionsListControl))))) **Failure Message:** ``` java.lang.AssertionError: Expected: an instance of org.elasticsearch.common.breaker.CircuitBreakingException but: &lt;[test/iVElQEhjQ42mlXrvKFjXcw][[test][0]] org.elasticsearch.action.NoShardAvailableActionException: no shard copies found&gt; is a org.elasticsearch.action.NoShardAvailableActionException ``` **Issue Reasons:** - [main] 3 failures in test testWhereNegatedCondition (3.1% fail rate in 97 executions) **Note:** This issue was created using new test triage automation. Please report issues or feedback to es-delivery.</DESCRIPTION>
  <REPONAME>elasticsearch</REPONAME>
  <TIMEDIFFERENCEDAYS>0</TIMEDIFFERENCEDAYS>
  <BUGGYCOMMIT>
    <MESSAGE>Mute org.elasticsearch.xpack.esql.action.EsqlActionBreakerIT testProjectRenameEvalProject #122150</MESSAGE>
    <SHA>0e9e9f6196b704bbd5461cd96d1d68487ecc7fe5</SHA>
  </BUGGYCOMMIT>
  <PATCHCOMMITS>
    <COMMIT>
      <MESSAGE>Mute org.elasticsearch.xpack.esql.action.EsqlActionBreakerIT testWhereNegatedCondition #122147</MESSAGE>
      <SHA>55696153e1206a3dd88d20361578441d7e41d8c3</SHA>
      <PATCHEDFILES>
        <FILE>muted-tests.yml</FILE>
      </PATCHEDFILES>
    </COMMIT>
  </PATCHCOMMITS>
</ISSUE>
