<?xml version="1.0" ?>
<ISSUE>
  <ISSUENO>122125</ISSUENO>
  <ISSUEURL>https://github.com/elastic/elasticsearch/issues/122125</ISSUEURL>
  <TITLE>[CI] EsqlActionBreakerIT testExtractFields failing</TITLE>
  <DESCRIPTION>**Build Scans:** - [elasticsearch-periodic-platform-support #6261 / rhel-9_platform-support-unix](https://gradle-enterprise.elastic.co/s/2eda6pdrqpjag) - [elasticsearch-pull-request #55807 / part-3](https://gradle-enterprise.elastic.co/s/in2bamdisvkdq) **Reproduction Line:** ``` ./gradlew &quot;:x-pack:plugin:esql:internalClusterTest&quot; --tests &quot;org.elasticsearch.xpack.esql.action.EsqlActionBreakerIT.testExtractFields&quot; -Dtests.seed=B3575A018EA0ACD -Dtests.locale=teo-KE -Dtests.timezone=IST -Druntime.java=23 ``` **Applicable branches:** main **Reproduces locally?:** N/A **Failure History:** [See dashboard](https://es-delivery-stats.elastic.dev/app/dashboards#/view/dcec9e60-72ac-11ee-8f39-55975ded9e63?_g=(refreshInterval:(pause:!t,value:60000),time:(from:now-7d%2Fd,to:now))&amp;_a=(controlGroupState:(initialChildControlState:('0c0c9cb8-ccd2-45c6-9b13-96bac4abc542':(dataViewId:fbbdc689-be23-4b3d-8057-aa402e9ed0c5,fieldName:task.keyword,order:0,selectedOptions:!(),title:'GradleTask',type:optionsListControl),'4e6ad9d6-6fdc-4fcc-bf1a-aa6ca79e0850':(dataViewId:fbbdc689-be23-4b3d-8057-aa402e9ed0c5,fieldName:className.keyword,order:1,selectedOptions:!(org.elasticsearch.xpack.esql.action.EsqlActionBreakerIT),title:'Suite',type:optionsListControl),'144933da-5c1b-4257-a969-7f43455a7901':(dataViewId:fbbdc689-be23-4b3d-8057-aa402e9ed0c5,fieldName:name.keyword,order:2,selectedOptions:!(testExtractFields),title:'Test',type:optionsListControl))))) **Failure Message:** ``` java.lang.AssertionError: Expected: an instance of org.elasticsearch.common.breaker.CircuitBreakingException but: &lt;org.elasticsearch.action.NoShardAvailableActionException: CurrentState[RECOVERING] operations only allowed when shard state is one of [POST_RECOVERY, STARTED]&gt; is a org.elasticsearch.action.NoShardAvailableActionException ``` **Issue Reasons:** - [main] 2 failures in test testExtractFields (11.1% fail rate in 18 executions) **Note:** This issue was created using new test triage automation. Please report issues or feedback to es-delivery.</DESCRIPTION>
  <REPONAME>elasticsearch</REPONAME>
  <TIMEDIFFERENCEDAYS>1</TIMEDIFFERENCEDAYS>
  <BUGGYCOMMIT>
    <MESSAGE>Mute org.elasticsearch.xpack.ml.integration.ClassificationIT testWithOnlyTrainingRowsAndTrainingPercentIsFifty_DependentVariableIsBoolean #121680</MESSAGE>
    <SHA>c34a0c7a330ebe7906944dc0b4188d35c0f19cb6</SHA>
  </BUGGYCOMMIT>
  <PATCHCOMMITS>
    <COMMIT>
      <MESSAGE>Mute org.elasticsearch.xpack.esql.action.EsqlActionBreakerIT testExtractFields #122125</MESSAGE>
      <SHA>c0bf7d2335a05d73f09e33a91b997c234ab02392</SHA>
      <PATCHEDFILES>
        <FILE>muted-tests.yml</FILE>
      </PATCHEDFILES>
    </COMMIT>
  </PATCHCOMMITS>
</ISSUE>
