<?xml version="1.0" ?>
<ISSUE>
  <ISSUENO>120979</ISSUENO>
  <ISSUEURL>https://github.com/elastic/elasticsearch/issues/120979</ISSUEURL>
  <TITLE>[CI] RestEsqlIT testInternalRange {ASYNC} failing</TITLE>
  <DESCRIPTION>**Build Scans:** - [elasticsearch-periodic #6046 / encryption-at-rest](https://gradle-enterprise.elastic.co/s/af3wdhkdrwrha) - [elasticsearch-intake #16489 / part3](https://gradle-enterprise.elastic.co/s/lrfmmjvlold4y) - [elasticsearch-periodic-platform-support #6035 / ubuntu-1804_platform-support-unix](https://gradle-enterprise.elastic.co/s/zecakfyfn2gr4) - [elasticsearch-periodic-platform-support #6035 / ubuntu-2404_platform-support-unix](https://gradle-enterprise.elastic.co/s/zndnea2h4ba6e) - [elasticsearch-periodic-platform-support #6035 / rhel-9_platform-support-unix](https://gradle-enterprise.elastic.co/s/cpjlyag32j35o) - [elasticsearch-periodic #6046 / single-processor-node-tests](https://gradle-enterprise.elastic.co/s/ffrbgb7r2vwra) - [elasticsearch-intake #16487 / part3](https://gradle-enterprise.elastic.co/s/pssaskf7qjhjw) - [elasticsearch-periodic-platform-support #6035 / almalinux-9_platform-support-unix](https://gradle-enterprise.elastic.co/s/ymihwipwo52vo) - [elasticsearch-intake #16481 / part3](https://gradle-enterprise.elastic.co/s/sv2ex3iqtipxq) - [elasticsearch-intake #16480 / part3](https://gradle-enterprise.elastic.co/s/bkpridgupv3zy) **Reproduction Line:** ``` ./gradlew &quot;:x-pack:plugin:esql:qa:server:multi-node:javaRestTest&quot; --tests &quot;org.elasticsearch.xpack.esql.qa.multi_node.RestEsqlIT.testInternalRange {ASYNC}&quot; -Dtests.seed=C12CE00B1A4EEF0D -Dtests.locale=ff-Adlm-BF -Dtests.timezone=Etc/GMT+9 -Druntime.java=23 ``` **Applicable branches:** 8.x **Reproduces locally?:** N/A **Failure History:** [See dashboard](https://es-delivery-stats.elastic.dev/app/dashboards#/view/dcec9e60-72ac-11ee-8f39-55975ded9e63?_g=(refreshInterval:(pause:!t,value:60000),time:(from:now-7d%2Fd,to:now))&amp;_a=(controlGroupState:(initialChildControlState:('0c0c9cb8-ccd2-45c6-9b13-96bac4abc542':(dataViewId:fbbdc689-be23-4b3d-8057-aa402e9ed0c5,fieldName:task.keyword,order:0,selectedOptions:!(),title:'GradleTask',type:optionsListControl),'4e6ad9d6-6fdc-4fcc-bf1a-aa6ca79e0850':(dataViewId:fbbdc689-be23-4b3d-8057-aa402e9ed0c5,fieldName:className.keyword,order:1,selectedOptions:!(org.elasticsearch.xpack.esql.qa.multi_node.RestEsqlIT),title:'Suite',type:optionsListControl),'144933da-5c1b-4257-a969-7f43455a7901':(dataViewId:fbbdc689-be23-4b3d-8057-aa402e9ed0c5,fieldName:name.keyword,order:2,selectedOptions:!(testInternalRange%20%7BASYNC%7D),title:'Test',type:optionsListControl))))) **Failure Message:** ``` org.elasticsearch.client.ResponseException: method [GET], host [http://[::1]:43227], URI [/_query/async/FkNjNEhBR2JHU09tUlNKWFY1MDN1ZWcbOFNLdmx4US1TVmF4amxUend2Q0pkUToyMzAy?wait_for_completion_timeout=60s&amp;pretty=true&amp;error_trace=true], status line [HTTP/1.1 502 Bad Gateway] ¿eerror¿jroot_cause¿dtypexnode_not_connected_exceptionfreasonx;[test-cluster-1][127.0.0.1:45271] connection already closedkstack_tracexsorg.elasticsearch.transport.NodeNotConnectedException: [test-cluster-1][127.0.0.1:45271] connection already closed ÿÿdtypexnode_not_connected_exceptionfreasonx;[test-cluster-1][127.0.0.1:45271] connection already closedkstack_tracexsorg.elasticsearch.transport.NodeNotConnectedException: [test-cluster-1][127.0.0.1:45271] connection already closed ÿfstatusöÿ ``` **Issue Reasons:** - [8.x] 4 consecutive failures in test testInternalRange {ASYNC} - [8.x] 2 consecutive failures in step part3 - [8.x] 2 consecutive failures in pipeline elasticsearch-intake - [8.x] 19 failures in test testInternalRange {ASYNC} (10.7% fail rate in 178 executions) - [8.x] 9 failures in step part3 (39.1% fail rate in 23 executions) - [8.x] 2 failures in step part-3 (4.1% fail rate in 49 executions) - [8.x] 9 failures in pipeline elasticsearch-intake (39.1% fail rate in 23 executions) - [8.x] 2 failures in pipeline elasticsearch-pull-request (4.1% fail rate in 49 executions) **Note:** This issue was created using new test triage automation. Please report issues or feedback to es-delivery.</DESCRIPTION>
  <REPONAME>elasticsearch</REPONAME>
  <TIMEDIFFERENCEDAYS>0</TIMEDIFFERENCEDAYS>
  <BUGGYCOMMIT>
    <MESSAGE>Mute org.elasticsearch.packaging.test.DockerTests org.elasticsearch.packaging.test.DockerTests #120978</MESSAGE>
    <SHA>49f1bd9f9a034d916c832b9dc5b4e34902923d80</SHA>
  </BUGGYCOMMIT>
  <PATCHCOMMITS>
    <COMMIT>
      <MESSAGE>Mute org.elasticsearch.xpack.esql.qa.multi_node.RestEsqlIT testInternalRange {ASYNC} #120979</MESSAGE>
      <SHA>a86a18b10190676c1d830d3ca3a55137c137411d</SHA>
      <PATCHEDFILES>
        <FILE>muted-tests.yml</FILE>
      </PATCHEDFILES>
    </COMMIT>
  </PATCHCOMMITS>
</ISSUE>
