<?xml version="1.0" ?>
<ISSUE>
  <ISSUENO>4786</ISSUENO>
  <ISSUEURL>https://github.com/ansible/awx/issues/4786</ISSUEURL>
  <TITLE>Unable to install AWX using internally signed SSL certificate - ChromeDriver fails</TITLE>
  <DESCRIPTION>##### ISSUE TYPE Cannot build AWX image with internally signed SSL certificate. ##### SUMMARY Installing without HTTPS support works fine. Specifying which certificate to use via the 'ssl_certificate' option causes image build to fail. The certificate I am using is a combined cert/key in PEM format. I added my CA's cert to the local keystore, updated with 'update-ca-trust extract' and confirmed it's present in file '/etc/pki/ca-trust/extracted/openssl/ca-bundle.trust.crt'. The 'inventory' file settings I adjusted are below: ``` #dockerhub_base=ansible ssl_certificate=/etc/ssl/certs/server.pem ca_trust_dir=/etc/pki/ca-trust/extracted/openssl ``` ! note I also tried pointing ca_trust_dir to the anchors path where copy of the CA cert is - /etc/pki/ca-trust/source/anchors Short version of error I get is: `/tmp/chromedriver/chromedriver_linux64.zip\nChromeDriver installation failed Error with http(s) request: Error: self signed certificate in certificate chain` ##### ENVIRONMENT * AWX version: 7.0.0 * AWX install method: docker on linux * Ansible version: 2.8.4 * Operating System: CentOS 7.6 * Web Browser: chrome ##### STEPS TO REPRODUCE 1) Have server cert/key pair that was generated by internal CA 2) Create combined PEM file from both, specify this in the 'inventory' file 3) Add CA certificate to local store in path: /etc/pki/ca-trust/source/anchors 4) Update local store with - update-ca-trust extract 5) Attempt to build AWX image using command: sudo ansible-playbook -i inventory install.yml ##### EXPECTED RESULTS Successful build. ##### ACTUAL RESULTS This is the verbose error log from the playbook step that fails: ``` TASK [image_build : Build AWX distribution using container] ********************************************************************************************************************************************************************************* task path: /opt/ansible-awx-git/installer/roles/image_build/tasks/main.yml:61 fatal: [localhost -&gt; localhost]: FAILED! =&gt; { &quot;changed&quot;: false, &quot;invocation&quot;: { &quot;module_args&quot;: { &quot;api_version&quot;: &quot;auto&quot;, &quot;auto_remove&quot;: false, &quot;blkio_weight&quot;: null, &quot;ca_cert&quot;: null, &quot;cap_drop&quot;: null, &quot;capabilities&quot;: null, &quot;cleanup&quot;: false, &quot;client_cert&quot;: null, &quot;client_key&quot;: null, &quot;command&quot;: null, &quot;comparisons&quot;: null, &quot;cpu_period&quot;: null, &quot;cpu_quota&quot;: null, &quot;cpu_shares&quot;: null, &quot;cpuset_cpus&quot;: null, &quot;cpuset_mems&quot;: null, &quot;debug&quot;: false, &quot;detach&quot;: false, &quot;device_read_bps&quot;: null, &quot;device_read_iops&quot;: null, &quot;device_write_bps&quot;: null, &quot;device_write_iops&quot;: null, &quot;devices&quot;: null, &quot;dns_opts&quot;: null, &quot;dns_search_domains&quot;: null, &quot;dns_servers&quot;: null, &quot;docker_host&quot;: &quot;unix://var/run/docker.sock&quot;, &quot;domainname&quot;: null, &quot;entrypoint&quot;: null, &quot;env&quot;: { &quot;http_proxy&quot;: &quot;&quot;, &quot;https_proxy&quot;: &quot;&quot;, &quot;no_proxy&quot;: &quot;&quot; }, &quot;env_file&quot;: null, &quot;etc_hosts&quot;: null, &quot;exposed_ports&quot;: null, &quot;force_kill&quot;: false, &quot;groups&quot;: null, &quot;healthcheck&quot;: null, &quot;hostname&quot;: null, &quot;ignore_image&quot;: false, &quot;image&quot;: &quot;awx_sdist_builder:7.0.0&quot;, &quot;init&quot;: false, &quot;interactive&quot;: false, &quot;ipc_mode&quot;: null, &quot;keep_volumes&quot;: true, &quot;kernel_memory&quot;: null, &quot;kill_signal&quot;: null, &quot;labels&quot;: null, &quot;links&quot;: null, &quot;log_driver&quot;: null, &quot;log_options&quot;: null, &quot;mac_address&quot;: null, &quot;memory&quot;: &quot;0&quot;, &quot;memory_reservation&quot;: null, &quot;memory_swap&quot;: null, &quot;memory_swappiness&quot;: null, &quot;name&quot;: &quot;awx_sdist_builder&quot;, &quot;network_mode&quot;: null, &quot;networks&quot;: null, &quot;networks_cli_compatible&quot;: null, &quot;oom_killer&quot;: null, &quot;oom_score_adj&quot;: null, &quot;output_logs&quot;: false, &quot;paused&quot;: false, &quot;pid_mode&quot;: null, &quot;pids_limit&quot;: null, &quot;privileged&quot;: false, &quot;published_ports&quot;: null, &quot;pull&quot;: false, &quot;purge_networks&quot;: false, &quot;read_only&quot;: false, &quot;recreate&quot;: false, &quot;restart&quot;: false, &quot;restart_policy&quot;: null, &quot;restart_retries&quot;: null, &quot;runtime&quot;: null, &quot;security_opts&quot;: null, &quot;shm_size&quot;: null, &quot;ssl_version&quot;: null, &quot;state&quot;: &quot;started&quot;, &quot;stop_signal&quot;: null, &quot;stop_timeout&quot;: null, &quot;sysctls&quot;: null, &quot;timeout&quot;: 60, &quot;tls&quot;: false, &quot;tls_hostname&quot;: &quot;localhost&quot;, &quot;tmpfs&quot;: null, &quot;trust_image_content&quot;: false, &quot;tty&quot;: false, &quot;ulimits&quot;: null, &quot;user&quot;: null, &quot;userns_mode&quot;: null, &quot;uts&quot;: null, &quot;validate_certs&quot;: false, &quot;volume_driver&quot;: null, &quot;volumes&quot;: [ &quot;../:/awx:Z&quot; ], &quot;volumes_from&quot;: null, &quot;working_dir&quot;: null } }, &quot;msg&quot;: &quot;PUPPETEER_SKIP_CHROMIUM_DOWNLOAD=1 npm --unsafe-perm --prefix awx/ui ci --no-save awx/ui\n\n&gt; fsevents@1.2.4 install /awx/awx/ui/node_modules/fsevents\n&gt; node install\n\n\n&gt; uglifyjs-webpack-plugin@0.4.6 postinstall /awx/awx/ui/node_modules/uglifyjs-webpack-plugin\n&gt; node lib/post_install.js\n\n\n&gt; puppeteer@1.8.0 install /awx/awx/ui/node_modules/puppeteer\n&gt; node install.js\n\n**INFO** Skipping Chromium download. \&quot;PUPPETEER_SKIP_CHROMIUM_DOWNLOAD\&quot; environment variable was found.\n\n&gt; nunjucks@3.1.3 postinstall /awx/awx/ui/node_modules/nunjucks\n&gt; node postinstall-build.js src\n\n\n&gt; chromedriver@2.40.0 install /awx/awx/ui/node_modules/chromedriver\n&gt; node install.js\n\nDownloading https://chromedriver.storage.googleapis.com/2.40/chromedriver_linux64.zip\nSaving to /tmp/chromedriver/chromedriver_linux64.zip\nChromeDriver installation failed Error with http(s) request: Error: self signed certificate in certificate chain\nnpm ERR! code ELIFECYCLE\nnpm ERR! errno 1\nnpm ERR! chromedriver@2.40.0 install: `node install.js`\nnpm ERR! Exit status 1\nnpm ERR! \nnpm ERR! Failed at the chromedriver@2.40.0 install script.\nnpm ERR! This is probably not a problem with npm. There is likely additional logging output above.\n\nnpm ERR! A complete log of this run can be found in:\nnpm ERR! /root/.npm/_logs/2019-09-19T01_29_42_681Z-debug.log\nmake: *** [awx/ui/.release_deps_built] Error 1\nPUPPETEER_SKIP_CHROMIUM_DOWNLOAD=1 npm --unsafe-perm --prefix awx/ui ci --no-save awx/ui\n\n&gt; fsevents@1.2.4 install /awx/awx/ui/node_modules/fsevents\n&gt; node install\n\n\n&gt; uglifyjs-webpack-plugin@0.4.6 postinstall /awx/awx/ui/node_modules/uglifyjs-webpack-plugin\n&gt; node lib/post_install.js\n\n\n&gt; puppeteer@1.8.0 install /awx/awx/ui/node_modules/puppeteer\n&gt; node install.js\n\n**INFO** Skipping Chromium download. \&quot;PUPPETEER_SKIP_CHROMIUM_DOWNLOAD\&quot; environment variable was found.\n\n&gt; nunjucks@3.1.3 postinstall /awx/awx/ui/node_modules/nunjucks\n&gt; node postinstall-build.js src\n\n\n&gt; chromedriver@2.40.0 install /awx/awx/ui/node_modules/chromedriver\n&gt; node install.js\n\nDownloading https://chromedriver.storage.googleapis.com/2.40/chromedriver_linux64.zip\nSaving to /tmp/chromedriver/chromedriver_linux64.zip\nChromeDriver installation failed Error with http(s) request: Error: self signed certificate in certificate chain\nnpm ERR! code ELIFECYCLE\nnpm ERR! errno 1\nnpm ERR! chromedriver@2.40.0 install: `node install.js`\nnpm ERR! Exit status 1\nnpm ERR! \nnpm ERR! Failed at the chromedriver@2.40.0 install script.\nnpm ERR! This is probably not a problem with npm. There is likely additional logging output above.\n\nnpm ERR! A complete log of this run can be found in:\nnpm ERR! /root/.npm/_logs/2019-09-19T02_41_26_233Z-debug.log\nmake: *** [awx/ui/.release_deps_built] Error 1\nPUPPETEER_SKIP_CHROMIUM_DOWNLOAD=1 npm --unsafe-perm --prefix awx/ui ci --no-save awx/ui\n\n&gt; fsevents@1.2.4 install /awx/awx/ui/node_modules/fsevents\n&gt; node install\n\n\n&gt; uglifyjs-webpack-plugin@0.4.6 postinstall /awx/awx/ui/node_modules/uglifyjs-webpack-plugin\n&gt; node lib/post_install.js\n\n\n&gt; puppeteer@1.8.0 install /awx/awx/ui/node_modules/puppeteer\n&gt; node install.js\n\n**INFO** Skipping Chromium download. \&quot;PUPPETEER_SKIP_CHROMIUM_DOWNLOAD\&quot; environment variable was found.\n\n&gt; nunjucks@3.1.3 postinstall /awx/awx/ui/node_modules/nunjucks\n&gt; node postinstall-build.js src\n\n\n&gt; chromedriver@2.40.0 install /awx/awx/ui/node_modules/chromedriver\n&gt; node install.js\n\nDownloading https://chromedriver.storage.googleapis.com/2.40/chromedriver_linux64.zip\nSaving to /tmp/chromedriver/chromedriver_linux64.zip\nChromeDriver installation failed Error with http(s) request: Error: self signed certificate in certificate chain\nnpm ERR! code ELIFECYCLE\nnpm ERR! errno 1\nnpm ERR! chromedriver@2.40.0 install: `node install.js`\nnpm ERR! Exit status 1\nnpm ERR! \nnpm ERR! Failed at the chromedriver@2.40.0 install script.\nnpm ERR! This is probably not a problem with npm. There is likely additional logging output above.\n\nnpm ERR! A complete log of this run can be found in:\nnpm ERR! /root/.npm/_logs/2019-09-19T03_05_51_039Z-debug.log\nmake: *** [awx/ui/.release_deps_built] Error 1\nPUPPETEER_SKIP_CHROMIUM_DOWNLOAD=1 npm --unsafe-perm --prefix awx/ui ci --no-save awx/ui\n\n&gt; fsevents@1.2.4 install /awx/awx/ui/node_modules/fsevents\n&gt; node install\n\n\n&gt; uglifyjs-webpack-plugin@0.4.6 postinstall /awx/awx/ui/node_modules/uglifyjs-webpack-plugin\n&gt; node lib/post_install.js\n\n\n&gt; puppeteer@1.8.0 install /awx/awx/ui/node_modules/puppeteer\n&gt; node install.js\n\n**INFO** Skipping Chromium download. \&quot;PUPPETEER_SKIP_CHROMIUM_DOWNLOAD\&quot; environment variable was found.\n\n&gt; nunjucks@3.1.3 postinstall /awx/awx/ui/node_modules/nunjucks\n&gt; node postinstall-build.js src\n\n\n&gt; chromedriver@2.40.0 install /awx/awx/ui/node_modules/chromedriver\n&gt; node install.js\n\nDownloading https://chromedriver.storage.googleapis.com/2.40/chromedriver_linux64.zip\nSaving to /tmp/chromedriver/chromedriver_linux64.zip\nChromeDriver installation failed Error with http(s) request: Error: self signed certificate in certificate chain\nnpm ERR! code ELIFECYCLE\nnpm ERR! errno 1\nnpm ERR! chromedriver@2.40.0 install: `node install.js`\nnpm ERR! Exit status 1\nnpm ERR! \nnpm ERR! Failed at the chromedriver@2.40.0 install script.\nnpm ERR! This is probably not a problem with npm. There is likely additional logging output above.\n\nnpm ERR! A complete log of this run can be found in:\nnpm ERR! /root/.npm/_logs/2019-09-19T03_34_13_485Z-debug.log\nmake: *** [awx/ui/.release_deps_built] Error 1\nPUPPETEER_SKIP_CHROMIUM_DOWNLOAD=1 npm --unsafe-perm --prefix awx/ui ci --no-save awx/ui\nnpm ERR! Error while executing:\nnpm ERR! /usr/bin/git ls-remote -h -t ssh://git@github.com/ansible/timezone-js.git\nnpm ERR! \nnpm ERR! fatal: Unable to read current working directory: No such file or directory\nnpm ERR! \nnpm ERR! exited with error code: 128\n\nnpm ERR! A complete log of this run can be found in:\nnpm ERR! /root/.npm/_logs/2019-09-19T03_49_32_829Z-debug.log\nmake: *** [awx/ui/.release_deps_built] Error 1\nPUPPETEER_SKIP_CHROMIUM_DOWNLOAD=1 npm --unsafe-perm --prefix awx/ui ci --no-save awx/ui\n\n&gt; fsevents@1.2.4 install /awx/awx/ui/node_modules/fsevents\n&gt; node install\n\n\n&gt; uglifyjs-webpack-plugin@0.4.6 postinstall /awx/awx/ui/node_modules/uglifyjs-webpack-plugin\n&gt; node lib/post_install.js\n\n\n&gt; puppeteer@1.8.0 install /awx/awx/ui/node_modules/puppeteer\n&gt; node install.js\n\n**INFO** Skipping Chromium download. \&quot;PUPPETEER_SKIP_CHROMIUM_DOWNLOAD\&quot; environment variable was found.\n\n&gt; nunjucks@3.1.3 postinstall /awx/awx/ui/node_modules/nunjucks\n&gt; node postinstall-build.js src\n\n\n&gt; chromedriver@2.40.0 install /awx/awx/ui/node_modules/chromedriver\n&gt; node install.js\n\nDownloading https://chromedriver.storage.googleapis.com/2.40/chromedriver_linux64.zip\nSaving to /tmp/chromedriver/chromedriver_linux64.zip\nChromeDriver installation failed Error with http(s) request: Error: self signed certificate in certificate chain\nnpm ERR! code ELIFECYCLE\nnpm ERR! errno 1\nnpm ERR! chromedriver@2.40.0 install: `node install.js`\nnpm ERR! Exit status 1\nnpm ERR! \nnpm ERR! Failed at the chromedriver@2.40.0 install script.\nnpm ERR! This is probably not a problem with npm. There is likely additional logging output above.\n\nnpm ERR! A complete log of this run can be found in:\nnpm ERR! /root/.npm/_logs/2019-09-19T04_07_34_078Z-debug.log\nmake: *** [awx/ui/.release_deps_built] Error 1\nPUPPETEER_SKIP_CHROMIUM_DOWNLOAD=1 npm --unsafe-perm --prefix awx/ui ci --no-save awx/ui\n\n&gt; fsevents@1.2.4 install /awx/awx/ui/node_modules/fsevents\n&gt; node install\n\n\n&gt; uglifyjs-webpack-plugin@0.4.6 postinstall /awx/awx/ui/node_modules/uglifyjs-webpack-plugin\n&gt; node lib/post_install.js\n\n\n&gt; puppeteer@1.8.0 install /awx/awx/ui/node_modules/puppeteer\n&gt; node install.js\n\n**INFO** Skipping Chromium download. \&quot;PUPPETEER_SKIP_CHROMIUM_DOWNLOAD\&quot; environment variable was found.\n\n&gt; nunjucks@3.1.3 postinstall /awx/awx/ui/node_modules/nunjucks\n&gt; node postinstall-build.js src\n\n\n&gt; chromedriver@2.40.0 install /awx/awx/ui/node_modules/chromedriver\n&gt; node install.js\n\nDownloading https://chromedriver.storage.googleapis.com/2.40/chromedriver_linux64.zip\nSaving to /tmp/chromedriver/chromedriver_linux64.zip\nChromeDriver installation failed Error with http(s) request: Error: self signed certificate in certificate chain\nnpm ERR! code ELIFECYCLE\nnpm ERR! errno 1\nnpm ERR! chromedriver@2.40.0 install: `node install.js`\nnpm ERR! Exit status 1\nnpm ERR! \nnpm ERR! Failed at the chromedriver@2.40.0 install script.\nnpm ERR! This is probably not a problem with npm. There is likely additional logging output above.\n\nnpm ERR! A complete log of this run can be found in:\nnpm ERR! /root/.npm/_logs/2019-09-19T15_58_51_692Z-debug.log\nmake: *** [awx/ui/.release_deps_built] Error 1\nPUPPETEER_SKIP_CHROMIUM_DOWNLOAD=1 npm --unsafe-perm --prefix awx/ui ci --no-save awx/ui\n\n&gt; fsevents@1.2.4 install /awx/awx/ui/node_modules/fsevents\n&gt; node install\n\n\n&gt; uglifyjs-webpack-plugin@0.4.6 postinstall /awx/awx/ui/node_modules/uglifyjs-webpack-plugin\n&gt; node lib/post_install.js\n\n\n&gt; puppeteer@1.8.0 install /awx/awx/ui/node_modules/puppeteer\n&gt; node install.js\n\n**INFO** Skipping Chromium download. \&quot;PUPPETEER_SKIP_CHROMIUM_DOWNLOAD\&quot; environment variable was found.\n\n&gt; nunjucks@3.1.3 postinstall /awx/awx/ui/node_modules/nunjucks\n&gt; node postinstall-build.js src\n\n\n&gt; chromedriver@2.40.0 install /awx/awx/ui/node_modules/chromedriver\n&gt; node install.js\n\nDownloading https://chromedriver.storage.googleapis.com/2.40/chromedriver_linux64.zip\nSaving to /tmp/chromedriver/chromedriver_linux64.zip\nChromeDriver installation failed Error with http(s) request: Error: self signed certificate in certificate chain\nnpm ERR! code ELIFECYCLE\nnpm ERR! errno 1\nnpm ERR! chromedriver@2.40.0 install: `node install.js`\nnpm ERR! Exit status 1\nnpm ERR! \nnpm ERR! Failed at the chromedriver@2.40.0 install script.\nnpm ERR! This is probably not a problem with npm. There is likely additional logging output above.\n\nnpm ERR! A complete log of this run can be found in:\nnpm ERR! /root/.npm/_logs/2019-09-19T16_26_27_602Z-debug.log\nmake: *** [awx/ui/.release_deps_built] Error 1\nPUPPETEER_SKIP_CHROMIUM_DOWNLOAD=1 npm --unsafe-perm --prefix awx/ui ci --no-save awx/ui\n\n&gt; fsevents@1.2.4 install /awx/awx/ui/node_modules/fsevents\n&gt; node install\n\n\n&gt; uglifyjs-webpack-plugin@0.4.6 postinstall /awx/awx/ui/node_modules/uglifyjs-webpack-plugin\n&gt; node lib/post_install.js\n\n\n&gt; puppeteer@1.8.0 install /awx/awx/ui/node_modules/puppeteer\n&gt; node install.js\n\n**INFO** Skipping Chromium download. \&quot;PUPPETEER_SKIP_CHROMIUM_DOWNLOAD\&quot; environment variable was found.\n\n&gt; nunjucks@3.1.3 postinstall /awx/awx/ui/node_modules/nunjucks\n&gt; node postinstall-build.js src\n\n\n&gt; chromedriver@2.40.0 install /awx/awx/ui/node_modules/chromedriver\n&gt; node install.js\n\nDownloading https://chromedriver.storage.googleapis.com/2.40/chromedriver_linux64.zip\nSaving to /tmp/chromedriver/chromedriver_linux64.zip\nChromeDriver installation failed Error with http(s) request: Error: self signed certificate in certificate chain\nnpm ERR! code ELIFECYCLE\nnpm ERR! errno 1\nnpm ERR! chromedriver@2.40.0 install: `node install.js`\nnpm ERR! Exit status 1\nnpm ERR! \nnpm ERR! Failed at the chromedriver@2.40.0 install script.\nnpm ERR! This is probably not a problem with npm. There is likely additional logging output above.\n\nnpm ERR! A complete log of this run can be found in:\nnpm ERR! /root/.npm/_logs/2019-09-19T16_50_10_567Z-debug.log\nmake: *** [awx/ui/.release_deps_built] Error 1\nPUPPETEER_SKIP_CHROMIUM_DOWNLOAD=1 npm --unsafe-perm --prefix awx/ui ci --no-save awx/ui\n\n&gt; fsevents@1.2.4 install /awx/awx/ui/node_modules/fsevents\n&gt; node install\n\n\n&gt; uglifyjs-webpack-plugin@0.4.6 postinstall /awx/awx/ui/node_modules/uglifyjs-webpack-plugin\n&gt; node lib/post_install.js\n\n\n&gt; puppeteer@1.8.0 install /awx/awx/ui/node_modules/puppeteer\n&gt; node install.js\n\n**INFO** Skipping Chromium download. \&quot;PUPPETEER_SKIP_CHROMIUM_DOWNLOAD\&quot; environment variable was found.\n\n&gt; nunjucks@3.1.3 postinstall /awx/awx/ui/node_modules/nunjucks\n&gt; node postinstall-build.js src\n\n\n&gt; chromedriver@2.40.0 install /awx/awx/ui/node_modules/chromedriver\n&gt; node install.js\n\nDownloading https://chromedriver.storage.googleapis.com/2.40/chromedriver_linux64.zip\nSaving to /tmp/chromedriver/chromedriver_linux64.zip\nChromeDriver installation failed Error with http(s) request: Error: self signed certificate in certificate chain\nnpm ERR! code ELIFECYCLE\nnpm ERR! errno 1\nnpm ERR! chromedriver@2.40.0 install: `node install.js`\nnpm ERR! Exit status 1\nnpm ERR! \nnpm ERR! Failed at the chromedriver@2.40.0 install script.\nnpm ERR! This is probably not a problem with npm. There is likely additional logging output above.\n\nnpm ERR! A complete log of this run can be found in:\nnpm ERR! /root/.npm/_logs/2019-09-19T17_30_25_597Z-debug.log\nmake: *** [awx/ui/.release_deps_built] Error 1\n&quot;, &quot;status&quot;: 2 } ``` ##### ADDITIONAL INFORMATION I also added a .npmrc file with the following content: ``` cafile=/etc/pki/ca-trust/source/anchors strict-ssl=false ! also tried this option - path to CA bundle: cafile=/etc/pki/ca-trust/extracted/openssl/ca-bundle.trust.crt ``` This file was added to this path: /opt/ansible-awx-git/awx/ui/node_modules/chromedriver/.npmrc No change noticed in output - build process still failed. Running the command 'npm config ls -l' from within that directory did show those options to be set however.</DESCRIPTION>
  <REPONAME>awx</REPONAME>
  <TIMEDIFFERENCEDAYS>0</TIMEDIFFERENCEDAYS>
  <BUGGYCOMMIT>
    <MESSAGE>Merge pull request #4782 from kdelee/awxkit_silent_delete_fix silent_delete also needs to handle Confict</MESSAGE>
    <SHA>7a076f58823cff9657e08bc921d3fda2177ce98e</SHA>
  </BUGGYCOMMIT>
  <PATCHCOMMITS>
    <COMMIT>
      <MESSAGE>Merge pull request #4786 from Spredzy/downgrade_cryptography Pin cryptography to pre 3 release</MESSAGE>
      <SHA>e6b556ffae786e699226637723f46104dc35f65d</SHA>
      <PATCHEDFILES>
        <FILE>requirements/README.md</FILE>
        <FILE>requirements/requirements.in</FILE>
        <FILE>requirements/requirements.txt</FILE>
      </PATCHEDFILES>
    </COMMIT>
  </PATCHCOMMITS>
</ISSUE>
