issue_no,repo,issue_url,title,description,patched_file_types,text_for_topic_modeling,prediction,confidence
328,stf,https://github.com/openstf/stf/issues/328,Simple question,Write please instructions for beginners or record a video installation please. I really liked your project. I want to test it. But I can not figure out how to run it on Linux.,source-file | other-file,Simple question Write please instructions for beginners or record a video installation please. I really liked your project. I want to test it. But I can not figure out how to run it on Linux. source-file other-file,no-bug,0.9
287,stf,https://github.com/openstf/stf/issues/287,Want to list only connected device,How can i do that?,documentation-file | other-file,Want to list only connected device How can i do that? documentation-file other-file,no-bug,0.9
18,stf,https://github.com/openstf/stf/issues/18,Git clone?,![bug](https://cloud.githubusercontent.com/assets/13414843/8785019/79afa4ce-2f57-11e5-966d-c9f2179ac1d9.png) I'm a rookie and I don't know what's wrong. Wish you could tell me how to fix it. Thank you.,other-file,Git clone? ![bug](https://cloud.githubusercontent.com/assets/13414843/8785019/79afa4ce-2f57-11e5-966d-c9f2179ac1d9.png) I'm a rookie and I don't know what's wrong. Wish you could tell me how to fix it. Thank you. other-file,no-bug,0.9
535,stf,https://github.com/openstf/stf/issues/535,DB is not initialized,"**DB is not initialized when running stf local first time** > FTL/reaper 12089 [reaper001] Unable to load initial state { ReqlOpFailedError: Database `stf` does not exist in: > r.table(""devices"").getAll(true, {""index"": ""present""}) >  > at ReqlOpFailedError.ReqlError [as constructor] (/stf/node_modules/rethinkdb/errors.js:23:13) > at ReqlOpFailedError.ReqlRuntimeError [as constructor] (/stf/node_modules/rethinkdb/errors.js:90:51) > at ReqlOpFailedError.ReqlAvailabilityError [as constructor] (/stf/node_modules/rethinkdb/errors.js:167:56) > at new ReqlOpFailedError (/stf/node_modules/rethinkdb/errors.js:178:52) > at mkErr (/stf/node_modules/rethinkdb/util.js:177:10) > at TcpConnection.Connection._processResponse (/stf/node_modules/rethinkdb/net.js:152:16) > at TcpConnection.Connection._data (/stf/node_modules/rethinkdb/net.js:122:12) > at Socket.<anonymous> (/stf/node_modules/rethinkdb/net.js:683:32) > at emitOne (events.js:96:13) > at Socket.emit (events.js:188:7) > at readableAddChunk (_stream_readable.js:176:18) > at Socket.Readable.push (_stream_readable.js:134:10) > at TCP.onread (net.js:548:20) > From previous event: > at GetAll.TermBase.run (/stf/node_modules/rethinkdb/ast.js:135:12) > at /stf/lib/db/index.js:129:14 > at runCallback (timers.js:637:20) > at tryOnImmediate (timers.js:610:5) > at processImmediate [as _immediateCallback] (timers.js:582:5) > From previous event: > at db.run (/stf/lib/db/index.js:128:23) > at dbapi.loadPresentDevices (/stf/lib/db/api.js:401:13) > at loadInitialState (/stf/lib/units/reaper/index.js:83:18) > at module.exports (/stf/lib/units/reaper/index.js:125:3) > at Object.module.exports.handler (/stf/lib/cli/reaper/index.js:42:39) > at Object.self.runCommand (/stf/node_modules/yargs/lib/command.js:170:22) > at parseArgs (/stf/node_modules/yargs/yargs.js:920:28) > at Object.get [as argv] (/stf/node_modules/yargs/yargs.js:860:16) > at Object.<anonymous> (/stf/lib/cli/index.js:40:3) > at Module._compile (module.js:570:32) > at Object.Module._extensions..js (module.js:579:10) > at Module.load (module.js:487:32) > at tryModuleLoad (module.js:446:12) > at Function.Module._load (module.js:438:3) > at Module.runMain (module.js:604:10) > at run (bootstrap_node.js:394:7) > at startup (bootstrap_node.js:149:9) > at bootstrap_node.js:509:3 > name: 'ReqlOpFailedError', > msg: 'Database `stf` does not exist.', > frames: [], > message: 'Database `stf` does not exist in:\nr.table(""devices"").getAll(true, {""index"": ""present""})\n' } > FTL/util:lifecycle 12089 [reaper001] Shutting down due to fatal error > FTL/cli:local 12083 [*] Child process had an error ExitError: Exit code ""1"" > at ChildProcess.<anonymous> (/stf/lib/util/procutil.js:49:23) > at emitTwo (events.js:106:13) > at ChildProcess.emit (events.js:191:7) > at Process.ChildProcess._handle.onexit (internal/child_process.js:215:12) > INF/cli:local 12083 [*] Shutting down all child processes last line of lib/cli/local/index.js javascript return procutil.fork(__filename, ['migrate']) .done(run)  should be javascript return procutil.fork(path.resolve(__dirname, '..'), ['migrate']).done(run)",source-file | source-file,"DB is not initialized **DB is not initialized when running stf local first time** > FTL/reaper 12089 [reaper001] Unable to load initial state { ReqlOpFailedError: Database `stf` does not exist in: > r.table(""devices"").getAll(true, {""index"": ""present""}) >  > at ReqlOpFailedError.ReqlError [as constructor] (/stf/node_modules/rethinkdb/errors.js:23:13) > at ReqlOpFailedError.ReqlRuntimeError [as constructor] (/stf/node_modules/rethinkdb/errors.js:90:51) > at ReqlOpFailedError.ReqlAvailabilityError [as constructor] (/stf/node_modules/rethinkdb/errors.js:167:56) > at new ReqlOpFailedError (/stf/node_modules/rethinkdb/errors.js:178:52) > at mkErr (/stf/node_modules/rethinkdb/util.js:177:10) > at TcpConnection.Connection._processResponse (/stf/node_modules/rethinkdb/net.js:152:16) > at TcpConnection.Connection._data (/stf/node_modules/rethinkdb/net.js:122:12) > at Socket.<anonymous> (/stf/node_modules/rethinkdb/net.js:683:32) > at emitOne (events.js:96:13) > at Socket.emit (events.js:188:7) > at readableAddChunk (_stream_readable.js:176:18) > at Socket.Readable.push (_stream_readable.js:134:10) > at TCP.onread (net.js:548:20) > From previous event: > at GetAll.TermBase.run (/stf/node_modules/rethinkdb/ast.js:135:12) > at /stf/lib/db/index.js:129:14 > at runCallback (timers.js:637:20) > at tryOnImmediate (timers.js:610:5) > at processImmediate [as _immediateCallback] (timers.js:582:5) > From previous event: > at db.run (/stf/lib/db/index.js:128:23) > at dbapi.loadPresentDevices (/stf/lib/db/api.js:401:13) > at loadInitialState (/stf/lib/units/reaper/index.js:83:18) > at module.exports (/stf/lib/units/reaper/index.js:125:3) > at Object.module.exports.handler (/stf/lib/cli/reaper/index.js:42:39) > at Object.self.runCommand (/stf/node_modules/yargs/lib/command.js:170:22) > at parseArgs (/stf/node_modules/yargs/yargs.js:920:28) > at Object.get [as argv] (/stf/node_modules/yargs/yargs.js:860:16) > at Object.<anonymous> (/stf/lib/cli/index.js:40:3) > at Module._compile (module.js:570:32) > at Object.Module._extensions..js (module.js:579:10) > at Module.load (module.js:487:32) > at tryModuleLoad (module.js:446:12) > at Function.Module._load (module.js:438:3) > at Module.runMain (module.js:604:10) > at run (bootstrap_node.js:394:7) > at startup (bootstrap_node.js:149:9) > at bootstrap_node.js:509:3 > name: 'ReqlOpFailedError', > msg: 'Database `stf` does not exist.', > frames: [], > message: 'Database `stf` does not exist in:\nr.table(""devices"").getAll(true, {""index"": ""present""})\n' } > FTL/util:lifecycle 12089 [reaper001] Shutting down due to fatal error > FTL/cli:local 12083 [*] Child process had an error ExitError: Exit code ""1"" > at ChildProcess.<anonymous> (/stf/lib/util/procutil.js:49:23) > at emitTwo (events.js:106:13) > at ChildProcess.emit (events.js:191:7) > at Process.ChildProcess._handle.onexit (internal/child_process.js:215:12) > INF/cli:local 12083 [*] Shutting down all child processes last line of lib/cli/local/index.js javascript return procutil.fork(__filename, ['migrate']) .done(run)  should be javascript return procutil.fork(path.resolve(__dirname, '..'), ['migrate']).done(run) source-file source-file",no-bug,0.9
16,stf,https://github.com/openstf/stf/issues/16,Access Android Connected via Wifi,First STF working Great if we connect device via USB. I was trying to connect device to adb with wifi  adb tcpip 5555 adb connect mobile-ip:5555  But now adb show wifi connected device on `adb devices` command but stf display that device as disconnected.,source-file | other-file | source-file | other-file | source-file | source-file | source-file | source-file | other-file,Access Android Connected via Wifi First STF working Great if we connect device via USB. I was trying to connect device to adb with wifi  adb tcpip 5555 adb connect mobile-ip:5555  But now adb show wifi connected device on `adb devices` command but stf display that device as disconnected. source-file other-file source-file other-file source-file source-file source-file source-file other-file,no-bug,0.8
97,stf,https://github.com/openstf/stf/issues/97,Access device over Wi-Fi,"Can we add devices that are connected to ADB over tcpip, not connected with USB? When I try this way, cannot see device on sft application.",source-file,"Access device over Wi-Fi Can we add devices that are connected to ADB over tcpip, not connected with USB? When I try this way, cannot see device on sft application. source-file",no-bug,0.7
3,stf,https://github.com/openstf/stf/issues/3,How to be scope in the IP address?,"Thank you for a great app! Immediately, we are using. When you start with ""$stf local"" command, you can use in the http://localhost:7100, for example, start at IP address, such as 192.168.1.100, and we would like to access from other PC. The start-up command was some experience, but the connection to the DB is becomes to ""127.0.0.1:28015"", it can not be started. *""rethinkdb"" is, ""- bind all"" you have to start it with the option. In order to use to share the STF is allowed to access from other PC, but I want to start with IP address, Could you tell me how?",source-file | source-file | documentation-file | documentation-file | source-file | source-file | source-file | source-file | source-file | other-file | source-file | other-file | source-file | test-file | other-file | source-file | source-file | documentation-file,"How to be scope in the IP address? Thank you for a great app! Immediately, we are using. When you start with ""$stf local"" command, you can use in the http://localhost:7100, for example, start at IP address, such as 192.168.1.100, and we would like to access from other PC. The start-up command was some experience, but the connection to the DB is becomes to ""127.0.0.1:28015"", it can not be started. *""rethinkdb"" is, ""- bind all"" you have to start it with the option. In order to use to share the STF is allowed to access from other PC, but I want to start with IP address, Could you tell me how? source-file source-file documentation-file documentation-file source-file source-file source-file source-file source-file other-file source-file other-file source-file test-file other-file source-file source-file documentation-file",no-bug,0.9
285,stf,https://github.com/openstf/stf/issues/285,start STF failed,"1) all the requirements is installed ok, then install STF with ""cnpm install stf -g"" 2) rethinkdb start ok: > [root@Appium appium]# rethinkdb > Running rethinkdb 2.2.4 (GCC 4.8.2) > Running on Linux 2.6.32-573.18.1.el6.x86_64 x86_64 > Loading data from directory /home/appium/rethinkdb_data > Listening for intracluster connections on port 29015 > Listening for client driver connections on port 28015 > Listening for administrative HTTP connections on port 8080 > Listening on addresses: 127.0.0.1, ::1 > To fully expose RethinkDB on the network, bind to all addresses by running rethinkdb with the `--bind all` command line option. > Server ready, ""Appium_yex"" 8062ab22-341c-4aab-ba13-3a477045b405 > A newer version of the RethinkDB server is available: 2.2.5. You can read the changelog at https://github.com/rethinkdb/rethinkdb/releases. 3)start stf failed: > [root@Appium zmq-1.0.0]# stf local > INF/util:procutil 13900 [_] Forking ""/home/appium/appium-soft/node-v4.4.0-linux-x64/lib/node_modules/.stf_npminstall/stf/1.1.1/stf/lib/cli.js migrate"" > INF/db 13905 [_] Connecting to 127.0.0.1:28015 > INF/db:setup 13905 [_] Database ""stf"" already exists > INF/db:setup 13905 [_] Table ""users"" already exists > INF/db:setup 13905 [_] Table ""accessTokens"" already exists > INF/db:setup 13905 [_] Table ""vncauth"" already exists > INF/db:setup 13905 [_] Table ""devices"" already exists > INF/db:setup 13905 [_] Table ""logs"" already exists > INF/db:setup 13905 [_] Index ""users"".""adbKeys"" already exists > INF/db:setup 13905 [_] Index ""accessTokens"".""email"" already exists > INF/db:setup 13905 [_] Index ""vncauth"".""response"" already exists > INF/db:setup 13905 [_] Index ""vncauth"".""responsePerDevice"" already exists > INF/db:setup 13905 [_] Index ""devices"".""owner"" already exists > INF/db:setup 13905 [_] Index ""devices"".""present"" already exists > INF/db:setup 13905 [_] Index ""devices"".""providerChannel"" already exists > INF/db:setup 13905 [_] Waiting for index ""users"".""adbKeys"" > INF/db:setup 13905 [_] Waiting for index ""accessTokens"".""email"" > INF/db:setup 13905 [_] Waiting for index ""vncauth"".""response"" > INF/db:setup 13905 [_] Waiting for index ""vncauth"".""responsePerDevice"" > INF/db:setup 13905 [_] Waiting for index ""devices"".""owner"" > INF/db:setup 13905 [_] Waiting for index ""devices"".""present"" > INF/db:setup 13905 [_] Waiting for index ""devices"".""providerChannel"" > INF/db:setup 13905 [_] Index ""users"".""adbKeys"" is ready > INF/db:setup 13905 [_] Index ""accessTokens"".""email"" is ready > INF/db:setup 13905 [_] Index ""vncauth"".""response"" is ready > INF/db:setup 13905 [_] Index ""vncauth"".""responsePerDevice"" is ready > INF/db:setup 13905 [_] Index ""devices"".""owner"" is ready > INF/db:setup 13905 [_] Index ""devices"".""present"" is ready > INF/db:setup 13905 [_] Index ""devices"".""providerChannel"" is ready > INF/util:procutil 13900 [_] Forking ""/home/appium/appium-soft/node-v4.4.0-linux-x64/lib/node_modules/.stf_npminstall/stf/1.1.1/stf/lib/cli.js triproxy app001 --bind-pub tcp://127.0.0.1:7111 --bind-dealer tcp://127.0.0.1:7112 --bind-pull tcp://127.0.0.1:7113"" > INF/util:procutil 13900 [_] Forking ""/home/appium/appium-soft/node-v4.4.0-linux-x64/lib/node_modules/.stf_npminstall/stf/1.1.1/stf/lib/cli.js triproxy dev001 --bind-pub tcp://127.0.0.1:7114 --bind-dealer tcp://127.0.0.1:7115 --bind-pull tcp://127.0.0.1:7116"" > INF/util:procutil 13900 [_] Forking ""/home/appium/appium-soft/node-v4.4.0-linux-x64/lib/node_modules/.stf_npminstall/stf/1.1.1/stf/lib/cli.js processor proc001 --connect-app-dealer tcp://127.0.0.1:7112 --connect-dev-dealer tcp://127.0.0.1:7115"" > INF/util:procutil 13900 [_] Forking ""/home/appium/appium-soft/node-v4.4.0-linux-x64/lib/node_modules/.stf_npminstall/stf/1.1.1/stf/lib/cli.js processor proc002 --connect-app-dealer tcp://127.0.0.1:7112 --connect-dev-dealer tcp://127.0.0.1:7115"" > INF/util:procutil 13900 [_] Forking ""/home/appium/appium-soft/node-v4.4.0-linux-x64/lib/node_modules/.stf_npminstall/stf/1.1.1/stf/lib/cli.js reaper reaper001 --connect-push tcp://127.0.0.1:7116 --connect-sub tcp://127.0.0.1:7111"" > INF/util:procutil 13900 [_] Forking ""/home/appium/appium-soft/node-v4.4.0-linux-x64/lib/node_modules/.stf_npminstall/stf/1.1.1/stf/lib/cli.js provider --name Appium --min-port 7400 --max-port 7700 --connect-sub tcp://127.0.0.1:7114 --connect-push tcp://127.0.0.1:7116 --group-timeout 900 --public-ip localhost --storage-url http://localhost:7100/ --adb-host 127.0.0.1 --adb-port 5037 --vnc-initial-size 600x800"" > INF/util:procutil 13900 [_] Forking ""/home/appium/appium-soft/node-v4.4.0-linux-x64/lib/node_modules/.stf_npminstall/stf/1.1.1/stf/lib/cli.js auth-mock --port 7120 --secret kute kittykat --app-url http://localhost:7100/"" > INF/util:procutil 13900 [_] Forking ""/home/appium/appium-soft/node-v4.4.0-linux-x64/lib/node_modules/.stf_npminstall/stf/1.1.1/stf/lib/cli.js app --port 7105 --secret kute kittykat --auth-url http://localhost:7100/auth/mock/ --websocket-url http://localhost:7110/"" > INF/util:procutil 13900 [_] Forking ""/home/appium/appium-soft/node-v4.4.0-linux-x64/lib/node_modules/.stf_npminstall/stf/1.1.1/stf/lib/cli.js websocket --port 7110 --secret kute kittykat --storage-url http://localhost:7100/ --connect-sub tcp://127.0.0.1:7111 --connect-push tcp://127.0.0.1:7113"" > INF/util:procutil 13900 [_] Forking ""/home/appium/appium-soft/node-v4.4.0-linux-x64/lib/node_modules/.stf_npminstall/stf/1.1.1/stf/lib/cli.js storage-temp --port 7102"" > INF/util:procutil 13900 [_] Forking ""/home/appium/appium-soft/node-v4.4.0-linux-x64/lib/node_modules/.stf_npminstall/stf/1.1.1/stf/lib/cli.js storage-plugin-image --port 7103 --storage-url http://localhost:7100/"" > INF/util:procutil 13900 [_] Forking ""/home/appium/appium-soft/node-v4.4.0-linux-x64/lib/node_modules/.stf_npminstall/stf/1.1.1/stf/lib/cli.js storage-plugin-apk --port 7104 --storage-url http://localhost:7100/"" > INF/util:procutil 13900 [_] Forking ""/home/appium/appium-soft/node-v4.4.0-linux-x64/lib/node_modules/.stf_npminstall/stf/1.1.1/stf/lib/cli.js poorxy --port 7100 --app-url http://localhost:7105/ --auth-url http://localhost:7120/ --websocket-url http://localhost:7110/ --storage-url http://localhost:7102/ --storage-plugin-image-url http://localhost:7103/ --storage-plugin-apk-url http://localhost:7104/"" > /home/appium/appium-soft/node-v4.4.0-linux-x64/lib/node_modules/.stf_npminstall/bindings/1.2.1/bindings/bindings.js:91 > throw err > ^ > Error: Could not locate the bindings file. Tried: >  /home/appium/appium-soft/node-v4.4.0-linux-x64/lib/node_modules/.stf_npminstall/zmq/2.14.0/zmq/build/zmq.node >  /home/appium/appium-soft/node-v4.4.0-linux-x64/lib/node_modules/.stf_npminstall/zmq/2.14.0/zmq/build/Debug/zmq.node >  /home/appium/appium-soft/node-v4.4.0-linux-x64/lib/node_modules/.stf_npminstall/zmq/2.14.0/zmq/build/Release/zmq.node >  /home/appium/appium-soft/node-v4.4.0-linux-x64/lib/node_modules/.stf_npminstall/zmq/2.14.0/zmq/out/Debug/zmq.node >  /home/appium/appium-soft/node-v4.4.0-linux-x64/lib/node_modules/.stf_npminstall/zmq/2.14.0/zmq/Debug/zmq.node >  /home/appium/appium-soft/node-v4.4.0-linux-x64/lib/node_modules/.stf_npminstall/zmq/2.14.0/zmq/out/Release/zmq.node >  /home/appium/appium-soft/node-v4.4.0-linux-x64/lib/node_modules/.stf_npminstall/zmq/2.14.0/zmq/Release/zmq.node >  /home/appium/appium-soft/node-v4.4.0-linux-x64/lib/node_modules/.stf_npminstall/zmq/2.14.0/zmq/build/default/zmq.node >  /home/appium/appium-soft/node-v4.4.0-linux-x64/lib/node_modules/.stf_npminstall/zmq/2.14.0/zmq/compiled/4.4.0/linux/x64/zmq.node > at bindings (/home/appium/appium-soft/node-v4.4.0-linux-x64/lib/node_modules/.stf_npminstall/bindings/1.2.1/bindings/bindings.js:88:9) > at Object.<anonymous> (/home/appium/appium-soft/node-v4.4.0-linux-x64/lib/node_modules/.stf_npminstall/zmq/2.14.0/zmq/lib/index.js:6:30) > at Module._compile (module.js:409:26) > at Object.Module._extensions..js (module.js:416:10) > at Module.load (module.js:343:32) > at Function.Module._load (module.js:300:12) > at Module.require (module.js:353:17) > at require (internal/module.js:12:17) > at Object.<anonymous> (/home/appium/appium-soft/node-v4.4.0-linux-x64/lib/node_modules/.stf_npminstall/zmq/2.14.0/zmq/index.js:2:18) > at Module._compile (module.js:409:26) > at Object.Module._extensions..js (module.js:416:10) > at Module.load (module.js:343:32) > at Function.Module._load (module.js:300:12) > at Module.require (module.js:353:17) > at require (internal/module.js:12:17) > at Object.<anonymous> (/home/appium/appium-soft/node-v4.4.0-linux-x64/lib/node_modules/.stf_npminstall/stf/1.1.1/stf/lib/util/zmqutil.js:7:11) > FTL/cli:local 13900 [_] Child process had an error ExitError: Exit code ""1"" > at ChildProcess.<anonymous> (/home/appium/appium-soft/node-v4.4.0-linux-x64/lib/node_modules/.stf_npminstall/stf/1.1.1/stf/lib/util/procutil.js:49:23) > at emitTwo (events.js:87:13) > at ChildProcess.emit (events.js:172:7) > at Process.ChildProcess._handle.onexit (internal/child_process.js:200:12) > INF/cli:local 13900 [_] Shutting down all child processes below is my install log for stf > [root@Appium appium-soft]# cnpm install stf -g > install ldapjs from git git+https://github.com/mcavage/node-ldapjs.git#acc1ca8f4314fd9d67561feabc8ce4c235076a5e, may be very slow, please keep patience > git clone -b acc1ca8f4314fd9d67561feabc8ce4c235076a5e https://github.com/mcavage/node-ldapjs.git /home/appium/appium-soft/node-v4.4.0-linux-x64/lib/node_modules/.stf_npminstall/.tmp/2fc112fb-dac6-4029-b72f-23dd69816c1a --depth=1 > Initialized empty Git repository in /home/appium/appium-soft/node-v4.4.0-linux-x64/lib/node_modules/.stf_npminstall/.tmp/2fc112fb-dac6-4029-b72f-23dd69816c1a/.git/ > [lodash@2.4.2] deprecate: lodash@<3.0.0 is no longer maintained. Upgrade to lodash@^4.0.0. > install xmlhttprequest from remote https://github.com/rase-/node-XMLHttpRequest/archive/a6b6f2.tar.gz, may be very slow, please keep patience > install global from remote https://github.com/component/global/archive/v2.0.1.tar.gz, may be very slow, please keep patience > remote: Counting objects: 1234, done. > remote: Compressing objects: 100% (821/821), done. > remote: Total 1234 (delta 640), reused 902 (delta 390), pack-reused 0 > Receiving objects: 100% (1234/1234), 1.04 MiB | 229 KiB/s, done. > Resolving deltas: 100% (640/640), done. > warning: Remote branch acc1ca8f4314fd9d67561feabc8ce4c235076a5e not found in upstream origin, using HEAD instead > [stf@1.1.1] link /home/appium/appium-soft/node-v4.4.0-linux-x64/bin/stf@ -> ../lib/node_modules/.stf_npminstall/stf/1.1.1/stf/bin/stf > [stf@_] installed at node_modules/.stf_npminstall/stf/1.1.1/stf (0 packages, use 21s, speed 155.89kB/s, json 3.2MB, tarball 0B) > excute post install scripts > [utf-8-validate@1.2.1] scripts.install: ""node-gyp rebuild"" at /home/appium/appium-soft/node-v4.4.0-linux-x64/lib/node_modules/.stf_npminstall/utf-8-validate/1.2.1/utf-8-validate > make: Entering directory `/home/appium/appium-soft/node-v4.4.0-linux-x64/lib/node_modules/.stf_npminstall/utf-8-validate/1.2.1/utf-8-validate/build' > CXX(target) Release/obj.target/validation/src/validation.o > In file included from ../src/validation.cc:15: > ../../../../nan/2.2.0/nan/nan.h:41:3: error: #error This version of node/NAN/v8 requires a C++11 compiler > In file included from ../src/validation.cc:7: > /root/.node-gyp/4.4.0/include/node/v8.h:336: error: expected unqualified-id before using > /root/.node-gyp/4.4.0/include/node/v8.h: In constructor v8::MaybeLocal<T>::MaybeLocal(): > /root/.node-gyp/4.4.0/include/node/v8.h:353: error: nullptr was not declared in this scope > /root/.node-gyp/4.4.0/include/node/v8.h: In member function bool v8::MaybeLocal<T>::IsEmpty() const: > /root/.node-gyp/4.4.0/include/node/v8.h:360: error: nullptr was not declared in this scope > /root/.node-gyp/4.4.0/include/node/v8.h: In member function bool v8::MaybeLocal<T>::ToLocal(v8::Local<S>_) const: > /root/.node-gyp/4.4.0/include/node/v8.h:364: error: nullptr was not declared in this scope > /root/.node-gyp/4.4.0/include/node/v8.h: In member function bool v8::WeakCallbackInfo<T>::IsFirstPass() const: > /root/.node-gyp/4.4.0/include/node/v8.h:430: error: nullptr was not declared in this scope > /root/.node-gyp/4.4.0/include/node/v8.h: At global scope: > /root/.node-gyp/4.4.0/include/node/v8.h:469: error: expected unqualified-id before using > /root/.node-gyp/4.4.0/include/node/v8.h: In constructor v8::Global<T>::Global(): > /root/.node-gyp/4.4.0/include/node/v8.h:790: error: nullptr was not declared in this scope > /root/.node-gyp/4.4.0/include/node/v8.h: In constructor v8::Global<T>::Global(v8::Global<T>&&): > /root/.node-gyp/4.4.0/include/node/v8.h:815: error: nullptr was not declared in this scope > /root/.node-gyp/4.4.0/include/node/v8.h: In member function v8::Global<T>& v8::Global<T>::operator=(v8::Global<S>&&): > /root/.node-gyp/4.4.0/include/node/v8.h:827: error: nullptr was not declared in this scope > /root/.node-gyp/4.4.0/include/node/v8.h: At global scope: > /root/.node-gyp/4.4.0/include/node/v8.h:852: error: expected unqualified-id before using > /root/.node-gyp/4.4.0/include/node/v8.h:1089: error: nullptr was not declared in this scope > /root/.node-gyp/4.4.0/include/node/v8.h:1095: error: nullptr was not declared in this scope > /root/.node-gyp/4.4.0/include/node/v8.h: In member function v8::MaybeLocalv8::Object v8::Function::NewInstance(v8::Localv8::Context) const: > /root/.node-gyp/4.4.0/include/node/v8.h:3205: error: nullptr was not declared in this scope > /root/.node-gyp/4.4.0/include/node/v8.h: In member function v8::Local<T> v8::MaybeLocal<T>::ToLocalChecked(): > /root/.node-gyp/4.4.0/include/node/v8.h:7164: error: nullptr was not declared in this scope > In file included from ../../../../nan/2.2.0/nan/nan.h:194, > from ../src/validation.cc:15: > ../../../../nan/2.2.0/nan/nan_maybe_43_inl.h: At global scope: > ../../../../nan/2.2.0/nan/nan_maybe_43_inl.h:13: error: expected unqualified-id before using > ../../../../nan/2.2.0/nan/nan_maybe_43_inl.h:16: error: expected unqualified-id before using > ../../../../nan/2.2.0/nan/nan_maybe_43_inl.h:19: error: expected initializer before < token > ../../../../nan/2.2.0/nan/nan_maybe_43_inl.h:24: error: expected initializer before < token > ../../../../nan/2.2.0/nan/nan_maybe_43_inl.h:31: error: expected initializer before < token > ../../../../nan/2.2.0/nan/nan_maybe_43_inl.h:36: error: expected initializer before < token > ../../../../nan/2.2.0/nan/nan_maybe_43_inl.h:41: error: expected initializer before < token > ../../../../nan/2.2.0/nan/nan_maybe_43_inl.h:46: error: expected initializer before < token > ../../../../nan/2.2.0/nan/nan_maybe_43_inl.h:51: error: expected initializer before < token > ../../../../nan/2.2.0/nan/nan_maybe_43_inl.h:59: error: expected initializer before < token > ../../../../nan/2.2.0/nan/nan_maybe_43_inl.h:64: error: expected initializer before < token > ../../../../nan/2.2.0/nan/nan_maybe_43_inl.h:69: error: expected initializer before < token > ../../../../nan/2.2.0/nan/nan_maybe_43_inl.h:76: error: expected initializer before < token > ../../../../nan/2.2.0/nan/nan_maybe_43_inl.h:83: error: expected initializer before < token > ../../../../nan/2.2.0/nan/nan_maybe_43_inl.h:91: error: expected initializer before < token > ../../../../nan/2.2.0/nan/nan_maybe_43_inl.h:98: error: expected initializer before < token > ../../../../nan/2.2.0/nan/nan_maybe_43_inl.h:108: error: expected initializer before < token > ../../../../nan/2.2.0/nan/nan_maybe_43_inl.h:114: error: expected initializer before < token > ../../../../nan/2.2.0/nan/nan_maybe_43_inl.h:118: error: expected initializer before < token > ../../../../nan/2.2.0/nan/nan_maybe_43_inl.h:125: error: expected initializer before < token > ../../../../nan/2.2.0/nan/nan_maybe_43_inl.h:130: error: expected initializer before < token > ../../../../nan/2.2.0/nan/nan_maybe_43_inl.h:135: error: expected initializer before < token > ../../../../nan/2.2.0/nan/nan_maybe_43_inl.h:139: error: expected initializer before < token > ../../../../nan/2.2.0/nan/nan_maybe_43_inl.h:145: error: expected initializer before < token > ../../../../nan/2.2.0/nan/nan_maybe_43_inl.h:150: error: expected initializer before < token > ../../../../nan/2.2.0/nan/nan_maybe_43_inl.h:156: error: expected initializer before < token > ../../../../nan/2.2.0/nan/nan_maybe_43_inl.h:162: error: expected initializer before < token > ../../../../nan/2.2.0/nan/nan_maybe_43_inl.h:168: error: expected initializer before < token > ../../../../nan/2.2.0/nan/nan_maybe_43_inl.h:174: error: expected initializer before < token > ../../../../nan/2.2.0/nan/nan_maybe_43_inl.h:180: error: expected initializer before < token > ../../../../nan/2.2.0/nan/nan_maybe_43_inl.h:186: error: expected initializer before < token > ../../../../nan/2.2.0/nan/nan_maybe_43_inl.h:194: error: expected initializer before < token > ../../../../nan/2.2.0/nan/nan_maybe_43_inl.h:201: error: expected initializer before < token > ../../../../nan/2.2.0/nan/nan_maybe_43_inl.h:205: error: expected initializer before < token > ../../../../nan/2.2.0/nan/nan_maybe_43_inl.h:209: error: expected initializer before < token > ../../../../nan/2.2.0/nan/nan_maybe_43_inl.h:213: error: expected initializer before < token > ../../../../nan/2.2.0/nan/nan_maybe_43_inl.h:217: error: expected initializer before < token > ../../../../nan/2.2.0/nan/nan_maybe_43_inl.h:223: error: expected initializer before < token > In file included from ../../../../nan/2.2.0/nan/nan.h:199, > from ../src/validation.cc:15: > ../../../../nan/2.2.0/nan/nan_converters.h:14: error: ISO C++ forbids declaration of MaybeLocal with no type > ../../../../nan/2.2.0/nan/nan_converters.h:14: error: expected ; before < token > ../../../../nan/2.2.0/nan/nan_converters.h:16: error: ISO C++ forbids declaration of Maybe with no type > ../../../../nan/2.2.0/nan/nan_converters.h:16: error: expected ; before < token > ../../../../nan/2.2.0/nan/nan_converters.h:26: error: return_t does not name a type > ../../../../nan/2.2.0/nan/nan_converters.h:27: error: return_t does not name a type > ../../../../nan/2.2.0/nan/nan_converters.h:28: error: return_t does not name a type > ../../../../nan/2.2.0/nan/nan_converters.h:29: error: return_t does not name a type > ../../../../nan/2.2.0/nan/nan_converters.h:30: error: return_t does not name a type > ../../../../nan/2.2.0/nan/nan_converters.h:31: error: return_t does not name a type > ../../../../nan/2.2.0/nan/nan_converters.h:32: error: return_t does not name a type > ../../../../nan/2.2.0/nan/nan_converters.h:42: error: return_t does not name a type > ../../../../nan/2.2.0/nan/nan_converters.h:43: error: return_t does not name a type > ../../../../nan/2.2.0/nan/nan_converters.h:44: error: return_t does not name a type > ../../../../nan/2.2.0/nan/nan_converters.h:45: error: return_t does not name a type > ../../../../nan/2.2.0/nan/nan_converters.h:46: error: return_t does not name a type > In file included from ../../../../nan/2.2.0/nan/nan_converters.h:59, > from ../../../../nan/2.2.0/nan/nan.h:199, > from ../src/validation.cc:15: > ../../../../nan/2.2.0/nan/nan_converters_43_inl.h:18: error: return_t in class Nan::imp::ToFactoryv8::Boolean does not name a type > ../../../../nan/2.2.0/nan/nan_converters_43_inl.h:19: error: return_t in class Nan::imp::ToFactoryv8::Number does not name a type > ../../../../nan/2.2.0/nan/nan_converters_43_inl.h:20: error: return_t in class Nan::imp::ToFactoryv8::String does not name a type > ../../../../nan/2.2.0/nan/nan_converters_43_inl.h:21: error: return_t in class Nan::imp::ToFactoryv8::Object does not name a type > ../../../../nan/2.2.0/nan/nan_converters_43_inl.h:22: error: return_t in class Nan::imp::ToFactoryv8::Integer does not name a type > ../../../../nan/2.2.0/nan/nan_converters_43_inl.h:23: error: return_t in class Nan::imp::ToFactoryv8::Uint32 does not name a type > ../../../../nan/2.2.0/nan/nan_converters_43_inl.h:24: error: return_t in class Nan::imp::ToFactoryv8::Int32 does not name a type > ../../../../nan/2.2.0/nan/nan_converters_43_inl.h:34: error: return_t in class Nan::imp::ToFactory<bool> does not name a type > ../../../../nan/2.2.0/nan/nan_converters_43_inl.h:35: error: return_t in class Nan::imp::ToFactory<double> does not name a type > ../../../../nan/2.2.0/nan/nan_converters_43_inl.h:36: error: return_t in class Nan::imp::ToFactory<long int> does not name a type > ../../../../nan/2.2.0/nan/nan_converters_43_inl.h:37: error: return_t in class Nan::imp::ToFactory<unsigned int> does not name a type > ../../../../nan/2.2.0/nan/nan_converters_43_inl.h:38: error: return_t in class Nan::imp::ToFactory<int> does not name a type > In file included from ../../../../nan/2.2.0/nan/nan.h:200, > from ../src/validation.cc:15: > ../../../../nan/2.2.0/nan/nan_new.h: In function v8::Local<T> Nan::imp::To(v8::Localv8::Integer) [with T = v8::Integer]: > ../../../../nan/2.2.0/nan/nan_new.h:21: error: no matching function for call to To(v8::Localv8::Integer&) > ../../../../nan/2.2.0/nan/nan_new.h: In function v8::Local<T> Nan::imp::To(v8::Localv8::Integer) [with T = v8::Int32]: > ../../../../nan/2.2.0/nan/nan_new.h:28: error: no matching function for call to To(v8::Localv8::Integer&) > ../../../../nan/2.2.0/nan/nan_new.h: In function v8::Local<T> Nan::imp::To(v8::Localv8::Integer) [with T = v8::Uint32]: > ../../../../nan/2.2.0/nan/nan_new.h:35: error: no matching function for call to To(v8::Localv8::Integer&) > ../../../../nan/2.2.0/nan/nan_new.h: At global scope: > ../../../../nan/2.2.0/nan/nan_new.h:43: error: ISO C++ forbids declaration of MaybeLocal with no type > ../../../../nan/2.2.0/nan/nan_new.h:43: error: expected ; before < token > ../../../../nan/2.2.0/nan/nan_new.h:75: error: return_t does not name a type > ../../../../nan/2.2.0/nan/nan_new.h:141: error: return_t does not name a type > ../../../../nan/2.2.0/nan/nan_new.h:147: error: return_t does not name a type > ../../../../nan/2.2.0/nan/nan_new.h:148: error: return_t does not name a type > ../../../../nan/2.2.0/nan/nan_new.h:160: error: return_t does not name a type > ../../../../nan/2.2.0/nan/nan_new.h:161: error: return_t does not name a type > ../../../../nan/2.2.0/nan/nan_new.h:162: error: return_t does not name a type > ../../../../nan/2.2.0/nan/nan_new.h:163: error: return_t does not name a type > ../../../../nan/2.2.0/nan/nan_new.h:165: error: return_t does not name a type > ../../../../nan/2.2.0/nan/nan_new.h:166: error: return_t does not name a type > ../../../../nan/2.2.0/nan/nan_new.h:182: error: return_t does not name a type > ../../../../nan/2.2.0/nan/nan_new.h:183: error: return_t does not name a type > In file included from ../../../../nan/2.2.0/nan/nan_new.h:189, > from ../../../../nan/2.2.0/nan/nan.h:200, > from ../src/validation.cc:15: > ../../../../nan/2.2.0/nan/nan_implementation_12_inl.h:56: error: return_t in class Nan::imp::Factoryv8::Date does not name a type > ../../../../nan/2.2.0/nan/nan_implementation_12_inl.h: In static member function static v8::Localv8::Function Nan::imp::Factoryv8::Function::New(void (_)(const Nan::FunctionCallbackInfov8::Value&), v8::Localv8::Value): > ../../../../nan/2.2.0/nan/nan_implementation_12_inl.h:90: error: NewInstance was not declared in this scope > ../../../../nan/2.2.0/nan/nan_implementation_12_inl.h: In static member function static v8::Localv8::FunctionTemplate Nan::imp::Factoryv8::FunctionTemplate::New(void (_)(const Nan::FunctionCallbackInfov8::Value&), v8::Localv8::Value, v8::Localv8::Signature): > ../../../../nan/2.2.0/nan/nan_implementation_12_inl.h:118: error: NewInstance was not declared in this scope > ../../../../nan/2.2.0/nan/nan_implementation_12_inl.h: At global scope: > ../../../../nan/2.2.0/nan/nan_implementation_12_inl.h:197: error: return_t in class Nan::imp::Factoryv8::RegExp does not name a type > ../../../../nan/2.2.0/nan/nan_implementation_12_inl.h:216: error: return_t in class Nan::imp::Factoryv8::Script does not name a type > ../../../../nan/2.2.0/nan/nan_implementation_12_inl.h:222: error: return_t in class Nan::imp::Factoryv8::Script does not name a type > ../../../../nan/2.2.0/nan/nan_implementation_12_inl.h:254: error: return_t in class Nan::imp::Factoryv8::String does not name a type > ../../../../nan/2.2.0/nan/nan_implementation_12_inl.h:262: error: return_t in class Nan::imp::Factoryv8::String does not name a type > ../../../../nan/2.2.0/nan/nan_implementation_12_inl.h:268: error: return_t in class Nan::imp::Factoryv8::String does not name a type > ../../../../nan/2.2.0/nan/nan_implementation_12_inl.h:275: error: return_t in class Nan::imp::Factoryv8::String does not name a type > ../../../../nan/2.2.0/nan/nan_implementation_12_inl.h:281: error: return_t in class Nan::imp::Factoryv8::String does not name a type > ../../../../nan/2.2.0/nan/nan_implementation_12_inl.h:286: error: return_t in class Nan::imp::Factoryv8::String does not name a type > ../../../../nan/2.2.0/nan/nan_implementation_12_inl.h:347: error: return_t in class Nan::imp::Factoryv8::UnboundScript does not name a type > ../../../../nan/2.2.0/nan/nan_implementation_12_inl.h:354: error: return_t in class Nan::imp::Factoryv8::UnboundScript does not name a type > In file included from ../../../../nan/2.2.0/nan/nan.h:200, > from ../src/validation.cc:15: > ../../../../nan/2.2.0/nan/nan_new.h:293: error: return_t in class Nan::imp::Factoryv8::String does not name a type > ../../../../nan/2.2.0/nan/nan_new.h:299: error: return_t in class Nan::imp::Factoryv8::String does not name a type > ../../../../nan/2.2.0/nan/nan_new.h:305: error: return_t in class Nan::imp::Factoryv8::String does not name a type > ../../../../nan/2.2.0/nan/nan_new.h:311: error: return_t in class Nan::imp::Factoryv8::String does not name a type > ../../../../nan/2.2.0/nan/nan_new.h:317: error: return_t in class Nan::imp::Factoryv8::String does not name a type > ../../../../nan/2.2.0/nan/nan_new.h:323: error: return_t in class Nan::imp::Factoryv8::String does not name a type > ../../../../nan/2.2.0/nan/nan_new.h:329: error: return_t in class Nan::imp::Factoryv8::String does not name a type > ../../../../nan/2.2.0/nan/nan_new.h:335: error: return_t in class Nan::imp::Factoryv8::RegExp does not name a type > In file included from ../src/validation.cc:15: > ../../../../nan/2.2.0/nan/nan.h: In function v8::Localv8::Value Nan::Error(const char_): > ../../../../nan/2.2.0/nan/nan.h:659: error: class v8::Localv8::Boolean has no member named ToLocalChecked > ../../../../nan/2.2.0/nan/nan.h: In function void Nan::ThrowError(const char_): > ../../../../nan/2.2.0/nan/nan.h:659: error: class v8::Localv8::Boolean has no member named ToLocalChecked > ../../../../nan/2.2.0/nan/nan.h: In function v8::Localv8::Value Nan::RangeError(const char_): > ../../../../nan/2.2.0/nan/nan.h:660: error: class v8::Localv8::Boolean has no member named ToLocalChecked > ../../../../nan/2.2.0/nan/nan.h: In function void Nan::ThrowRangeError(const char_): > ../../../../nan/2.2.0/nan/nan.h:660: error: class v8::Localv8::Boolean has no member named ToLocalChecked > ../../../../nan/2.2.0/nan/nan.h: In function v8::Localv8::Value Nan::ReferenceError(const char_): > ../../../../nan/2.2.0/nan/nan.h:661: error: class v8::Localv8::Boolean has no member named ToLocalChecked > ../../../../nan/2.2.0/nan/nan.h: In function void Nan::ThrowReferenceError(const char_): > ../../../../nan/2.2.0/nan/nan.h:661: error: class v8::Localv8::Boolean has no member named ToLocalChecked > ../../../../nan/2.2.0/nan/nan.h: In function v8::Localv8::Value Nan::SyntaxError(const char_): > ../../../../nan/2.2.0/nan/nan.h:662: error: class v8::Localv8::Boolean has no member named ToLocalChecked > ../../../../nan/2.2.0/nan/nan.h: In function void Nan::ThrowSyntaxError(const char_): > ../../../../nan/2.2.0/nan/nan.h:662: error: class v8::Localv8::Boolean has no member named ToLocalChecked > ../../../../nan/2.2.0/nan/nan.h: In function v8::Localv8::Value Nan::TypeError(const char_): > ../../../../nan/2.2.0/nan/nan.h:663: error: class v8::Localv8::Boolean has no member named ToLocalChecked > ../../../../nan/2.2.0/nan/nan.h: In function void Nan::ThrowTypeError(const char_): > ../../../../nan/2.2.0/nan/nan.h:663: error: class v8::Localv8::Boolean has no member named ToLocalChecked > ../../../../nan/2.2.0/nan/nan.h: At global scope: > ../../../../nan/2.2.0/nan/nan.h:671: error: expected initializer before < token > ../../../../nan/2.2.0/nan/nan.h:693: error: expected initializer before < token > ../../../../nan/2.2.0/nan/nan.h:709: error: expected initializer before < token > ../../../../nan/2.2.0/nan/nan.h:722: error: expected initializer before < token > ../../../../nan/2.2.0/nan/nan.h:739: error: expected initializer before < token > ../../../../nan/2.2.0/nan/nan.h:745: error: expected initializer before < token > ../../../../nan/2.2.0/nan/nan.h:753: error: expected initializer before < token > ../../../../nan/2.2.0/nan/nan.h:760: error: expected initializer before < token > ../../../../nan/2.2.0/nan/nan.h:766: error: expected initializer before < token > /root/.node-gyp/4.4.0/include/node/v8.h: In member function void Nan::Callback::SetFunction(const v8::Localv8::Function&): > /root/.node-gyp/4.4.0/include/node/v8.h:3021: error: argument dependent lookup finds class v8::Set > ../../../../nan/2.2.0/nan/nan.h:1402: error: in call to Set > ../../../../nan/2.2.0/nan/nan.h: In member function void Nan::AsyncWorker::SaveToPersistent(const char_, const v8::Localv8::Value&): > ../../../../nan/2.2.0/nan/nan.h:1524: error: class v8::Localv8::Boolean has no member named ToLocalChecked > ../../../../nan/2.2.0/nan/nan.h: In member function v8::Localv8::Value Nan::AsyncWorker::GetFromPersistent(const char_) const: > ../../../../nan/2.2.0/nan/nan.h:1542: error: class v8::Localv8::Boolean has no member named ToLocalChecked > ../../../../nan/2.2.0/nan/nan.h: In member function virtual void Nan::AsyncWorker::HandleErrorCallback(): > ../../../../nan/2.2.0/nan/nan.h:1576: error: no matching function for call to New(const char_) > ../../../../nan/2.2.0/nan/nan.h: In function void Nan::SetMethod(const T&, const char_, void (_)(const Nan::FunctionCallbackInfov8::Value&)): > ../../../../nan/2.2.0/nan/nan.h:1865: error: there are no arguments to GetFunction that depend on a template parameter, so a declaration of GetFunction must be available > ../../../../nan/2.2.0/nan/nan.h:1865: note: (if you use -fpermissive, G++ will accept your code, but allowing the use of an undeclared name is deprecated) > ../../../../nan/2.2.0/nan/nan.h:1866: error: class v8::Localv8::Boolean has no member named ToLocalChecked > ../../../../nan/2.2.0/nan/nan.h: In function void Nan::SetPrototypeMethod(v8::Localv8::FunctionTemplate, const char_, void (_)(const Nan::FunctionCallbackInfov8::Value&)): > ../../../../nan/2.2.0/nan/nan.h:1878: error: GetFunction was not declared in this scope > ../../../../nan/2.2.0/nan/nan.h:1879: error: class v8::Localv8::Boolean has no member named ToLocalChecked > ../../../../nan/2.2.0/nan/nan.h: In function void Nan::SetAccessor(v8::Localv8::ObjectTemplate, v8::Localv8::String, void (_)(v8::Localv8::String, const Nan::PropertyCallbackInfov8::Value&), void (_)(v8::Localv8::String, v8::Localv8::Value, const Nan::PropertyCallbackInfo<void>&), v8::Localv8::Value, v8::AccessControl, v8::PropertyAttribute, Nan::imp::Sig): > ../../../../nan/2.2.0/nan/nan.h:1904: error: NewInstance was not declared in this scope > ../../../../nan/2.2.0/nan/nan.h: In function bool Nan::SetAccessor(v8::Localv8::Object, v8::Localv8::String, void (_)(v8::Localv8::String, const Nan::PropertyCallbackInfov8::Value&), void (_)(v8::Localv8::String, v8::Localv8::Value, const Nan::PropertyCallbackInfo<void>&), v8::Localv8::Value, v8::AccessControl, v8::PropertyAttribute): > ../../../../nan/2.2.0/nan/nan.h:1947: error: NewInstance was not declared in this scope > ../../../../nan/2.2.0/nan/nan.h: In function void Nan::SetNamedPropertyHandler(v8::Localv8::ObjectTemplate, void (_)(v8::Localv8::String, const Nan::PropertyCallbackInfov8::Value&), void (_)(v8::Localv8::String, v8::Localv8::Value, const Nan::PropertyCallbackInfov8::Value&), void (_)(v8::Localv8::String, const Nan::PropertyCallbackInfov8::Integer&), void (_)(v8::Localv8::String, const Nan::PropertyCallbackInfov8::Boolean&), void (_)(const Nan::PropertyCallbackInfov8::Array&), v8::Localv8::Value): > ../../../../nan/2.2.0/nan/nan.h:1995: error: NewInstance was not declared in this scope > ../../../../nan/2.2.0/nan/nan.h: In function void Nan::SetIndexedPropertyHandler(v8::Localv8::ObjectTemplate, void (_)(uint32_t, const Nan::PropertyCallbackInfov8::Value&), void (_)(uint32_t, v8::Localv8::Value, const Nan::PropertyCallbackInfov8::Value&), void (_)(uint32_t, const Nan::PropertyCallbackInfov8::Integer&), void (_)(uint32_t, const Nan::PropertyCallbackInfov8::Boolean&), void (_)(const Nan::PropertyCallbackInfov8::Array&), v8::Localv8::Value): > ../../../../nan/2.2.0/nan/nan.h:2065: error: NewInstance was not declared in this scope > ../../../../nan/2.2.0/nan/nan.h: In function void Nan::SetCallHandler(v8::Localv8::FunctionTemplate, void (_)(const Nan::FunctionCallbackInfov8::Value&), v8::Localv8::Value): > ../../../../nan/2.2.0/nan/nan.h:2120: error: NewInstance was not declared in this scope > ../../../../nan/2.2.0/nan/nan.h: In function void Nan::SetCallAsFunctionHandler(v8::Localv8::ObjectTemplate, void (_)(const Nan::FunctionCallbackInfov8::Value&), v8::Localv8::Value): > ../../../../nan/2.2.0/nan/nan.h:2142: error: NewInstance was not declared in this scope > In file included from ../src/validation.cc:15: > ../../../../nan/2.2.0/nan/nan.h: In function void Nan::Export(Nan::ADDON_REGISTER_FUNCTION_ARGS_TYPE, const char_, void (_)(const Nan::FunctionCallbackInfov8::Value&)): > ../../../../nan/2.2.0/nan/nan.h:2169: error: no matching function for call to New(const char_&) > ../../../../nan/2.2.0/nan/nan.h:2170: error: GetFunction was not declared in this scope > /root/.node-gyp/4.4.0/include/node/v8.h:3021: error: argument dependent lookup finds class v8::Set > ../../../../nan/2.2.0/nan/nan.h:2170: error: in call to Set > ../../../../nan/2.2.0/nan/nan.h: In constructor Nan::Tap::Tap(v8::Localv8::Value): > ../../../../nan/2.2.0/nan/nan.h:2177: error: no matching function for call to To(v8::Localv8::Value&) > ../../../../nan/2.2.0/nan/nan.h: In member function void Nan::Tap::ok(bool, const char_): > ../../../../nan/2.2.0/nan/nan.h:2190: error: class v8::Localv8::Boolean has no member named ToLocalChecked > ../../../../nan/2.2.0/nan/nan.h: In member function void Nan::Tap::pass(const char_): > ../../../../nan/2.2.0/nan/nan.h:2196: error: class v8::Localv8::Boolean has no member named ToLocalChecked > ../../../../nan/2.2.0/nan/nan.h: At global scope: > ../../../../nan/2.2.0/nan/nan.h:2220: error: ISO C++ forbids declaration of MaybeLocal with no type > ../../../../nan/2.2.0/nan/nan.h:2220: error: expected ; before < token > ../../../../nan/2.2.0/nan/nan.h:2223: error: expected ; before } token > ../../../../nan/2.2.0/nan/nan.h:2225: error: MaybeLocal was not declared in this scope > ../../../../nan/2.2.0/nan/nan.h:2225: error: template argument 1 is invalid > ../../../../nan/2.2.0/nan/nan.h:2225: error: expected unqualified-id before > token > ../../../../nan/2.2.0/nan/nan.h:2234: error: expected constructor, destructor, or type conversion before < token > ../src/validation.cc:107: error: v8::Handle has not been declared > ../src/validation.cc:107: error: expected , or  before < token > ../src/validation.cc: In static member function static void Validation::Initialize(int): > ../src/validation.cc:113: error: Set is not a member of Nan > ../src/validation.cc:113: error: target was not declared in this scope > ../src/validation.cc:113: error: no matching function for call to New(const char [11]) > ../src/validation.cc: At global scope: > ../src/validation.cc:141: error: variable or field init declared void > ../src/validation.cc:141: error: Handle was not declared in this scope > ../src/validation.cc:141: error: expected primary-expression before > token > ../src/validation.cc:141: error: target was not declared in this scope > ../src/validation.cc:147: error: init was not declared in this scope > ../src/validation.cc:147: error: too many initializers for node::node_module > In file included from ../src/validation.cc:15: > ../../../../nan/2.2.0/nan/nan.h: In function void Nan::SetMethod(const T&, const char_, void (_)(const Nan::FunctionCallbackInfov8::Value&)) [with T = v8::Localv8::FunctionTemplate]: > ../src/validation.cc:112: instantiated from here > ../../../../nan/2.2.0/nan/nan.h:1865: error: GetFunction was not declared in this scope > make: **\* [Release/obj.target/validation/src/validation.o] Error 1 > make: Leaving directory `/home/appium/appium-soft/node-v4.4.0-linux-x64/lib/node_modules/.stf_npminstall/utf-8-validate/1.2.1/utf-8-validate/build' > gyp ERR! build error > gyp ERR! stack Error:`make` failed with exit code: 2 > gyp ERR! stack at ChildProcess.onExit (/home/appium/appium-soft/node-v4.4.0-linux-x64/lib/node_modules/cnpm/node_modules/npminstall/node_modules/node-gyp/lib/build.js:276:23) > gyp ERR! stack at emitTwo (events.js:87:13) > gyp ERR! stack at ChildProcess.emit (events.js:172:7) > gyp ERR! stack at Process.ChildProcess._handle.onexit (internal/child_process.js:200:12) > gyp ERR! System Linux 2.6.32-573.18.1.el6.x86_64 > gyp ERR! command ""/home/appium/appium-soft/node-v4.4.0-linux-x64/bin/node"" ""/home/appium/appium-soft/node-v4.4.0-linux-x64/lib/node_modules/cnpm/node_modules/npminstall/node_modules/.bin/node-gyp"" ""rebuild"" > gyp ERR! cwd /home/appium/appium-soft/node-v4.4.0-linux-x64/lib/node_modules/.stf_npminstall/utf-8-validate/1.2.1/utf-8-validate > gyp ERR! node -v v4.4.0 > gyp ERR! node-gyp -v v3.2.1 > gyp ERR! not ok > [Error: Run ""sh -c node-gyp rebuild"" error, exit code 1 > at ChildProcess.<anonymous> (/home/appium/appium-soft/node-v4.4.0-linux-x64/lib/node_modules/cnpm/node_modules/npminstall/node_modules/runscript/index.js:67:21) > at emitTwo (events.js:87:13) > at ChildProcess.emit (events.js:172:7) > at maybeClose (internal/child_process.js:827:16) > at Process.ChildProcess._handle.onexit (internal/child_process.js:211:5)@%s] optional error: %s > All packages installed (359 packages installed from npm registry, 2 packages installed from remote url, 1 packages installed from git, use 22s, speed 148.73kB/s, json 428(3.2MB), tarball 0B)",other-file,"start STF failed 1) all the requirements is installed ok, then install STF with ""cnpm install stf -g"" 2) rethinkdb start ok: > [root@Appium appium]# rethinkdb > Running rethinkdb 2.2.4 (GCC 4.8.2) > Running on Linux 2.6.32-573.18.1.el6.x86_64 x86_64 > Loading data from directory /home/appium/rethinkdb_data > Listening for intracluster connections on port 29015 > Listening for client driver connections on port 28015 > Listening for administrative HTTP connections on port 8080 > Listening on addresses: 127.0.0.1, ::1 > To fully expose RethinkDB on the network, bind to all addresses by running rethinkdb with the `--bind all` command line option. > Server ready, ""Appium_yex"" 8062ab22-341c-4aab-ba13-3a477045b405 > A newer version of the RethinkDB server is available: 2.2.5. You can read the changelog at https://github.com/rethinkdb/rethinkdb/releases. 3)start stf failed: > [root@Appium zmq-1.0.0]# stf local > INF/util:procutil 13900 [_] Forking ""/home/appium/appium-soft/node-v4.4.0-linux-x64/lib/node_modules/.stf_npminstall/stf/1.1.1/stf/lib/cli.js migrate"" > INF/db 13905 [_] Connecting to 127.0.0.1:28015 > INF/db:setup 13905 [_] Database ""stf"" already exists > INF/db:setup 13905 [_] Table ""users"" already exists > INF/db:setup 13905 [_] Table ""accessTokens"" already exists > INF/db:setup 13905 [_] Table ""vncauth"" already exists > INF/db:setup 13905 [_] Table ""devices"" already exists > INF/db:setup 13905 [_] Table ""logs"" already exists > INF/db:setup 13905 [_] Index ""users"".""adbKeys"" already exists > INF/db:setup 13905 [_] Index ""accessTokens"".""email"" already exists > INF/db:setup 13905 [_] Index ""vncauth"".""response"" already exists > INF/db:setup 13905 [_] Index ""vncauth"".""responsePerDevice"" already exists > INF/db:setup 13905 [_] Index ""devices"".""owner"" already exists > INF/db:setup 13905 [_] Index ""devices"".""present"" already exists > INF/db:setup 13905 [_] Index ""devices"".""providerChannel"" already exists > INF/db:setup 13905 [_] Waiting for index ""users"".""adbKeys"" > INF/db:setup 13905 [_] Waiting for index ""accessTokens"".""email"" > INF/db:setup 13905 [_] Waiting for index ""vncauth"".""response"" > INF/db:setup 13905 [_] Waiting for index ""vncauth"".""responsePerDevice"" > INF/db:setup 13905 [_] Waiting for index ""devices"".""owner"" > INF/db:setup 13905 [_] Waiting for index ""devices"".""present"" > INF/db:setup 13905 [_] Waiting for index ""devices"".""providerChannel"" > INF/db:setup 13905 [_] Index ""users"".""adbKeys"" is ready > INF/db:setup 13905 [_] Index ""accessTokens"".""email"" is ready > INF/db:setup 13905 [_] Index ""vncauth"".""response"" is ready > INF/db:setup 13905 [_] Index ""vncauth"".""responsePerDevice"" is ready > INF/db:setup 13905 [_] Index ""devices"".""owner"" is ready > INF/db:setup 13905 [_] Index ""devices"".""present"" is ready > INF/db:setup 13905 [_] Index ""devices"".""providerChannel"" is ready > INF/util:procutil 13900 [_] Forking ""/home/appium/appium-soft/node-v4.4.0-linux-x64/lib/node_modules/.stf_npminstall/stf/1.1.1/stf/lib/cli.js triproxy app001 --bind-pub tcp://127.0.0.1:7111 --bind-dealer tcp://127.0.0.1:7112 --bind-pull tcp://127.0.0.1:7113"" > INF/util:procutil 13900 [_] Forking ""/home/appium/appium-soft/node-v4.4.0-linux-x64/lib/node_modules/.stf_npminstall/stf/1.1.1/stf/lib/cli.js triproxy dev001 --bind-pub tcp://127.0.0.1:7114 --bind-dealer tcp://127.0.0.1:7115 --bind-pull tcp://127.0.0.1:7116"" > INF/util:procutil 13900 [_] Forking ""/home/appium/appium-soft/node-v4.4.0-linux-x64/lib/node_modules/.stf_npminstall/stf/1.1.1/stf/lib/cli.js processor proc001 --connect-app-dealer tcp://127.0.0.1:7112 --connect-dev-dealer tcp://127.0.0.1:7115"" > INF/util:procutil 13900 [_] Forking ""/home/appium/appium-soft/node-v4.4.0-linux-x64/lib/node_modules/.stf_npminstall/stf/1.1.1/stf/lib/cli.js processor proc002 --connect-app-dealer tcp://127.0.0.1:7112 --connect-dev-dealer tcp://127.0.0.1:7115"" > INF/util:procutil 13900 [_] Forking ""/home/appium/appium-soft/node-v4.4.0-linux-x64/lib/node_modules/.stf_npminstall/stf/1.1.1/stf/lib/cli.js reaper reaper001 --connect-push tcp://127.0.0.1:7116 --connect-sub tcp://127.0.0.1:7111"" > INF/util:procutil 13900 [_] Forking ""/home/appium/appium-soft/node-v4.4.0-linux-x64/lib/node_modules/.stf_npminstall/stf/1.1.1/stf/lib/cli.js provider --name Appium --min-port 7400 --max-port 7700 --connect-sub tcp://127.0.0.1:7114 --connect-push tcp://127.0.0.1:7116 --group-timeout 900 --public-ip localhost --storage-url http://localhost:7100/ --adb-host 127.0.0.1 --adb-port 5037 --vnc-initial-size 600x800"" > INF/util:procutil 13900 [_] Forking ""/home/appium/appium-soft/node-v4.4.0-linux-x64/lib/node_modules/.stf_npminstall/stf/1.1.1/stf/lib/cli.js auth-mock --port 7120 --secret kute kittykat --app-url http://localhost:7100/"" > INF/util:procutil 13900 [_] Forking ""/home/appium/appium-soft/node-v4.4.0-linux-x64/lib/node_modules/.stf_npminstall/stf/1.1.1/stf/lib/cli.js app --port 7105 --secret kute kittykat --auth-url http://localhost:7100/auth/mock/ --websocket-url http://localhost:7110/"" > INF/util:procutil 13900 [_] Forking ""/home/appium/appium-soft/node-v4.4.0-linux-x64/lib/node_modules/.stf_npminstall/stf/1.1.1/stf/lib/cli.js websocket --port 7110 --secret kute kittykat --storage-url http://localhost:7100/ --connect-sub tcp://127.0.0.1:7111 --connect-push tcp://127.0.0.1:7113"" > INF/util:procutil 13900 [_] Forking ""/home/appium/appium-soft/node-v4.4.0-linux-x64/lib/node_modules/.stf_npminstall/stf/1.1.1/stf/lib/cli.js storage-temp --port 7102"" > INF/util:procutil 13900 [_] Forking ""/home/appium/appium-soft/node-v4.4.0-linux-x64/lib/node_modules/.stf_npminstall/stf/1.1.1/stf/lib/cli.js storage-plugin-image --port 7103 --storage-url http://localhost:7100/"" > INF/util:procutil 13900 [_] Forking ""/home/appium/appium-soft/node-v4.4.0-linux-x64/lib/node_modules/.stf_npminstall/stf/1.1.1/stf/lib/cli.js storage-plugin-apk --port 7104 --storage-url http://localhost:7100/"" > INF/util:procutil 13900 [_] Forking ""/home/appium/appium-soft/node-v4.4.0-linux-x64/lib/node_modules/.stf_npminstall/stf/1.1.1/stf/lib/cli.js poorxy --port 7100 --app-url http://localhost:7105/ --auth-url http://localhost:7120/ --websocket-url http://localhost:7110/ --storage-url http://localhost:7102/ --storage-plugin-image-url http://localhost:7103/ --storage-plugin-apk-url http://localhost:7104/"" > /home/appium/appium-soft/node-v4.4.0-linux-x64/lib/node_modules/.stf_npminstall/bindings/1.2.1/bindings/bindings.js:91 > throw err > ^ > Error: Could not locate the bindings file. Tried: >  /home/appium/appium-soft/node-v4.4.0-linux-x64/lib/node_modules/.stf_npminstall/zmq/2.14.0/zmq/build/zmq.node >  /home/appium/appium-soft/node-v4.4.0-linux-x64/lib/node_modules/.stf_npminstall/zmq/2.14.0/zmq/build/Debug/zmq.node >  /home/appium/appium-soft/node-v4.4.0-linux-x64/lib/node_modules/.stf_npminstall/zmq/2.14.0/zmq/build/Release/zmq.node >  /home/appium/appium-soft/node-v4.4.0-linux-x64/lib/node_modules/.stf_npminstall/zmq/2.14.0/zmq/out/Debug/zmq.node >  /home/appium/appium-soft/node-v4.4.0-linux-x64/lib/node_modules/.stf_npminstall/zmq/2.14.0/zmq/Debug/zmq.node >  /home/appium/appium-soft/node-v4.4.0-linux-x64/lib/node_modules/.stf_npminstall/zmq/2.14.0/zmq/out/Release/zmq.node >  /home/appium/appium-soft/node-v4.4.0-linux-x64/lib/node_modules/.stf_npminstall/zmq/2.14.0/zmq/Release/zmq.node >  /home/appium/appium-soft/node-v4.4.0-linux-x64/lib/node_modules/.stf_npminstall/zmq/2.14.0/zmq/build/default/zmq.node >  /home/appium/appium-soft/node-v4.4.0-linux-x64/lib/node_modules/.stf_npminstall/zmq/2.14.0/zmq/compiled/4.4.0/linux/x64/zmq.node > at bindings (/home/appium/appium-soft/node-v4.4.0-linux-x64/lib/node_modules/.stf_npminstall/bindings/1.2.1/bindings/bindings.js:88:9) > at Object.<anonymous> (/home/appium/appium-soft/node-v4.4.0-linux-x64/lib/node_modules/.stf_npminstall/zmq/2.14.0/zmq/lib/index.js:6:30) > at Module._compile (module.js:409:26) > at Object.Module._extensions..js (module.js:416:10) > at Module.load (module.js:343:32) > at Function.Module._load (module.js:300:12) > at Module.require (module.js:353:17) > at require (internal/module.js:12:17) > at Object.<anonymous> (/home/appium/appium-soft/node-v4.4.0-linux-x64/lib/node_modules/.stf_npminstall/zmq/2.14.0/zmq/index.js:2:18) > at Module._compile (module.js:409:26) > at Object.Module._extensions..js (module.js:416:10) > at Module.load (module.js:343:32) > at Function.Module._load (module.js:300:12) > at Module.require (module.js:353:17) > at require (internal/module.js:12:17) > at Object.<anonymous> (/home/appium/appium-soft/node-v4.4.0-linux-x64/lib/node_modules/.stf_npminstall/stf/1.1.1/stf/lib/util/zmqutil.js:7:11) > FTL/cli:local 13900 [_] Child process had an error ExitError: Exit code ""1"" > at ChildProcess.<anonymous> (/home/appium/appium-soft/node-v4.4.0-linux-x64/lib/node_modules/.stf_npminstall/stf/1.1.1/stf/lib/util/procutil.js:49:23) > at emitTwo (events.js:87:13) > at ChildProcess.emit (events.js:172:7) > at Process.ChildProcess._handle.onexit (internal/child_process.js:200:12) > INF/cli:local 13900 [_] Shutting down all child processes below is my install log for stf > [root@Appium appium-soft]# cnpm install stf -g > install ldapjs from git git+https://github.com/mcavage/node-ldapjs.git#acc1ca8f4314fd9d67561feabc8ce4c235076a5e, may be very slow, please keep patience > git clone -b acc1ca8f4314fd9d67561feabc8ce4c235076a5e https://github.com/mcavage/node-ldapjs.git /home/appium/appium-soft/node-v4.4.0-linux-x64/lib/node_modules/.stf_npminstall/.tmp/2fc112fb-dac6-4029-b72f-23dd69816c1a --depth=1 > Initialized empty Git repository in /home/appium/appium-soft/node-v4.4.0-linux-x64/lib/node_modules/.stf_npminstall/.tmp/2fc112fb-dac6-4029-b72f-23dd69816c1a/.git/ > [lodash@2.4.2] deprecate: lodash@<3.0.0 is no longer maintained. Upgrade to lodash@^4.0.0. > install xmlhttprequest from remote https://github.com/rase-/node-XMLHttpRequest/archive/a6b6f2.tar.gz, may be very slow, please keep patience > install global from remote https://github.com/component/global/archive/v2.0.1.tar.gz, may be very slow, please keep patience > remote: Counting objects: 1234, done. > remote: Compressing objects: 100% (821/821), done. > remote: Total 1234 (delta 640), reused 902 (delta 390), pack-reused 0 > Receiving objects: 100% (1234/1234), 1.04 MiB | 229 KiB/s, done. > Resolving deltas: 100% (640/640), done. > warning: Remote branch acc1ca8f4314fd9d67561feabc8ce4c235076a5e not found in upstream origin, using HEAD instead > [stf@1.1.1] link /home/appium/appium-soft/node-v4.4.0-linux-x64/bin/stf@ -> ../lib/node_modules/.stf_npminstall/stf/1.1.1/stf/bin/stf > [stf@_] installed at node_modules/.stf_npminstall/stf/1.1.1/stf (0 packages, use 21s, speed 155.89kB/s, json 3.2MB, tarball 0B) > excute post install scripts > [utf-8-validate@1.2.1] scripts.install: ""node-gyp rebuild"" at /home/appium/appium-soft/node-v4.4.0-linux-x64/lib/node_modules/.stf_npminstall/utf-8-validate/1.2.1/utf-8-validate > make: Entering directory `/home/appium/appium-soft/node-v4.4.0-linux-x64/lib/node_modules/.stf_npminstall/utf-8-validate/1.2.1/utf-8-validate/build' > CXX(target) Release/obj.target/validation/src/validation.o > In file included from ../src/validation.cc:15: > ../../../../nan/2.2.0/nan/nan.h:41:3: error: #error This version of node/NAN/v8 requires a C++11 compiler > In file included from ../src/validation.cc:7: > /root/.node-gyp/4.4.0/include/node/v8.h:336: error: expected unqualified-id before using > /root/.node-gyp/4.4.0/include/node/v8.h: In constructor v8::MaybeLocal<T>::MaybeLocal(): > /root/.node-gyp/4.4.0/include/node/v8.h:353: error: nullptr was not declared in this scope > /root/.node-gyp/4.4.0/include/node/v8.h: In member function bool v8::MaybeLocal<T>::IsEmpty() const: > /root/.node-gyp/4.4.0/include/node/v8.h:360: error: nullptr was not declared in this scope > /root/.node-gyp/4.4.0/include/node/v8.h: In member function bool v8::MaybeLocal<T>::ToLocal(v8::Local<S>_) const: > /root/.node-gyp/4.4.0/include/node/v8.h:364: error: nullptr was not declared in this scope > /root/.node-gyp/4.4.0/include/node/v8.h: In member function bool v8::WeakCallbackInfo<T>::IsFirstPass() const: > /root/.node-gyp/4.4.0/include/node/v8.h:430: error: nullptr was not declared in this scope > /root/.node-gyp/4.4.0/include/node/v8.h: At global scope: > /root/.node-gyp/4.4.0/include/node/v8.h:469: error: expected unqualified-id before using > /root/.node-gyp/4.4.0/include/node/v8.h: In constructor v8::Global<T>::Global(): > /root/.node-gyp/4.4.0/include/node/v8.h:790: error: nullptr was not declared in this scope > /root/.node-gyp/4.4.0/include/node/v8.h: In constructor v8::Global<T>::Global(v8::Global<T>&&): > /root/.node-gyp/4.4.0/include/node/v8.h:815: error: nullptr was not declared in this scope > /root/.node-gyp/4.4.0/include/node/v8.h: In member function v8::Global<T>& v8::Global<T>::operator=(v8::Global<S>&&): > /root/.node-gyp/4.4.0/include/node/v8.h:827: error: nullptr was not declared in this scope > /root/.node-gyp/4.4.0/include/node/v8.h: At global scope: > /root/.node-gyp/4.4.0/include/node/v8.h:852: error: expected unqualified-id before using > /root/.node-gyp/4.4.0/include/node/v8.h:1089: error: nullptr was not declared in this scope > /root/.node-gyp/4.4.0/include/node/v8.h:1095: error: nullptr was not declared in this scope > /root/.node-gyp/4.4.0/include/node/v8.h: In member function v8::MaybeLocalv8::Object v8::Function::NewInstance(v8::Localv8::Context) const: > /root/.node-gyp/4.4.0/include/node/v8.h:3205: error: nullptr was not declared in this scope > /root/.node-gyp/4.4.0/include/node/v8.h: In member function v8::Local<T> v8::MaybeLocal<T>::ToLocalChecked(): > /root/.node-gyp/4.4.0/include/node/v8.h:7164: error: nullptr was not declared in this scope > In file included from ../../../../nan/2.2.0/nan/nan.h:194, > from ../src/validation.cc:15: > ../../../../nan/2.2.0/nan/nan_maybe_43_inl.h: At global scope: > ../../../../nan/2.2.0/nan/nan_maybe_43_inl.h:13: error: expected unqualified-id before using > ../../../../nan/2.2.0/nan/nan_maybe_43_inl.h:16: error: expected unqualified-id before using > ../../../../nan/2.2.0/nan/nan_maybe_43_inl.h:19: error: expected initializer before < token > ../../../../nan/2.2.0/nan/nan_maybe_43_inl.h:24: error: expected initializer before < token > ../../../../nan/2.2.0/nan/nan_maybe_43_inl.h:31: error: expected initializer before < token > ../../../../nan/2.2.0/nan/nan_maybe_43_inl.h:36: error: expected initializer before < token > ../../../../nan/2.2.0/nan/nan_maybe_43_inl.h:41: error: expected initializer before < token > ../../../../nan/2.2.0/nan/nan_maybe_43_inl.h:46: error: expected initializer before < token > ../../../../nan/2.2.0/nan/nan_maybe_43_inl.h:51: error: expected initializer before < token > ../../../../nan/2.2.0/nan/nan_maybe_43_inl.h:59: error: expected initializer before < token > ../../../../nan/2.2.0/nan/nan_maybe_43_inl.h:64: error: expected initializer before < token > ../../../../nan/2.2.0/nan/nan_maybe_43_inl.h:69: error: expected initializer before < token > ../../../../nan/2.2.0/nan/nan_maybe_43_inl.h:76: error: expected initializer before < token > ../../../../nan/2.2.0/nan/nan_maybe_43_inl.h:83: error: expected initializer before < token > ../../../../nan/2.2.0/nan/nan_maybe_43_inl.h:91: error: expected initializer before < token > ../../../../nan/2.2.0/nan/nan_maybe_43_inl.h:98: error: expected initializer before < token > ../../../../nan/2.2.0/nan/nan_maybe_43_inl.h:108: error: expected initializer before < token > ../../../../nan/2.2.0/nan/nan_maybe_43_inl.h:114: error: expected initializer before < token > ../../../../nan/2.2.0/nan/nan_maybe_43_inl.h:118: error: expected initializer before < token > ../../../../nan/2.2.0/nan/nan_maybe_43_inl.h:125: error: expected initializer before < token > ../../../../nan/2.2.0/nan/nan_maybe_43_inl.h:130: error: expected initializer before < token > ../../../../nan/2.2.0/nan/nan_maybe_43_inl.h:135: error: expected initializer before < token > ../../../../nan/2.2.0/nan/nan_maybe_43_inl.h:139: error: expected initializer before < token > ../../../../nan/2.2.0/nan/nan_maybe_43_inl.h:145: error: expected initializer before < token > ../../../../nan/2.2.0/nan/nan_maybe_43_inl.h:150: error: expected initializer before < token > ../../../../nan/2.2.0/nan/nan_maybe_43_inl.h:156: error: expected initializer before < token > ../../../../nan/2.2.0/nan/nan_maybe_43_inl.h:162: error: expected initializer before < token > ../../../../nan/2.2.0/nan/nan_maybe_43_inl.h:168: error: expected initializer before < token > ../../../../nan/2.2.0/nan/nan_maybe_43_inl.h:174: error: expected initializer before < token > ../../../../nan/2.2.0/nan/nan_maybe_43_inl.h:180: error: expected initializer before < token > ../../../../nan/2.2.0/nan/nan_maybe_43_inl.h:186: error: expected initializer before < token > ../../../../nan/2.2.0/nan/nan_maybe_43_inl.h:194: error: expected initializer before < token > ../../../../nan/2.2.0/nan/nan_maybe_43_inl.h:201: error: expected initializer before < token > ../../../../nan/2.2.0/nan/nan_maybe_43_inl.h:205: error: expected initializer before < token > ../../../../nan/2.2.0/nan/nan_maybe_43_inl.h:209: error: expected initializer before < token > ../../../../nan/2.2.0/nan/nan_maybe_43_inl.h:213: error: expected initializer before < token > ../../../../nan/2.2.0/nan/nan_maybe_43_inl.h:217: error: expected initializer before < token > ../../../../nan/2.2.0/nan/nan_maybe_43_inl.h:223: error: expected initializer before < token > In file included from ../../../../nan/2.2.0/nan/nan.h:199, > from ../src/validation.cc:15: > ../../../../nan/2.2.0/nan/nan_converters.h:14: error: ISO C++ forbids declaration of MaybeLocal with no type > ../../../../nan/2.2.0/nan/nan_converters.h:14: error: expected ; before < token > ../../../../nan/2.2.0/nan/nan_converters.h:16: error: ISO C++ forbids declaration of Maybe with no type > ../../../../nan/2.2.0/nan/nan_converters.h:16: error: expected ; before < token > ../../../../nan/2.2.0/nan/nan_converters.h:26: error: return_t does not name a type > ../../../../nan/2.2.0/nan/nan_converters.h:27: error: return_t does not name a type > ../../../../nan/2.2.0/nan/nan_converters.h:28: error: return_t does not name a type > ../../../../nan/2.2.0/nan/nan_converters.h:29: error: return_t does not name a type > ../../../../nan/2.2.0/nan/nan_converters.h:30: error: return_t does not name a type > ../../../../nan/2.2.0/nan/nan_converters.h:31: error: return_t does not name a type > ../../../../nan/2.2.0/nan/nan_converters.h:32: error: return_t does not name a type > ../../../../nan/2.2.0/nan/nan_converters.h:42: error: return_t does not name a type > ../../../../nan/2.2.0/nan/nan_converters.h:43: error: return_t does not name a type > ../../../../nan/2.2.0/nan/nan_converters.h:44: error: return_t does not name a type > ../../../../nan/2.2.0/nan/nan_converters.h:45: error: return_t does not name a type > ../../../../nan/2.2.0/nan/nan_converters.h:46: error: return_t does not name a type > In file included from ../../../../nan/2.2.0/nan/nan_converters.h:59, > from ../../../../nan/2.2.0/nan/nan.h:199, > from ../src/validation.cc:15: > ../../../../nan/2.2.0/nan/nan_converters_43_inl.h:18: error: return_t in class Nan::imp::ToFactoryv8::Boolean does not name a type > ../../../../nan/2.2.0/nan/nan_converters_43_inl.h:19: error: return_t in class Nan::imp::ToFactoryv8::Number does not name a type > ../../../../nan/2.2.0/nan/nan_converters_43_inl.h:20: error: return_t in class Nan::imp::ToFactoryv8::String does not name a type > ../../../../nan/2.2.0/nan/nan_converters_43_inl.h:21: error: return_t in class Nan::imp::ToFactoryv8::Object does not name a type > ../../../../nan/2.2.0/nan/nan_converters_43_inl.h:22: error: return_t in class Nan::imp::ToFactoryv8::Integer does not name a type > ../../../../nan/2.2.0/nan/nan_converters_43_inl.h:23: error: return_t in class Nan::imp::ToFactoryv8::Uint32 does not name a type > ../../../../nan/2.2.0/nan/nan_converters_43_inl.h:24: error: return_t in class Nan::imp::ToFactoryv8::Int32 does not name a type > ../../../../nan/2.2.0/nan/nan_converters_43_inl.h:34: error: return_t in class Nan::imp::ToFactory<bool> does not name a type > ../../../../nan/2.2.0/nan/nan_converters_43_inl.h:35: error: return_t in class Nan::imp::ToFactory<double> does not name a type > ../../../../nan/2.2.0/nan/nan_converters_43_inl.h:36: error: return_t in class Nan::imp::ToFactory<long int> does not name a type > ../../../../nan/2.2.0/nan/nan_converters_43_inl.h:37: error: return_t in class Nan::imp::ToFactory<unsigned int> does not name a type > ../../../../nan/2.2.0/nan/nan_converters_43_inl.h:38: error: return_t in class Nan::imp::ToFactory<int> does not name a type > In file included from ../../../../nan/2.2.0/nan/nan.h:200, > from ../src/validation.cc:15: > ../../../../nan/2.2.0/nan/nan_new.h: In function v8::Local<T> Nan::imp::To(v8::Localv8::Integer) [with T = v8::Integer]: > ../../../../nan/2.2.0/nan/nan_new.h:21: error: no matching function for call to To(v8::Localv8::Integer&) > ../../../../nan/2.2.0/nan/nan_new.h: In function v8::Local<T> Nan::imp::To(v8::Localv8::Integer) [with T = v8::Int32]: > ../../../../nan/2.2.0/nan/nan_new.h:28: error: no matching function for call to To(v8::Localv8::Integer&) > ../../../../nan/2.2.0/nan/nan_new.h: In function v8::Local<T> Nan::imp::To(v8::Localv8::Integer) [with T = v8::Uint32]: > ../../../../nan/2.2.0/nan/nan_new.h:35: error: no matching function for call to To(v8::Localv8::Integer&) > ../../../../nan/2.2.0/nan/nan_new.h: At global scope: > ../../../../nan/2.2.0/nan/nan_new.h:43: error: ISO C++ forbids declaration of MaybeLocal with no type > ../../../../nan/2.2.0/nan/nan_new.h:43: error: expected ; before < token > ../../../../nan/2.2.0/nan/nan_new.h:75: error: return_t does not name a type > ../../../../nan/2.2.0/nan/nan_new.h:141: error: return_t does not name a type > ../../../../nan/2.2.0/nan/nan_new.h:147: error: return_t does not name a type > ../../../../nan/2.2.0/nan/nan_new.h:148: error: return_t does not name a type > ../../../../nan/2.2.0/nan/nan_new.h:160: error: return_t does not name a type > ../../../../nan/2.2.0/nan/nan_new.h:161: error: return_t does not name a type > ../../../../nan/2.2.0/nan/nan_new.h:162: error: return_t does not name a type > ../../../../nan/2.2.0/nan/nan_new.h:163: error: return_t does not name a type > ../../../../nan/2.2.0/nan/nan_new.h:165: error: return_t does not name a type > ../../../../nan/2.2.0/nan/nan_new.h:166: error: return_t does not name a type > ../../../../nan/2.2.0/nan/nan_new.h:182: error: return_t does not name a type > ../../../../nan/2.2.0/nan/nan_new.h:183: error: return_t does not name a type > In file included from ../../../../nan/2.2.0/nan/nan_new.h:189, > from ../../../../nan/2.2.0/nan/nan.h:200, > from ../src/validation.cc:15: > ../../../../nan/2.2.0/nan/nan_implementation_12_inl.h:56: error: return_t in class Nan::imp::Factoryv8::Date does not name a type > ../../../../nan/2.2.0/nan/nan_implementation_12_inl.h: In static member function static v8::Localv8::Function Nan::imp::Factoryv8::Function::New(void (_)(const Nan::FunctionCallbackInfov8::Value&), v8::Localv8::Value): > ../../../../nan/2.2.0/nan/nan_implementation_12_inl.h:90: error: NewInstance was not declared in this scope > ../../../../nan/2.2.0/nan/nan_implementation_12_inl.h: In static member function static v8::Localv8::FunctionTemplate Nan::imp::Factoryv8::FunctionTemplate::New(void (_)(const Nan::FunctionCallbackInfov8::Value&), v8::Localv8::Value, v8::Localv8::Signature): > ../../../../nan/2.2.0/nan/nan_implementation_12_inl.h:118: error: NewInstance was not declared in this scope > ../../../../nan/2.2.0/nan/nan_implementation_12_inl.h: At global scope: > ../../../../nan/2.2.0/nan/nan_implementation_12_inl.h:197: error: return_t in class Nan::imp::Factoryv8::RegExp does not name a type > ../../../../nan/2.2.0/nan/nan_implementation_12_inl.h:216: error: return_t in class Nan::imp::Factoryv8::Script does not name a type > ../../../../nan/2.2.0/nan/nan_implementation_12_inl.h:222: error: return_t in class Nan::imp::Factoryv8::Script does not name a type > ../../../../nan/2.2.0/nan/nan_implementation_12_inl.h:254: error: return_t in class Nan::imp::Factoryv8::String does not name a type > ../../../../nan/2.2.0/nan/nan_implementation_12_inl.h:262: error: return_t in class Nan::imp::Factoryv8::String does not name a type > ../../../../nan/2.2.0/nan/nan_implementation_12_inl.h:268: error: return_t in class Nan::imp::Factoryv8::String does not name a type > ../../../../nan/2.2.0/nan/nan_implementation_12_inl.h:275: error: return_t in class Nan::imp::Factoryv8::String does not name a type > ../../../../nan/2.2.0/nan/nan_implementation_12_inl.h:281: error: return_t in class Nan::imp::Factoryv8::String does not name a type > ../../../../nan/2.2.0/nan/nan_implementation_12_inl.h:286: error: return_t in class Nan::imp::Factoryv8::String does not name a type > ../../../../nan/2.2.0/nan/nan_implementation_12_inl.h:347: error: return_t in class Nan::imp::Factoryv8::UnboundScript does not name a type > ../../../../nan/2.2.0/nan/nan_implementation_12_inl.h:354: error: return_t in class Nan::imp::Factoryv8::UnboundScript does not name a type > In file included from ../../../../nan/2.2.0/nan/nan.h:200, > from ../src/validation.cc:15: > ../../../../nan/2.2.0/nan/nan_new.h:293: error: return_t in class Nan::imp::Factoryv8::String does not name a type > ../../../../nan/2.2.0/nan/nan_new.h:299: error: return_t in class Nan::imp::Factoryv8::String does not name a type > ../../../../nan/2.2.0/nan/nan_new.h:305: error: return_t in class Nan::imp::Factoryv8::String does not name a type > ../../../../nan/2.2.0/nan/nan_new.h:311: error: return_t in class Nan::imp::Factoryv8::String does not name a type > ../../../../nan/2.2.0/nan/nan_new.h:317: error: return_t in class Nan::imp::Factoryv8::String does not name a type > ../../../../nan/2.2.0/nan/nan_new.h:323: error: return_t in class Nan::imp::Factoryv8::String does not name a type > ../../../../nan/2.2.0/nan/nan_new.h:329: error: return_t in class Nan::imp::Factoryv8::String does not name a type > ../../../../nan/2.2.0/nan/nan_new.h:335: error: return_t in class Nan::imp::Factoryv8::RegExp does not name a type > In file included from ../src/validation.cc:15: > ../../../../nan/2.2.0/nan/nan.h: In function v8::Localv8::Value Nan::Error(const char_): > ../../../../nan/2.2.0/nan/nan.h:659: error: class v8::Localv8::Boolean has no member named ToLocalChecked > ../../../../nan/2.2.0/nan/nan.h: In function void Nan::ThrowError(const char_): > ../../../../nan/2.2.0/nan/nan.h:659: error: class v8::Localv8::Boolean has no member named ToLocalChecked > ../../../../nan/2.2.0/nan/nan.h: In function v8::Localv8::Value Nan::RangeError(const char_): > ../../../../nan/2.2.0/nan/nan.h:660: error: class v8::Localv8::Boolean has no member named ToLocalChecked > ../../../../nan/2.2.0/nan/nan.h: In function void Nan::ThrowRangeError(const char_): > ../../../../nan/2.2.0/nan/nan.h:660: error: class v8::Localv8::Boolean has no member named ToLocalChecked > ../../../../nan/2.2.0/nan/nan.h: In function v8::Localv8::Value Nan::ReferenceError(const char_): > ../../../../nan/2.2.0/nan/nan.h:661: error: class v8::Localv8::Boolean has no member named ToLocalChecked > ../../../../nan/2.2.0/nan/nan.h: In function void Nan::ThrowReferenceError(const char_): > ../../../../nan/2.2.0/nan/nan.h:661: error: class v8::Localv8::Boolean has no member named ToLocalChecked > ../../../../nan/2.2.0/nan/nan.h: In function v8::Localv8::Value Nan::SyntaxError(const char_): > ../../../../nan/2.2.0/nan/nan.h:662: error: class v8::Localv8::Boolean has no member named ToLocalChecked > ../../../../nan/2.2.0/nan/nan.h: In function void Nan::ThrowSyntaxError(const char_): > ../../../../nan/2.2.0/nan/nan.h:662: error: class v8::Localv8::Boolean has no member named ToLocalChecked > ../../../../nan/2.2.0/nan/nan.h: In function v8::Localv8::Value Nan::TypeError(const char_): > ../../../../nan/2.2.0/nan/nan.h:663: error: class v8::Localv8::Boolean has no member named ToLocalChecked > ../../../../nan/2.2.0/nan/nan.h: In function void Nan::ThrowTypeError(const char_): > ../../../../nan/2.2.0/nan/nan.h:663: error: class v8::Localv8::Boolean has no member named ToLocalChecked > ../../../../nan/2.2.0/nan/nan.h: At global scope: > ../../../../nan/2.2.0/nan/nan.h:671: error: expected initializer before < token > ../../../../nan/2.2.0/nan/nan.h:693: error: expected initializer before < token > ../../../../nan/2.2.0/nan/nan.h:709: error: expected initializer before < token > ../../../../nan/2.2.0/nan/nan.h:722: error: expected initializer before < token > ../../../../nan/2.2.0/nan/nan.h:739: error: expected initializer before < token > ../../../../nan/2.2.0/nan/nan.h:745: error: expected initializer before < token > ../../../../nan/2.2.0/nan/nan.h:753: error: expected initializer before < token > ../../../../nan/2.2.0/nan/nan.h:760: error: expected initializer before < token > ../../../../nan/2.2.0/nan/nan.h:766: error: expected initializer before < token > /root/.node-gyp/4.4.0/include/node/v8.h: In member function void Nan::Callback::SetFunction(const v8::Localv8::Function&): > /root/.node-gyp/4.4.0/include/node/v8.h:3021: error: argument dependent lookup finds class v8::Set > ../../../../nan/2.2.0/nan/nan.h:1402: error: in call to Set > ../../../../nan/2.2.0/nan/nan.h: In member function void Nan::AsyncWorker::SaveToPersistent(const char_, const v8::Localv8::Value&): > ../../../../nan/2.2.0/nan/nan.h:1524: error: class v8::Localv8::Boolean has no member named ToLocalChecked > ../../../../nan/2.2.0/nan/nan.h: In member function v8::Localv8::Value Nan::AsyncWorker::GetFromPersistent(const char_) const: > ../../../../nan/2.2.0/nan/nan.h:1542: error: class v8::Localv8::Boolean has no member named ToLocalChecked > ../../../../nan/2.2.0/nan/nan.h: In member function virtual void Nan::AsyncWorker::HandleErrorCallback(): > ../../../../nan/2.2.0/nan/nan.h:1576: error: no matching function for call to New(const char_) > ../../../../nan/2.2.0/nan/nan.h: In function void Nan::SetMethod(const T&, const char_, void (_)(const Nan::FunctionCallbackInfov8::Value&)): > ../../../../nan/2.2.0/nan/nan.h:1865: error: there are no arguments to GetFunction that depend on a template parameter, so a declaration of GetFunction must be available > ../../../../nan/2.2.0/nan/nan.h:1865: note: (if you use -fpermissive, G++ will accept your code, but allowing the use of an undeclared name is deprecated) > ../../../../nan/2.2.0/nan/nan.h:1866: error: class v8::Localv8::Boolean has no member named ToLocalChecked > ../../../../nan/2.2.0/nan/nan.h: In function void Nan::SetPrototypeMethod(v8::Localv8::FunctionTemplate, const char_, void (_)(const Nan::FunctionCallbackInfov8::Value&)): > ../../../../nan/2.2.0/nan/nan.h:1878: error: GetFunction was not declared in this scope > ../../../../nan/2.2.0/nan/nan.h:1879: error: class v8::Localv8::Boolean has no member named ToLocalChecked > ../../../../nan/2.2.0/nan/nan.h: In function void Nan::SetAccessor(v8::Localv8::ObjectTemplate, v8::Localv8::String, void (_)(v8::Localv8::String, const Nan::PropertyCallbackInfov8::Value&), void (_)(v8::Localv8::String, v8::Localv8::Value, const Nan::PropertyCallbackInfo<void>&), v8::Localv8::Value, v8::AccessControl, v8::PropertyAttribute, Nan::imp::Sig): > ../../../../nan/2.2.0/nan/nan.h:1904: error: NewInstance was not declared in this scope > ../../../../nan/2.2.0/nan/nan.h: In function bool Nan::SetAccessor(v8::Localv8::Object, v8::Localv8::String, void (_)(v8::Localv8::String, const Nan::PropertyCallbackInfov8::Value&), void (_)(v8::Localv8::String, v8::Localv8::Value, const Nan::PropertyCallbackInfo<void>&), v8::Localv8::Value, v8::AccessControl, v8::PropertyAttribute): > ../../../../nan/2.2.0/nan/nan.h:1947: error: NewInstance was not declared in this scope > ../../../../nan/2.2.0/nan/nan.h: In function void Nan::SetNamedPropertyHandler(v8::Localv8::ObjectTemplate, void (_)(v8::Localv8::String, const Nan::PropertyCallbackInfov8::Value&), void (_)(v8::Localv8::String, v8::Localv8::Value, const Nan::PropertyCallbackInfov8::Value&), void (_)(v8::Localv8::String, const Nan::PropertyCallbackInfov8::Integer&), void (_)(v8::Localv8::String, const Nan::PropertyCallbackInfov8::Boolean&), void (_)(const Nan::PropertyCallbackInfov8::Array&), v8::Localv8::Value): > ../../../../nan/2.2.0/nan/nan.h:1995: error: NewInstance was not declared in this scope > ../../../../nan/2.2.0/nan/nan.h: In function void Nan::SetIndexedPropertyHandler(v8::Localv8::ObjectTemplate, void (_)(uint32_t, const Nan::PropertyCallbackInfov8::Value&), void (_)(uint32_t, v8::Localv8::Value, const Nan::PropertyCallbackInfov8::Value&), void (_)(uint32_t, const Nan::PropertyCallbackInfov8::Integer&), void (_)(uint32_t, const Nan::PropertyCallbackInfov8::Boolean&), void (_)(const Nan::PropertyCallbackInfov8::Array&), v8::Localv8::Value): > ../../../../nan/2.2.0/nan/nan.h:2065: error: NewInstance was not declared in this scope > ../../../../nan/2.2.0/nan/nan.h: In function void Nan::SetCallHandler(v8::Localv8::FunctionTemplate, void (_)(const Nan::FunctionCallbackInfov8::Value&), v8::Localv8::Value): > ../../../../nan/2.2.0/nan/nan.h:2120: error: NewInstance was not declared in this scope > ../../../../nan/2.2.0/nan/nan.h: In function void Nan::SetCallAsFunctionHandler(v8::Localv8::ObjectTemplate, void (_)(const Nan::FunctionCallbackInfov8::Value&), v8::Localv8::Value): > ../../../../nan/2.2.0/nan/nan.h:2142: error: NewInstance was not declared in this scope > In file included from ../src/validation.cc:15: > ../../../../nan/2.2.0/nan/nan.h: In function void Nan::Export(Nan::ADDON_REGISTER_FUNCTION_ARGS_TYPE, const char_, void (_)(const Nan::FunctionCallbackInfov8::Value&)): > ../../../../nan/2.2.0/nan/nan.h:2169: error: no matching function for call to New(const char_&) > ../../../../nan/2.2.0/nan/nan.h:2170: error: GetFunction was not declared in this scope > /root/.node-gyp/4.4.0/include/node/v8.h:3021: error: argument dependent lookup finds class v8::Set > ../../../../nan/2.2.0/nan/nan.h:2170: error: in call to Set > ../../../../nan/2.2.0/nan/nan.h: In constructor Nan::Tap::Tap(v8::Localv8::Value): > ../../../../nan/2.2.0/nan/nan.h:2177: error: no matching function for call to To(v8::Localv8::Value&) > ../../../../nan/2.2.0/nan/nan.h: In member function void Nan::Tap::ok(bool, const char_): > ../../../../nan/2.2.0/nan/nan.h:2190: error: class v8::Localv8::Boolean has no member named ToLocalChecked > ../../../../nan/2.2.0/nan/nan.h: In member function void Nan::Tap::pass(const char_): > ../../../../nan/2.2.0/nan/nan.h:2196: error: class v8::Localv8::Boolean has no member named ToLocalChecked > ../../../../nan/2.2.0/nan/nan.h: At global scope: > ../../../../nan/2.2.0/nan/nan.h:2220: error: ISO C++ forbids declaration of MaybeLocal with no type > ../../../../nan/2.2.0/nan/nan.h:2220: error: expected ; before < token > ../../../../nan/2.2.0/nan/nan.h:2223: error: expected ; before } token > ../../../../nan/2.2.0/nan/nan.h:2225: error: MaybeLocal was not declared in this scope > ../../../../nan/2.2.0/nan/nan.h:2225: error: template argument 1 is invalid > ../../../../nan/2.2.0/nan/nan.h:2225: error: expected unqualified-id before > token > ../../../../nan/2.2.0/nan/nan.h:2234: error: expected constructor, destructor, or type conversion before < token > ../src/validation.cc:107: error: v8::Handle has not been declared > ../src/validation.cc:107: error: expected , or  before < token > ../src/validation.cc: In static member function static void Validation::Initialize(int): > ../src/validation.cc:113: error: Set is not a member of Nan > ../src/validation.cc:113: error: target was not declared in this scope > ../src/validation.cc:113: error: no matching function for call to New(const char [11]) > ../src/validation.cc: At global scope: > ../src/validation.cc:141: error: variable or field init declared void > ../src/validation.cc:141: error: Handle was not declared in this scope > ../src/validation.cc:141: error: expected primary-expression before > token > ../src/validation.cc:141: error: target was not declared in this scope > ../src/validation.cc:147: error: init was not declared in this scope > ../src/validation.cc:147: error: too many initializers for node::node_module > In file included from ../src/validation.cc:15: > ../../../../nan/2.2.0/nan/nan.h: In function void Nan::SetMethod(const T&, const char_, void (_)(const Nan::FunctionCallbackInfov8::Value&)) [with T = v8::Localv8::FunctionTemplate]: > ../src/validation.cc:112: instantiated from here > ../../../../nan/2.2.0/nan/nan.h:1865: error: GetFunction was not declared in this scope > make: **\* [Release/obj.target/validation/src/validation.o] Error 1 > make: Leaving directory `/home/appium/appium-soft/node-v4.4.0-linux-x64/lib/node_modules/.stf_npminstall/utf-8-validate/1.2.1/utf-8-validate/build' > gyp ERR! build error > gyp ERR! stack Error:`make` failed with exit code: 2 > gyp ERR! stack at ChildProcess.onExit (/home/appium/appium-soft/node-v4.4.0-linux-x64/lib/node_modules/cnpm/node_modules/npminstall/node_modules/node-gyp/lib/build.js:276:23) > gyp ERR! stack at emitTwo (events.js:87:13) > gyp ERR! stack at ChildProcess.emit (events.js:172:7) > gyp ERR! stack at Process.ChildProcess._handle.onexit (internal/child_process.js:200:12) > gyp ERR! System Linux 2.6.32-573.18.1.el6.x86_64 > gyp ERR! command ""/home/appium/appium-soft/node-v4.4.0-linux-x64/bin/node"" ""/home/appium/appium-soft/node-v4.4.0-linux-x64/lib/node_modules/cnpm/node_modules/npminstall/node_modules/.bin/node-gyp"" ""rebuild"" > gyp ERR! cwd /home/appium/appium-soft/node-v4.4.0-linux-x64/lib/node_modules/.stf_npminstall/utf-8-validate/1.2.1/utf-8-validate > gyp ERR! node -v v4.4.0 > gyp ERR! node-gyp -v v3.2.1 > gyp ERR! not ok > [Error: Run ""sh -c node-gyp rebuild"" error, exit code 1 > at ChildProcess.<anonymous> (/home/appium/appium-soft/node-v4.4.0-linux-x64/lib/node_modules/cnpm/node_modules/npminstall/node_modules/runscript/index.js:67:21) > at emitTwo (events.js:87:13) > at ChildProcess.emit (events.js:172:7) > at maybeClose (internal/child_process.js:827:16) > at Process.ChildProcess._handle.onexit (internal/child_process.js:211:5)@%s] optional error: %s > All packages installed (359 packages installed from npm registry, 2 packages installed from remote url, 1 packages installed from git, use 22s, speed 148.73kB/s, json 428(3.2MB), tarball 0B) other-file",no-bug,0.9
98,stf,https://github.com/openstf/stf/issues/98,Orientation change issue,"When I change the orientation to landscape and then to potrait, device is frozen. Only device can use after reboot. How can I fix this issue, what is the problem you think. Device: HTC One X Android:4.2.2 Some part of log: INF/device:plugins:screen:stream 7860 [HT25BW100273] minicap says: ""INFO: Using projection 720x1280@292x519/0"" INF/device:plugins:screen:stream 7860 [HT25BW100273] Connecting to minicap service INF/device:plugins:screen:stream 7860 [HT25BW100273] minicap says: ""INFO: (external/MY_minicap/src/minicap_17.cpp:239) Creating SurfaceComposerClient"" INF/device:plugins:screen:stream 7860 [HT25BW100273] minicap says: ""INFO: (external/MY_minicap/src/minicap_17.cpp:242) Performing SurfaceComposerClient init check"" INF/device:plugins:screen:stream 7860 [HT25BW100273] minicap says: ""INFO: (external/MY_minicap/src/minicap_17.cpp:249) Creating virtual display"" INF/device:plugins:screen:stream 7860 [HT25BW100273] minicap says: ""INFO: (external/MY_minicap/src/minicap_17.cpp:255) Creating CPU consumer"" INF/device:plugins:screen:stream 7860 [HT25BW100273] minicap says: ""INFO: (external/MY_minicap/src/minicap_17.cpp:259) Creating buffer queue"" INF/device:plugins:screen:stream 7860 [HT25BW100273] minicap says: ""INFO: (external/MY_minicap/src/minicap_17.cpp:265) Creating frame waiter"" INF/device:plugins:screen:stream 7860 [HT25BW100273] minicap says: ""INFO: (external/MY_minicap/src/minicap_17.cpp:269) Publishing virtual display"" INF/device:plugins:screen:stream 7860 [HT25BW100273] minicap says: ""INFO: (jni/minicap/JpgEncoder.cpp:64) Allocating 2766852 bytes for JPG encoder"" INF/device:plugins:screen:stream 7860 [HT25BW100273] Reading minicap banner INF/device:plugins:screen:stream 7860 [HT25BW100273] minicap says: ""INFO: (jni/minicap/minicap.cpp:444) New client connection"" INF/device:plugins:display 7860 [HT25BW100273] Rotation changed to 90 INF/device:plugins:screen:stream 7860 [HT25BW100273] Setting frame producer rotation to 90 INF/device:plugins:screen:stream 7860 [HT25BW100273] Disconnecting from minicap service INF/device:plugins:screen:stream 7860 [HT25BW100273] Stopping minicap service INF/device:plugins:screen:stream 7860 [HT25BW100273] Sending SIGTERM to minicap INF/device:plugins:screen:stream 7860 [HT25BW100273] minicap says: ""INFO: (jni/minicap/minicap.cpp:196) Received SIGTERM, stopping"" INF/device:plugins:screen:stream 7860 [HT25BW100273] minicap says: ""INFO: (jni/minicap/minicap.cpp:512) Closing client connection"" INF/device:plugins:screen:stream 7860 [HT25BW100273] minicap says: ""INFO: (external/MY_minicap/src/minicap_17.cpp:284) Destroying virtual display"" INF/device:plugins:screen:stream 7860 [HT25BW100273] Launching screen service INF/device:plugins:screen:stream 7860 [HT25BW100273] minicap says: ""PID: 8474"" INF/device:plugins:screen:stream 7860 [HT25BW100273] minicap says: ""INFO: Using projection 720x1280@292x519/1"" INF/device:plugins:screen:stream 7860 [HT25BW100273] minicap says: ""INFO: (external/MY_minicap/src/minicap_17.cpp:239) Creating SurfaceComposerClient"" INF/device:plugins:screen:stream 7860 [HT25BW100273] Connecting to minicap service INF/device:plugins:screen:stream 7860 [HT25BW100273] minicap says: ""INFO: (external/MY_minicap/src/minicap_17.cpp:242) Performing SurfaceComposerClient init check"" INF/device:plugins:screen:stream 7860 [HT25BW100273] minicap says: ""INFO: (external/MY_minicap/src/minicap_17.cpp:249) Creating virtual display"" INF/device:plugins:screen:stream 7860 [HT25BW100273] minicap says: ""INFO: (external/MY_minicap/src/minicap_17.cpp:255) Creating CPU consumer"" INF/device:plugins:screen:stream 7860 [HT25BW100273] minicap says: ""INFO: (external/MY_minicap/src/minicap_17.cpp:259) Creating buffer queue"" INF/device:plugins:screen:stream 7860 [HT25BW100273] minicap says: ""INFO: (external/MY_minicap/src/minicap_17.cpp:265) Creating frame waiter"" INF/device:plugins:screen:stream 7860 [HT25BW100273] minicap says: ""INFO: (external/MY_minicap/src/minicap_17.cpp:269) Publishing virtual display"" INF/device:plugins:screen:stream 7860 [HT25BW100273] minicap says: ""INFO: (jni/minicap/JpgEncoder.cpp:64) Allocating 2766852 bytes for JPG encoder"" INF/device:plugins:screen:stream 7860 [HT25BW100273] Reading minicap banner INF/device:plugins:screen:stream 7860 [HT25BW100273] minicap says: ""INFO: (jni/minicap/minicap.cpp:444) New client connection"" INF/device:plugins:display 7860 [HT25BW100273] Rotation changed to 0 INF/device:plugins:screen:stream 7860 [HT25BW100273] Setting frame producer rotation to 0 INF/device:plugins:screen:stream 7860 [HT25BW100273] Disconnecting from minicap service INF/device:plugins:screen:stream 7860 [HT25BW100273] Stopping minicap service INF/device:plugins:screen:stream 7860 [HT25BW100273] Sending SIGTERM to minicap INF/device:plugins:screen:stream 7860 [HT25BW100273] minicap says: ""INFO: (jni/minicap/minicap.cpp:512) Closing client connection"" INF/device:plugins:screen:stream 7860 [HT25BW100273] minicap says: ""INFO: (jni/minicap/minicap.cpp:196) Received SIGTERM, stopping"" INF/device:plugins:screen:stream 7860 [HT25BW100273] minicap says: ""INFO: (external/MY_minicap/src/minicap_17.cpp:284) Destroying virtual display"" INF/device:plugins:screen:stream 7860 [HT25BW100273] Launching screen service INF/device:plugins:screen:stream 7860 [HT25BW100273] minicap says: ""PID: 8491"" INF/device:plugins:screen:stream 7860 [HT25BW100273] minicap says: ""INFO: Using projection 720x1280@292x519/0"" INF/device:plugins:screen:stream 7860 [HT25BW100273] minicap says: ""INFO: (external/MY_minicap/src/minicap_17.cpp:239) Creating SurfaceComposerClient"" INF/device:plugins:screen:stream 7860 [HT25BW100273] Connecting to minicap service INF/device:plugins:screen:stream 7860 [HT25BW100273] minicap says: ""INFO: (external/MY_minicap/src/minicap_17.cpp:242) Performing SurfaceComposerClient init check"" INF/device:plugins:screen:stream 7860 [HT25BW100273] minicap says: ""INFO: (external/MY_minicap/src/minicap_17.cpp:249) Creating virtual display"" INF/device:plugins:screen:stream 7860 [HT25BW100273] minicap says: ""INFO: (external/MY_minicap/src/minicap_17.cpp:255) Creating CPU consumer"" INF/device:plugins:screen:stream 7860 [HT25BW100273] minicap says: ""INFO: (external/MY_minicap/src/minicap_17.cpp:259) Creating buffer queue"" INF/device:plugins:screen:stream 7860 [HT25BW100273] minicap says: ""INFO: (external/MY_minicap/src/minicap_17.cpp:265) Creating frame waiter"" INF/device:plugins:screen:stream 7860 [HT25BW100273] minicap says: ""INFO: (external/MY_minicap/src/minicap_17.cpp:269) Publishing virtual display"" INF/device:plugins:screen:stream 7860 [HT25BW100273] minicap says: ""INFO: (jni/minicap/JpgEncoder.cpp:64) Allocating 2766852 bytes for JPG encoder"" INF/device:plugins:screen:stream 7860 [HT25BW100273] Reading minicap banner INF/device:plugins:screen:stream 7860 [HT25BW100273] minicap says: ""INFO: (jni/minicap/minicap.cpp:444) New client connection"" INF/device:plugins:display 7860 [HT25BW100273] Rotation changed to 90 INF/device:plugins:screen:stream 7860 [HT25BW100273] Setting frame producer rotation to 90 INF/device:plugins:screen:stream 7860 [HT25BW100273] Disconnecting from minicap service INF/device:plugins:screen:stream 7860 [HT25BW100273] Stopping minicap service INF/device:plugins:screen:stream 7860 [HT25BW100273] Sending SIGTERM to minicap INF/device:plugins:screen:stream 7860 [HT25BW100273] minicap says: ""INFO: (jni/minicap/minicap.cpp:196) Received SIGTERM, stopping"" INF/device:plugins:screen:stream 7860 [HT25BW100273] minicap says: ""INFO: (jni/minicap/minicap.cpp:512) Closing client connection"" INF/device:plugins:screen:stream 7860 [HT25BW100273] minicap says: ""INFO: (external/MY_minicap/src/minicap_17.cpp:284) Destroying virtual display"" INF/device:plugins:screen:stream 7860 [HT25BW100273] Launching screen service INF/device:plugins:screen:stream 7860 [HT25BW100273] minicap says: ""PID: 8513"" INF/device:plugins:screen:stream 7860 [HT25BW100273] minicap says: ""INFO: Using projection 720x1280@292x519/1"" INF/device:plugins:screen:stream 7860 [HT25BW100273] minicap says: ""INFO: (external/MY_minicap/src/minicap_17.cpp:239) Creating SurfaceComposerClient"" INF/device:plugins:screen:stream 7860 [HT25BW100273] Connecting to minicap service INF/device:plugins:screen:stream 7860 [HT25BW100273] minicap says: ""INFO: (external/MY_minicap/src/minicap_17.cpp:242) Performing SurfaceComposerClient init check"" INF/device:plugins:screen:stream 7860 [HT25BW100273] minicap says: ""INFO: (external/MY_minicap/src/minicap_17.cpp:249) Creating virtual display"" INF/device:plugins:screen:stream 7860 [HT25BW100273] minicap says: ""INFO: (external/MY_minicap/src/minicap_17.cpp:255) Creating CPU consumer"" INF/device:plugins:screen:stream 7860 [HT25BW100273] minicap says: ""INFO: (external/MY_minicap/src/minicap_17.cpp:259) Creating buffer queue"" INF/device:plugins:screen:stream 7860 [HT25BW100273] minicap says: ""INFO: (external/MY_minicap/src/minicap_17.cpp:265) Creating frame waiter"" INF/device:plugins:screen:stream 7860 [HT25BW100273] minicap says: ""INFO: (external/MY_minicap/src/minicap_17.cpp:269) Publishing virtual display"" INF/device:plugins:screen:stream 7860 [HT25BW100273] minicap says: ""INFO: (jni/minicap/JpgEncoder.cpp:64) Allocating 2766852 bytes for JPG encoder"" INF/device:plugins:display 7860 [HT25BW100273] Rotation changed to 0 INF/device:plugins:screen:stream 7860 [HT25BW100273] Setting frame producer rotation to 0 INF/device:plugins:screen:stream 7860 [HT25BW100273] Reading minicap banner INF/device:plugins:screen:stream 7860 [HT25BW100273] minicap says: ""INFO: (jni/minicap/minicap.cpp:444) New client connection"" INF/device:plugins:screen:stream 7860 [HT25BW100273] Disconnecting from minicap service INF/device:plugins:screen:stream 7860 [HT25BW100273] Stopping minicap service INF/device:plugins:screen:stream 7860 [HT25BW100273] Sending SIGTERM to minicap INF/device:plugins:screen:stream 7860 [HT25BW100273] minicap says: ""INFO: (jni/minicap/minicap.cpp:512) Closing client connection"" INF/device:plugins:screen:stream 7860 [HT25BW100273] minicap says: ""INFO: (jni/minicap/minicap.cpp:196) Received SIGTERM, stopping"" INF/device:plugins:screen:stream 7860 [HT25BW100273] minicap says: ""INFO: (external/MY_minicap/src/minicap_17.cpp:284) Destroying virtual display"" INF/device:plugins:screen:stream 7860 [HT25BW100273] Launching screen service INF/device:plugins:screen:stream 7860 [HT25BW100273] minicap says: ""PID: 8527"" INF/device:plugins:screen:stream 7860 [HT25BW100273] minicap says: ""INFO: Using projection 720x1280@292x519/0"" INF/device:plugins:screen:stream 7860 [HT25BW100273] minicap says: ""INFO: (external/MY_minicap/src/minicap_17.cpp:239) Creating SurfaceComposerClient"" INF/device:plugins:screen:stream 7860 [HT25BW100273] minicap says: ""INFO: (external/MY_minicap/src/minicap_17.cpp:242) Performing SurfaceComposerClient init check"" INF/device:plugins:screen:stream 7860 [HT25BW100273] minicap says: ""INFO: (external/MY_minicap/src/minicap_17.cpp:249) Creating virtual display"" INF/device:plugins:screen:stream 7860 [HT25BW100273] minicap says: ""INFO: (external/MY_minicap/src/minicap_17.cpp:255) Creating CPU consumer"" INF/device:plugins:screen:stream 7860 [HT25BW100273] minicap says: ""INFO: (external/MY_minicap/src/minicap_17.cpp:259) Creating buffer queue"" INF/device:plugins:screen:stream 7860 [HT25BW100273] minicap says: ""INFO: (external/MY_minicap/src/minicap_17.cpp:265) Creating frame waiter"" INF/device:plugins:screen:stream 7860 [HT25BW100273] minicap says: ""INFO: (external/MY_minicap/src/minicap_17.cpp:269) Publishing virtual display"" INF/device:plugins:screen:stream 7860 [HT25BW100273] Connecting to minicap service INF/device:plugins:screen:stream 7860 [HT25BW100273] Disconnecting from minicap service INF/device:plugins:screen:stream 7860 [HT25BW100273] Stopping minicap service INF/device:plugins:screen:stream 7860 [HT25BW100273] Sending SIGTERM to minicap INF/device:plugins:screen:stream 7860 [HT25BW100273] minicap says: ""INFO: (jni/minicap/minicap.cpp:196) Received SIGTERM, stopping"" INF/device:plugins:screen:stream 7860 [HT25BW100273] Sending SIGKILL to minicap FTL/device:plugins:screen:stream 7860 [HT25BW100273] Frame producer had an error FailError: Failure: 'closed' at /usr/local/lib/node_modules/stf/node_modules/adbkit/lib/adb/parser.js:226:31 at processImmediate [as _immediateCallback](timers.js:371:17) FTL/util:lifecycle 7860 [HT25BW100273] Shutting down due to fatal error INF/provider 7449 [_] Cleaning up device worker ""HT25BW100273"" ERR/provider 7449 [_] Device worker ""HT25BW100273"" died with code 1 INF/provider 7449 [*] Restarting device worker ""HT25BW100273"" INF/device:support:push 7893 [HT25BW100273] Sending output to ""tcp://127.0.0.1:7116""",other-file,"Orientation change issue When I change the orientation to landscape and then to potrait, device is frozen. Only device can use after reboot. How can I fix this issue, what is the problem you think. Device: HTC One X Android:4.2.2 Some part of log: INF/device:plugins:screen:stream 7860 [HT25BW100273] minicap says: ""INFO: Using projection 720x1280@292x519/0"" INF/device:plugins:screen:stream 7860 [HT25BW100273] Connecting to minicap service INF/device:plugins:screen:stream 7860 [HT25BW100273] minicap says: ""INFO: (external/MY_minicap/src/minicap_17.cpp:239) Creating SurfaceComposerClient"" INF/device:plugins:screen:stream 7860 [HT25BW100273] minicap says: ""INFO: (external/MY_minicap/src/minicap_17.cpp:242) Performing SurfaceComposerClient init check"" INF/device:plugins:screen:stream 7860 [HT25BW100273] minicap says: ""INFO: (external/MY_minicap/src/minicap_17.cpp:249) Creating virtual display"" INF/device:plugins:screen:stream 7860 [HT25BW100273] minicap says: ""INFO: (external/MY_minicap/src/minicap_17.cpp:255) Creating CPU consumer"" INF/device:plugins:screen:stream 7860 [HT25BW100273] minicap says: ""INFO: (external/MY_minicap/src/minicap_17.cpp:259) Creating buffer queue"" INF/device:plugins:screen:stream 7860 [HT25BW100273] minicap says: ""INFO: (external/MY_minicap/src/minicap_17.cpp:265) Creating frame waiter"" INF/device:plugins:screen:stream 7860 [HT25BW100273] minicap says: ""INFO: (external/MY_minicap/src/minicap_17.cpp:269) Publishing virtual display"" INF/device:plugins:screen:stream 7860 [HT25BW100273] minicap says: ""INFO: (jni/minicap/JpgEncoder.cpp:64) Allocating 2766852 bytes for JPG encoder"" INF/device:plugins:screen:stream 7860 [HT25BW100273] Reading minicap banner INF/device:plugins:screen:stream 7860 [HT25BW100273] minicap says: ""INFO: (jni/minicap/minicap.cpp:444) New client connection"" INF/device:plugins:display 7860 [HT25BW100273] Rotation changed to 90 INF/device:plugins:screen:stream 7860 [HT25BW100273] Setting frame producer rotation to 90 INF/device:plugins:screen:stream 7860 [HT25BW100273] Disconnecting from minicap service INF/device:plugins:screen:stream 7860 [HT25BW100273] Stopping minicap service INF/device:plugins:screen:stream 7860 [HT25BW100273] Sending SIGTERM to minicap INF/device:plugins:screen:stream 7860 [HT25BW100273] minicap says: ""INFO: (jni/minicap/minicap.cpp:196) Received SIGTERM, stopping"" INF/device:plugins:screen:stream 7860 [HT25BW100273] minicap says: ""INFO: (jni/minicap/minicap.cpp:512) Closing client connection"" INF/device:plugins:screen:stream 7860 [HT25BW100273] minicap says: ""INFO: (external/MY_minicap/src/minicap_17.cpp:284) Destroying virtual display"" INF/device:plugins:screen:stream 7860 [HT25BW100273] Launching screen service INF/device:plugins:screen:stream 7860 [HT25BW100273] minicap says: ""PID: 8474"" INF/device:plugins:screen:stream 7860 [HT25BW100273] minicap says: ""INFO: Using projection 720x1280@292x519/1"" INF/device:plugins:screen:stream 7860 [HT25BW100273] minicap says: ""INFO: (external/MY_minicap/src/minicap_17.cpp:239) Creating SurfaceComposerClient"" INF/device:plugins:screen:stream 7860 [HT25BW100273] Connecting to minicap service INF/device:plugins:screen:stream 7860 [HT25BW100273] minicap says: ""INFO: (external/MY_minicap/src/minicap_17.cpp:242) Performing SurfaceComposerClient init check"" INF/device:plugins:screen:stream 7860 [HT25BW100273] minicap says: ""INFO: (external/MY_minicap/src/minicap_17.cpp:249) Creating virtual display"" INF/device:plugins:screen:stream 7860 [HT25BW100273] minicap says: ""INFO: (external/MY_minicap/src/minicap_17.cpp:255) Creating CPU consumer"" INF/device:plugins:screen:stream 7860 [HT25BW100273] minicap says: ""INFO: (external/MY_minicap/src/minicap_17.cpp:259) Creating buffer queue"" INF/device:plugins:screen:stream 7860 [HT25BW100273] minicap says: ""INFO: (external/MY_minicap/src/minicap_17.cpp:265) Creating frame waiter"" INF/device:plugins:screen:stream 7860 [HT25BW100273] minicap says: ""INFO: (external/MY_minicap/src/minicap_17.cpp:269) Publishing virtual display"" INF/device:plugins:screen:stream 7860 [HT25BW100273] minicap says: ""INFO: (jni/minicap/JpgEncoder.cpp:64) Allocating 2766852 bytes for JPG encoder"" INF/device:plugins:screen:stream 7860 [HT25BW100273] Reading minicap banner INF/device:plugins:screen:stream 7860 [HT25BW100273] minicap says: ""INFO: (jni/minicap/minicap.cpp:444) New client connection"" INF/device:plugins:display 7860 [HT25BW100273] Rotation changed to 0 INF/device:plugins:screen:stream 7860 [HT25BW100273] Setting frame producer rotation to 0 INF/device:plugins:screen:stream 7860 [HT25BW100273] Disconnecting from minicap service INF/device:plugins:screen:stream 7860 [HT25BW100273] Stopping minicap service INF/device:plugins:screen:stream 7860 [HT25BW100273] Sending SIGTERM to minicap INF/device:plugins:screen:stream 7860 [HT25BW100273] minicap says: ""INFO: (jni/minicap/minicap.cpp:512) Closing client connection"" INF/device:plugins:screen:stream 7860 [HT25BW100273] minicap says: ""INFO: (jni/minicap/minicap.cpp:196) Received SIGTERM, stopping"" INF/device:plugins:screen:stream 7860 [HT25BW100273] minicap says: ""INFO: (external/MY_minicap/src/minicap_17.cpp:284) Destroying virtual display"" INF/device:plugins:screen:stream 7860 [HT25BW100273] Launching screen service INF/device:plugins:screen:stream 7860 [HT25BW100273] minicap says: ""PID: 8491"" INF/device:plugins:screen:stream 7860 [HT25BW100273] minicap says: ""INFO: Using projection 720x1280@292x519/0"" INF/device:plugins:screen:stream 7860 [HT25BW100273] minicap says: ""INFO: (external/MY_minicap/src/minicap_17.cpp:239) Creating SurfaceComposerClient"" INF/device:plugins:screen:stream 7860 [HT25BW100273] Connecting to minicap service INF/device:plugins:screen:stream 7860 [HT25BW100273] minicap says: ""INFO: (external/MY_minicap/src/minicap_17.cpp:242) Performing SurfaceComposerClient init check"" INF/device:plugins:screen:stream 7860 [HT25BW100273] minicap says: ""INFO: (external/MY_minicap/src/minicap_17.cpp:249) Creating virtual display"" INF/device:plugins:screen:stream 7860 [HT25BW100273] minicap says: ""INFO: (external/MY_minicap/src/minicap_17.cpp:255) Creating CPU consumer"" INF/device:plugins:screen:stream 7860 [HT25BW100273] minicap says: ""INFO: (external/MY_minicap/src/minicap_17.cpp:259) Creating buffer queue"" INF/device:plugins:screen:stream 7860 [HT25BW100273] minicap says: ""INFO: (external/MY_minicap/src/minicap_17.cpp:265) Creating frame waiter"" INF/device:plugins:screen:stream 7860 [HT25BW100273] minicap says: ""INFO: (external/MY_minicap/src/minicap_17.cpp:269) Publishing virtual display"" INF/device:plugins:screen:stream 7860 [HT25BW100273] minicap says: ""INFO: (jni/minicap/JpgEncoder.cpp:64) Allocating 2766852 bytes for JPG encoder"" INF/device:plugins:screen:stream 7860 [HT25BW100273] Reading minicap banner INF/device:plugins:screen:stream 7860 [HT25BW100273] minicap says: ""INFO: (jni/minicap/minicap.cpp:444) New client connection"" INF/device:plugins:display 7860 [HT25BW100273] Rotation changed to 90 INF/device:plugins:screen:stream 7860 [HT25BW100273] Setting frame producer rotation to 90 INF/device:plugins:screen:stream 7860 [HT25BW100273] Disconnecting from minicap service INF/device:plugins:screen:stream 7860 [HT25BW100273] Stopping minicap service INF/device:plugins:screen:stream 7860 [HT25BW100273] Sending SIGTERM to minicap INF/device:plugins:screen:stream 7860 [HT25BW100273] minicap says: ""INFO: (jni/minicap/minicap.cpp:196) Received SIGTERM, stopping"" INF/device:plugins:screen:stream 7860 [HT25BW100273] minicap says: ""INFO: (jni/minicap/minicap.cpp:512) Closing client connection"" INF/device:plugins:screen:stream 7860 [HT25BW100273] minicap says: ""INFO: (external/MY_minicap/src/minicap_17.cpp:284) Destroying virtual display"" INF/device:plugins:screen:stream 7860 [HT25BW100273] Launching screen service INF/device:plugins:screen:stream 7860 [HT25BW100273] minicap says: ""PID: 8513"" INF/device:plugins:screen:stream 7860 [HT25BW100273] minicap says: ""INFO: Using projection 720x1280@292x519/1"" INF/device:plugins:screen:stream 7860 [HT25BW100273] minicap says: ""INFO: (external/MY_minicap/src/minicap_17.cpp:239) Creating SurfaceComposerClient"" INF/device:plugins:screen:stream 7860 [HT25BW100273] Connecting to minicap service INF/device:plugins:screen:stream 7860 [HT25BW100273] minicap says: ""INFO: (external/MY_minicap/src/minicap_17.cpp:242) Performing SurfaceComposerClient init check"" INF/device:plugins:screen:stream 7860 [HT25BW100273] minicap says: ""INFO: (external/MY_minicap/src/minicap_17.cpp:249) Creating virtual display"" INF/device:plugins:screen:stream 7860 [HT25BW100273] minicap says: ""INFO: (external/MY_minicap/src/minicap_17.cpp:255) Creating CPU consumer"" INF/device:plugins:screen:stream 7860 [HT25BW100273] minicap says: ""INFO: (external/MY_minicap/src/minicap_17.cpp:259) Creating buffer queue"" INF/device:plugins:screen:stream 7860 [HT25BW100273] minicap says: ""INFO: (external/MY_minicap/src/minicap_17.cpp:265) Creating frame waiter"" INF/device:plugins:screen:stream 7860 [HT25BW100273] minicap says: ""INFO: (external/MY_minicap/src/minicap_17.cpp:269) Publishing virtual display"" INF/device:plugins:screen:stream 7860 [HT25BW100273] minicap says: ""INFO: (jni/minicap/JpgEncoder.cpp:64) Allocating 2766852 bytes for JPG encoder"" INF/device:plugins:display 7860 [HT25BW100273] Rotation changed to 0 INF/device:plugins:screen:stream 7860 [HT25BW100273] Setting frame producer rotation to 0 INF/device:plugins:screen:stream 7860 [HT25BW100273] Reading minicap banner INF/device:plugins:screen:stream 7860 [HT25BW100273] minicap says: ""INFO: (jni/minicap/minicap.cpp:444) New client connection"" INF/device:plugins:screen:stream 7860 [HT25BW100273] Disconnecting from minicap service INF/device:plugins:screen:stream 7860 [HT25BW100273] Stopping minicap service INF/device:plugins:screen:stream 7860 [HT25BW100273] Sending SIGTERM to minicap INF/device:plugins:screen:stream 7860 [HT25BW100273] minicap says: ""INFO: (jni/minicap/minicap.cpp:512) Closing client connection"" INF/device:plugins:screen:stream 7860 [HT25BW100273] minicap says: ""INFO: (jni/minicap/minicap.cpp:196) Received SIGTERM, stopping"" INF/device:plugins:screen:stream 7860 [HT25BW100273] minicap says: ""INFO: (external/MY_minicap/src/minicap_17.cpp:284) Destroying virtual display"" INF/device:plugins:screen:stream 7860 [HT25BW100273] Launching screen service INF/device:plugins:screen:stream 7860 [HT25BW100273] minicap says: ""PID: 8527"" INF/device:plugins:screen:stream 7860 [HT25BW100273] minicap says: ""INFO: Using projection 720x1280@292x519/0"" INF/device:plugins:screen:stream 7860 [HT25BW100273] minicap says: ""INFO: (external/MY_minicap/src/minicap_17.cpp:239) Creating SurfaceComposerClient"" INF/device:plugins:screen:stream 7860 [HT25BW100273] minicap says: ""INFO: (external/MY_minicap/src/minicap_17.cpp:242) Performing SurfaceComposerClient init check"" INF/device:plugins:screen:stream 7860 [HT25BW100273] minicap says: ""INFO: (external/MY_minicap/src/minicap_17.cpp:249) Creating virtual display"" INF/device:plugins:screen:stream 7860 [HT25BW100273] minicap says: ""INFO: (external/MY_minicap/src/minicap_17.cpp:255) Creating CPU consumer"" INF/device:plugins:screen:stream 7860 [HT25BW100273] minicap says: ""INFO: (external/MY_minicap/src/minicap_17.cpp:259) Creating buffer queue"" INF/device:plugins:screen:stream 7860 [HT25BW100273] minicap says: ""INFO: (external/MY_minicap/src/minicap_17.cpp:265) Creating frame waiter"" INF/device:plugins:screen:stream 7860 [HT25BW100273] minicap says: ""INFO: (external/MY_minicap/src/minicap_17.cpp:269) Publishing virtual display"" INF/device:plugins:screen:stream 7860 [HT25BW100273] Connecting to minicap service INF/device:plugins:screen:stream 7860 [HT25BW100273] Disconnecting from minicap service INF/device:plugins:screen:stream 7860 [HT25BW100273] Stopping minicap service INF/device:plugins:screen:stream 7860 [HT25BW100273] Sending SIGTERM to minicap INF/device:plugins:screen:stream 7860 [HT25BW100273] minicap says: ""INFO: (jni/minicap/minicap.cpp:196) Received SIGTERM, stopping"" INF/device:plugins:screen:stream 7860 [HT25BW100273] Sending SIGKILL to minicap FTL/device:plugins:screen:stream 7860 [HT25BW100273] Frame producer had an error FailError: Failure: 'closed' at /usr/local/lib/node_modules/stf/node_modules/adbkit/lib/adb/parser.js:226:31 at processImmediate [as _immediateCallback](timers.js:371:17) FTL/util:lifecycle 7860 [HT25BW100273] Shutting down due to fatal error INF/provider 7449 [_] Cleaning up device worker ""HT25BW100273"" ERR/provider 7449 [_] Device worker ""HT25BW100273"" died with code 1 INF/provider 7449 [*] Restarting device worker ""HT25BW100273"" INF/device:support:push 7893 [HT25BW100273] Sending output to ""tcp://127.0.0.1:7116"" other-file",no-bug,0.95
184,stf,https://github.com/openstf/stf/issues/184,Frame freezes when a screenshot is taken.,"Hi, at first, I'am writing my master thesis about remote controlling a smartphone for a german automotive company and we're amazed how capable your solution is compared to the other solutions there are considering they all cost a lot of money. Especially your capabilities for manual testing! They are miles better then every solution I looked into. Maybe we are missing one or two features but the rest ist amazing. It could happen that we will try to develop them in house and we are willing to share them with you. Right now I'am evaluating this scenario and calculating the possible costs for one or two small features and a big feature like Appium integration or iOS support. I wil discuss my results with my higher ups and can give you a feedback if you want to. Right now we're testing your solution with serveral employees who are doing manuel application test for one of our costumers. We got a very postive feedback. But there is one big issue. I don't know if it's a problem with our hubs (the plugable hubs are ordered) or if it's a bug: Every time we want to take a screenshot with ""right click"" on the screen and ""Save Screenshot"" the screen freezes and we must refresh the page to control the smartphone again. Is it a known bug or is it a problem on our configuration. We're running STF on a ubuntu server on a ESXi host with stf version 1.0.10. I can't see any errors in the server logs. Oh and I actually talked to the CTO of Testobject and he mentioned he was/is in touch with you guys. For more information we may write a personal message. Thank you for your amazing work and your help! Kind regards Felix Hahn",source-file | source-file,"Frame freezes when a screenshot is taken. Hi, at first, I'am writing my master thesis about remote controlling a smartphone for a german automotive company and we're amazed how capable your solution is compared to the other solutions there are considering they all cost a lot of money. Especially your capabilities for manual testing! They are miles better then every solution I looked into. Maybe we are missing one or two features but the rest ist amazing. It could happen that we will try to develop them in house and we are willing to share them with you. Right now I'am evaluating this scenario and calculating the possible costs for one or two small features and a big feature like Appium integration or iOS support. I wil discuss my results with my higher ups and can give you a feedback if you want to. Right now we're testing your solution with serveral employees who are doing manuel application test for one of our costumers. We got a very postive feedback. But there is one big issue. I don't know if it's a problem with our hubs (the plugable hubs are ordered) or if it's a bug: Every time we want to take a screenshot with ""right click"" on the screen and ""Save Screenshot"" the screen freezes and we must refresh the page to control the smartphone again. Is it a known bug or is it a problem on our configuration. We're running STF on a ubuntu server on a ESXi host with stf version 1.0.10. I can't see any errors in the server logs. Oh and I actually talked to the CTO of Testobject and he mentioned he was/is in touch with you guys. For more information we may write a personal message. Thank you for your amazing work and your help! Kind regards Felix Hahn source-file source-file",no-bug,0.9
246,stf,https://github.com/openstf/stf/issues/246,"In the same local area network, the other computer connected to the configuration of the computer's address, no phone screen","the error is, no phone screen,and a dialog prompt error as well",documentation-file | other-file,"In the same local area network, the other computer connected to the configuration of the computer's address, no phone screen the error is, no phone screen,and a dialog prompt error as well documentation-file other-file",no-bug,0.7
263,stf,https://github.com/openstf/stf/issues/263,"What kind of devices shelves are you using, is the one on your main introduction page?",Could you please give us the shopping link of the kind of shelves on your webpage? Thanks.,documentation-file | other-file,"What kind of devices shelves are you using, is the one on your main introduction page? Could you please give us the shopping link of the kind of shelves on your webpage? Thanks. documentation-file other-file",no-bug,0.95
269,stf,https://github.com/openstf/stf/issues/269,"Device database does not have a match for device ""0123456789ABCDEF""","Screen sharing on some devices only shows grey Device database does not have a match for device ""0123456789ABCDEF"" (model "" E50 T1""/""Hasee E50 T1"") Please tell me the reason and how to solve this problem",other-file,"Device database does not have a match for device ""0123456789ABCDEF"" Screen sharing on some devices only shows grey Device database does not have a match for device ""0123456789ABCDEF"" (model "" E50 T1""/""Hasee E50 T1"") Please tell me the reason and how to solve this problem other-file",no-bug,0.7
554,stf,https://github.com/openstf/stf/issues/554,adbkit-apkreader error,"The following error log was printed when some apk was install.  Unable to read manifest of ""29c0dd77-a972-450a-9522-e5acc308c934"" RangeError: index out of range at checkOffset (buffer.js:506:11) at Buffer.readInt32LE (buffer.js:659:5) at BinaryXmlParser.readS32 (/home1/irteam/deploy/mtest2/node_modules/adbkit-apkreader/lib/apkreader/parser/binaryxml.js:105:25) at BinaryXmlParser.readXmlAttribute (/home1/irteam/deploy/mtest2/node_modules/adbkit-apkreader/lib/apkreader/parser/binaryxml.js:411:20) at BinaryXmlParser.readXmlElementStart (/home1/irteam/deploy/mtest2/node_modules/adbkit-apkreader/lib/apkreader/parser/binaryxml.js:389:35) at BinaryXmlParser.parse (/home1/irteam/deploy/mtest2/node_modules/adbkit-apkreader/lib/apkreader/parser/binaryxml.js:486:18) at ManifestParser.parse (/home1/irteam/deploy/mtest2/node_modules/adbkit-apkreader/lib/apkreader/parser/manifest.js:140:33) at /home1/irteam/deploy/mtest2/node_modules/adbkit-apkreader/lib/apkreader.js:103:44 at tryCatcher (/home1/irteam/deploy/mtest2/node_modules/adbkit-apkreader/node_modules/bluebird/js/release/util.js:16:23) at Promise._settlePromiseFromHandler (/home1/irteam/deploy/mtest2/node_modules/adbkit-apkreader/node_modules/bluebird/js/release/promise.js:512:31) at Promise._settlePromise (/home1/irteam/deploy/mtest2/node_modules/adbkit-apkreader/node_modules/bluebird/js/release/promise.js:569:18) at Promise._settlePromise0 (/home1/irteam/deploy/mtest2/node_modules/adbkit-apkreader/node_modules/bluebird/js/release/promise.js:614:10) at Promise._settlePromises (/home1/irteam/deploy/mtest2/node_modules/adbkit-apkreader/node_modules/bluebird/js/release/promise.js:693:18) at Async._drainQueue (/home1/irteam/deploy/mtest2/node_modules/adbkit-apkreader/node_modules/bluebird/js/release/async.js:133:16) at Async._drainQueues (/home1/irteam/deploy/mtest2/node_modules/adbkit-apkreader/node_modules/bluebird/js/release/async.js:143:10) at Immediate.Async.drainQueues [as _onImmediate] (/home1/irteam/deploy/mtest2/node_modules/adbkit-apkreader/node_modules/bluebird/js/release/async.js:17:14) at processImmediate [as _immediateCallback] (timers.js:367:17)",documentation-file | documentation-file | documentation-file | documentation-file | documentation-file | documentation-file | documentation-file | documentation-file,"adbkit-apkreader error The following error log was printed when some apk was install.  Unable to read manifest of ""29c0dd77-a972-450a-9522-e5acc308c934"" RangeError: index out of range at checkOffset (buffer.js:506:11) at Buffer.readInt32LE (buffer.js:659:5) at BinaryXmlParser.readS32 (/home1/irteam/deploy/mtest2/node_modules/adbkit-apkreader/lib/apkreader/parser/binaryxml.js:105:25) at BinaryXmlParser.readXmlAttribute (/home1/irteam/deploy/mtest2/node_modules/adbkit-apkreader/lib/apkreader/parser/binaryxml.js:411:20) at BinaryXmlParser.readXmlElementStart (/home1/irteam/deploy/mtest2/node_modules/adbkit-apkreader/lib/apkreader/parser/binaryxml.js:389:35) at BinaryXmlParser.parse (/home1/irteam/deploy/mtest2/node_modules/adbkit-apkreader/lib/apkreader/parser/binaryxml.js:486:18) at ManifestParser.parse (/home1/irteam/deploy/mtest2/node_modules/adbkit-apkreader/lib/apkreader/parser/manifest.js:140:33) at /home1/irteam/deploy/mtest2/node_modules/adbkit-apkreader/lib/apkreader.js:103:44 at tryCatcher (/home1/irteam/deploy/mtest2/node_modules/adbkit-apkreader/node_modules/bluebird/js/release/util.js:16:23) at Promise._settlePromiseFromHandler (/home1/irteam/deploy/mtest2/node_modules/adbkit-apkreader/node_modules/bluebird/js/release/promise.js:512:31) at Promise._settlePromise (/home1/irteam/deploy/mtest2/node_modules/adbkit-apkreader/node_modules/bluebird/js/release/promise.js:569:18) at Promise._settlePromise0 (/home1/irteam/deploy/mtest2/node_modules/adbkit-apkreader/node_modules/bluebird/js/release/promise.js:614:10) at Promise._settlePromises (/home1/irteam/deploy/mtest2/node_modules/adbkit-apkreader/node_modules/bluebird/js/release/promise.js:693:18) at Async._drainQueue (/home1/irteam/deploy/mtest2/node_modules/adbkit-apkreader/node_modules/bluebird/js/release/async.js:133:16) at Async._drainQueues (/home1/irteam/deploy/mtest2/node_modules/adbkit-apkreader/node_modules/bluebird/js/release/async.js:143:10) at Immediate.Async.drainQueues [as _onImmediate] (/home1/irteam/deploy/mtest2/node_modules/adbkit-apkreader/node_modules/bluebird/js/release/async.js:17:14) at processImmediate [as _immediateCallback] (timers.js:367:17) documentation-file documentation-file documentation-file documentation-file documentation-file documentation-file documentation-file documentation-file",no-bug,0.9
241,stf,https://github.com/openstf/stf/issues/241,"Does STF support Nexus 6P (Android M, USB Type-c)?",Someone said the Nexus 6P cannot be supported. I cannot get the real phone to test at this time or check the log. Is anyone using Nexus 6P with STF? Thanks,other-file,"Does STF support Nexus 6P (Android M, USB Type-c)? Someone said the Nexus 6P cannot be supported. I cannot get the real phone to test at this time or check the log. Is anyone using Nexus 6P with STF? Thanks other-file",no-bug,0.9
303,stf,https://github.com/openstf/stf/issues/303,Device Screen Missing on Chrome@50.0.2661.75 (64-bit),"## Current Behavior Just update Chrome from 49.\* to 50.0.2661.75 (64-bit) on OSX 10.11.4, then Device Screen not show up ![image](https://cloud.githubusercontent.com/assets/3265208/14525833/01c0e4a2-0272-11e6-90ec-2b2ba0ce5971.png) ## Possible Solution Works well on Safari 9.1 (11601.5.17.1) and Vivaldi 1.0.435.40. Works well on Chrome 41.\* and Chrome 49.*. ## Steps to Reproduce (for bugs) 1. Update Chrome to 50.* 2. Open /#!/control/[SN] page 3. You can see it now. ## Your Environment - OSX 10.11.4 - Chrome 50.0.2661.75 (64-bit) - STF (latest on npm , and master at 04 Jan, 2016) Thanks :)",other-file,"Device Screen Missing on Chrome@50.0.2661.75 (64-bit) ## Current Behavior Just update Chrome from 49.\* to 50.0.2661.75 (64-bit) on OSX 10.11.4, then Device Screen not show up ![image](https://cloud.githubusercontent.com/assets/3265208/14525833/01c0e4a2-0272-11e6-90ec-2b2ba0ce5971.png) ## Possible Solution Works well on Safari 9.1 (11601.5.17.1) and Vivaldi 1.0.435.40. Works well on Chrome 41.\* and Chrome 49.*. ## Steps to Reproduce (for bugs) 1. Update Chrome to 50.* 2. Open /#!/control/[SN] page 3. You can see it now. ## Your Environment - OSX 10.11.4 - Chrome 50.0.2661.75 (64-bit) - STF (latest on npm , and master at 04 Jan, 2016) Thanks :) other-file",no-bug,0.9
78,stf,https://github.com/openstf/stf/issues/78,Device worker died with code 1,"Hello, I'm using STF to control a set of many Android devices. Sometimes I can plug 6 devices without problem, and sometimes when I plug those 6 same devices, some devices stay disconnected after a connection attempt. Here is the error message in the shell: INF/provider 83795 [_] Cleaning up device worker ""HT4AGJT04584"" ERR/provider 83795 [_] Device worker ""HT4AGJT04584"" died with code 1 INF/provider 83795 [*] Restarting device worker ""HT4AGJT04584"" error: missing required argument `--screen-port' I got this message when I try to plug our Nexus 9 tab in Android 5.0.1. Here are some info about the plugged device: add device 1: /dev/input/event0 bus: 0000 vendor 0000 product 0003 version 2002 name: ""synaptics_dsx"" location: ""synaptics_dsx/touch_input"" id: """" version: 1.0.1 events: KEY (0001): KEY_WAKEUP ABS (0003): ABS_MT_SLOT : value 0, min 0, max 9, fuzz 0, flat 0, resolution 0 ABS_MT_TOUCH_MAJOR : value 0, min 0, max 47, fuzz 0, flat 0, resolution 0 ABS_MT_TOUCH_MINOR : value 0, min 0, max 47, fuzz 0, flat 0, resolution 0 ABS_MT_POSITION_X : value 0, min 0, max 3072, fuzz 0, flat 0, resolution 0 ABS_MT_POSITION_Y : value 0, min 0, max 2304, fuzz 0, flat 0, resolution 0 ABS_MT_TRACKING_ID : value 0, min 0, max 65535, fuzz 0, flat 0, resolution 0 ABS_MT_PRESSURE : value 0, min 0, max 255, fuzz 0, flat 0, resolution 0 input props: INPUT_PROP_DIRECT add device 2: /dev/input/event3 bus: 0019 vendor 0001 product 0001 version 0100 name: ""gpio-keys.6"" location: ""gpio-keys/input0"" id: """" version: 1.0.1 events: KEY (0001): KEY_VOLUMEDOWN KEY_VOLUMEUP KEY_POWER input props: <none> add device 3: /dev/input/event2 bus: 0000 vendor 0000 product 0000 version 0000 name: ""h2w headset"" location: """" id: """" version: 1.0.1 events: KEY (0001): KEY_END KEY_MUTE KEY_VOLUMEDOWN KEY_VOLUMEUP KEY_NEXTSONG KEY_PLAYPAUSE KEY_PREVIOUSSONG KEY_REWIND KEY_FASTFORWARD KEY_MEDIA KEY_SEND KEY_VOICECOMMAND input props: <none> add device 4: /dev/input/event1 bus: 0000 vendor 0000 product 0000 version 0000 name: ""CwMcuSensor"" location: """" id: """" version: 1.0.1 events: SW (0005): SW_LID SW_CAMERA_LENS_COVER* input props: <none> There is no problem with the Nexus 6 - 5.0.1. Edit: Now, the same problem appears with the Nexus 6 - 5.0.1. Thanks for your help guys ;-)",documentation-file | other-file,"Device worker died with code 1 Hello, I'm using STF to control a set of many Android devices. Sometimes I can plug 6 devices without problem, and sometimes when I plug those 6 same devices, some devices stay disconnected after a connection attempt. Here is the error message in the shell: INF/provider 83795 [_] Cleaning up device worker ""HT4AGJT04584"" ERR/provider 83795 [_] Device worker ""HT4AGJT04584"" died with code 1 INF/provider 83795 [*] Restarting device worker ""HT4AGJT04584"" error: missing required argument `--screen-port' I got this message when I try to plug our Nexus 9 tab in Android 5.0.1. Here are some info about the plugged device: add device 1: /dev/input/event0 bus: 0000 vendor 0000 product 0003 version 2002 name: ""synaptics_dsx"" location: ""synaptics_dsx/touch_input"" id: """" version: 1.0.1 events: KEY (0001): KEY_WAKEUP ABS (0003): ABS_MT_SLOT : value 0, min 0, max 9, fuzz 0, flat 0, resolution 0 ABS_MT_TOUCH_MAJOR : value 0, min 0, max 47, fuzz 0, flat 0, resolution 0 ABS_MT_TOUCH_MINOR : value 0, min 0, max 47, fuzz 0, flat 0, resolution 0 ABS_MT_POSITION_X : value 0, min 0, max 3072, fuzz 0, flat 0, resolution 0 ABS_MT_POSITION_Y : value 0, min 0, max 2304, fuzz 0, flat 0, resolution 0 ABS_MT_TRACKING_ID : value 0, min 0, max 65535, fuzz 0, flat 0, resolution 0 ABS_MT_PRESSURE : value 0, min 0, max 255, fuzz 0, flat 0, resolution 0 input props: INPUT_PROP_DIRECT add device 2: /dev/input/event3 bus: 0019 vendor 0001 product 0001 version 0100 name: ""gpio-keys.6"" location: ""gpio-keys/input0"" id: """" version: 1.0.1 events: KEY (0001): KEY_VOLUMEDOWN KEY_VOLUMEUP KEY_POWER input props: <none> add device 3: /dev/input/event2 bus: 0000 vendor 0000 product 0000 version 0000 name: ""h2w headset"" location: """" id: """" version: 1.0.1 events: KEY (0001): KEY_END KEY_MUTE KEY_VOLUMEDOWN KEY_VOLUMEUP KEY_NEXTSONG KEY_PLAYPAUSE KEY_PREVIOUSSONG KEY_REWIND KEY_FASTFORWARD KEY_MEDIA KEY_SEND KEY_VOICECOMMAND input props: <none> add device 4: /dev/input/event1 bus: 0000 vendor 0000 product 0000 version 0000 name: ""CwMcuSensor"" location: """" id: """" version: 1.0.1 events: SW (0005): SW_LID SW_CAMERA_LENS_COVER* input props: <none> There is no problem with the Nexus 6 - 5.0.1. Edit: Now, the same problem appears with the Nexus 6 - 5.0.1. Thanks for your help guys ;-) documentation-file other-file",no-bug,0.9
92,stf,https://github.com/openstf/stf/issues/92,a bug about logcat,"i find a bug here about logcat if you start control one device and open logcat , do not close it then you start control another deivce and open logcat what will happen the logcat is mixed , how can i fix it ?",source-file | source-file | documentation-file | documentation-file | other-file | source-file | source-file | source-file | test-file | other-file | other-file | other-file | source-file | source-file | source-file | source-file | test-file | other-file | source-file | source-file | source-file | documentation-file | documentation-file | documentation-file | documentation-file | documentation-file | documentation-file | documentation-file | documentation-file | other-file,"a bug about logcat i find a bug here about logcat if you start control one device and open logcat , do not close it then you start control another deivce and open logcat what will happen the logcat is mixed , how can i fix it ? source-file source-file documentation-file documentation-file other-file source-file source-file source-file test-file other-file other-file other-file source-file source-file source-file source-file test-file other-file source-file source-file source-file documentation-file documentation-file documentation-file documentation-file documentation-file documentation-file documentation-file documentation-file other-file",no-bug,0.9
385,stf,https://github.com/openstf/stf/issues/385,rethinkdb.service,"ExecStartPre=/usr/bin/docker pull rethinkdb:2.3  ExecStart=/usr/bin/docker run --rm \  rethinkdb:2.1.5 \  For ""rethinkdb:2.1.5"", read ""rethinkdb:2.3""",documentation-file,"rethinkdb.service ExecStartPre=/usr/bin/docker pull rethinkdb:2.3  ExecStart=/usr/bin/docker run --rm \  rethinkdb:2.1.5 \  For ""rethinkdb:2.1.5"", read ""rethinkdb:2.3"" documentation-file",no-bug,0.9
139,stf,https://github.com/openstf/stf/issues/139,Latest version brings Invalid argument (tcp.cpp:121) error related to zeromq (zmq),"Hi. I met a bug. I had used latest version of openstf/stf in dockerfiles. When I updated `openstf/stf:latest`, our journalctl shows below.  systemd[1]: Started STF dev triproxy. docker[21135]: INF/triproxy 1 [dev] PUB socket bound on tcp://*:7250 docker[21135]: INF/triproxy 1 [dev] DEALER socket bound on tcp://*:7260 docker[21135]: INF/triproxy 1 [dev] PULL socket bound on tcp://*:7270 docker[21135]: Invalid argument (tcp.cpp:121) systemd[1]: stf-triproxy-dev.service: main process exited, code=exited, status=139/n/a  And I checked `docker ps`, then stf-triproxy-dev rescheduled many times. I found an issue and Pull Request related to the error. https://github.com/openstf/stf/issues/109 https://github.com/openstf/stf/commit/b248e96dc2582f0176b3a75468fa18ab0036c3e1 Also, I assume that these codes are something bad for my environment. https://github.com/JustinTulloss/zeromq.node/blob/master/lib/index.js#L324 My environment is Ubuntu 15.04, and zeromq libraries are  ii libzmq1:amd64 2.2.0+dfsg-6 amd64 lightweight messaging kernel (shared library) rc libzmq3:amd64 4.0.5+dfsg-2+deb8u1build0.15.04.1 amd64 lightweight messaging kernel (shared library) ii libzmq5:amd64 4.1.2-1 amd64 lightweight messaging kernel (shared library) ii libzmq5-dev:amd64 4.1.2-1 amd64 lightweight messaging kernel (development files)  Now I have changed from `openstf/stf:latest` to `openstf/stf:1.0.10` in all dockerfiles related to openstf, instead. Thanks.",source-file,"Latest version brings Invalid argument (tcp.cpp:121) error related to zeromq (zmq) Hi. I met a bug. I had used latest version of openstf/stf in dockerfiles. When I updated `openstf/stf:latest`, our journalctl shows below.  systemd[1]: Started STF dev triproxy. docker[21135]: INF/triproxy 1 [dev] PUB socket bound on tcp://*:7250 docker[21135]: INF/triproxy 1 [dev] DEALER socket bound on tcp://*:7260 docker[21135]: INF/triproxy 1 [dev] PULL socket bound on tcp://*:7270 docker[21135]: Invalid argument (tcp.cpp:121) systemd[1]: stf-triproxy-dev.service: main process exited, code=exited, status=139/n/a  And I checked `docker ps`, then stf-triproxy-dev rescheduled many times. I found an issue and Pull Request related to the error. https://github.com/openstf/stf/issues/109 https://github.com/openstf/stf/commit/b248e96dc2582f0176b3a75468fa18ab0036c3e1 Also, I assume that these codes are something bad for my environment. https://github.com/JustinTulloss/zeromq.node/blob/master/lib/index.js#L324 My environment is Ubuntu 15.04, and zeromq libraries are  ii libzmq1:amd64 2.2.0+dfsg-6 amd64 lightweight messaging kernel (shared library) rc libzmq3:amd64 4.0.5+dfsg-2+deb8u1build0.15.04.1 amd64 lightweight messaging kernel (shared library) ii libzmq5:amd64 4.1.2-1 amd64 lightweight messaging kernel (shared library) ii libzmq5-dev:amd64 4.1.2-1 amd64 lightweight messaging kernel (development files)  Now I have changed from `openstf/stf:latest` to `openstf/stf:1.0.10` in all dockerfiles related to openstf, instead. Thanks. source-file",no-bug,0.9
346,stf,https://github.com/openstf/stf/issues/346,Apk delete after user disconnect?,STF has been run. Operating: 1.choose one of the device. 2.upload the apk and install it. 3.to disconnect device. 4.to choose the same device again. Result: Already installed app is deleted when the second use. Question: Whether has a feature that to del the last user's record?,source-file | source-file,Apk delete after user disconnect? STF has been run. Operating: 1.choose one of the device. 2.upload the apk and install it. 3.to disconnect device. 4.to choose the same device again. Result: Already installed app is deleted when the second use. Question: Whether has a feature that to del the last user's record? source-file source-file,no-bug,0.7
249,stf,https://github.com/openstf/stf/issues/249,"After execute cd ./db; vagrant up, with a ubuntu in my virtualBox, i don't know login and password",,other-file,"After execute cd ./db; vagrant up, with a ubuntu in my virtualBox, i don't know login and password  other-file",no-bug,0.9
137,stf,https://github.com/openstf/stf/issues/137,Anybody who knows how to set the JWT secret ?,"I check the code and i need to set my own JWT token, but i don't know where to get the STF's secret or set my own secret. the code is here https://github.com/openstf/stf/blob/master/lib/units/app/middleware/auth.js#L10",container-file,"Anybody who knows how to set the JWT secret ? I check the code and i need to set my own JWT token, but i don't know where to get the STF's secret or set my own secret. the code is here https://github.com/openstf/stf/blob/master/lib/units/app/middleware/auth.js#L10 container-file",no-bug,0.9
270,stf,https://github.com/openstf/stf/issues/270,Wireless display of the phone doesn't work,"Hello ! I would like to use STF without plugging an USB cable on my device. It works perfectly when it is plugged but when I use ""stf local --allow-remote --public-ip 192.168.43.1"", the phone is detected but I get ""WRN/util:datautil 7829 [*] Device database does not have a match for device ""192.168.43.1:5555"" (model ""KC-S701""/""KC-S701"")"" warning message and I don't have the screen of my device on my browser: ![screenshot1](https://cloud.githubusercontent.com/assets/17450497/13317603/442cb6fa-dbb6-11e5-99ef-02cfd8104c0b.png) ![screenshot2](https://cloud.githubusercontent.com/assets/17450497/13317609/4c4cd202-dbb6-11e5-85ae-c0ebd279614a.png) Thank you for your help, Matthieu",other-file,"Wireless display of the phone doesn't work Hello ! I would like to use STF without plugging an USB cable on my device. It works perfectly when it is plugged but when I use ""stf local --allow-remote --public-ip 192.168.43.1"", the phone is detected but I get ""WRN/util:datautil 7829 [*] Device database does not have a match for device ""192.168.43.1:5555"" (model ""KC-S701""/""KC-S701"")"" warning message and I don't have the screen of my device on my browser: ![screenshot1](https://cloud.githubusercontent.com/assets/17450497/13317603/442cb6fa-dbb6-11e5-99ef-02cfd8104c0b.png) ![screenshot2](https://cloud.githubusercontent.com/assets/17450497/13317609/4c4cd202-dbb6-11e5-85ae-c0ebd279614a.png) Thank you for your help, Matthieu other-file",no-bug,0.9
308,stf,https://github.com/openstf/stf/issues/308,does devices need to be connected all time to trace informations through STF panel ?,"Let say if i want to use this for tracing some android smart phones , does it need to connected all time with the system ? Does ADB installation is also needed in the same system",other-file,"does devices need to be connected all time to trace informations through STF panel ? Let say if i want to use this for tracing some android smart phones , does it need to connected all time with the system ? Does ADB installation is also needed in the same system other-file",no-bug,0.9
20,stf,https://github.com/openstf/stf/issues/20,"Can't take screenshot. The image ""<url to screenshot file>"" cannot be displayed because it contains errors.","Hello! Thank you for awesome software! Unfortunately I faced some problem with taking screenshots, I hope you can help me. When I try to take a screenshot, I see an icon which shows screenshot image is not available: ![torn_minicap](https://cloud.githubusercontent.com/assets/12827469/8823163/26704b46-3084-11e5-93b0-372b8676a4a5.png) When I try to click this image, I see following error message in a new browser tab: `The image ""http://<my-ip>:7100/s/image/5aac3806-8ba7-4f29-bc49-1bcc1f28dede/<deviceName>.jpg"" cannot be displayed because it contains errors.` I tried to download image by url, and noticed image is just empty file(0 bytes size). Stf is launched in ""local"" mode on my ubuntu 14.04 desktop like this: `stf local --public-ip <my-ip>` [there is no X server running on desktop, if it is important] I am trying to take screenshot from my laptop So, in console log I noticed following messages: `INF/device:plugins:screen:capture 25422 [<deviceName>] Capturing screenshot INF/storage:temp 25341 [*] Uploaded ""<deviceName>.jpg"" to ""/tmp/upload_04db85c0a0bff470298192dcaffd7049"" INF/device:support:storage 25422 [<deviceName>] Uploaded to ""/s/image/5aac3806-8ba7-4f29-bc49-1bcc1f28dede/<deviceName>.jpg"" ` I checked the file `/tmp/upload_04db85c0a0bff470298192dcaffd7049` and found my screenshot.",other-file,"Can't take screenshot. The image ""<url to screenshot file>"" cannot be displayed because it contains errors. Hello! Thank you for awesome software! Unfortunately I faced some problem with taking screenshots, I hope you can help me. When I try to take a screenshot, I see an icon which shows screenshot image is not available: ![torn_minicap](https://cloud.githubusercontent.com/assets/12827469/8823163/26704b46-3084-11e5-93b0-372b8676a4a5.png) When I try to click this image, I see following error message in a new browser tab: `The image ""http://<my-ip>:7100/s/image/5aac3806-8ba7-4f29-bc49-1bcc1f28dede/<deviceName>.jpg"" cannot be displayed because it contains errors.` I tried to download image by url, and noticed image is just empty file(0 bytes size). Stf is launched in ""local"" mode on my ubuntu 14.04 desktop like this: `stf local --public-ip <my-ip>` [there is no X server running on desktop, if it is important] I am trying to take screenshot from my laptop So, in console log I noticed following messages: `INF/device:plugins:screen:capture 25422 [<deviceName>] Capturing screenshot INF/storage:temp 25341 [*] Uploaded ""<deviceName>.jpg"" to ""/tmp/upload_04db85c0a0bff470298192dcaffd7049"" INF/device:support:storage 25422 [<deviceName>] Uploaded to ""/s/image/5aac3806-8ba7-4f29-bc49-1bcc1f28dede/<deviceName>.jpg"" ` I checked the file `/tmp/upload_04db85c0a0bff470298192dcaffd7049` and found my screenshot. other-file",no-bug,0.9
91,stf,https://github.com/openstf/stf/issues/91,do not want to provide all devices on my pc,"Hi, sorry to bother you again! I have 4 devices on my pc and i just want to provide two to stf. i tried to run provider serial1 serial2 , provider [serial1 serial2], provider serial1, serial2 and so on , but none works is there a way to do this or i have to run two provider like , provider serial1 , provider serial2. i just want to run one provider and provide two devices thank you",other-file | source-file | source-file,"do not want to provide all devices on my pc Hi, sorry to bother you again! I have 4 devices on my pc and i just want to provide two to stf. i tried to run provider serial1 serial2 , provider [serial1 serial2], provider serial1, serial2 and so on , but none works is there a way to do this or i have to run two provider like , provider serial1 , provider serial2. i just want to run one provider and provide two devices thank you other-file source-file source-file",no-bug,0.8
306,stf,https://github.com/openstf/stf/issues/306,Unable to run stf local for m2 note device,"I'm running ' stf local ' and it cannot be run for my device See detailed log of the error: INF/device:resources:service 10336 [810EBLS26YM8] Checking whether we need to install STFService INF/device:resources:service 10336 [810EBLS26YM8] Installing STFService INF/provider 10328 [_] Providing 0 of 1 device(s); waiting for ""810EBLS26YM8"" FTL/device 10336 [810EBLS26YM8] Setup had an error TimeoutError: operation timed out at afterTimeout (/usr/local/lib/node_modules/stf/node_modules/adbkit/node_modules/bluebird/js/main/timers.js:11:15) at Timeout.timeoutTimeout (/usr/local/lib/node_modules/stf/node_modules/adbkit/node_modules/bluebird/js/main/timers.js:53:9) at tryOnTimeout (timers.js:224:11) at Timer.listOnTimeout (timers.js:198:5) FTL/util:lifecycle 10336 [810EBLS26YM8] Shutting down due to fatal error INF/provider 10328 [_] Cleaning up device worker ""810EBLS26YM8"" ERR/provider 10328 [_] Device worker ""810EBLS26YM8"" died with code 1 INF/provider 10328 [_] Restarting device worker ""810EBLS26YM8"" INF/device:support:push 10339 [810EBLS26YM8] Sending output to ""tcp://127.0.0.1:7116"" INF/device 10339 [810EBLS26YM8] Preparing device INF/device:support:sub 10339 [810EBLS26YM8] Receiving input from ""tcp://127.0.0.1:7114"" INF/device:support:sub 10339 [810EBLS26YM8] Subscribing to permanent channel ""*ALL"" Device model: m2 note, Android 5.1 Stf local deployment Mac OS 10.11.4 adb devices returns List of devices attached 810EBLS26YM8 device I tried to build STFService.apk from sources and install it myself, but stack on next error: gradlew installDebug :app:preBuild UP-TO-DATE :app:preDebugBuild UP-TO-DATE :app:checkDebugManifest :app:preReleaseBuild UP-TO-DATE :proto:extractProto :proto:generateProto UP-TO-DATE :proto:compileJava UP-TO-DATE :proto:processResources UP-TO-DATE :proto:classes UP-TO-DATE :proto:jar UP-TO-DATE :app:prepareComAndroidSupportAppcompatV72220Library UP-TO-DATE :app:prepareComAndroidSupportSupportV42220Library UP-TO-DATE :app:prepareDebugDependencies :app:compileDebugAidl UP-TO-DATE :app:compileDebugRenderscript UP-TO-DATE :app:generateDebugBuildConfig UP-TO-DATE :app:generateDebugAssets UP-TO-DATE :app:mergeDebugAssets UP-TO-DATE :app:generateDebugResValues UP-TO-DATE :app:generateDebugResources UP-TO-DATE :app:mergeDebugResources UP-TO-DATE :app:processDebugManifest UP-TO-DATE :app:processDebugResources UP-TO-DATE :app:generateDebugSources UP-TO-DATE :app:processDebugJavaRes UP-TO-DATE :app:compileDebugJavaWithJavac UP-TO-DATE :app:compileDebugNdk UP-TO-DATE :app:compileDebugSources UP-TO-DATE :app:preDexDebug UP-TO-DATE :app:dexDebug UP-TO-DATE :app:validateDebugSigning :app:packageDebug UP-TO-DATE :app:zipalignDebug UP-TO-DATE :app:assembleDebug UP-TO-DATE :app:installDebug Installing APK 'app-debug.apk' on 'm2 note - 5.1' 07:20:34 E/1075745756: Error while uploading app-debug.apk : Unknown failure Unable to install /Users/maryiavarabyeva/Documents/cloud/STFService.apk/app/build/outputs/apk/app-debug.apk com.android.ddmlib.InstallException: Unable to upload some APKs at com.android.ddmlib.Device.installPackages(Device.java:920) at com.android.builder.testing.ConnectedDevice.installPackages(ConnectedDevice.java:113) at com.android.builder.testing.ConnectedDevice$installPackages$0.call(Unknown Source) at org.codehaus.groovy.runtime.callsite.CallSiteArray.defaultCall(CallSiteArray.java:45) at org.codehaus.groovy.runtime.callsite.AbstractCallSite.call(AbstractCallSite.java:108) at org.codehaus.groovy.runtime.callsite.AbstractCallSite.call(AbstractCallSite.java:128) at com.android.build.gradle.internal.tasks.InstallVariantTask.install(InstallVariantTask.groovy:119) at sun.reflect.NativeMethodAccessorImpl.invoke0(Native Method) at sun.reflect.NativeMethodAccessorImpl.invoke(NativeMethodAccessorImpl.java:62) at sun.reflect.DelegatingMethodAccessorImpl.invoke(DelegatingMethodAccessorImpl.java:43) at java.lang.reflect.Method.invoke(Method.java:498) at org.gradle.internal.reflect.JavaMethod.invoke(JavaMethod.java:63) at org.gradle.api.internal.project.taskfactory.AnnotationProcessingTaskFactory$StandardTaskAction.doExecute(AnnotationProcessingTaskFactory.java:218) at org.gradle.api.internal.project.taskfactory.AnnotationProcessingTaskFactory$StandardTaskAction.execute(AnnotationProcessingTaskFactory.java:211) at org.gradle.api.internal.project.taskfactory.AnnotationProcessingTaskFactory$StandardTaskAction.execute(AnnotationProcessingTaskFactory.java:200) at org.gradle.api.internal.AbstractTask$TaskActionWrapper.execute(AbstractTask.java:579) at org.gradle.api.internal.AbstractTask$TaskActionWrapper.execute(AbstractTask.java:562) at org.gradle.api.internal.tasks.execution.ExecuteActionsTaskExecuter.executeAction(ExecuteActionsTaskExecuter.java:80) at org.gradle.api.internal.tasks.execution.ExecuteActionsTaskExecuter.executeActions(ExecuteActionsTaskExecuter.java:61) at org.gradle.api.internal.tasks.execution.ExecuteActionsTaskExecuter.execute(ExecuteActionsTaskExecuter.java:46) at org.gradle.api.internal.tasks.execution.PostExecutionAnalysisTaskExecuter.execute(PostExecutionAnalysisTaskExecuter.java:35) at org.gradle.api.internal.tasks.execution.SkipUpToDateTaskExecuter.execute(SkipUpToDateTaskExecuter.java:64) at org.gradle.api.internal.tasks.execution.ValidatingTaskExecuter.execute(ValidatingTaskExecuter.java:58) at org.gradle.api.internal.tasks.execution.SkipEmptySourceFilesTaskExecuter.execute(SkipEmptySourceFilesTaskExecuter.java:42) at org.gradle.api.internal.tasks.execution.SkipTaskWithNoActionsExecuter.execute(SkipTaskWithNoActionsExecuter.java:52) at org.gradle.api.internal.tasks.execution.SkipOnlyIfTaskExecuter.execute(SkipOnlyIfTaskExecuter.java:53) at org.gradle.api.internal.tasks.execution.ExecuteAtMostOnceTaskExecuter.execute(ExecuteAtMostOnceTaskExecuter.java:43) at org.gradle.api.internal.AbstractTask.executeWithoutThrowingTaskFailure(AbstractTask.java:305) at org.gradle.execution.taskgraph.AbstractTaskPlanExecutor$TaskExecutorWorker.executeTask(AbstractTaskPlanExecutor.java:79) at org.gradle.execution.taskgraph.AbstractTaskPlanExecutor$TaskExecutorWorker.processTask(AbstractTaskPlanExecutor.java:63) at org.gradle.execution.taskgraph.AbstractTaskPlanExecutor$TaskExecutorWorker.run(AbstractTaskPlanExecutor.java:51) at org.gradle.execution.taskgraph.DefaultTaskPlanExecutor.process(DefaultTaskPlanExecutor.java:23) at org.gradle.execution.taskgraph.DefaultTaskGraphExecuter.execute(DefaultTaskGraphExecuter.java:88) at org.gradle.execution.SelectedTaskExecutionAction.execute(SelectedTaskExecutionAction.java:29) at org.gradle.execution.DefaultBuildExecuter.execute(DefaultBuildExecuter.java:62) at org.gradle.execution.DefaultBuildExecuter.access$200(DefaultBuildExecuter.java:23) at org.gradle.execution.DefaultBuildExecuter$2.proceed(DefaultBuildExecuter.java:68) at org.gradle.execution.DryRunBuildExecutionAction.execute(DryRunBuildExecutionAction.java:32) at org.gradle.execution.DefaultBuildExecuter.execute(DefaultBuildExecuter.java:62) at org.gradle.execution.DefaultBuildExecuter.execute(DefaultBuildExecuter.java:55) at org.gradle.initialization.DefaultGradleLauncher.doBuildStages(DefaultGradleLauncher.java:149) at org.gradle.initialization.DefaultGradleLauncher.doBuild(DefaultGradleLauncher.java:106) at org.gradle.initialization.DefaultGradleLauncher.run(DefaultGradleLauncher.java:86) at org.gradle.launcher.exec.InProcessBuildActionExecuter$DefaultBuildController.run(InProcessBuildActionExecuter.java:80) at org.gradle.launcher.cli.ExecuteBuildAction.run(ExecuteBuildAction.java:33) at org.gradle.launcher.cli.ExecuteBuildAction.run(ExecuteBuildAction.java:24) at org.gradle.launcher.exec.InProcessBuildActionExecuter.execute(InProcessBuildActionExecuter.java:36) at org.gradle.launcher.exec.InProcessBuildActionExecuter.execute(InProcessBuildActionExecuter.java:26) at org.gradle.launcher.cli.RunBuildAction.run(RunBuildAction.java:51) at org.gradle.internal.Actions$RunnableActionAdapter.execute(Actions.java:171) at org.gradle.launcher.cli.CommandLineActionFactory$ParseAndBuildAction.execute(CommandLineActionFactory.java:237) at org.gradle.launcher.cli.CommandLineActionFactory$ParseAndBuildAction.execute(CommandLineActionFactory.java:210) at org.gradle.launcher.cli.JavaRuntimeValidationAction.execute(JavaRuntimeValidationAction.java:35) at org.gradle.launcher.cli.JavaRuntimeValidationAction.execute(JavaRuntimeValidationAction.java:24) at org.gradle.launcher.cli.CommandLineActionFactory$WithLogging.execute(CommandLineActionFactory.java:206) at org.gradle.launcher.cli.CommandLineActionFactory$WithLogging.execute(CommandLineActionFactory.java:169) at org.gradle.launcher.cli.ExceptionReportingAction.execute(ExceptionReportingAction.java:33) at org.gradle.launcher.cli.ExceptionReportingAction.execute(ExceptionReportingAction.java:22) at org.gradle.launcher.Main.doAction(Main.java:33) at org.gradle.launcher.bootstrap.EntryPoint.run(EntryPoint.java:45) at sun.reflect.NativeMethodAccessorImpl.invoke0(Native Method) at sun.reflect.NativeMethodAccessorImpl.invoke(NativeMethodAccessorImpl.java:62) at sun.reflect.DelegatingMethodAccessorImpl.invoke(DelegatingMethodAccessorImpl.java:43) at java.lang.reflect.Method.invoke(Method.java:498) at org.gradle.launcher.bootstrap.ProcessBootstrap.runNoExit(ProcessBootstrap.java:54) at org.gradle.launcher.bootstrap.ProcessBootstrap.run(ProcessBootstrap.java:35) at org.gradle.launcher.GradleMain.main(GradleMain.java:23) at sun.reflect.NativeMethodAccessorImpl.invoke0(Native Method) at sun.reflect.NativeMethodAccessorImpl.invoke(NativeMethodAccessorImpl.java:62) at sun.reflect.DelegatingMethodAccessorImpl.invoke(DelegatingMethodAccessorImpl.java:43) at java.lang.reflect.Method.invoke(Method.java:498) at org.gradle.wrapper.BootstrapMainStarter.start(BootstrapMainStarter.java:33) at org.gradle.wrapper.WrapperExecutor.execute(WrapperExecutor.java:130) at org.gradle.wrapper.GradleWrapperMain.main(GradleWrapperMain.java:48) :app:installDebug FAILED FAILURE: Build failed with an exception. - What went wrong: Execution failed for task ':app:installDebug'. > com.android.builder.testing.api.DeviceException: com.android.ddmlib.InstallException: Unable to upload some APKs Meantime, if execute 'adb install /STFService.apk/app/build/outputs/apk/app-debug.apk' it's istalled successfully Could you please advise?",documentation-file,"Unable to run stf local for m2 note device I'm running ' stf local ' and it cannot be run for my device See detailed log of the error: INF/device:resources:service 10336 [810EBLS26YM8] Checking whether we need to install STFService INF/device:resources:service 10336 [810EBLS26YM8] Installing STFService INF/provider 10328 [_] Providing 0 of 1 device(s); waiting for ""810EBLS26YM8"" FTL/device 10336 [810EBLS26YM8] Setup had an error TimeoutError: operation timed out at afterTimeout (/usr/local/lib/node_modules/stf/node_modules/adbkit/node_modules/bluebird/js/main/timers.js:11:15) at Timeout.timeoutTimeout (/usr/local/lib/node_modules/stf/node_modules/adbkit/node_modules/bluebird/js/main/timers.js:53:9) at tryOnTimeout (timers.js:224:11) at Timer.listOnTimeout (timers.js:198:5) FTL/util:lifecycle 10336 [810EBLS26YM8] Shutting down due to fatal error INF/provider 10328 [_] Cleaning up device worker ""810EBLS26YM8"" ERR/provider 10328 [_] Device worker ""810EBLS26YM8"" died with code 1 INF/provider 10328 [_] Restarting device worker ""810EBLS26YM8"" INF/device:support:push 10339 [810EBLS26YM8] Sending output to ""tcp://127.0.0.1:7116"" INF/device 10339 [810EBLS26YM8] Preparing device INF/device:support:sub 10339 [810EBLS26YM8] Receiving input from ""tcp://127.0.0.1:7114"" INF/device:support:sub 10339 [810EBLS26YM8] Subscribing to permanent channel ""*ALL"" Device model: m2 note, Android 5.1 Stf local deployment Mac OS 10.11.4 adb devices returns List of devices attached 810EBLS26YM8 device I tried to build STFService.apk from sources and install it myself, but stack on next error: gradlew installDebug :app:preBuild UP-TO-DATE :app:preDebugBuild UP-TO-DATE :app:checkDebugManifest :app:preReleaseBuild UP-TO-DATE :proto:extractProto :proto:generateProto UP-TO-DATE :proto:compileJava UP-TO-DATE :proto:processResources UP-TO-DATE :proto:classes UP-TO-DATE :proto:jar UP-TO-DATE :app:prepareComAndroidSupportAppcompatV72220Library UP-TO-DATE :app:prepareComAndroidSupportSupportV42220Library UP-TO-DATE :app:prepareDebugDependencies :app:compileDebugAidl UP-TO-DATE :app:compileDebugRenderscript UP-TO-DATE :app:generateDebugBuildConfig UP-TO-DATE :app:generateDebugAssets UP-TO-DATE :app:mergeDebugAssets UP-TO-DATE :app:generateDebugResValues UP-TO-DATE :app:generateDebugResources UP-TO-DATE :app:mergeDebugResources UP-TO-DATE :app:processDebugManifest UP-TO-DATE :app:processDebugResources UP-TO-DATE :app:generateDebugSources UP-TO-DATE :app:processDebugJavaRes UP-TO-DATE :app:compileDebugJavaWithJavac UP-TO-DATE :app:compileDebugNdk UP-TO-DATE :app:compileDebugSources UP-TO-DATE :app:preDexDebug UP-TO-DATE :app:dexDebug UP-TO-DATE :app:validateDebugSigning :app:packageDebug UP-TO-DATE :app:zipalignDebug UP-TO-DATE :app:assembleDebug UP-TO-DATE :app:installDebug Installing APK 'app-debug.apk' on 'm2 note - 5.1' 07:20:34 E/1075745756: Error while uploading app-debug.apk : Unknown failure Unable to install /Users/maryiavarabyeva/Documents/cloud/STFService.apk/app/build/outputs/apk/app-debug.apk com.android.ddmlib.InstallException: Unable to upload some APKs at com.android.ddmlib.Device.installPackages(Device.java:920) at com.android.builder.testing.ConnectedDevice.installPackages(ConnectedDevice.java:113) at com.android.builder.testing.ConnectedDevice$installPackages$0.call(Unknown Source) at org.codehaus.groovy.runtime.callsite.CallSiteArray.defaultCall(CallSiteArray.java:45) at org.codehaus.groovy.runtime.callsite.AbstractCallSite.call(AbstractCallSite.java:108) at org.codehaus.groovy.runtime.callsite.AbstractCallSite.call(AbstractCallSite.java:128) at com.android.build.gradle.internal.tasks.InstallVariantTask.install(InstallVariantTask.groovy:119) at sun.reflect.NativeMethodAccessorImpl.invoke0(Native Method) at sun.reflect.NativeMethodAccessorImpl.invoke(NativeMethodAccessorImpl.java:62) at sun.reflect.DelegatingMethodAccessorImpl.invoke(DelegatingMethodAccessorImpl.java:43) at java.lang.reflect.Method.invoke(Method.java:498) at org.gradle.internal.reflect.JavaMethod.invoke(JavaMethod.java:63) at org.gradle.api.internal.project.taskfactory.AnnotationProcessingTaskFactory$StandardTaskAction.doExecute(AnnotationProcessingTaskFactory.java:218) at org.gradle.api.internal.project.taskfactory.AnnotationProcessingTaskFactory$StandardTaskAction.execute(AnnotationProcessingTaskFactory.java:211) at org.gradle.api.internal.project.taskfactory.AnnotationProcessingTaskFactory$StandardTaskAction.execute(AnnotationProcessingTaskFactory.java:200) at org.gradle.api.internal.AbstractTask$TaskActionWrapper.execute(AbstractTask.java:579) at org.gradle.api.internal.AbstractTask$TaskActionWrapper.execute(AbstractTask.java:562) at org.gradle.api.internal.tasks.execution.ExecuteActionsTaskExecuter.executeAction(ExecuteActionsTaskExecuter.java:80) at org.gradle.api.internal.tasks.execution.ExecuteActionsTaskExecuter.executeActions(ExecuteActionsTaskExecuter.java:61) at org.gradle.api.internal.tasks.execution.ExecuteActionsTaskExecuter.execute(ExecuteActionsTaskExecuter.java:46) at org.gradle.api.internal.tasks.execution.PostExecutionAnalysisTaskExecuter.execute(PostExecutionAnalysisTaskExecuter.java:35) at org.gradle.api.internal.tasks.execution.SkipUpToDateTaskExecuter.execute(SkipUpToDateTaskExecuter.java:64) at org.gradle.api.internal.tasks.execution.ValidatingTaskExecuter.execute(ValidatingTaskExecuter.java:58) at org.gradle.api.internal.tasks.execution.SkipEmptySourceFilesTaskExecuter.execute(SkipEmptySourceFilesTaskExecuter.java:42) at org.gradle.api.internal.tasks.execution.SkipTaskWithNoActionsExecuter.execute(SkipTaskWithNoActionsExecuter.java:52) at org.gradle.api.internal.tasks.execution.SkipOnlyIfTaskExecuter.execute(SkipOnlyIfTaskExecuter.java:53) at org.gradle.api.internal.tasks.execution.ExecuteAtMostOnceTaskExecuter.execute(ExecuteAtMostOnceTaskExecuter.java:43) at org.gradle.api.internal.AbstractTask.executeWithoutThrowingTaskFailure(AbstractTask.java:305) at org.gradle.execution.taskgraph.AbstractTaskPlanExecutor$TaskExecutorWorker.executeTask(AbstractTaskPlanExecutor.java:79) at org.gradle.execution.taskgraph.AbstractTaskPlanExecutor$TaskExecutorWorker.processTask(AbstractTaskPlanExecutor.java:63) at org.gradle.execution.taskgraph.AbstractTaskPlanExecutor$TaskExecutorWorker.run(AbstractTaskPlanExecutor.java:51) at org.gradle.execution.taskgraph.DefaultTaskPlanExecutor.process(DefaultTaskPlanExecutor.java:23) at org.gradle.execution.taskgraph.DefaultTaskGraphExecuter.execute(DefaultTaskGraphExecuter.java:88) at org.gradle.execution.SelectedTaskExecutionAction.execute(SelectedTaskExecutionAction.java:29) at org.gradle.execution.DefaultBuildExecuter.execute(DefaultBuildExecuter.java:62) at org.gradle.execution.DefaultBuildExecuter.access$200(DefaultBuildExecuter.java:23) at org.gradle.execution.DefaultBuildExecuter$2.proceed(DefaultBuildExecuter.java:68) at org.gradle.execution.DryRunBuildExecutionAction.execute(DryRunBuildExecutionAction.java:32) at org.gradle.execution.DefaultBuildExecuter.execute(DefaultBuildExecuter.java:62) at org.gradle.execution.DefaultBuildExecuter.execute(DefaultBuildExecuter.java:55) at org.gradle.initialization.DefaultGradleLauncher.doBuildStages(DefaultGradleLauncher.java:149) at org.gradle.initialization.DefaultGradleLauncher.doBuild(DefaultGradleLauncher.java:106) at org.gradle.initialization.DefaultGradleLauncher.run(DefaultGradleLauncher.java:86) at org.gradle.launcher.exec.InProcessBuildActionExecuter$DefaultBuildController.run(InProcessBuildActionExecuter.java:80) at org.gradle.launcher.cli.ExecuteBuildAction.run(ExecuteBuildAction.java:33) at org.gradle.launcher.cli.ExecuteBuildAction.run(ExecuteBuildAction.java:24) at org.gradle.launcher.exec.InProcessBuildActionExecuter.execute(InProcessBuildActionExecuter.java:36) at org.gradle.launcher.exec.InProcessBuildActionExecuter.execute(InProcessBuildActionExecuter.java:26) at org.gradle.launcher.cli.RunBuildAction.run(RunBuildAction.java:51) at org.gradle.internal.Actions$RunnableActionAdapter.execute(Actions.java:171) at org.gradle.launcher.cli.CommandLineActionFactory$ParseAndBuildAction.execute(CommandLineActionFactory.java:237) at org.gradle.launcher.cli.CommandLineActionFactory$ParseAndBuildAction.execute(CommandLineActionFactory.java:210) at org.gradle.launcher.cli.JavaRuntimeValidationAction.execute(JavaRuntimeValidationAction.java:35) at org.gradle.launcher.cli.JavaRuntimeValidationAction.execute(JavaRuntimeValidationAction.java:24) at org.gradle.launcher.cli.CommandLineActionFactory$WithLogging.execute(CommandLineActionFactory.java:206) at org.gradle.launcher.cli.CommandLineActionFactory$WithLogging.execute(CommandLineActionFactory.java:169) at org.gradle.launcher.cli.ExceptionReportingAction.execute(ExceptionReportingAction.java:33) at org.gradle.launcher.cli.ExceptionReportingAction.execute(ExceptionReportingAction.java:22) at org.gradle.launcher.Main.doAction(Main.java:33) at org.gradle.launcher.bootstrap.EntryPoint.run(EntryPoint.java:45) at sun.reflect.NativeMethodAccessorImpl.invoke0(Native Method) at sun.reflect.NativeMethodAccessorImpl.invoke(NativeMethodAccessorImpl.java:62) at sun.reflect.DelegatingMethodAccessorImpl.invoke(DelegatingMethodAccessorImpl.java:43) at java.lang.reflect.Method.invoke(Method.java:498) at org.gradle.launcher.bootstrap.ProcessBootstrap.runNoExit(ProcessBootstrap.java:54) at org.gradle.launcher.bootstrap.ProcessBootstrap.run(ProcessBootstrap.java:35) at org.gradle.launcher.GradleMain.main(GradleMain.java:23) at sun.reflect.NativeMethodAccessorImpl.invoke0(Native Method) at sun.reflect.NativeMethodAccessorImpl.invoke(NativeMethodAccessorImpl.java:62) at sun.reflect.DelegatingMethodAccessorImpl.invoke(DelegatingMethodAccessorImpl.java:43) at java.lang.reflect.Method.invoke(Method.java:498) at org.gradle.wrapper.BootstrapMainStarter.start(BootstrapMainStarter.java:33) at org.gradle.wrapper.WrapperExecutor.execute(WrapperExecutor.java:130) at org.gradle.wrapper.GradleWrapperMain.main(GradleWrapperMain.java:48) :app:installDebug FAILED FAILURE: Build failed with an exception. - What went wrong: Execution failed for task ':app:installDebug'. > com.android.builder.testing.api.DeviceException: com.android.ddmlib.InstallException: Unable to upload some APKs Meantime, if execute 'adb install /STFService.apk/app/build/outputs/apk/app-debug.apk' it's istalled successfully Could you please advise? documentation-file",no-bug,0.95
436,stf,https://github.com/openstf/stf/issues/436,ZUK Z1 fails on minitouch,"Moved from #407:  INF/device:plugins:touch 14966 [c806b880] Touch origin is top left INF/device:plugins:touch 14966 [c806b880] Requesting touch consumer to start INF/device:plugins:touch 14966 [c806b880] Launching screen service INF/device:plugins:touch 14966 [c806b880] Connecting to minitouch service INF/device:plugins:touch 14966 [c806b880] minitouch says: ""/system/bin/sh: /data/local/tmp/minitouch: can't execute: Permission denied"" WRN/device:plugins:touch 14966 [c806b880] Shell keeping minitouch running ended unexpectedly INF/device:plugins:touch 14966 [c806b880] Disconnecting from minitouch service INF/device:plugins:touch 14966 [c806b880] Stopping minitouch service INF/device:plugins:touch 14966 [c806b880] Launching screen service INF/device:plugins:touch 14966 [c806b880] Connecting to minitouch service INF/device:plugins:touch 14966 [c806b880] minitouch says: ""/system/bin/sh: /data/local/tmp/minitouch: can't execute: Permission denied"" WRN/device:plugins:touch 14966 [c806b880] Shell keeping minitouch running ended unexpectedly INF/device:plugins:touch 14966 [c806b880] Disconnecting from minitouch service INF/device:plugins:touch 14966 [c806b880] Stopping minitouch service INF/device:plugins:touch 14966 [c806b880] Launching screen service INF/device:plugins:touch 14966 [c806b880] Connecting to minitouch service INF/device:plugins:touch 14966 [c806b880] minitouch says: ""/system/bin/sh: /data/local/tmp/minitouch: can't execute: Permission denied"" INF/device:support:push 14990 [LE67A06180224872] Sending output to ""tcp://10.241.54.16:7270"" INF/device 14990 [LE67A06180224872] Preparing device WRN/device:plugins:touch 14966 [c806b880] Shell keeping minitouch running ended unexpectedly INF/device:plugins:touch 14966 [c806b880] Disconnecting from minitouch service INF/device:plugins:touch 14966 [c806b880] Stopping minitouch service INF/device:plugins:touch 14966 [c806b880] Launching screen service INF/device:plugins:touch 14966 [c806b880] Connecting to minitouch service INF/device:plugins:touch 14966 [c806b880] minitouch says: ""/system/bin/sh: /data/local/tmp/minitouch: can't execute: Permission denied"" WRN/device:plugins:touch 14966 [c806b880] Shell keeping minitouch running ended unexpectedly INF/device:plugins:touch 14966 [c806b880] Disconnecting from minitouch service WRN/device:plugins:touch 14966 [c806b880] Will not apply desired state due to too many failures INF/device:plugins:touch 14966 [c806b880] Stopping minitouch service FTL/device 14966 [c806b880] Setup had an error Error: Failed more than 3 times in 10000ms at TouchConsumer._failLimitExceeded (/app/lib/units/device/plugins/touch/index.js:230:26) at FailCounter.emit (/app/node_modules/eventemitter3/index.js:117:35) at FailCounter.inc (/app/lib/util/failcounter.js:29:10) at TouchConsumer._outputEnded (/app/lib/units/device/plugins/touch/index.js:223:24) at RiskyStream.emit (/app/node_modules/eventemitter3/index.js:115:35) at RiskyStream.<anonymous> (/app/lib/util/riskystream.js:14:12) at emitNone (events.js:91:20) at Socket.emit (events.js:185:7) at endReadableNT (_stream_readable.js:973:12) at _combinedTickCallback (internal/process/next_tick.js:74:11) From previous event: at startConsumer (/app/lib/units/device/plugins/touch/index.js:511:14) at /app/lib/units/device/plugins/touch/index.js:526:12 at SerialSyrup.ParallelSyrup.invoke (/app/node_modules/stf-syrup/lib/parallel.js:54:24) at /app/node_modules/stf-syrup/lib/serial.js:43:33 at _combinedTickCallback (internal/process/next_tick.js:67:7) at process._tickCallback (internal/process/next_tick.js:98:9) FTL/util:lifecycle 14966 [c806b880] Shutting down due to fatal error INF/provider 1 [*] Cleaning up device worker ""c806b880"" ERR/provider 1 [*] Device worker ""c806b880"" died with code 1",source-file | source-file | source-file | source-file | source-file | source-file | source-file | source-file,"ZUK Z1 fails on minitouch Moved from #407:  INF/device:plugins:touch 14966 [c806b880] Touch origin is top left INF/device:plugins:touch 14966 [c806b880] Requesting touch consumer to start INF/device:plugins:touch 14966 [c806b880] Launching screen service INF/device:plugins:touch 14966 [c806b880] Connecting to minitouch service INF/device:plugins:touch 14966 [c806b880] minitouch says: ""/system/bin/sh: /data/local/tmp/minitouch: can't execute: Permission denied"" WRN/device:plugins:touch 14966 [c806b880] Shell keeping minitouch running ended unexpectedly INF/device:plugins:touch 14966 [c806b880] Disconnecting from minitouch service INF/device:plugins:touch 14966 [c806b880] Stopping minitouch service INF/device:plugins:touch 14966 [c806b880] Launching screen service INF/device:plugins:touch 14966 [c806b880] Connecting to minitouch service INF/device:plugins:touch 14966 [c806b880] minitouch says: ""/system/bin/sh: /data/local/tmp/minitouch: can't execute: Permission denied"" WRN/device:plugins:touch 14966 [c806b880] Shell keeping minitouch running ended unexpectedly INF/device:plugins:touch 14966 [c806b880] Disconnecting from minitouch service INF/device:plugins:touch 14966 [c806b880] Stopping minitouch service INF/device:plugins:touch 14966 [c806b880] Launching screen service INF/device:plugins:touch 14966 [c806b880] Connecting to minitouch service INF/device:plugins:touch 14966 [c806b880] minitouch says: ""/system/bin/sh: /data/local/tmp/minitouch: can't execute: Permission denied"" INF/device:support:push 14990 [LE67A06180224872] Sending output to ""tcp://10.241.54.16:7270"" INF/device 14990 [LE67A06180224872] Preparing device WRN/device:plugins:touch 14966 [c806b880] Shell keeping minitouch running ended unexpectedly INF/device:plugins:touch 14966 [c806b880] Disconnecting from minitouch service INF/device:plugins:touch 14966 [c806b880] Stopping minitouch service INF/device:plugins:touch 14966 [c806b880] Launching screen service INF/device:plugins:touch 14966 [c806b880] Connecting to minitouch service INF/device:plugins:touch 14966 [c806b880] minitouch says: ""/system/bin/sh: /data/local/tmp/minitouch: can't execute: Permission denied"" WRN/device:plugins:touch 14966 [c806b880] Shell keeping minitouch running ended unexpectedly INF/device:plugins:touch 14966 [c806b880] Disconnecting from minitouch service WRN/device:plugins:touch 14966 [c806b880] Will not apply desired state due to too many failures INF/device:plugins:touch 14966 [c806b880] Stopping minitouch service FTL/device 14966 [c806b880] Setup had an error Error: Failed more than 3 times in 10000ms at TouchConsumer._failLimitExceeded (/app/lib/units/device/plugins/touch/index.js:230:26) at FailCounter.emit (/app/node_modules/eventemitter3/index.js:117:35) at FailCounter.inc (/app/lib/util/failcounter.js:29:10) at TouchConsumer._outputEnded (/app/lib/units/device/plugins/touch/index.js:223:24) at RiskyStream.emit (/app/node_modules/eventemitter3/index.js:115:35) at RiskyStream.<anonymous> (/app/lib/util/riskystream.js:14:12) at emitNone (events.js:91:20) at Socket.emit (events.js:185:7) at endReadableNT (_stream_readable.js:973:12) at _combinedTickCallback (internal/process/next_tick.js:74:11) From previous event: at startConsumer (/app/lib/units/device/plugins/touch/index.js:511:14) at /app/lib/units/device/plugins/touch/index.js:526:12 at SerialSyrup.ParallelSyrup.invoke (/app/node_modules/stf-syrup/lib/parallel.js:54:24) at /app/node_modules/stf-syrup/lib/serial.js:43:33 at _combinedTickCallback (internal/process/next_tick.js:67:7) at process._tickCallback (internal/process/next_tick.js:98:9) FTL/util:lifecycle 14966 [c806b880] Shutting down due to fatal error INF/provider 1 [*] Cleaning up device worker ""c806b880"" ERR/provider 1 [*] Device worker ""c806b880"" died with code 1 source-file source-file source-file source-file source-file source-file source-file source-file",no-bug,0.95
138,stf,https://github.com/openstf/stf/issues/138,ports allocated to device are not returned to main pool,"lib/units/provider/index.js function spawn(){ var allocatedPorts = ports.splice(0, 2) , proc = options.fork(device, allocatedPorts) , resolver = Promise.defer()  } after options.fork(), allocatedPorts become empty, so that the allocated ports can not be returned. to fix it, we should pass value of allocatedPorts, not its reference. proc = options.fork(device, allocatedPorts.slice())",container-file | source-file,"ports allocated to device are not returned to main pool lib/units/provider/index.js function spawn(){ var allocatedPorts = ports.splice(0, 2) , proc = options.fork(device, allocatedPorts) , resolver = Promise.defer()  } after options.fork(), allocatedPorts become empty, so that the allocated ports can not be returned. to fix it, we should pass value of allocatedPorts, not its reference. proc = options.fork(device, allocatedPorts.slice()) container-file source-file",no-bug,0.9
274,stf,https://github.com/openstf/stf/issues/274,"Rightclick-> New screenshot creates an ""undefined"" file and stops the device stream",If you make a screenshot with a right click the device stops streaming the screen - although everything you do is still re-created on the device. [Screencast](http://gfycat.com/FloweryLivelyAnemoneshrimp) Edit: seems its a known issue since 2015 and already fixed in an unmerged-yet PR. Sorry :(,documentation-file | other-file,"Rightclick-> New screenshot creates an ""undefined"" file and stops the device stream If you make a screenshot with a right click the device stops streaming the screen - although everything you do is still re-created on the device. [Screencast](http://gfycat.com/FloweryLivelyAnemoneshrimp) Edit: seems its a known issue since 2015 and already fixed in an unmerged-yet PR. Sorry :( documentation-file other-file",no-bug,0.9
260,stf,https://github.com/openstf/stf/issues/260,How can i provide devices from multiple machines,Thanks for Sorccu's help I have got STF running via stf local. Can i just make a provider with adbd.service and stf-provider@.service on the other PCs to provide devices from multiple machines?,container-file,How can i provide devices from multiple machines Thanks for Sorccu's help I have got STF running via stf local. Can i just make a provider with adbd.service and stf-provider@.service on the other PCs to provide devices from multiple machines? container-file,no-bug,0.9
261,stf,https://github.com/openstf/stf/issues/261,How can i change code to connect many device at the sametime?,i find the lib\units\device\plugins\solo.js I want to connect many device at the sametime. How can I change some code to do this. i see your Deployment.doc' picture. it have this function,other-file,How can i change code to connect many device at the sametime? i find the lib\units\device\plugins\solo.js I want to connect many device at the sametime. How can I change some code to do this. i see your Deployment.doc' picture. it have this function other-file,no-bug,0.9
1098,stf,https://github.com/openstf/stf/issues/1098,[ Tests ] Error: TypeError: protractor.getInstance is not a function [Google Chrome v77.0.3865.75],"<!-- *Before creating an issue please make sure you are using the latest version of STF.* --> **What is the issue or idea you have?** The current implementation of tests which use protractor and jasmine is a little bit out of date. When we run cmd:  gulp protractor  I receive:  Error: TypeError: protractor.getInstance is not a function  From the logs:  [22:10:25] I/downloader - curl -o /home/luze/apps/luze_stf/second_repo/stf/node_modules/protractor/node_modules/webdriver-manager/selenium/chromedriver_2.26linux64.zip https://chromedriver.storage.googleapis.com/2.26/chromedriver_linux64.zip  we can see that we are using chrome driver in v.2.26 which is a little bit out of date for Google Chrome browser v77. It will be good to update tests to be more up to date and use latest ver of Google Chrome browser **Does it only happen on a specific device? Please run `adb devices -l` and paste the corresponding row.** No **Please provide the steps to reproduce the issue.** 1. Download source code 2. Run -> npm install 3. Run -> rethinkdb 4. Run -> ./bin/stf local 5. Run -> gulp protractor **What is the expected behavior?** Tests should be executed. The test results should be reported to some folder **Actual Results:** In the console we can see:  Error: TypeError: protractor.getInstance is not a function  **Do you see errors or warnings in the `stf local` output? If so, please paste them or the full log here.** No **Please run `stf doctor` and paste the output here.** N/A <!-- Love OpenSTF? Please consider supporting our collective: https://opencollective.com/openstf/donate -->",test-file | documentation-file | test-file | test-file | test-file | test-file | test-file | test-file | test-file | test-file,"[ Tests ] Error: TypeError: protractor.getInstance is not a function [Google Chrome v77.0.3865.75] <!-- *Before creating an issue please make sure you are using the latest version of STF.* --> **What is the issue or idea you have?** The current implementation of tests which use protractor and jasmine is a little bit out of date. When we run cmd:  gulp protractor  I receive:  Error: TypeError: protractor.getInstance is not a function  From the logs:  [22:10:25] I/downloader - curl -o /home/luze/apps/luze_stf/second_repo/stf/node_modules/protractor/node_modules/webdriver-manager/selenium/chromedriver_2.26linux64.zip https://chromedriver.storage.googleapis.com/2.26/chromedriver_linux64.zip  we can see that we are using chrome driver in v.2.26 which is a little bit out of date for Google Chrome browser v77. It will be good to update tests to be more up to date and use latest ver of Google Chrome browser **Does it only happen on a specific device? Please run `adb devices -l` and paste the corresponding row.** No **Please provide the steps to reproduce the issue.** 1. Download source code 2. Run -> npm install 3. Run -> rethinkdb 4. Run -> ./bin/stf local 5. Run -> gulp protractor **What is the expected behavior?** Tests should be executed. The test results should be reported to some folder **Actual Results:** In the console we can see:  Error: TypeError: protractor.getInstance is not a function  **Do you see errors or warnings in the `stf local` output? If so, please paste them or the full log here.** No **Please run `stf doctor` and paste the output here.** N/A <!-- Love OpenSTF? Please consider supporting our collective: https://opencollective.com/openstf/donate --> test-file documentation-file test-file test-file test-file test-file test-file test-file test-file test-file",no-bug,0.95
66,stf,https://github.com/openstf/stf/issues/66,Some guidelines in order to use devices remotely,"Hi there, Is there any way or clues on how to continue to manage devices once USB removed ? ## Regis A. Despres",other-file,"Some guidelines in order to use devices remotely Hi there, Is there any way or clues on how to continue to manage devices once USB removed ? ## Regis A. Despres other-file",no-bug,0.9
524,stf,https://github.com/openstf/stf/issues/524,Can't connect to rethinkDB,"Hi, I've been trying to set up a server with stf for some time now. My problem is that all the services fail because they cannot connect to rethinkDB. The reason for this might be the following: in Deployment.md you state that after starting rethinkDB one should open the webinterface and run this command: `r.db('rethinkdb').table('cluster_config').get('auth').update({auth_key: 'newkey'})` In my case this always throws following error: > { ""deleted"": 0 , ""errors"": 1 , ""first_error"": ""It's illegal to delete rows from the `rethinkdb.cluster_config` table."" , ""inserted"": 0 , ""replaced"": 0 , ""skipped"": 0 , ""unchanged"": 0 } < In my opinion this is the reason why nothing works, but I may be wrong on this one. Thanks for your help.",documentation-file | documentation-file,"Can't connect to rethinkDB Hi, I've been trying to set up a server with stf for some time now. My problem is that all the services fail because they cannot connect to rethinkDB. The reason for this might be the following: in Deployment.md you state that after starting rethinkDB one should open the webinterface and run this command: `r.db('rethinkdb').table('cluster_config').get('auth').update({auth_key: 'newkey'})` In my case this always throws following error: > { ""deleted"": 0 , ""errors"": 1 , ""first_error"": ""It's illegal to delete rows from the `rethinkdb.cluster_config` table."" , ""inserted"": 0 , ""replaced"": 0 , ""skipped"": 0 , ""unchanged"": 0 } < In my opinion this is the reason why nothing works, but I may be wrong on this one. Thanks for your help. documentation-file documentation-file",no-bug,0.9
34,stf,https://github.com/openstf/stf/issues/34,The Camera button doesn't have any effect.,"Hello, I would like to repport a bug i'm facing with the Sony Xperia S on Android 4.0.4: I control the Smartphone without any problem. This real device has a material camera button. A long press on it launch the camera application. On the Advanced Tab of STF, a clic on the Camera button has no effect. A Long clic neither. In addition, if on the device I launch the camera, the screen is black (but all controls are okay). See this attachment: ![capture d ecran 2015-07-27 a 16 17 16](https://cloud.githubusercontent.com/assets/13520796/8908375/210625ee-347c-11e5-8e0a-bbf9b9453e68.png)",source-file,"The Camera button doesn't have any effect. Hello, I would like to repport a bug i'm facing with the Sony Xperia S on Android 4.0.4: I control the Smartphone without any problem. This real device has a material camera button. A long press on it launch the camera application. On the Advanced Tab of STF, a clic on the Camera button has no effect. A Long clic neither. In addition, if on the device I launch the camera, the screen is black (but all controls are okay). See this attachment: ![capture d ecran 2015-07-27 a 16 17 16](https://cloud.githubusercontent.com/assets/13520796/8908375/210625ee-347c-11e5-8e0a-bbf9b9453e68.png) source-file",no-bug,0.9
73,stf,https://github.com/openstf/stf/issues/73,Difficulty starting rethinkdb-proxy-28015.service,"Hi there Again, hope I'm not missing something obvious, but it turned out to be a good idea to write here when I couldn't get adbd.service working. When I start rethinkdb-proxy-28015 I get an error that I have tried to troubleshoot all day. Using the same rethinkdb-proxy-28015.service as DEPLOYMENT.md, changed the authkey to 1234 and the ip to the ip of this same machine (running everything on one machine) RethinkDB is running with --bind all, and I can access the web interface from my browser on the same ip, port 8080. Here is what happens when I try to start the service:  Sep 07 15:44:26 ubuntu systemd[1]: Starting rethinkdb-proxy-28015.service Sep 07 15:44:28 ubuntu docker[568]: latest: Pulling from ctlc/ambassador Sep 07 15:44:28 ubuntu docker[568]: 093e01545ca5: Already exists Sep 07 15:44:28 ubuntu docker[568]: 639d60300768: Already exists Sep 07 15:44:28 ubuntu docker[568]: 50e9f95f98f1: Already exists Sep 07 15:44:28 ubuntu docker[568]: 6d021018145f: Already exists Sep 07 15:44:28 ubuntu docker[568]: c33211982f7d: Already exists Sep 07 15:44:28 ubuntu docker[568]: 0da04ef149d0: Already exists Sep 07 15:44:28 ubuntu docker[568]: c56de9c5a0d2: Already exists Sep 07 15:44:28 ubuntu docker[568]: 410000273ccc: Already exists Sep 07 15:44:28 ubuntu docker[568]: 1c9abde34886: Already exists Sep 07 15:44:28 ubuntu docker[568]: 53e2694bc9d6: Already exists Sep 07 15:44:28 ubuntu docker[568]: a853fbf35ee2: Already exists Sep 07 15:44:28 ubuntu docker[568]: cea471227545: Already exists Sep 07 15:44:28 ubuntu docker[568]: cea471227545: Already exists Sep 07 15:44:28 ubuntu docker[568]: Digest: sha256:f1648fa46b91d757b7cdd681ff134284e9903849faab0d30f3d8179c2429340c Sep 07 15:44:28 ubuntu docker[568]: Status: Image is up to date for ctlc/ambassador:latest Sep 07 15:44:28 ubuntu docker[701]: Error response from daemon: Cannot kill container rethinkdb-proxy-28015: no such id: rethinkdb-proxy-28015 Sep 07 15:44:28 ubuntu docker[701]: Error: failed to kill containers: [rethinkdb-proxy-28015] Sep 07 15:44:28 ubuntu docker[709]: Error response from daemon: no such id: rethinkdb-proxy-28015 Sep 07 15:44:28 ubuntu docker[709]: Error: failed to remove containers: [rethinkdb-proxy-28015] Sep 07 15:44:28 ubuntu systemd[1]: Started rethinkdb-proxy-28015.service. Sep 07 15:44:28 ubuntu docker[716]: 2015-09-07 14:44:28,963 CRIT Supervisor running as root (no user in config file) Sep 07 15:44:28 ubuntu docker[716]: 2015-09-07 14:44:28,963 WARN Included extra file ""/etc/supervisor/conf.d/supervisord-socat.conf"" during parsing Sep 07 15:44:28 ubuntu docker[716]: 2015-09-07 14:44:28,988 INFO RPC interface 'supervisor' initialized Sep 07 15:44:28 ubuntu docker[716]: 2015-09-07 14:44:28,988 WARN cElementTree not installed, using slower XML parser for XML-RPC Sep 07 15:44:28 ubuntu docker[716]: 2015-09-07 14:44:28,988 CRIT Server 'unix_http_server' running without any HTTP authentication checking Sep 07 15:44:28 ubuntu docker[716]: 2015-09-07 14:44:28,988 INFO supervisord started with pid 1 Sep 07 15:44:29 ubuntu docker[716]: 2015-09-07 14:44:29,992 INFO spawned: 'socat' with pid 7 Sep 07 15:44:30 ubuntu docker[716]: 2015-09-07 14:44:29,999 INFO exited: socat (exit status 0; not expected) Sep 07 15:44:31 ubuntu docker[716]: 2015-09-07 14:44:31,002 INFO spawned: 'socat' with pid 13 Sep 07 15:44:31 ubuntu docker[716]: 2015-09-07 14:44:31,009 INFO exited: socat (exit status 0; not expected) Sep 07 15:44:31 ubuntu docker[716]: 2015-09-07 14:44:31,012 CRIT reaped unknown pid 18) Sep 07 15:44:33 ubuntu docker[716]: 2015-09-07 14:44:33,018 INFO spawned: 'socat' with pid 22 Sep 07 15:44:33 ubuntu docker[716]: 2015-09-07 14:44:33,026 INFO exited: socat (exit status 0; not expected) Sep 07 15:44:33 ubuntu docker[716]: 2015-09-07 14:44:33,027 CRIT reaped unknown pid 27) Sep 07 15:44:36 ubuntu docker[716]: 2015-09-07 14:44:36,032 INFO spawned: 'socat' with pid 28 Sep 07 15:44:36 ubuntu docker[716]: 2015-09-07 14:44:36,046 INFO exited: socat (exit status 0; not expected) Sep 07 15:44:36 ubuntu docker[716]: 2015-09-07 14:44:36,048 INFO gave up: socat entered FATAL state, too many start retries too quickly Sep 07 15:44:36 ubuntu docker[716]: 2015-09-07 14:44:36,048 CRIT reaped unknown pid 33)  And here is my rethinkdb-proxy-28015.service file:  Description=RethinkDB proxy/28015 After=docker.service Requires=docker.service [Service] EnvironmentFile=/etc/environment TimeoutStartSec=0 Restart=always ExecStartPre=/usr/bin/docker pull ctlc/ambassador:latest ExecStartPre=-/usr/bin/docker kill %p ExecStartPre=-/usr/bin/docker rm %p ExecStart=/usr/bin/docker run --rm \ --name %p \ -e ""AUTHKEY=1234"" \ -p 28015 \ -e RETHINKDB_PORT_28015_TCP=tcp://192.168.99.106:28015 \ ctlc/ambassador:latest ExecStop=-/usr/bin/docker stop -t 10 %p  Tried running the docker run command directly, both on this machine and on a fresh install and it does the same. I am unsure where I should look to find the error, feel like I've been through everything. Thanks for your time, I appreciate the help",documentation-file | other-file | documentation-file,"Difficulty starting rethinkdb-proxy-28015.service Hi there Again, hope I'm not missing something obvious, but it turned out to be a good idea to write here when I couldn't get adbd.service working. When I start rethinkdb-proxy-28015 I get an error that I have tried to troubleshoot all day. Using the same rethinkdb-proxy-28015.service as DEPLOYMENT.md, changed the authkey to 1234 and the ip to the ip of this same machine (running everything on one machine) RethinkDB is running with --bind all, and I can access the web interface from my browser on the same ip, port 8080. Here is what happens when I try to start the service:  Sep 07 15:44:26 ubuntu systemd[1]: Starting rethinkdb-proxy-28015.service Sep 07 15:44:28 ubuntu docker[568]: latest: Pulling from ctlc/ambassador Sep 07 15:44:28 ubuntu docker[568]: 093e01545ca5: Already exists Sep 07 15:44:28 ubuntu docker[568]: 639d60300768: Already exists Sep 07 15:44:28 ubuntu docker[568]: 50e9f95f98f1: Already exists Sep 07 15:44:28 ubuntu docker[568]: 6d021018145f: Already exists Sep 07 15:44:28 ubuntu docker[568]: c33211982f7d: Already exists Sep 07 15:44:28 ubuntu docker[568]: 0da04ef149d0: Already exists Sep 07 15:44:28 ubuntu docker[568]: c56de9c5a0d2: Already exists Sep 07 15:44:28 ubuntu docker[568]: 410000273ccc: Already exists Sep 07 15:44:28 ubuntu docker[568]: 1c9abde34886: Already exists Sep 07 15:44:28 ubuntu docker[568]: 53e2694bc9d6: Already exists Sep 07 15:44:28 ubuntu docker[568]: a853fbf35ee2: Already exists Sep 07 15:44:28 ubuntu docker[568]: cea471227545: Already exists Sep 07 15:44:28 ubuntu docker[568]: cea471227545: Already exists Sep 07 15:44:28 ubuntu docker[568]: Digest: sha256:f1648fa46b91d757b7cdd681ff134284e9903849faab0d30f3d8179c2429340c Sep 07 15:44:28 ubuntu docker[568]: Status: Image is up to date for ctlc/ambassador:latest Sep 07 15:44:28 ubuntu docker[701]: Error response from daemon: Cannot kill container rethinkdb-proxy-28015: no such id: rethinkdb-proxy-28015 Sep 07 15:44:28 ubuntu docker[701]: Error: failed to kill containers: [rethinkdb-proxy-28015] Sep 07 15:44:28 ubuntu docker[709]: Error response from daemon: no such id: rethinkdb-proxy-28015 Sep 07 15:44:28 ubuntu docker[709]: Error: failed to remove containers: [rethinkdb-proxy-28015] Sep 07 15:44:28 ubuntu systemd[1]: Started rethinkdb-proxy-28015.service. Sep 07 15:44:28 ubuntu docker[716]: 2015-09-07 14:44:28,963 CRIT Supervisor running as root (no user in config file) Sep 07 15:44:28 ubuntu docker[716]: 2015-09-07 14:44:28,963 WARN Included extra file ""/etc/supervisor/conf.d/supervisord-socat.conf"" during parsing Sep 07 15:44:28 ubuntu docker[716]: 2015-09-07 14:44:28,988 INFO RPC interface 'supervisor' initialized Sep 07 15:44:28 ubuntu docker[716]: 2015-09-07 14:44:28,988 WARN cElementTree not installed, using slower XML parser for XML-RPC Sep 07 15:44:28 ubuntu docker[716]: 2015-09-07 14:44:28,988 CRIT Server 'unix_http_server' running without any HTTP authentication checking Sep 07 15:44:28 ubuntu docker[716]: 2015-09-07 14:44:28,988 INFO supervisord started with pid 1 Sep 07 15:44:29 ubuntu docker[716]: 2015-09-07 14:44:29,992 INFO spawned: 'socat' with pid 7 Sep 07 15:44:30 ubuntu docker[716]: 2015-09-07 14:44:29,999 INFO exited: socat (exit status 0; not expected) Sep 07 15:44:31 ubuntu docker[716]: 2015-09-07 14:44:31,002 INFO spawned: 'socat' with pid 13 Sep 07 15:44:31 ubuntu docker[716]: 2015-09-07 14:44:31,009 INFO exited: socat (exit status 0; not expected) Sep 07 15:44:31 ubuntu docker[716]: 2015-09-07 14:44:31,012 CRIT reaped unknown pid 18) Sep 07 15:44:33 ubuntu docker[716]: 2015-09-07 14:44:33,018 INFO spawned: 'socat' with pid 22 Sep 07 15:44:33 ubuntu docker[716]: 2015-09-07 14:44:33,026 INFO exited: socat (exit status 0; not expected) Sep 07 15:44:33 ubuntu docker[716]: 2015-09-07 14:44:33,027 CRIT reaped unknown pid 27) Sep 07 15:44:36 ubuntu docker[716]: 2015-09-07 14:44:36,032 INFO spawned: 'socat' with pid 28 Sep 07 15:44:36 ubuntu docker[716]: 2015-09-07 14:44:36,046 INFO exited: socat (exit status 0; not expected) Sep 07 15:44:36 ubuntu docker[716]: 2015-09-07 14:44:36,048 INFO gave up: socat entered FATAL state, too many start retries too quickly Sep 07 15:44:36 ubuntu docker[716]: 2015-09-07 14:44:36,048 CRIT reaped unknown pid 33)  And here is my rethinkdb-proxy-28015.service file:  Description=RethinkDB proxy/28015 After=docker.service Requires=docker.service [Service] EnvironmentFile=/etc/environment TimeoutStartSec=0 Restart=always ExecStartPre=/usr/bin/docker pull ctlc/ambassador:latest ExecStartPre=-/usr/bin/docker kill %p ExecStartPre=-/usr/bin/docker rm %p ExecStart=/usr/bin/docker run --rm \ --name %p \ -e ""AUTHKEY=1234"" \ -p 28015 \ -e RETHINKDB_PORT_28015_TCP=tcp://192.168.99.106:28015 \ ctlc/ambassador:latest ExecStop=-/usr/bin/docker stop -t 10 %p  Tried running the docker run command directly, both on this machine and on a fresh install and it does the same. I am unsure where I should look to find the error, feel like I've been through everything. Thanks for your time, I appreciate the help documentation-file other-file documentation-file",no-bug,0.95
1091,stf,https://github.com/openstf/stf/issues/1091,ADB version cannot be detected,:/home/test_all_stf$ stf doctor 2019-09-04T04:37:52.306Z INF/cli:doctor 1684 [*] OS Arch: x64 2019-09-04T04:37:52.307Z INF/cli:doctor 1684 [*] OS Platform: linux 2019-09-04T04:37:52.307Z INF/cli:doctor 1684 [*] OS Platform: 5.0.0-25-generic 2019-09-04T04:37:52.307Z INF/cli:doctor 1684 [*] Using Node 8.14.0 2019-09-04T04:37:52.350Z INF/cli:doctor 1684 [*] Using ZeroMQ 4.2.5 2019-09-04T04:37:52.367Z INF/cli:doctor 1684 [*] Using GraphicsMagick 1.3.28 2019-09-04T04:37:52.367Z ERR/cli:doctor 1684 [*] ADB version cannot be detected 2019-09-04T04:37:52.392Z INF/cli:doctor 1684 [*] Using ProtoBuf 3.9.1 2019-09-04T04:37:52.413Z INF/cli:doctor 1684 [*] Using RethinkDB 2.3.7~0bionic but i try to adb devices got this List of devices attached 50a4bf22 device,source-file,ADB version cannot be detected :/home/test_all_stf$ stf doctor 2019-09-04T04:37:52.306Z INF/cli:doctor 1684 [*] OS Arch: x64 2019-09-04T04:37:52.307Z INF/cli:doctor 1684 [*] OS Platform: linux 2019-09-04T04:37:52.307Z INF/cli:doctor 1684 [*] OS Platform: 5.0.0-25-generic 2019-09-04T04:37:52.307Z INF/cli:doctor 1684 [*] Using Node 8.14.0 2019-09-04T04:37:52.350Z INF/cli:doctor 1684 [*] Using ZeroMQ 4.2.5 2019-09-04T04:37:52.367Z INF/cli:doctor 1684 [*] Using GraphicsMagick 1.3.28 2019-09-04T04:37:52.367Z ERR/cli:doctor 1684 [*] ADB version cannot be detected 2019-09-04T04:37:52.392Z INF/cli:doctor 1684 [*] Using ProtoBuf 3.9.1 2019-09-04T04:37:52.413Z INF/cli:doctor 1684 [*] Using RethinkDB 2.3.7~0bionic but i try to adb devices got this List of devices attached 50a4bf22 device source-file,no-bug,0.9
49,stf,https://github.com/openstf/stf/issues/49,Can not use node -- debug cli local,"Hi, thank you for your great app. I want to use node --debug to have a better understand of how it works. I tried node -- debug cli local, but it failed, both in node version 0.10 and 0.12. I googled and learned that this is a clustered app and all the workers attempted to listen on the same debug port. So how do you debug in your development? Can I set breakpoint on it? Can I debug it or part of it separately?",config-file | config-file,"Can not use node -- debug cli local Hi, thank you for your great app. I want to use node --debug to have a better understand of how it works. I tried node -- debug cli local, but it failed, both in node version 0.10 and 0.12. I googled and learned that this is a clustered app and all the workers attempted to listen on the same debug port. So how do you debug in your development? Can I set breakpoint on it? Can I debug it or part of it separately? config-file config-file",no-bug,0.9
28,stf,https://github.com/openstf/stf/issues/28,UI: Show model name for unrecognised devices (at least),- Currently empty string is being showed in the control page,source-file | source-file | source-file | source-file | source-file | source-file | source-file | source-file | source-file | source-file | source-file | source-file | source-file | source-file | source-file | source-file | source-file | source-file | source-file | source-file | source-file | source-file | source-file | source-file | source-file | source-file | source-file | source-file | source-file | source-file | source-file | source-file | source-file | source-file | source-file | source-file | source-file | source-file | source-file | source-file | source-file | source-file | source-file | source-file | source-file | source-file | source-file | source-file | source-file | source-file | source-file | source-file | source-file | other-file,UI: Show model name for unrecognised devices (at least) - Currently empty string is being showed in the control page source-file source-file source-file source-file source-file source-file source-file source-file source-file source-file source-file source-file source-file source-file source-file source-file source-file source-file source-file source-file source-file source-file source-file source-file source-file source-file source-file source-file source-file source-file source-file source-file source-file source-file source-file source-file source-file source-file source-file source-file source-file source-file source-file source-file source-file source-file source-file source-file source-file source-file source-file source-file source-file other-file,no-bug,0.7
597,stf,https://github.com/openstf/stf/issues/597,RangeError: Maximum call stack size exceeded,"I have experienced this error many times, it caused the websocket to exit, what's reason for this? INF/util:datautil 1 [*] Device database does not have an entry for ""123456789ABCD"" (model ""R7t""/""R7t""). This is not an error, it only means that we don't have data for it yet. INF/util:datautil 1 [*] Device database does not have an entry for ""123456789ABCD"" (model ""R7t""/""R7t""). This is not an error, it only means that we don't have data for it yet. INF/util:datautil 1 [*] Device database does not have an entry for ""123456789ABCD"" (model ""R7t""/""R7t""). This is not an error, it only means that we don't have data for it yet. INF/util:datautil 1 [*] Device database does not have an entry for ""123456789ABCD"" (model ""R7t""/""R7t""). This is not an error, it only means that we don't have data for it yet. buffer.js:11 super(arg1, arg2, arg3); ^ RangeError: Maximum call stack size exceeded at Buffer.Uint8Array (native) at FastBuffer (buffer.js:11:5) at Buffer.slice (buffer.js:811:10) at fromString (buffer.js:204:21) at Function.Buffer.from (buffer.js:99:12) at new Buffer (buffer.js:80:17) at Sender.frameAndSend (/app/node_modules/engine.io/node_modules/ws/lib/Sender.js:166:14) at /app/node_modules/engine.io/node_modules/ws/lib/Sender.js:126:12 at Sender.applyExtensions (/app/node_modules/engine.io/node_modules/ws/lib/Sender.js:287:5) at /app/node_modules/engine.io/node_modules/ws/lib/Sender.js:120:10 at Sender.flush (/app/node_modules/engine.io/node_modules/ws/lib/Sender.js:268:3) at /app/node_modules/engine.io/node_modules/ws/lib/Sender.js:270:10 at /app/node_modules/engine.io/node_modules/ws/lib/Sender.js:127:7 at Sender.applyExtensions (/app/node_modules/engine.io/node_modules/ws/lib/Sender.js:287:5) at /app/node_modules/engine.io/node_modules/ws/lib/Sender.js:120:10 at Sender.flush (/app/node_modules/engine.io/node_modules/ws/lib/Sender.js:268:3) at /app/node_modules/engine.io/node_modules/ws/lib/Sender.js:270:10 at /app/node_modules/engine.io/node_modules/ws/lib/Sender.js:127:7 at Sender.applyExtensions (/app/node_modules/engine.io/node_modules/ws/lib/Sender.js:287:5) at /app/node_modules/engine.io/node_modules/ws/lib/Sender.js:120:10 at Sender.flush (/app/node_modules/engine.io/node_modules/ws/lib/Sender.js:268:3) at /app/node_modules/engine.io/node_modules/ws/lib/Sender.js:270:10",documentation-file | other-file,"RangeError: Maximum call stack size exceeded I have experienced this error many times, it caused the websocket to exit, what's reason for this? INF/util:datautil 1 [*] Device database does not have an entry for ""123456789ABCD"" (model ""R7t""/""R7t""). This is not an error, it only means that we don't have data for it yet. INF/util:datautil 1 [*] Device database does not have an entry for ""123456789ABCD"" (model ""R7t""/""R7t""). This is not an error, it only means that we don't have data for it yet. INF/util:datautil 1 [*] Device database does not have an entry for ""123456789ABCD"" (model ""R7t""/""R7t""). This is not an error, it only means that we don't have data for it yet. INF/util:datautil 1 [*] Device database does not have an entry for ""123456789ABCD"" (model ""R7t""/""R7t""). This is not an error, it only means that we don't have data for it yet. buffer.js:11 super(arg1, arg2, arg3); ^ RangeError: Maximum call stack size exceeded at Buffer.Uint8Array (native) at FastBuffer (buffer.js:11:5) at Buffer.slice (buffer.js:811:10) at fromString (buffer.js:204:21) at Function.Buffer.from (buffer.js:99:12) at new Buffer (buffer.js:80:17) at Sender.frameAndSend (/app/node_modules/engine.io/node_modules/ws/lib/Sender.js:166:14) at /app/node_modules/engine.io/node_modules/ws/lib/Sender.js:126:12 at Sender.applyExtensions (/app/node_modules/engine.io/node_modules/ws/lib/Sender.js:287:5) at /app/node_modules/engine.io/node_modules/ws/lib/Sender.js:120:10 at Sender.flush (/app/node_modules/engine.io/node_modules/ws/lib/Sender.js:268:3) at /app/node_modules/engine.io/node_modules/ws/lib/Sender.js:270:10 at /app/node_modules/engine.io/node_modules/ws/lib/Sender.js:127:7 at Sender.applyExtensions (/app/node_modules/engine.io/node_modules/ws/lib/Sender.js:287:5) at /app/node_modules/engine.io/node_modules/ws/lib/Sender.js:120:10 at Sender.flush (/app/node_modules/engine.io/node_modules/ws/lib/Sender.js:268:3) at /app/node_modules/engine.io/node_modules/ws/lib/Sender.js:270:10 at /app/node_modules/engine.io/node_modules/ws/lib/Sender.js:127:7 at Sender.applyExtensions (/app/node_modules/engine.io/node_modules/ws/lib/Sender.js:287:5) at /app/node_modules/engine.io/node_modules/ws/lib/Sender.js:120:10 at Sender.flush (/app/node_modules/engine.io/node_modules/ws/lib/Sender.js:268:3) at /app/node_modules/engine.io/node_modules/ws/lib/Sender.js:270:10 documentation-file other-file",no-bug,0.9
33,stf,https://github.com/openstf/stf/issues/33,how to deploy without systemd,"hi, my computer doesn't has systemd and it uses init , can stf deploy on my computer? and my computer only has one port for public net and the port is 80, how can i deploy stf on my computer and visit it from the public net? thank you for this wonderful project , it helps me a lot",source-file | source-file,"how to deploy without systemd hi, my computer doesn't has systemd and it uses init , can stf deploy on my computer? and my computer only has one port for public net and the port is 80, how can i deploy stf on my computer and visit it from the public net? thank you for this wonderful project , it helps me a lot source-file source-file",no-bug,0.95
509,stf,https://github.com/openstf/stf/issues/509,Migrations sometimes don't take effect when running `stf local` for the first time,"I have installed all requirements for stf and run npm install normally. but when I run stf local command, the error messages is threw. FTL/reaper 690 [reaper001] Unable to load initial state { ReqlOpFailedError: Database `stf` does not exist in: r.table(""devices"").getAll(true, {""index"": ""present""})  at ReqlOpFailedError.ReqlError [as constructor] (/Users/zhangwl/work/stf-master/node_modules/rethinkdb/errors.js:23:13) at ReqlOpFailedError.ReqlRuntimeError [as constructor] (/Users/zhangwl/work/stf-master/node_modules/rethinkdb/errors.js:90:51) at ReqlOpFailedError.ReqlAvailabilityError [as constructor] (/Users/zhangwl/work/stf-master/node_modules/rethinkdb/errors.js:167:56) at new ReqlOpFailedError (/Users/zhangwl/work/stf-master/node_modules/rethinkdb/errors.js:178:52) at mkErr (/Users/zhangwl/work/stf-master/node_modules/rethinkdb/util.js:177:10) at TcpConnection.Connection._processResponse (/Users/zhangwl/work/stf-master/node_modules/rethinkdb/net.js:152:16) at TcpConnection.Connection._data (/Users/zhangwl/work/stf-master/node_modules/rethinkdb/net.js:122:12) at Socket.<anonymous> (/Users/zhangwl/work/stf-master/node_modules/rethinkdb/net.js:689:32) at emitOne (events.js:96:13) at Socket.emit (events.js:188:7) at readableAddChunk (_stream_readable.js:176:18) at Socket.Readable.push (_stream_readable.js:134:10) at TCP.onread (net.js:551:20) From previous event: at Function.TermBase.run (/Users/zhangwl/work/stf-master/node_modules/rethinkdb/ast.js:135:12) at /Users/zhangwl/work/stf-master/lib/db/index.js:110:14 at runCallback (timers.js:651:20) at tryOnImmediate (timers.js:624:5) at processImmediate [as _immediateCallback] (timers.js:596:5) From previous event: at Object.db.run (/Users/zhangwl/work/stf-master/lib/db/index.js:109:23) at Object.dbapi.loadPresentDevices (/Users/zhangwl/work/stf-master/lib/db/api.js:333:13) at loadInitialState (/Users/zhangwl/work/stf-master/lib/units/reaper/index.js:80:18) at module.exports (/Users/zhangwl/work/stf-master/lib/units/reaper/index.js:122:3) at Object.module.exports.handler (/Users/zhangwl/work/stf-master/lib/cli/reaper/index.js:42:39) at Object.self.runCommand (/Users/zhangwl/work/stf-master/node_modules/yargs/lib/command.js:169:22) at parseArgs (/Users/zhangwl/work/stf-master/node_modules/yargs/yargs.js:869:28) at Object.get [as argv] (/Users/zhangwl/work/stf-master/node_modules/yargs/yargs.js:809:16) at Object.<anonymous> (/Users/zhangwl/work/stf-master/lib/cli/index.js:40:3) at Module._compile (module.js:571:32) at Object.Module._extensions..js (module.js:580:10) at Module.load (module.js:488:32) at tryModuleLoad (module.js:447:12) at Function.Module._load (module.js:439:3) at Module.runMain (module.js:605:10) at run (bootstrap_node.js:420:7) at startup (bootstrap_node.js:139:9) at bootstrap_node.js:535:3 name: 'ReqlOpFailedError', msg: 'Database `stf` does not exist.', frames: [], message: 'Database `stf` does not exist in:\nr.table(""devices"").getAll(true, {""index"": ""present""})\n' } FTL/util:lifecycle 690 [reaper001] Shutting down due to fatal error FTL/cli:local 684 [*] Child process had an error ExitError: Exit code ""1"" at ChildProcess.<anonymous> (/Users/zhangwl/work/stf-master/lib/util/procutil.js:49:23) at emitTwo (events.js:106:13) at ChildProcess.emit (events.js:191:7) at Process.ChildProcess._handle.onexit (internal/child_process.js:215:12) INF/cli:local 684 [*] Shutting down all child processes INF/util:lifecycle 686 [app001] Winding down for graceful exit INF/util:lifecycle 687 [dev001] Winding down for graceful exit INF/util:lifecycle 688 [proc001] Winding down for graceful exit INF/util:lifecycle 689 [proc002] Winding down for graceful exit WRN/db 688 [proc001] Connection closed INF/db 688 [proc001] Connecting to 127.0.0.1:28015 WRN/db 689 [proc002] Connection closed INF/db 689 [proc002] Connecting to 127.0.0.1:28015",source-file | source-file,"Migrations sometimes don't take effect when running `stf local` for the first time I have installed all requirements for stf and run npm install normally. but when I run stf local command, the error messages is threw. FTL/reaper 690 [reaper001] Unable to load initial state { ReqlOpFailedError: Database `stf` does not exist in: r.table(""devices"").getAll(true, {""index"": ""present""})  at ReqlOpFailedError.ReqlError [as constructor] (/Users/zhangwl/work/stf-master/node_modules/rethinkdb/errors.js:23:13) at ReqlOpFailedError.ReqlRuntimeError [as constructor] (/Users/zhangwl/work/stf-master/node_modules/rethinkdb/errors.js:90:51) at ReqlOpFailedError.ReqlAvailabilityError [as constructor] (/Users/zhangwl/work/stf-master/node_modules/rethinkdb/errors.js:167:56) at new ReqlOpFailedError (/Users/zhangwl/work/stf-master/node_modules/rethinkdb/errors.js:178:52) at mkErr (/Users/zhangwl/work/stf-master/node_modules/rethinkdb/util.js:177:10) at TcpConnection.Connection._processResponse (/Users/zhangwl/work/stf-master/node_modules/rethinkdb/net.js:152:16) at TcpConnection.Connection._data (/Users/zhangwl/work/stf-master/node_modules/rethinkdb/net.js:122:12) at Socket.<anonymous> (/Users/zhangwl/work/stf-master/node_modules/rethinkdb/net.js:689:32) at emitOne (events.js:96:13) at Socket.emit (events.js:188:7) at readableAddChunk (_stream_readable.js:176:18) at Socket.Readable.push (_stream_readable.js:134:10) at TCP.onread (net.js:551:20) From previous event: at Function.TermBase.run (/Users/zhangwl/work/stf-master/node_modules/rethinkdb/ast.js:135:12) at /Users/zhangwl/work/stf-master/lib/db/index.js:110:14 at runCallback (timers.js:651:20) at tryOnImmediate (timers.js:624:5) at processImmediate [as _immediateCallback] (timers.js:596:5) From previous event: at Object.db.run (/Users/zhangwl/work/stf-master/lib/db/index.js:109:23) at Object.dbapi.loadPresentDevices (/Users/zhangwl/work/stf-master/lib/db/api.js:333:13) at loadInitialState (/Users/zhangwl/work/stf-master/lib/units/reaper/index.js:80:18) at module.exports (/Users/zhangwl/work/stf-master/lib/units/reaper/index.js:122:3) at Object.module.exports.handler (/Users/zhangwl/work/stf-master/lib/cli/reaper/index.js:42:39) at Object.self.runCommand (/Users/zhangwl/work/stf-master/node_modules/yargs/lib/command.js:169:22) at parseArgs (/Users/zhangwl/work/stf-master/node_modules/yargs/yargs.js:869:28) at Object.get [as argv] (/Users/zhangwl/work/stf-master/node_modules/yargs/yargs.js:809:16) at Object.<anonymous> (/Users/zhangwl/work/stf-master/lib/cli/index.js:40:3) at Module._compile (module.js:571:32) at Object.Module._extensions..js (module.js:580:10) at Module.load (module.js:488:32) at tryModuleLoad (module.js:447:12) at Function.Module._load (module.js:439:3) at Module.runMain (module.js:605:10) at run (bootstrap_node.js:420:7) at startup (bootstrap_node.js:139:9) at bootstrap_node.js:535:3 name: 'ReqlOpFailedError', msg: 'Database `stf` does not exist.', frames: [], message: 'Database `stf` does not exist in:\nr.table(""devices"").getAll(true, {""index"": ""present""})\n' } FTL/util:lifecycle 690 [reaper001] Shutting down due to fatal error FTL/cli:local 684 [*] Child process had an error ExitError: Exit code ""1"" at ChildProcess.<anonymous> (/Users/zhangwl/work/stf-master/lib/util/procutil.js:49:23) at emitTwo (events.js:106:13) at ChildProcess.emit (events.js:191:7) at Process.ChildProcess._handle.onexit (internal/child_process.js:215:12) INF/cli:local 684 [*] Shutting down all child processes INF/util:lifecycle 686 [app001] Winding down for graceful exit INF/util:lifecycle 687 [dev001] Winding down for graceful exit INF/util:lifecycle 688 [proc001] Winding down for graceful exit INF/util:lifecycle 689 [proc002] Winding down for graceful exit WRN/db 688 [proc001] Connection closed INF/db 688 [proc001] Connecting to 127.0.0.1:28015 WRN/db 689 [proc002] Connection closed INF/db 689 [proc002] Connecting to 127.0.0.1:28015 source-file source-file",no-bug,0.9
21,stf,https://github.com/openstf/stf/issues/21,Installation failed in OSX 10.9,"<img width=""894"" alt=""screen shot 2015-07-22 at 11 50 50 pm"" src=""https://cloud.githubusercontent.com/assets/1861729/8833487/8c7b78d2-30cc-11e5-88f8-2f5ecb49e01e.png"">",other-file,"Installation failed in OSX 10.9 <img width=""894"" alt=""screen shot 2015-07-22 at 11 50 50 pm"" src=""https://cloud.githubusercontent.com/assets/1861729/8833487/8c7b78d2-30cc-11e5-88f8-2f5ecb49e01e.png""> other-file",no-bug,0.9
165,stf,https://github.com/openstf/stf/issues/165,running stf local,"I have installed docker and pulled the image from the docker hub. Now i am confused what to do next? Do i need to install all the requirements explicitly on my ubuntu machine including rethinkdb ? I have also tried to ref. to the solution given by you but you have mentioned there to see the deployment file, which makes me confused to understand difference between stf local and actual deployment. Can you please help me.",documentation-file,"running stf local I have installed docker and pulled the image from the docker hub. Now i am confused what to do next? Do i need to install all the requirements explicitly on my ubuntu machine including rethinkdb ? I have also tried to ref. to the solution given by you but you have mentioned there to see the deployment file, which makes me confused to understand difference between stf local and actual deployment. Can you please help me. documentation-file",no-bug,0.9
262,stf,https://github.com/openstf/stf/issues/262,Is there a different way to connect a Smartphone?,"Hello guys, i got a short question regarding Smartphone connection. Is it possible to connect a Smartphone with the STF service via WiFi and not via USB? If not yet, are you planing features like that? P.S: I'm the succesor of Felix Hahn. He was already in contact with you. Thanks.",source-file | source-file | source-file | source-file | source-file | source-file | source-file | documentation-file | other-file,"Is there a different way to connect a Smartphone? Hello guys, i got a short question regarding Smartphone connection. Is it possible to connect a Smartphone with the STF service via WiFi and not via USB? If not yet, are you planing features like that? P.S: I'm the succesor of Felix Hahn. He was already in contact with you. Thanks. source-file source-file source-file source-file source-file source-file source-file documentation-file other-file",no-bug,0.95
471,stf,https://github.com/openstf/stf/issues/471,Lenovo A806,"<!-- *Before creating an issue please make sure you are using the latest version of STF.* --> **What is the issue or idea you have?** STFService.apk installation fails with `INSTALL_FAILED_VERIFICATION_FAILURE`. **Does it only happen on a specific device? Please run `adb devices -l` and paste the corresponding row.**  redacted device usb:336592896X product:alston_fddopen model:Lenovo_A806 device:A806  **Please provide the steps to reproduce the issue.** Connect the device to STF as usual. **What is the expected behavior?** Service installation completes. Interestingly, raw ADB commands also fail:  % adb push vendor/STFService/STFService.apk /data/local/tmp/ [100%] /data/local/tmp/STFService.apk % adb shell ""pm install -r '/data/local/tmp/STFService.apk'"" Failure [INSTALL_FAILED_VERIFICATION_FAILURE]  HOWEVER, by taking out the single quotes from around the filename, it works:  % adb push vendor/STFService/STFService.apk /data/local/tmp/ [100%] /data/local/tmp/STFService.apk % adb shell ""pm install -r /data/local/tmp/STFService.apk""  (which shows a dialog to accept the installation on the device) **Do you see errors or warnings in the `stf local` output? If so, please paste them or the full log here.**  adb:command Send '0034shell:pm install -r '/data/local/tmp/STFService.apk'' +2ms FTL/device 98872 [redacted] Setup had an error Error: /data/local/tmp/STFService.apk could not be installed [INSTALL_FAILED_VERIFICATION_FAILURE] at /Users/simokinnunen/Projects/openstf/stf/node_modules/adbkit/lib/adb/command/host-transport/install.js:28:23 at runCallback (timers.js:637:20) at tryOnImmediate (timers.js:610:5) at processImmediate [as _immediateCallback] (timers.js:582:5)  **Please run `stf doctor` and paste the output here.**  INF/util:doctor 1979 [*] OS Arch: x64 INF/util:doctor 1979 [*] OS Platform: darwin INF/util:doctor 1979 [*] OS Platform: 16.1.0 INF/util:doctor 1979 [*] Using Node 6.9.1 INF/util:doctor 1979 [*] Using RethinkDB client 2.3.3 INF/util:doctor 1979 [*] Using ZeroMQ 4.1.6 INF/util:doctor 1979 [*] GraphicsMagick 1.3.25 INF/util:doctor 1979 [*] Local ADB 1.0.36 INF/util:doctor 1979 [*] Local RethinkDB server 2.3.5 INF/util:doctor 1979 [*] ProtoBuf 3.1.0 ERR/util:doctor 1979 [*] Current ProtoBuf version is not supported, it has to be ~2",documentation-file | documentation-file,"Lenovo A806 <!-- *Before creating an issue please make sure you are using the latest version of STF.* --> **What is the issue or idea you have?** STFService.apk installation fails with `INSTALL_FAILED_VERIFICATION_FAILURE`. **Does it only happen on a specific device? Please run `adb devices -l` and paste the corresponding row.**  redacted device usb:336592896X product:alston_fddopen model:Lenovo_A806 device:A806  **Please provide the steps to reproduce the issue.** Connect the device to STF as usual. **What is the expected behavior?** Service installation completes. Interestingly, raw ADB commands also fail:  % adb push vendor/STFService/STFService.apk /data/local/tmp/ [100%] /data/local/tmp/STFService.apk % adb shell ""pm install -r '/data/local/tmp/STFService.apk'"" Failure [INSTALL_FAILED_VERIFICATION_FAILURE]  HOWEVER, by taking out the single quotes from around the filename, it works:  % adb push vendor/STFService/STFService.apk /data/local/tmp/ [100%] /data/local/tmp/STFService.apk % adb shell ""pm install -r /data/local/tmp/STFService.apk""  (which shows a dialog to accept the installation on the device) **Do you see errors or warnings in the `stf local` output? If so, please paste them or the full log here.**  adb:command Send '0034shell:pm install -r '/data/local/tmp/STFService.apk'' +2ms FTL/device 98872 [redacted] Setup had an error Error: /data/local/tmp/STFService.apk could not be installed [INSTALL_FAILED_VERIFICATION_FAILURE] at /Users/simokinnunen/Projects/openstf/stf/node_modules/adbkit/lib/adb/command/host-transport/install.js:28:23 at runCallback (timers.js:637:20) at tryOnImmediate (timers.js:610:5) at processImmediate [as _immediateCallback] (timers.js:582:5)  **Please run `stf doctor` and paste the output here.**  INF/util:doctor 1979 [*] OS Arch: x64 INF/util:doctor 1979 [*] OS Platform: darwin INF/util:doctor 1979 [*] OS Platform: 16.1.0 INF/util:doctor 1979 [*] Using Node 6.9.1 INF/util:doctor 1979 [*] Using RethinkDB client 2.3.3 INF/util:doctor 1979 [*] Using ZeroMQ 4.1.6 INF/util:doctor 1979 [*] GraphicsMagick 1.3.25 INF/util:doctor 1979 [*] Local ADB 1.0.36 INF/util:doctor 1979 [*] Local RethinkDB server 2.3.5 INF/util:doctor 1979 [*] ProtoBuf 3.1.0 ERR/util:doctor 1979 [*] Current ProtoBuf version is not supported, it has to be ~2 documentation-file documentation-file",no-bug,0.95
48,stf,https://github.com/openstf/stf/issues/48,how to expand device pool to 100+?,"Hi Firstly, thanks for you great project. I have a question about how to expand device pool to 100+? Suppose one PC has 4 motherboard's USB ports, and each one connects to a usb hub with 7 ports. It can only connect to 28 devices, how we can expand to 100+?",config-file | config-file | config-file,"how to expand device pool to 100+? Hi Firstly, thanks for you great project. I have a question about how to expand device pool to 100+? Suppose one PC has 4 motherboard's USB ports, and each one connects to a usb hub with 7 ports. It can only connect to 28 devices, how we can expand to 100+? config-file config-file config-file",no-bug,0.9
1200,stf,https://github.com/openstf/stf/issues/1200,"on some devices,it will install STFservices.apk repeatedly,",![image](https://user-images.githubusercontent.com/26139195/76299670-74d7d480-62f6-11ea-8d6f-51c840cd255b.png),source-file,"on some devices,it will install STFservices.apk repeatedly, ![image](https://user-images.githubusercontent.com/26139195/76299670-74d7d480-62f6-11ea-8d6f-51c840cd255b.png) source-file",no-bug,0.9
279,stf,https://github.com/openstf/stf/issues/279,Android N support,"I'v read the document of Android N. It says > Android N includes namespace changes to prevent loading of non-public APIs. If you use the NDK, you should only be using public APIs from the Android platform. Using non-public APIs in the next official release of Android can cause your app to crash. [http://developer.android.com/intl/zh-cn/preview/behavior-changes.html#ndk](url) So, can STF still work on Android N ? thx.",documentation-file | other-file | other-file | other-file | other-file,"Android N support I'v read the document of Android N. It says > Android N includes namespace changes to prevent loading of non-public APIs. If you use the NDK, you should only be using public APIs from the Android platform. Using non-public APIs in the next official release of Android can cause your app to crash. [http://developer.android.com/intl/zh-cn/preview/behavior-changes.html#ndk](url) So, can STF still work on Android N ? thx. documentation-file other-file other-file other-file other-file",no-bug,0.9
239,stf,https://github.com/openstf/stf/issues/239,which nodejs file in the stf project controls the minitouch in android?,"I am writing the client script to control the minitouch, so I need a sample, thanks.",config-file,"which nodejs file in the stf project controls the minitouch in android? I am writing the client script to control the minitouch, so I need a sample, thanks. config-file",no-bug,0.95
100,stf,https://github.com/openstf/stf/issues/100,Device unit subscriber dies after 20 or 30 minutes if device is kept idle,"I have a working setup of STF in production.Currently, I am having a problem which is bugging me for couple of days and want to know if somebody else is having same. The problem is, if I keep my device idle for 20 or 30 minutes, then I get totally blank screen after click the use button on device. Below are the screen shots. STF Device list view, as it can be seen device are usable ![screen shot 2015-10-07 at 13 25 59](https://cloud.githubusercontent.com/assets/7875161/10329270/edac688c-6cf9-11e5-99cc-66746517460f.png) This is the view I get when I click use button for some (expired) device. ![screen shot 2015-10-07 at 13 46 30](https://cloud.githubusercontent.com/assets/7875161/10329267/e74c88e6-6cf9-11e5-9b6d-d94498fc7d30.png) I did troubleshooting for this and found out that device subscriber is not receiving message if it is kept idle for some minutes. So basically ""group.invite"" or GroupMessage from app side is not being received by device unit. I confirmed this by writing a simple zeromq subscriber and subscribed it with dev-side publisher. Script looks like this  nodejs var zmq = require('zmq'); var util = require('util') var sub = zmq.socket('sub'); // subscribing to device channel sub.subscribe(""QsoRFrXSROZTpgwiqmTxlpDoelg="") sub.on(""message"", function(channel, data) { console.log('got message on channel ' + channel + "" data is : "" + data.toString() + ""\n"") }) sub.connect(""tcp://DEVSIDE_IP:7250"")  If I press the ""Use"" button now, then I can see subscriber in the script is receiving messages. Then I kept (expired) device idle for around 30 minutes and not surprisingly subscriber in the script also stopped receiving messages. So basically, subscriber is dying if kept idle. I did research about zeromq's subscriber dying problem and found that it may because of various reason such as TCP timeout or network problem between machines. I checked TCP timeout in my provider machine, it is 2hrs so most probably this is not the problem. One more additional thing, I am using mac-os for my provider instead of linux machine. I know STF does not support mac-osx for production but currently I am using my available resources. All the other units are running in CentOS 7.0 I want to know, if somebody has faced subscriber dying problem or can suggest me reason why it is dying or not receiving messages? I will be glad if someone can also suggest work around for this problem, currently I am thinking of sending heartbeats to all the device subscriber to keep them alive. Thanks,",source-file | source-file | source-file | source-file | source-file | source-file | source-file | source-file | source-file | source-file,"Device unit subscriber dies after 20 or 30 minutes if device is kept idle I have a working setup of STF in production.Currently, I am having a problem which is bugging me for couple of days and want to know if somebody else is having same. The problem is, if I keep my device idle for 20 or 30 minutes, then I get totally blank screen after click the use button on device. Below are the screen shots. STF Device list view, as it can be seen device are usable ![screen shot 2015-10-07 at 13 25 59](https://cloud.githubusercontent.com/assets/7875161/10329270/edac688c-6cf9-11e5-99cc-66746517460f.png) This is the view I get when I click use button for some (expired) device. ![screen shot 2015-10-07 at 13 46 30](https://cloud.githubusercontent.com/assets/7875161/10329267/e74c88e6-6cf9-11e5-9b6d-d94498fc7d30.png) I did troubleshooting for this and found out that device subscriber is not receiving message if it is kept idle for some minutes. So basically ""group.invite"" or GroupMessage from app side is not being received by device unit. I confirmed this by writing a simple zeromq subscriber and subscribed it with dev-side publisher. Script looks like this  nodejs var zmq = require('zmq'); var util = require('util') var sub = zmq.socket('sub'); // subscribing to device channel sub.subscribe(""QsoRFrXSROZTpgwiqmTxlpDoelg="") sub.on(""message"", function(channel, data) { console.log('got message on channel ' + channel + "" data is : "" + data.toString() + ""\n"") }) sub.connect(""tcp://DEVSIDE_IP:7250"")  If I press the ""Use"" button now, then I can see subscriber in the script is receiving messages. Then I kept (expired) device idle for around 30 minutes and not surprisingly subscriber in the script also stopped receiving messages. So basically, subscriber is dying if kept idle. I did research about zeromq's subscriber dying problem and found that it may because of various reason such as TCP timeout or network problem between machines. I checked TCP timeout in my provider machine, it is 2hrs so most probably this is not the problem. One more additional thing, I am using mac-os for my provider instead of linux machine. I know STF does not support mac-osx for production but currently I am using my available resources. All the other units are running in CentOS 7.0 I want to know, if somebody has faced subscriber dying problem or can suggest me reason why it is dying or not receiving messages? I will be glad if someone can also suggest work around for this problem, currently I am thinking of sending heartbeats to all the device subscriber to keep them alive. Thanks, source-file source-file source-file source-file source-file source-file source-file source-file source-file source-file",no-bug,0.9
109,stf,https://github.com/openstf/stf/issues/109,zmq function Invalid argument error,"i pull the newest code from master, and run npm install successfully but when i run stf, i find the error below how can i fix it? /home/zhuxun/COMPANY/stf/newstf/node_modules/zmq/lib/index.js:252 this._zmq.setsockopt(opts[opt] || opt, val); ^ Error: Invalid argument at Error (native) at Socket.setsockopt (/home/zhuxun/COMPANY/stf/newstf/node_modules/zmq/lib/index.js:252:13) at Object.module.exports.socket (/home/zhuxun/COMPANY/stf/newstf/lib/util/zmqutil.js:11:8) at module.exports (/home/zhuxun/COMPANY/stf/newstf/lib/units/triproxy/index.js:19:21) at Command.<anonymous> (/home/zhuxun/COMPANY/stf/newstf/lib/cli.js:306:32) at Command.listener (/home/zhuxun/COMPANY/stf/newstf/node_modules/commander/index.js:301:8) at Command.emit (events.js:110:17) at Command.parseArgs (/home/zhuxun/COMPANY/stf/newstf/node_modules/commander/index.js:610:12) at Command.parse (/home/zhuxun/COMPANY/stf/newstf/node_modules/commander/index.js:458:21) at Object.<anonymous> (/home/zhuxun/COMPANY/stf/newstf/lib/cli.js:1166:9) at Module._compile (module.js:460:26) at Object.Module._extensions..js (module.js:478:10) at Module.load (module.js:355:32) at Function.Module._load (module.js:310:12) at Function.Module.runMain (module.js:501:10) at startup (node.js:129:16) FTL/cli:local 19744 [_] Child process had an error ExitError: Exit code ""1"" at ChildProcess.<anonymous> (/home/zhuxun/COMPANY/stf/newstf/lib/util/procutil.js:49:23) at ChildProcess.emit (events.js:110:17) at Process.ChildProcess._handle.onexit (child_process.js:1074:12) INF/cli:local 19744 [_] Shutting down all child processes /home/zhuxun/COMPANY/stf/newstf/node_modules/zmq/lib/index.js:252 this._zmq.setsockopt(opts[opt] || opt, val); ^ Error: Invalid argument at Error (native) at Socket.setsockopt (/home/zhuxun/COMPANY/stf/newstf/node_modules/zmq/lib/index.js:252:13) at Object.module.exports.socket (/home/zhuxun/COMPANY/stf/newstf/lib/util/zmqutil.js:11:8) at module.exports (/home/zhuxun/COMPANY/stf/newstf/lib/units/triproxy/index.js:19:21) at Command.<anonymous> (/home/zhuxun/COMPANY/stf/newstf/lib/cli.js:306:32) at Command.listener (/home/zhuxun/COMPANY/stf/newstf/node_modules/commander/index.js:301:8) at Command.emit (events.js:110:17) at Command.parseArgs (/home/zhuxun/COMPANY/stf/newstf/node_modules/commander/index.js:610:12) at Command.parse (/home/zhuxun/COMPANY/stf/newstf/node_modules/commander/index.js:458:21) at Object.<anonymous> (/home/zhuxun/COMPANY/stf/newstf/lib/cli.js:1166:9) at Module._compile (module.js:460:26) at Object.Module._extensions..js (module.js:478:10) at Module.load (module.js:355:32) at Function.Module._load (module.js:310:12) at Function.Module.runMain (module.js:501:10) at startup (node.js:129:16)",source-file,"zmq function Invalid argument error i pull the newest code from master, and run npm install successfully but when i run stf, i find the error below how can i fix it? /home/zhuxun/COMPANY/stf/newstf/node_modules/zmq/lib/index.js:252 this._zmq.setsockopt(opts[opt] || opt, val); ^ Error: Invalid argument at Error (native) at Socket.setsockopt (/home/zhuxun/COMPANY/stf/newstf/node_modules/zmq/lib/index.js:252:13) at Object.module.exports.socket (/home/zhuxun/COMPANY/stf/newstf/lib/util/zmqutil.js:11:8) at module.exports (/home/zhuxun/COMPANY/stf/newstf/lib/units/triproxy/index.js:19:21) at Command.<anonymous> (/home/zhuxun/COMPANY/stf/newstf/lib/cli.js:306:32) at Command.listener (/home/zhuxun/COMPANY/stf/newstf/node_modules/commander/index.js:301:8) at Command.emit (events.js:110:17) at Command.parseArgs (/home/zhuxun/COMPANY/stf/newstf/node_modules/commander/index.js:610:12) at Command.parse (/home/zhuxun/COMPANY/stf/newstf/node_modules/commander/index.js:458:21) at Object.<anonymous> (/home/zhuxun/COMPANY/stf/newstf/lib/cli.js:1166:9) at Module._compile (module.js:460:26) at Object.Module._extensions..js (module.js:478:10) at Module.load (module.js:355:32) at Function.Module._load (module.js:310:12) at Function.Module.runMain (module.js:501:10) at startup (node.js:129:16) FTL/cli:local 19744 [_] Child process had an error ExitError: Exit code ""1"" at ChildProcess.<anonymous> (/home/zhuxun/COMPANY/stf/newstf/lib/util/procutil.js:49:23) at ChildProcess.emit (events.js:110:17) at Process.ChildProcess._handle.onexit (child_process.js:1074:12) INF/cli:local 19744 [_] Shutting down all child processes /home/zhuxun/COMPANY/stf/newstf/node_modules/zmq/lib/index.js:252 this._zmq.setsockopt(opts[opt] || opt, val); ^ Error: Invalid argument at Error (native) at Socket.setsockopt (/home/zhuxun/COMPANY/stf/newstf/node_modules/zmq/lib/index.js:252:13) at Object.module.exports.socket (/home/zhuxun/COMPANY/stf/newstf/lib/util/zmqutil.js:11:8) at module.exports (/home/zhuxun/COMPANY/stf/newstf/lib/units/triproxy/index.js:19:21) at Command.<anonymous> (/home/zhuxun/COMPANY/stf/newstf/lib/cli.js:306:32) at Command.listener (/home/zhuxun/COMPANY/stf/newstf/node_modules/commander/index.js:301:8) at Command.emit (events.js:110:17) at Command.parseArgs (/home/zhuxun/COMPANY/stf/newstf/node_modules/commander/index.js:610:12) at Command.parse (/home/zhuxun/COMPANY/stf/newstf/node_modules/commander/index.js:458:21) at Object.<anonymous> (/home/zhuxun/COMPANY/stf/newstf/lib/cli.js:1166:9) at Module._compile (module.js:460:26) at Object.Module._extensions..js (module.js:478:10) at Module.load (module.js:355:32) at Function.Module._load (module.js:310:12) at Function.Module.runMain (module.js:501:10) at startup (node.js:129:16) source-file",no-bug,0.9
17,stf,https://github.com/openstf/stf/issues/17,OSX installation failure - missing documentation,I had to install pkg-config to get it to work: $ brew install pkg-config Perhaps update your documentation. You can close this as non-issue of course.,other-file,OSX installation failure - missing documentation I had to install pkg-config to get it to work: $ brew install pkg-config Perhaps update your documentation. You can close this as non-issue of course. other-file,no-bug,0.95
1076,stf,https://github.com/openstf/stf/issues/1076,The test device is released after reselecting device from device list view,"<!-- *Before creating an issue please make sure you are using the latest version of STF.* --> **What is the issue or idea you have?** The test device is released after re-selecting him again from device view **Does it only happen on a specific device? Please run `adb devices -l` and paste the corresponding row.** N/A **Please provide the steps to reproduce the issue.** 1. Login 2. Select one of available test devices from Device -> Device Icon List view 3. Wait for redirecting to Control View 4. Navigate to Devices list view by clicking *Devices* on top Navigation view 5. Re-select test device clicking on *device image* or *device name* ![image](https://user-images.githubusercontent.com/22797365/61459205-81c14580-a96c-11e9-9299-449c85ba89cd.png) **What is the expected behavior?** The user should be redirected to Control View **What is the actual behavior?** The test device is released. Is no longer assigned to end user. **Do you see errors or warnings in the `stf local` output? If so, please paste them or the full log here.** N/A **Please run `stf doctor` and paste the output here.** N/A <!-- Love OpenSTF? Please consider supporting our collective: https://opencollective.com/openstf/donate -->",test-file | test-file | test-file | test-file | test-file | test-file | test-file | test-file | test-file | source-file | test-file | test-file | test-file | test-file | test-file | test-file | test-file,"The test device is released after reselecting device from device list view <!-- *Before creating an issue please make sure you are using the latest version of STF.* --> **What is the issue or idea you have?** The test device is released after re-selecting him again from device view **Does it only happen on a specific device? Please run `adb devices -l` and paste the corresponding row.** N/A **Please provide the steps to reproduce the issue.** 1. Login 2. Select one of available test devices from Device -> Device Icon List view 3. Wait for redirecting to Control View 4. Navigate to Devices list view by clicking *Devices* on top Navigation view 5. Re-select test device clicking on *device image* or *device name* ![image](https://user-images.githubusercontent.com/22797365/61459205-81c14580-a96c-11e9-9299-449c85ba89cd.png) **What is the expected behavior?** The user should be redirected to Control View **What is the actual behavior?** The test device is released. Is no longer assigned to end user. **Do you see errors or warnings in the `stf local` output? If so, please paste them or the full log here.** N/A **Please run `stf doctor` and paste the output here.** N/A <!-- Love OpenSTF? Please consider supporting our collective: https://opencollective.com/openstf/donate --> test-file test-file test-file test-file test-file test-file test-file test-file test-file source-file test-file test-file test-file test-file test-file test-file test-file",no-bug,0.9
242,stf,https://github.com/openstf/stf/issues/242,Automatically cleanup installed app when you stop using the device,"Hi guys: I met a problem when I use stop using selected device: 1. I selected one ZTE device. 2. Install an app. 3. Stop using and reuse it. 4. I found the installed app cleaned up by stf device plugins. Other devices like XiaoMi, Huawei, Nexus don't have this problem Please give some guidance. Thanks Luis",other-file,"Automatically cleanup installed app when you stop using the device Hi guys: I met a problem when I use stop using selected device: 1. I selected one ZTE device. 2. Install an app. 3. Stop using and reuse it. 4. I found the installed app cleaned up by stf device plugins. Other devices like XiaoMi, Huawei, Nexus don't have this problem Please give some guidance. Thanks Luis other-file",no-bug,0.7
22,stf,https://github.com/openstf/stf/issues/22,Redirect sound to browser (from browser) (enhancement),Really great software! Thanks very much! :+1: There is a bit crazy idea - if it is ever possible - to redirect sound input/output to browser? Might be useful for testing. What do you think? Also then one can finally leave phone at home and make calls from browser :-),other-file,Redirect sound to browser (from browser) (enhancement) Really great software! Thanks very much! :+1: There is a bit crazy idea - if it is ever possible - to redirect sound input/output to browser? Might be useful for testing. What do you think? Also then one can finally leave phone at home and make calls from browser :-) other-file,no-bug,0.95
555,stf,https://github.com/openstf/stf/issues/555,storage temp s3,why code of storage-temp/index.js is require('../../units/storage/s3') and code of storage-s3/index.js is require('../../units/storage/temp')?Is there anything wrong?,source-file | source-file | source-file | source-file,storage temp s3 why code of storage-temp/index.js is require('../../units/storage/s3') and code of storage-s3/index.js is require('../../units/storage/temp')?Is there anything wrong? source-file source-file source-file source-file,no-bug,0.7
735,stf,https://github.com/openstf/stf/issues/735,Bad filtering of Battery Level and Battery Temp,"<!-- *Before creating an issue please make sure you are using the latest version of STF.* --> **Description:** During filtering devices via Battery Level or Battery Temp filer, I noticed, that results for query like: batteryLevel: > 20 Did not return Android devices passing this criteria. The same issue I observed when I tried to filter devices using this query: batteryTemp: >20 STF source code checkout with : d5ab5fd83d2e9a1dab2c61dc42b0ba999a6dbb1a **Steps to reproduce** A) Insert in input tag with name=""deviceFilter"" this query: batteryLevel: >50 **What is the expected behavior?** We should expect to see only devices which battery level is bigger then 50%. But we see only devices, which body contains 50%. B) Insert in input tag with name=""deviceFilter"" this query: batteryTemp: <40 **What is the expected behavior?** We should expect to see only devices which battery temp is lower then 40C. But we see only devices, which body contains 40. **Investigation**: The problem is mostly connected with using text filtering for both of params: Battery Level and Battery Temp. stf/res/app/device-list/column/device-column-service.js: ln340 As we can see both of params are marked as TextCell. To parse them as values we might to add additional extra checking in : stf/res/app/device-list/column/device-column-service.js: ln340 to parse those data properly by adding this part: , filter: function(item, filter) { if ( options.title == ""Battery Level"" || options.title == ""Battery Temp"" ) { //Exception in TextCell. We want to filter after integer values for two columns, Battery Level and Battery Temp var remove_unit_character = '' switch (options.title){ case ""Battery Level"": remove_unit_character = ""%"" break case ""Battery Temp"": remove_unit_character = ""C"" break } var parsed_value = parseInt((options.value(item)).replace(remove_unit_character,'')) return filterOps[filter.op || '=']( parsed_value , Number(filter.query) ) } else{ return filterIgnoreCase(options.value(item), filter.query) } }",source-file,"Bad filtering of Battery Level and Battery Temp <!-- *Before creating an issue please make sure you are using the latest version of STF.* --> **Description:** During filtering devices via Battery Level or Battery Temp filer, I noticed, that results for query like: batteryLevel: > 20 Did not return Android devices passing this criteria. The same issue I observed when I tried to filter devices using this query: batteryTemp: >20 STF source code checkout with : d5ab5fd83d2e9a1dab2c61dc42b0ba999a6dbb1a **Steps to reproduce** A) Insert in input tag with name=""deviceFilter"" this query: batteryLevel: >50 **What is the expected behavior?** We should expect to see only devices which battery level is bigger then 50%. But we see only devices, which body contains 50%. B) Insert in input tag with name=""deviceFilter"" this query: batteryTemp: <40 **What is the expected behavior?** We should expect to see only devices which battery temp is lower then 40C. But we see only devices, which body contains 40. **Investigation**: The problem is mostly connected with using text filtering for both of params: Battery Level and Battery Temp. stf/res/app/device-list/column/device-column-service.js: ln340 As we can see both of params are marked as TextCell. To parse them as values we might to add additional extra checking in : stf/res/app/device-list/column/device-column-service.js: ln340 to parse those data properly by adding this part: , filter: function(item, filter) { if ( options.title == ""Battery Level"" || options.title == ""Battery Temp"" ) { //Exception in TextCell. We want to filter after integer values for two columns, Battery Level and Battery Temp var remove_unit_character = '' switch (options.title){ case ""Battery Level"": remove_unit_character = ""%"" break case ""Battery Temp"": remove_unit_character = ""C"" break } var parsed_value = parseInt((options.value(item)).replace(remove_unit_character,'')) return filterOps[filter.op || '=']( parsed_value , Number(filter.query) ) } else{ return filterIgnoreCase(options.value(item), filter.query) } } source-file",bug,0.9
288,stf,https://github.com/openstf/stf/issues/288,How can I use openstf for running appium tests,I want to use open stf for running our appium tests. I have installed the beta version of release which has api's. Our framework is in ruby and wanted to know how can use the api's provided to run our appium tests. I am having issue accessing the url http://vbanthia.github.io/angular-swagger-ui/ it shows 404.,other-file,How can I use openstf for running appium tests I want to use open stf for running our appium tests. I have installed the beta version of release which has api's. Our framework is in ruby and wanted to know how can use the api's provided to run our appium tests. I am having issue accessing the url http://vbanthia.github.io/angular-swagger-ui/ it shows 404. other-file,no-bug,0.9
117,stf,https://github.com/openstf/stf/issues/117,Units start before database is ready (stf local),"I consistently getting this when running `stf local`  FTL/reaper 7584 [reaper001] Unable to load initial state { [ReqlOpFailedError: Index `present` was not found on table `stf.devices` in: r.table(""devices"").getAll(true, {index: ""present""}) ] name: 'ReqlOpFailedError', msg: 'Index `present` was not found on table `stf.devices`.', frames: [], message: 'Index `present` was not found on table `stf.devices` in:\nr.table(""devices"").getAll(true, {index: ""present""})\n' }  Manually adding the index to the table fixed the problem. Apparently `migrate` cli already exit before the index was fully created.",source-file | documentation-file | other-file,"Units start before database is ready (stf local) I consistently getting this when running `stf local`  FTL/reaper 7584 [reaper001] Unable to load initial state { [ReqlOpFailedError: Index `present` was not found on table `stf.devices` in: r.table(""devices"").getAll(true, {index: ""present""}) ] name: 'ReqlOpFailedError', msg: 'Index `present` was not found on table `stf.devices`.', frames: [], message: 'Index `present` was not found on table `stf.devices` in:\nr.table(""devices"").getAll(true, {index: ""present""})\n' }  Manually adding the index to the table fixed the problem. Apparently `migrate` cli already exit before the index was fully created. source-file documentation-file other-file",no-bug,0.9
