<?xml version="1.0" ?>
<ISSUE>
  <ISSUENO>490</ISSUENO>
  <ISSUEURL>https://github.com/shopizer-ecommerce/shopizer/issues/490</ISSUEURL>
  <TITLE>Build Failure for ProductTest class</TITLE>
  <DESCRIPTION>Hi Team, I have facing this issue since long. This issue is an assertion failed in my machine. I have debugged more and found the error in ProductTest.java class in sm-core. In the method `private void testAttributes(Product product) throws Exception {} ` it shows the error at below line. ` Assert.assertEquals(new Long(attributes.size()).longValue(), 3l);` Step to reproduce in windows machine - [ ] git clone shopizer - [ ] cd shopizer - [ ] mvn clean install which will throws below error &gt; [ERROR] Tests run: 1, Failures: 1, Errors: 0, Skipped: 0, Time elapsed: 0.233 s &lt;&lt;&lt; FAILURE! - in com.salesmanager.test.catalog.ProductTest [ERROR] testCreateProduct Time elapsed: 0.231 s &lt;&lt;&lt; FAILURE! java.lang.AssertionError: expected:&lt;6&gt; but was:&lt;3&gt; at com.salesmanager.test.catalog.ProductTest.testAttributes(ProductTest.java:516) at com.salesmanager.test.catalog.ProductTest.testCreateProduct(ProductTest.java:338)</DESCRIPTION>
  <REPONAME>shopizer</REPONAME>
  <TIMEDIFFERENCEDAYS>1</TIMEDIFFERENCEDAYS>
  <BUGGYCOMMIT>
    <MESSAGE>order item list and featured items</MESSAGE>
    <SHA>7d2b94627d533b673ef6103cc19097639ed31cf4</SHA>
  </BUGGYCOMMIT>
  <PATCHCOMMITS>
    <COMMIT>
      <MESSAGE>Build Failure for ProductTest class #490</MESSAGE>
      <SHA>10873fc942f41b079afd67992a375e51337314ef</SHA>
      <PATCHEDFILES>
        <FILE>sm-core/src/test/java/com/salesmanager/test/catalog/ProductTest.java</FILE>
      </PATCHEDFILES>
    </COMMIT>
  </PATCHCOMMITS>
</ISSUE>
