<?xml version="1.0" ?>
<ISSUE>
  <ISSUENO>285</ISSUENO>
  <ISSUEURL>https://github.com/openstf/stf/issues/285</ISSUEURL>
  <TITLE>start STF failed</TITLE>
  <DESCRIPTION>1) all the requirements is installed ok, then install STF with &quot;cnpm install stf -g&quot; 2) rethinkdb start ok: &gt; [root@Appium appium]# rethinkdb &gt; Running rethinkdb 2.2.4 (GCC 4.8.2)... &gt; Running on Linux 2.6.32-573.18.1.el6.x86_64 x86_64 &gt; Loading data from directory /home/appium/rethinkdb_data &gt; Listening for intracluster connections on port 29015 &gt; Listening for client driver connections on port 28015 &gt; Listening for administrative HTTP connections on port 8080 &gt; Listening on addresses: 127.0.0.1, ::1 &gt; To fully expose RethinkDB on the network, bind to all addresses by running rethinkdb with the `--bind all` command line option. &gt; Server ready, &quot;Appium_yex&quot; 8062ab22-341c-4aab-ba13-3a477045b405 &gt; A newer version of the RethinkDB server is available: 2.2.5. You can read the changelog at https://github.com/rethinkdb/rethinkdb/releases. 3)start stf failed: &gt; [root@Appium zmq-1.0.0]# stf local &gt; INF/util:procutil 13900 [_] Forking &quot;/home/appium/appium-soft/node-v4.4.0-linux-x64/lib/node_modules/.stf_npminstall/stf/1.1.1/stf/lib/cli.js migrate&quot; &gt; INF/db 13905 [_] Connecting to 127.0.0.1:28015 &gt; INF/db:setup 13905 [_] Database &quot;stf&quot; already exists &gt; INF/db:setup 13905 [_] Table &quot;users&quot; already exists &gt; INF/db:setup 13905 [_] Table &quot;accessTokens&quot; already exists &gt; INF/db:setup 13905 [_] Table &quot;vncauth&quot; already exists &gt; INF/db:setup 13905 [_] Table &quot;devices&quot; already exists &gt; INF/db:setup 13905 [_] Table &quot;logs&quot; already exists &gt; INF/db:setup 13905 [_] Index &quot;users&quot;.&quot;adbKeys&quot; already exists &gt; INF/db:setup 13905 [_] Index &quot;accessTokens&quot;.&quot;email&quot; already exists &gt; INF/db:setup 13905 [_] Index &quot;vncauth&quot;.&quot;response&quot; already exists &gt; INF/db:setup 13905 [_] Index &quot;vncauth&quot;.&quot;responsePerDevice&quot; already exists &gt; INF/db:setup 13905 [_] Index &quot;devices&quot;.&quot;owner&quot; already exists &gt; INF/db:setup 13905 [_] Index &quot;devices&quot;.&quot;present&quot; already exists &gt; INF/db:setup 13905 [_] Index &quot;devices&quot;.&quot;providerChannel&quot; already exists &gt; INF/db:setup 13905 [_] Waiting for index &quot;users&quot;.&quot;adbKeys&quot; &gt; INF/db:setup 13905 [_] Waiting for index &quot;accessTokens&quot;.&quot;email&quot; &gt; INF/db:setup 13905 [_] Waiting for index &quot;vncauth&quot;.&quot;response&quot; &gt; INF/db:setup 13905 [_] Waiting for index &quot;vncauth&quot;.&quot;responsePerDevice&quot; &gt; INF/db:setup 13905 [_] Waiting for index &quot;devices&quot;.&quot;owner&quot; &gt; INF/db:setup 13905 [_] Waiting for index &quot;devices&quot;.&quot;present&quot; &gt; INF/db:setup 13905 [_] Waiting for index &quot;devices&quot;.&quot;providerChannel&quot; &gt; INF/db:setup 13905 [_] Index &quot;users&quot;.&quot;adbKeys&quot; is ready &gt; INF/db:setup 13905 [_] Index &quot;accessTokens&quot;.&quot;email&quot; is ready &gt; INF/db:setup 13905 [_] Index &quot;vncauth&quot;.&quot;response&quot; is ready &gt; INF/db:setup 13905 [_] Index &quot;vncauth&quot;.&quot;responsePerDevice&quot; is ready &gt; INF/db:setup 13905 [_] Index &quot;devices&quot;.&quot;owner&quot; is ready &gt; INF/db:setup 13905 [_] Index &quot;devices&quot;.&quot;present&quot; is ready &gt; INF/db:setup 13905 [_] Index &quot;devices&quot;.&quot;providerChannel&quot; is ready &gt; INF/util:procutil 13900 [_] Forking &quot;/home/appium/appium-soft/node-v4.4.0-linux-x64/lib/node_modules/.stf_npminstall/stf/1.1.1/stf/lib/cli.js triproxy app001 --bind-pub tcp://127.0.0.1:7111 --bind-dealer tcp://127.0.0.1:7112 --bind-pull tcp://127.0.0.1:7113&quot; &gt; INF/util:procutil 13900 [_] Forking &quot;/home/appium/appium-soft/node-v4.4.0-linux-x64/lib/node_modules/.stf_npminstall/stf/1.1.1/stf/lib/cli.js triproxy dev001 --bind-pub tcp://127.0.0.1:7114 --bind-dealer tcp://127.0.0.1:7115 --bind-pull tcp://127.0.0.1:7116&quot; &gt; INF/util:procutil 13900 [_] Forking &quot;/home/appium/appium-soft/node-v4.4.0-linux-x64/lib/node_modules/.stf_npminstall/stf/1.1.1/stf/lib/cli.js processor proc001 --connect-app-dealer tcp://127.0.0.1:7112 --connect-dev-dealer tcp://127.0.0.1:7115&quot; &gt; INF/util:procutil 13900 [_] Forking &quot;/home/appium/appium-soft/node-v4.4.0-linux-x64/lib/node_modules/.stf_npminstall/stf/1.1.1/stf/lib/cli.js processor proc002 --connect-app-dealer tcp://127.0.0.1:7112 --connect-dev-dealer tcp://127.0.0.1:7115&quot; &gt; INF/util:procutil 13900 [_] Forking &quot;/home/appium/appium-soft/node-v4.4.0-linux-x64/lib/node_modules/.stf_npminstall/stf/1.1.1/stf/lib/cli.js reaper reaper001 --connect-push tcp://127.0.0.1:7116 --connect-sub tcp://127.0.0.1:7111&quot; &gt; INF/util:procutil 13900 [_] Forking &quot;/home/appium/appium-soft/node-v4.4.0-linux-x64/lib/node_modules/.stf_npminstall/stf/1.1.1/stf/lib/cli.js provider --name Appium --min-port 7400 --max-port 7700 --connect-sub tcp://127.0.0.1:7114 --connect-push tcp://127.0.0.1:7116 --group-timeout 900 --public-ip localhost --storage-url http://localhost:7100/ --adb-host 127.0.0.1 --adb-port 5037 --vnc-initial-size 600x800&quot; &gt; INF/util:procutil 13900 [_] Forking &quot;/home/appium/appium-soft/node-v4.4.0-linux-x64/lib/node_modules/.stf_npminstall/stf/1.1.1/stf/lib/cli.js auth-mock --port 7120 --secret kute kittykat --app-url http://localhost:7100/&quot; &gt; INF/util:procutil 13900 [_] Forking &quot;/home/appium/appium-soft/node-v4.4.0-linux-x64/lib/node_modules/.stf_npminstall/stf/1.1.1/stf/lib/cli.js app --port 7105 --secret kute kittykat --auth-url http://localhost:7100/auth/mock/ --websocket-url http://localhost:7110/&quot; &gt; INF/util:procutil 13900 [_] Forking &quot;/home/appium/appium-soft/node-v4.4.0-linux-x64/lib/node_modules/.stf_npminstall/stf/1.1.1/stf/lib/cli.js websocket --port 7110 --secret kute kittykat --storage-url http://localhost:7100/ --connect-sub tcp://127.0.0.1:7111 --connect-push tcp://127.0.0.1:7113&quot; &gt; INF/util:procutil 13900 [_] Forking &quot;/home/appium/appium-soft/node-v4.4.0-linux-x64/lib/node_modules/.stf_npminstall/stf/1.1.1/stf/lib/cli.js storage-temp --port 7102&quot; &gt; INF/util:procutil 13900 [_] Forking &quot;/home/appium/appium-soft/node-v4.4.0-linux-x64/lib/node_modules/.stf_npminstall/stf/1.1.1/stf/lib/cli.js storage-plugin-image --port 7103 --storage-url http://localhost:7100/&quot; &gt; INF/util:procutil 13900 [_] Forking &quot;/home/appium/appium-soft/node-v4.4.0-linux-x64/lib/node_modules/.stf_npminstall/stf/1.1.1/stf/lib/cli.js storage-plugin-apk --port 7104 --storage-url http://localhost:7100/&quot; &gt; INF/util:procutil 13900 [_] Forking &quot;/home/appium/appium-soft/node-v4.4.0-linux-x64/lib/node_modules/.stf_npminstall/stf/1.1.1/stf/lib/cli.js poorxy --port 7100 --app-url http://localhost:7105/ --auth-url http://localhost:7120/ --websocket-url http://localhost:7110/ --storage-url http://localhost:7102/ --storage-plugin-image-url http://localhost:7103/ --storage-plugin-apk-url http://localhost:7104/&quot; &gt; /home/appium/appium-soft/node-v4.4.0-linux-x64/lib/node_modules/.stf_npminstall/bindings/1.2.1/bindings/bindings.js:91 &gt; throw err &gt; ^ &gt; Error: Could not locate the bindings file. Tried: &gt; → /home/appium/appium-soft/node-v4.4.0-linux-x64/lib/node_modules/.stf_npminstall/zmq/2.14.0/zmq/build/zmq.node &gt; → /home/appium/appium-soft/node-v4.4.0-linux-x64/lib/node_modules/.stf_npminstall/zmq/2.14.0/zmq/build/Debug/zmq.node &gt; → /home/appium/appium-soft/node-v4.4.0-linux-x64/lib/node_modules/.stf_npminstall/zmq/2.14.0/zmq/build/Release/zmq.node &gt; → /home/appium/appium-soft/node-v4.4.0-linux-x64/lib/node_modules/.stf_npminstall/zmq/2.14.0/zmq/out/Debug/zmq.node &gt; → /home/appium/appium-soft/node-v4.4.0-linux-x64/lib/node_modules/.stf_npminstall/zmq/2.14.0/zmq/Debug/zmq.node &gt; → /home/appium/appium-soft/node-v4.4.0-linux-x64/lib/node_modules/.stf_npminstall/zmq/2.14.0/zmq/out/Release/zmq.node &gt; → /home/appium/appium-soft/node-v4.4.0-linux-x64/lib/node_modules/.stf_npminstall/zmq/2.14.0/zmq/Release/zmq.node &gt; → /home/appium/appium-soft/node-v4.4.0-linux-x64/lib/node_modules/.stf_npminstall/zmq/2.14.0/zmq/build/default/zmq.node &gt; → /home/appium/appium-soft/node-v4.4.0-linux-x64/lib/node_modules/.stf_npminstall/zmq/2.14.0/zmq/compiled/4.4.0/linux/x64/zmq.node &gt; at bindings (/home/appium/appium-soft/node-v4.4.0-linux-x64/lib/node_modules/.stf_npminstall/bindings/1.2.1/bindings/bindings.js:88:9) &gt; at Object.&lt;anonymous&gt; (/home/appium/appium-soft/node-v4.4.0-linux-x64/lib/node_modules/.stf_npminstall/zmq/2.14.0/zmq/lib/index.js:6:30) &gt; at Module._compile (module.js:409:26) &gt; at Object.Module._extensions..js (module.js:416:10) &gt; at Module.load (module.js:343:32) &gt; at Function.Module._load (module.js:300:12) &gt; at Module.require (module.js:353:17) &gt; at require (internal/module.js:12:17) &gt; at Object.&lt;anonymous&gt; (/home/appium/appium-soft/node-v4.4.0-linux-x64/lib/node_modules/.stf_npminstall/zmq/2.14.0/zmq/index.js:2:18) &gt; at Module._compile (module.js:409:26) &gt; at Object.Module._extensions..js (module.js:416:10) &gt; at Module.load (module.js:343:32) &gt; at Function.Module._load (module.js:300:12) &gt; at Module.require (module.js:353:17) &gt; at require (internal/module.js:12:17) &gt; at Object.&lt;anonymous&gt; (/home/appium/appium-soft/node-v4.4.0-linux-x64/lib/node_modules/.stf_npminstall/stf/1.1.1/stf/lib/util/zmqutil.js:7:11) &gt; FTL/cli:local 13900 [_] Child process had an error ExitError: Exit code &quot;1&quot; &gt; at ChildProcess.&lt;anonymous&gt; (/home/appium/appium-soft/node-v4.4.0-linux-x64/lib/node_modules/.stf_npminstall/stf/1.1.1/stf/lib/util/procutil.js:49:23) &gt; at emitTwo (events.js:87:13) &gt; at ChildProcess.emit (events.js:172:7) &gt; at Process.ChildProcess._handle.onexit (internal/child_process.js:200:12) &gt; INF/cli:local 13900 [_] Shutting down all child processes ---------------below is my install log for stf----------------------- &gt; [root@Appium appium-soft]# cnpm install stf -g &gt; install ldapjs from git git+https://github.com/mcavage/node-ldapjs.git#acc1ca8f4314fd9d67561feabc8ce4c235076a5e, may be very slow, please keep patience &gt; git clone -b acc1ca8f4314fd9d67561feabc8ce4c235076a5e https://github.com/mcavage/node-ldapjs.git /home/appium/appium-soft/node-v4.4.0-linux-x64/lib/node_modules/.stf_npminstall/.tmp/2fc112fb-dac6-4029-b72f-23dd69816c1a --depth=1 &gt; Initialized empty Git repository in /home/appium/appium-soft/node-v4.4.0-linux-x64/lib/node_modules/.stf_npminstall/.tmp/2fc112fb-dac6-4029-b72f-23dd69816c1a/.git/ &gt; [lodash@2.4.2] deprecate: lodash@&lt;3.0.0 is no longer maintained. Upgrade to lodash@^4.0.0. &gt; install xmlhttprequest from remote https://github.com/rase-/node-XMLHttpRequest/archive/a6b6f2.tar.gz, may be very slow, please keep patience &gt; install global from remote https://github.com/component/global/archive/v2.0.1.tar.gz, may be very slow, please keep patience &gt; remote: Counting objects: 1234, done. &gt; remote: Compressing objects: 100% (821/821), done. &gt; remote: Total 1234 (delta 640), reused 902 (delta 390), pack-reused 0 &gt; Receiving objects: 100% (1234/1234), 1.04 MiB | 229 KiB/s, done. &gt; Resolving deltas: 100% (640/640), done. &gt; warning: Remote branch acc1ca8f4314fd9d67561feabc8ce4c235076a5e not found in upstream origin, using HEAD instead &gt; [stf@1.1.1] link /home/appium/appium-soft/node-v4.4.0-linux-x64/bin/stf@ -&gt; ../lib/node_modules/.stf_npminstall/stf/1.1.1/stf/bin/stf &gt; [stf@_] installed at node_modules/.stf_npminstall/stf/1.1.1/stf (0 packages, use 21s, speed 155.89kB/s, json 3.2MB, tarball 0B) &gt; excute post install scripts... &gt; [utf-8-validate@1.2.1] scripts.install: &quot;node-gyp rebuild&quot; at /home/appium/appium-soft/node-v4.4.0-linux-x64/lib/node_modules/.stf_npminstall/utf-8-validate/1.2.1/utf-8-validate &gt; make: Entering directory `/home/appium/appium-soft/node-v4.4.0-linux-x64/lib/node_modules/.stf_npminstall/utf-8-validate/1.2.1/utf-8-validate/build' &gt; CXX(target) Release/obj.target/validation/src/validation.o &gt; In file included from ../src/validation.cc:15: &gt; ../../../../nan/2.2.0/nan/nan.h:41:3: error: #error This version of node/NAN/v8 requires a C++11 compiler &gt; In file included from ../src/validation.cc:7: &gt; /root/.node-gyp/4.4.0/include/node/v8.h:336: error: expected unqualified-id before ‘using’ &gt; /root/.node-gyp/4.4.0/include/node/v8.h: In constructor ‘v8::MaybeLocal&lt;T&gt;::MaybeLocal()’: &gt; /root/.node-gyp/4.4.0/include/node/v8.h:353: error: ‘nullptr’ was not declared in this scope &gt; /root/.node-gyp/4.4.0/include/node/v8.h: In member function ‘bool v8::MaybeLocal&lt;T&gt;::IsEmpty() const’: &gt; /root/.node-gyp/4.4.0/include/node/v8.h:360: error: ‘nullptr’ was not declared in this scope &gt; /root/.node-gyp/4.4.0/include/node/v8.h: In member function ‘bool v8::MaybeLocal&lt;T&gt;::ToLocal(v8::Local&lt;S&gt;_) const’: &gt; /root/.node-gyp/4.4.0/include/node/v8.h:364: error: ‘nullptr’ was not declared in this scope &gt; /root/.node-gyp/4.4.0/include/node/v8.h: In member function ‘bool v8::WeakCallbackInfo&lt;T&gt;::IsFirstPass() const’: &gt; /root/.node-gyp/4.4.0/include/node/v8.h:430: error: ‘nullptr’ was not declared in this scope &gt; /root/.node-gyp/4.4.0/include/node/v8.h: At global scope: &gt; /root/.node-gyp/4.4.0/include/node/v8.h:469: error: expected unqualified-id before ‘using’ &gt; /root/.node-gyp/4.4.0/include/node/v8.h: In constructor ‘v8::Global&lt;T&gt;::Global()’: &gt; /root/.node-gyp/4.4.0/include/node/v8.h:790: error: ‘nullptr’ was not declared in this scope &gt; /root/.node-gyp/4.4.0/include/node/v8.h: In constructor ‘v8::Global&lt;T&gt;::Global(v8::Global&lt;T&gt;&amp;&amp;)’: &gt; /root/.node-gyp/4.4.0/include/node/v8.h:815: error: ‘nullptr’ was not declared in this scope &gt; /root/.node-gyp/4.4.0/include/node/v8.h: In member function ‘v8::Global&lt;T&gt;&amp; v8::Global&lt;T&gt;::operator=(v8::Global&lt;S&gt;&amp;&amp;)’: &gt; /root/.node-gyp/4.4.0/include/node/v8.h:827: error: ‘nullptr’ was not declared in this scope &gt; /root/.node-gyp/4.4.0/include/node/v8.h: At global scope: &gt; /root/.node-gyp/4.4.0/include/node/v8.h:852: error: expected unqualified-id before ‘using’ &gt; /root/.node-gyp/4.4.0/include/node/v8.h:1089: error: ‘nullptr’ was not declared in this scope &gt; /root/.node-gyp/4.4.0/include/node/v8.h:1095: error: ‘nullptr’ was not declared in this scope &gt; /root/.node-gyp/4.4.0/include/node/v8.h: In member function ‘v8::MaybeLocalv8::Object v8::Function::NewInstance(v8::Localv8::Context) const’: &gt; /root/.node-gyp/4.4.0/include/node/v8.h:3205: error: ‘nullptr’ was not declared in this scope &gt; /root/.node-gyp/4.4.0/include/node/v8.h: In member function ‘v8::Local&lt;T&gt; v8::MaybeLocal&lt;T&gt;::ToLocalChecked()’: &gt; /root/.node-gyp/4.4.0/include/node/v8.h:7164: error: ‘nullptr’ was not declared in this scope &gt; In file included from ../../../../nan/2.2.0/nan/nan.h:194, &gt; from ../src/validation.cc:15: &gt; ../../../../nan/2.2.0/nan/nan_maybe_43_inl.h: At global scope: &gt; ../../../../nan/2.2.0/nan/nan_maybe_43_inl.h:13: error: expected unqualified-id before ‘using’ &gt; ../../../../nan/2.2.0/nan/nan_maybe_43_inl.h:16: error: expected unqualified-id before ‘using’ &gt; ../../../../nan/2.2.0/nan/nan_maybe_43_inl.h:19: error: expected initializer before ‘&lt;’ token &gt; ../../../../nan/2.2.0/nan/nan_maybe_43_inl.h:24: error: expected initializer before ‘&lt;’ token &gt; ../../../../nan/2.2.0/nan/nan_maybe_43_inl.h:31: error: expected initializer before ‘&lt;’ token &gt; ../../../../nan/2.2.0/nan/nan_maybe_43_inl.h:36: error: expected initializer before ‘&lt;’ token &gt; ../../../../nan/2.2.0/nan/nan_maybe_43_inl.h:41: error: expected initializer before ‘&lt;’ token &gt; ../../../../nan/2.2.0/nan/nan_maybe_43_inl.h:46: error: expected initializer before ‘&lt;’ token &gt; ../../../../nan/2.2.0/nan/nan_maybe_43_inl.h:51: error: expected initializer before ‘&lt;’ token &gt; ../../../../nan/2.2.0/nan/nan_maybe_43_inl.h:59: error: expected initializer before ‘&lt;’ token &gt; ../../../../nan/2.2.0/nan/nan_maybe_43_inl.h:64: error: expected initializer before ‘&lt;’ token &gt; ../../../../nan/2.2.0/nan/nan_maybe_43_inl.h:69: error: expected initializer before ‘&lt;’ token &gt; ../../../../nan/2.2.0/nan/nan_maybe_43_inl.h:76: error: expected initializer before ‘&lt;’ token &gt; ../../../../nan/2.2.0/nan/nan_maybe_43_inl.h:83: error: expected initializer before ‘&lt;’ token &gt; ../../../../nan/2.2.0/nan/nan_maybe_43_inl.h:91: error: expected initializer before ‘&lt;’ token &gt; ../../../../nan/2.2.0/nan/nan_maybe_43_inl.h:98: error: expected initializer before ‘&lt;’ token &gt; ../../../../nan/2.2.0/nan/nan_maybe_43_inl.h:108: error: expected initializer before ‘&lt;’ token &gt; ../../../../nan/2.2.0/nan/nan_maybe_43_inl.h:114: error: expected initializer before ‘&lt;’ token &gt; ../../../../nan/2.2.0/nan/nan_maybe_43_inl.h:118: error: expected initializer before ‘&lt;’ token &gt; ../../../../nan/2.2.0/nan/nan_maybe_43_inl.h:125: error: expected initializer before ‘&lt;’ token &gt; ../../../../nan/2.2.0/nan/nan_maybe_43_inl.h:130: error: expected initializer before ‘&lt;’ token &gt; ../../../../nan/2.2.0/nan/nan_maybe_43_inl.h:135: error: expected initializer before ‘&lt;’ token &gt; ../../../../nan/2.2.0/nan/nan_maybe_43_inl.h:139: error: expected initializer before ‘&lt;’ token &gt; ../../../../nan/2.2.0/nan/nan_maybe_43_inl.h:145: error: expected initializer before ‘&lt;’ token &gt; ../../../../nan/2.2.0/nan/nan_maybe_43_inl.h:150: error: expected initializer before ‘&lt;’ token &gt; ../../../../nan/2.2.0/nan/nan_maybe_43_inl.h:156: error: expected initializer before ‘&lt;’ token &gt; ../../../../nan/2.2.0/nan/nan_maybe_43_inl.h:162: error: expected initializer before ‘&lt;’ token &gt; ../../../../nan/2.2.0/nan/nan_maybe_43_inl.h:168: error: expected initializer before ‘&lt;’ token &gt; ../../../../nan/2.2.0/nan/nan_maybe_43_inl.h:174: error: expected initializer before ‘&lt;’ token &gt; ../../../../nan/2.2.0/nan/nan_maybe_43_inl.h:180: error: expected initializer before ‘&lt;’ token &gt; ../../../../nan/2.2.0/nan/nan_maybe_43_inl.h:186: error: expected initializer before ‘&lt;’ token &gt; ../../../../nan/2.2.0/nan/nan_maybe_43_inl.h:194: error: expected initializer before ‘&lt;’ token &gt; ../../../../nan/2.2.0/nan/nan_maybe_43_inl.h:201: error: expected initializer before ‘&lt;’ token &gt; ../../../../nan/2.2.0/nan/nan_maybe_43_inl.h:205: error: expected initializer before ‘&lt;’ token &gt; ../../../../nan/2.2.0/nan/nan_maybe_43_inl.h:209: error: expected initializer before ‘&lt;’ token &gt; ../../../../nan/2.2.0/nan/nan_maybe_43_inl.h:213: error: expected initializer before ‘&lt;’ token &gt; ../../../../nan/2.2.0/nan/nan_maybe_43_inl.h:217: error: expected initializer before ‘&lt;’ token &gt; ../../../../nan/2.2.0/nan/nan_maybe_43_inl.h:223: error: expected initializer before ‘&lt;’ token &gt; In file included from ../../../../nan/2.2.0/nan/nan.h:199, &gt; from ../src/validation.cc:15: &gt; ../../../../nan/2.2.0/nan/nan_converters.h:14: error: ISO C++ forbids declaration of ‘MaybeLocal’ with no type &gt; ../../../../nan/2.2.0/nan/nan_converters.h:14: error: expected ‘;’ before ‘&lt;’ token &gt; ../../../../nan/2.2.0/nan/nan_converters.h:16: error: ISO C++ forbids declaration of ‘Maybe’ with no type &gt; ../../../../nan/2.2.0/nan/nan_converters.h:16: error: expected ‘;’ before ‘&lt;’ token &gt; ../../../../nan/2.2.0/nan/nan_converters.h:26: error: ‘return_t’ does not name a type &gt; ../../../../nan/2.2.0/nan/nan_converters.h:27: error: ‘return_t’ does not name a type &gt; ../../../../nan/2.2.0/nan/nan_converters.h:28: error: ‘return_t’ does not name a type &gt; ../../../../nan/2.2.0/nan/nan_converters.h:29: error: ‘return_t’ does not name a type &gt; ../../../../nan/2.2.0/nan/nan_converters.h:30: error: ‘return_t’ does not name a type &gt; ../../../../nan/2.2.0/nan/nan_converters.h:31: error: ‘return_t’ does not name a type &gt; ../../../../nan/2.2.0/nan/nan_converters.h:32: error: ‘return_t’ does not name a type &gt; ../../../../nan/2.2.0/nan/nan_converters.h:42: error: ‘return_t’ does not name a type &gt; ../../../../nan/2.2.0/nan/nan_converters.h:43: error: ‘return_t’ does not name a type &gt; ../../../../nan/2.2.0/nan/nan_converters.h:44: error: ‘return_t’ does not name a type &gt; ../../../../nan/2.2.0/nan/nan_converters.h:45: error: ‘return_t’ does not name a type &gt; ../../../../nan/2.2.0/nan/nan_converters.h:46: error: ‘return_t’ does not name a type &gt; In file included from ../../../../nan/2.2.0/nan/nan_converters.h:59, &gt; from ../../../../nan/2.2.0/nan/nan.h:199, &gt; from ../src/validation.cc:15: &gt; ../../../../nan/2.2.0/nan/nan_converters_43_inl.h:18: error: ‘return_t’ in class ‘Nan::imp::ToFactoryv8::Boolean’ does not name a type &gt; ../../../../nan/2.2.0/nan/nan_converters_43_inl.h:19: error: ‘return_t’ in class ‘Nan::imp::ToFactoryv8::Number’ does not name a type &gt; ../../../../nan/2.2.0/nan/nan_converters_43_inl.h:20: error: ‘return_t’ in class ‘Nan::imp::ToFactoryv8::String’ does not name a type &gt; ../../../../nan/2.2.0/nan/nan_converters_43_inl.h:21: error: ‘return_t’ in class ‘Nan::imp::ToFactoryv8::Object’ does not name a type &gt; ../../../../nan/2.2.0/nan/nan_converters_43_inl.h:22: error: ‘return_t’ in class ‘Nan::imp::ToFactoryv8::Integer’ does not name a type &gt; ../../../../nan/2.2.0/nan/nan_converters_43_inl.h:23: error: ‘return_t’ in class ‘Nan::imp::ToFactoryv8::Uint32’ does not name a type &gt; ../../../../nan/2.2.0/nan/nan_converters_43_inl.h:24: error: ‘return_t’ in class ‘Nan::imp::ToFactoryv8::Int32’ does not name a type &gt; ../../../../nan/2.2.0/nan/nan_converters_43_inl.h:34: error: ‘return_t’ in class ‘Nan::imp::ToFactory&lt;bool&gt;’ does not name a type &gt; ../../../../nan/2.2.0/nan/nan_converters_43_inl.h:35: error: ‘return_t’ in class ‘Nan::imp::ToFactory&lt;double&gt;’ does not name a type &gt; ../../../../nan/2.2.0/nan/nan_converters_43_inl.h:36: error: ‘return_t’ in class ‘Nan::imp::ToFactory&lt;long int&gt;’ does not name a type &gt; ../../../../nan/2.2.0/nan/nan_converters_43_inl.h:37: error: ‘return_t’ in class ‘Nan::imp::ToFactory&lt;unsigned int&gt;’ does not name a type &gt; ../../../../nan/2.2.0/nan/nan_converters_43_inl.h:38: error: ‘return_t’ in class ‘Nan::imp::ToFactory&lt;int&gt;’ does not name a type &gt; In file included from ../../../../nan/2.2.0/nan/nan.h:200, &gt; from ../src/validation.cc:15: &gt; ../../../../nan/2.2.0/nan/nan_new.h: In function ‘v8::Local&lt;T&gt; Nan::imp::To(v8::Localv8::Integer) [with T = v8::Integer]’: &gt; ../../../../nan/2.2.0/nan/nan_new.h:21: error: no matching function for call to ‘To(v8::Localv8::Integer&amp;)’ &gt; ../../../../nan/2.2.0/nan/nan_new.h: In function ‘v8::Local&lt;T&gt; Nan::imp::To(v8::Localv8::Integer) [with T = v8::Int32]’: &gt; ../../../../nan/2.2.0/nan/nan_new.h:28: error: no matching function for call to ‘To(v8::Localv8::Integer&amp;)’ &gt; ../../../../nan/2.2.0/nan/nan_new.h: In function ‘v8::Local&lt;T&gt; Nan::imp::To(v8::Localv8::Integer) [with T = v8::Uint32]’: &gt; ../../../../nan/2.2.0/nan/nan_new.h:35: error: no matching function for call to ‘To(v8::Localv8::Integer&amp;)’ &gt; ../../../../nan/2.2.0/nan/nan_new.h: At global scope: &gt; ../../../../nan/2.2.0/nan/nan_new.h:43: error: ISO C++ forbids declaration of ‘MaybeLocal’ with no type &gt; ../../../../nan/2.2.0/nan/nan_new.h:43: error: expected ‘;’ before ‘&lt;’ token &gt; ../../../../nan/2.2.0/nan/nan_new.h:75: error: ‘return_t’ does not name a type &gt; ../../../../nan/2.2.0/nan/nan_new.h:141: error: ‘return_t’ does not name a type &gt; ../../../../nan/2.2.0/nan/nan_new.h:147: error: ‘return_t’ does not name a type &gt; ../../../../nan/2.2.0/nan/nan_new.h:148: error: ‘return_t’ does not name a type &gt; ../../../../nan/2.2.0/nan/nan_new.h:160: error: ‘return_t’ does not name a type &gt; ../../../../nan/2.2.0/nan/nan_new.h:161: error: ‘return_t’ does not name a type &gt; ../../../../nan/2.2.0/nan/nan_new.h:162: error: ‘return_t’ does not name a type &gt; ../../../../nan/2.2.0/nan/nan_new.h:163: error: ‘return_t’ does not name a type &gt; ../../../../nan/2.2.0/nan/nan_new.h:165: error: ‘return_t’ does not name a type &gt; ../../../../nan/2.2.0/nan/nan_new.h:166: error: ‘return_t’ does not name a type &gt; ../../../../nan/2.2.0/nan/nan_new.h:182: error: ‘return_t’ does not name a type &gt; ../../../../nan/2.2.0/nan/nan_new.h:183: error: ‘return_t’ does not name a type &gt; In file included from ../../../../nan/2.2.0/nan/nan_new.h:189, &gt; from ../../../../nan/2.2.0/nan/nan.h:200, &gt; from ../src/validation.cc:15: &gt; ../../../../nan/2.2.0/nan/nan_implementation_12_inl.h:56: error: ‘return_t’ in class ‘Nan::imp::Factoryv8::Date’ does not name a type &gt; ../../../../nan/2.2.0/nan/nan_implementation_12_inl.h: In static member function ‘static v8::Localv8::Function Nan::imp::Factoryv8::Function::New(void (_)(const Nan::FunctionCallbackInfov8::Value&amp;), v8::Localv8::Value)’: &gt; ../../../../nan/2.2.0/nan/nan_implementation_12_inl.h:90: error: ‘NewInstance’ was not declared in this scope &gt; ../../../../nan/2.2.0/nan/nan_implementation_12_inl.h: In static member function ‘static v8::Localv8::FunctionTemplate Nan::imp::Factoryv8::FunctionTemplate::New(void (_)(const Nan::FunctionCallbackInfov8::Value&amp;), v8::Localv8::Value, v8::Localv8::Signature)’: &gt; ../../../../nan/2.2.0/nan/nan_implementation_12_inl.h:118: error: ‘NewInstance’ was not declared in this scope &gt; ../../../../nan/2.2.0/nan/nan_implementation_12_inl.h: At global scope: &gt; ../../../../nan/2.2.0/nan/nan_implementation_12_inl.h:197: error: ‘return_t’ in class ‘Nan::imp::Factoryv8::RegExp’ does not name a type &gt; ../../../../nan/2.2.0/nan/nan_implementation_12_inl.h:216: error: ‘return_t’ in class ‘Nan::imp::Factoryv8::Script’ does not name a type &gt; ../../../../nan/2.2.0/nan/nan_implementation_12_inl.h:222: error: ‘return_t’ in class ‘Nan::imp::Factoryv8::Script’ does not name a type &gt; ../../../../nan/2.2.0/nan/nan_implementation_12_inl.h:254: error: ‘return_t’ in class ‘Nan::imp::Factoryv8::String’ does not name a type &gt; ../../../../nan/2.2.0/nan/nan_implementation_12_inl.h:262: error: ‘return_t’ in class ‘Nan::imp::Factoryv8::String’ does not name a type &gt; ../../../../nan/2.2.0/nan/nan_implementation_12_inl.h:268: error: ‘return_t’ in class ‘Nan::imp::Factoryv8::String’ does not name a type &gt; ../../../../nan/2.2.0/nan/nan_implementation_12_inl.h:275: error: ‘return_t’ in class ‘Nan::imp::Factoryv8::String’ does not name a type &gt; ../../../../nan/2.2.0/nan/nan_implementation_12_inl.h:281: error: ‘return_t’ in class ‘Nan::imp::Factoryv8::String’ does not name a type &gt; ../../../../nan/2.2.0/nan/nan_implementation_12_inl.h:286: error: ‘return_t’ in class ‘Nan::imp::Factoryv8::String’ does not name a type &gt; ../../../../nan/2.2.0/nan/nan_implementation_12_inl.h:347: error: ‘return_t’ in class ‘Nan::imp::Factoryv8::UnboundScript’ does not name a type &gt; ../../../../nan/2.2.0/nan/nan_implementation_12_inl.h:354: error: ‘return_t’ in class ‘Nan::imp::Factoryv8::UnboundScript’ does not name a type &gt; In file included from ../../../../nan/2.2.0/nan/nan.h:200, &gt; from ../src/validation.cc:15: &gt; ../../../../nan/2.2.0/nan/nan_new.h:293: error: ‘return_t’ in class ‘Nan::imp::Factoryv8::String’ does not name a type &gt; ../../../../nan/2.2.0/nan/nan_new.h:299: error: ‘return_t’ in class ‘Nan::imp::Factoryv8::String’ does not name a type &gt; ../../../../nan/2.2.0/nan/nan_new.h:305: error: ‘return_t’ in class ‘Nan::imp::Factoryv8::String’ does not name a type &gt; ../../../../nan/2.2.0/nan/nan_new.h:311: error: ‘return_t’ in class ‘Nan::imp::Factoryv8::String’ does not name a type &gt; ../../../../nan/2.2.0/nan/nan_new.h:317: error: ‘return_t’ in class ‘Nan::imp::Factoryv8::String’ does not name a type &gt; ../../../../nan/2.2.0/nan/nan_new.h:323: error: ‘return_t’ in class ‘Nan::imp::Factoryv8::String’ does not name a type &gt; ../../../../nan/2.2.0/nan/nan_new.h:329: error: ‘return_t’ in class ‘Nan::imp::Factoryv8::String’ does not name a type &gt; ../../../../nan/2.2.0/nan/nan_new.h:335: error: ‘return_t’ in class ‘Nan::imp::Factoryv8::RegExp’ does not name a type &gt; In file included from ../src/validation.cc:15: &gt; ../../../../nan/2.2.0/nan/nan.h: In function ‘v8::Localv8::Value Nan::Error(const char_)’: &gt; ../../../../nan/2.2.0/nan/nan.h:659: error: ‘class v8::Localv8::Boolean’ has no member named ‘ToLocalChecked’ &gt; ../../../../nan/2.2.0/nan/nan.h: In function ‘void Nan::ThrowError(const char_)’: &gt; ../../../../nan/2.2.0/nan/nan.h:659: error: ‘class v8::Localv8::Boolean’ has no member named ‘ToLocalChecked’ &gt; ../../../../nan/2.2.0/nan/nan.h: In function ‘v8::Localv8::Value Nan::RangeError(const char_)’: &gt; ../../../../nan/2.2.0/nan/nan.h:660: error: ‘class v8::Localv8::Boolean’ has no member named ‘ToLocalChecked’ &gt; ../../../../nan/2.2.0/nan/nan.h: In function ‘void Nan::ThrowRangeError(const char_)’: &gt; ../../../../nan/2.2.0/nan/nan.h:660: error: ‘class v8::Localv8::Boolean’ has no member named ‘ToLocalChecked’ &gt; ../../../../nan/2.2.0/nan/nan.h: In function ‘v8::Localv8::Value Nan::ReferenceError(const char_)’: &gt; ../../../../nan/2.2.0/nan/nan.h:661: error: ‘class v8::Localv8::Boolean’ has no member named ‘ToLocalChecked’ &gt; ../../../../nan/2.2.0/nan/nan.h: In function ‘void Nan::ThrowReferenceError(const char_)’: &gt; ../../../../nan/2.2.0/nan/nan.h:661: error: ‘class v8::Localv8::Boolean’ has no member named ‘ToLocalChecked’ &gt; ../../../../nan/2.2.0/nan/nan.h: In function ‘v8::Localv8::Value Nan::SyntaxError(const char_)’: &gt; ../../../../nan/2.2.0/nan/nan.h:662: error: ‘class v8::Localv8::Boolean’ has no member named ‘ToLocalChecked’ &gt; ../../../../nan/2.2.0/nan/nan.h: In function ‘void Nan::ThrowSyntaxError(const char_)’: &gt; ../../../../nan/2.2.0/nan/nan.h:662: error: ‘class v8::Localv8::Boolean’ has no member named ‘ToLocalChecked’ &gt; ../../../../nan/2.2.0/nan/nan.h: In function ‘v8::Localv8::Value Nan::TypeError(const char_)’: &gt; ../../../../nan/2.2.0/nan/nan.h:663: error: ‘class v8::Localv8::Boolean’ has no member named ‘ToLocalChecked’ &gt; ../../../../nan/2.2.0/nan/nan.h: In function ‘void Nan::ThrowTypeError(const char_)’: &gt; ../../../../nan/2.2.0/nan/nan.h:663: error: ‘class v8::Localv8::Boolean’ has no member named ‘ToLocalChecked’ &gt; ../../../../nan/2.2.0/nan/nan.h: At global scope: &gt; ../../../../nan/2.2.0/nan/nan.h:671: error: expected initializer before ‘&lt;’ token &gt; ../../../../nan/2.2.0/nan/nan.h:693: error: expected initializer before ‘&lt;’ token &gt; ../../../../nan/2.2.0/nan/nan.h:709: error: expected initializer before ‘&lt;’ token &gt; ../../../../nan/2.2.0/nan/nan.h:722: error: expected initializer before ‘&lt;’ token &gt; ../../../../nan/2.2.0/nan/nan.h:739: error: expected initializer before ‘&lt;’ token &gt; ../../../../nan/2.2.0/nan/nan.h:745: error: expected initializer before ‘&lt;’ token &gt; ../../../../nan/2.2.0/nan/nan.h:753: error: expected initializer before ‘&lt;’ token &gt; ../../../../nan/2.2.0/nan/nan.h:760: error: expected initializer before ‘&lt;’ token &gt; ../../../../nan/2.2.0/nan/nan.h:766: error: expected initializer before ‘&lt;’ token &gt; /root/.node-gyp/4.4.0/include/node/v8.h: In member function ‘void Nan::Callback::SetFunction(const v8::Localv8::Function&amp;)’: &gt; /root/.node-gyp/4.4.0/include/node/v8.h:3021: error: argument dependent lookup finds ‘class v8::Set’ &gt; ../../../../nan/2.2.0/nan/nan.h:1402: error: in call to ‘Set’ &gt; ../../../../nan/2.2.0/nan/nan.h: In member function ‘void Nan::AsyncWorker::SaveToPersistent(const char_, const v8::Localv8::Value&amp;)’: &gt; ../../../../nan/2.2.0/nan/nan.h:1524: error: ‘class v8::Localv8::Boolean’ has no member named ‘ToLocalChecked’ &gt; ../../../../nan/2.2.0/nan/nan.h: In member function ‘v8::Localv8::Value Nan::AsyncWorker::GetFromPersistent(const char_) const’: &gt; ../../../../nan/2.2.0/nan/nan.h:1542: error: ‘class v8::Localv8::Boolean’ has no member named ‘ToLocalChecked’ &gt; ../../../../nan/2.2.0/nan/nan.h: In member function ‘virtual void Nan::AsyncWorker::HandleErrorCallback()’: &gt; ../../../../nan/2.2.0/nan/nan.h:1576: error: no matching function for call to ‘New(const char_)’ &gt; ../../../../nan/2.2.0/nan/nan.h: In function ‘void Nan::SetMethod(const T&amp;, const char_, void (_)(const Nan::FunctionCallbackInfov8::Value&amp;))’: &gt; ../../../../nan/2.2.0/nan/nan.h:1865: error: there are no arguments to ‘GetFunction’ that depend on a template parameter, so a declaration of ‘GetFunction’ must be available &gt; ../../../../nan/2.2.0/nan/nan.h:1865: note: (if you use ‘-fpermissive’, G++ will accept your code, but allowing the use of an undeclared name is deprecated) &gt; ../../../../nan/2.2.0/nan/nan.h:1866: error: ‘class v8::Localv8::Boolean’ has no member named ‘ToLocalChecked’ &gt; ../../../../nan/2.2.0/nan/nan.h: In function ‘void Nan::SetPrototypeMethod(v8::Localv8::FunctionTemplate, const char_, void (_)(const Nan::FunctionCallbackInfov8::Value&amp;))’: &gt; ../../../../nan/2.2.0/nan/nan.h:1878: error: ‘GetFunction’ was not declared in this scope &gt; ../../../../nan/2.2.0/nan/nan.h:1879: error: ‘class v8::Localv8::Boolean’ has no member named ‘ToLocalChecked’ &gt; ../../../../nan/2.2.0/nan/nan.h: In function ‘void Nan::SetAccessor(v8::Localv8::ObjectTemplate, v8::Localv8::String, void (_)(v8::Localv8::String, const Nan::PropertyCallbackInfov8::Value&amp;), void (_)(v8::Localv8::String, v8::Localv8::Value, const Nan::PropertyCallbackInfo&lt;void&gt;&amp;), v8::Localv8::Value, v8::AccessControl, v8::PropertyAttribute, Nan::imp::Sig)’: &gt; ../../../../nan/2.2.0/nan/nan.h:1904: error: ‘NewInstance’ was not declared in this scope &gt; ../../../../nan/2.2.0/nan/nan.h: In function ‘bool Nan::SetAccessor(v8::Localv8::Object, v8::Localv8::String, void (_)(v8::Localv8::String, const Nan::PropertyCallbackInfov8::Value&amp;), void (_)(v8::Localv8::String, v8::Localv8::Value, const Nan::PropertyCallbackInfo&lt;void&gt;&amp;), v8::Localv8::Value, v8::AccessControl, v8::PropertyAttribute)’: &gt; ../../../../nan/2.2.0/nan/nan.h:1947: error: ‘NewInstance’ was not declared in this scope &gt; ../../../../nan/2.2.0/nan/nan.h: In function ‘void Nan::SetNamedPropertyHandler(v8::Localv8::ObjectTemplate, void (_)(v8::Localv8::String, const Nan::PropertyCallbackInfov8::Value&amp;), void (_)(v8::Localv8::String, v8::Localv8::Value, const Nan::PropertyCallbackInfov8::Value&amp;), void (_)(v8::Localv8::String, const Nan::PropertyCallbackInfov8::Integer&amp;), void (_)(v8::Localv8::String, const Nan::PropertyCallbackInfov8::Boolean&amp;), void (_)(const Nan::PropertyCallbackInfov8::Array&amp;), v8::Localv8::Value)’: &gt; ../../../../nan/2.2.0/nan/nan.h:1995: error: ‘NewInstance’ was not declared in this scope &gt; ../../../../nan/2.2.0/nan/nan.h: In function ‘void Nan::SetIndexedPropertyHandler(v8::Localv8::ObjectTemplate, void (_)(uint32_t, const Nan::PropertyCallbackInfov8::Value&amp;), void (_)(uint32_t, v8::Localv8::Value, const Nan::PropertyCallbackInfov8::Value&amp;), void (_)(uint32_t, const Nan::PropertyCallbackInfov8::Integer&amp;), void (_)(uint32_t, const Nan::PropertyCallbackInfov8::Boolean&amp;), void (_)(const Nan::PropertyCallbackInfov8::Array&amp;), v8::Localv8::Value)’: &gt; ../../../../nan/2.2.0/nan/nan.h:2065: error: ‘NewInstance’ was not declared in this scope &gt; ../../../../nan/2.2.0/nan/nan.h: In function ‘void Nan::SetCallHandler(v8::Localv8::FunctionTemplate, void (_)(const Nan::FunctionCallbackInfov8::Value&amp;), v8::Localv8::Value)’: &gt; ../../../../nan/2.2.0/nan/nan.h:2120: error: ‘NewInstance’ was not declared in this scope &gt; ../../../../nan/2.2.0/nan/nan.h: In function ‘void Nan::SetCallAsFunctionHandler(v8::Localv8::ObjectTemplate, void (_)(const Nan::FunctionCallbackInfov8::Value&amp;), v8::Localv8::Value)’: &gt; ../../../../nan/2.2.0/nan/nan.h:2142: error: ‘NewInstance’ was not declared in this scope &gt; In file included from ../src/validation.cc:15: &gt; ../../../../nan/2.2.0/nan/nan.h: In function ‘void Nan::Export(Nan::ADDON_REGISTER_FUNCTION_ARGS_TYPE, const char_, void (_)(const Nan::FunctionCallbackInfov8::Value&amp;))’: &gt; ../../../../nan/2.2.0/nan/nan.h:2169: error: no matching function for call to ‘New(const char_&amp;)’ &gt; ../../../../nan/2.2.0/nan/nan.h:2170: error: ‘GetFunction’ was not declared in this scope &gt; /root/.node-gyp/4.4.0/include/node/v8.h:3021: error: argument dependent lookup finds ‘class v8::Set’ &gt; ../../../../nan/2.2.0/nan/nan.h:2170: error: in call to ‘Set’ &gt; ../../../../nan/2.2.0/nan/nan.h: In constructor ‘Nan::Tap::Tap(v8::Localv8::Value)’: &gt; ../../../../nan/2.2.0/nan/nan.h:2177: error: no matching function for call to ‘To(v8::Localv8::Value&amp;)’ &gt; ../../../../nan/2.2.0/nan/nan.h: In member function ‘void Nan::Tap::ok(bool, const char_)’: &gt; ../../../../nan/2.2.0/nan/nan.h:2190: error: ‘class v8::Localv8::Boolean’ has no member named ‘ToLocalChecked’ &gt; ../../../../nan/2.2.0/nan/nan.h: In member function ‘void Nan::Tap::pass(const char_)’: &gt; ../../../../nan/2.2.0/nan/nan.h:2196: error: ‘class v8::Localv8::Boolean’ has no member named ‘ToLocalChecked’ &gt; ../../../../nan/2.2.0/nan/nan.h: At global scope: &gt; ../../../../nan/2.2.0/nan/nan.h:2220: error: ISO C++ forbids declaration of ‘MaybeLocal’ with no type &gt; ../../../../nan/2.2.0/nan/nan.h:2220: error: expected ‘;’ before ‘&lt;’ token &gt; ../../../../nan/2.2.0/nan/nan.h:2223: error: expected ‘;’ before ‘}’ token &gt; ../../../../nan/2.2.0/nan/nan.h:2225: error: ‘MaybeLocal’ was not declared in this scope &gt; ../../../../nan/2.2.0/nan/nan.h:2225: error: template argument 1 is invalid &gt; ../../../../nan/2.2.0/nan/nan.h:2225: error: expected unqualified-id before ‘&gt;’ token &gt; ../../../../nan/2.2.0/nan/nan.h:2234: error: expected constructor, destructor, or type conversion before ‘&lt;’ token &gt; ../src/validation.cc:107: error: ‘v8::Handle’ has not been declared &gt; ../src/validation.cc:107: error: expected ‘,’ or ‘...’ before ‘&lt;’ token &gt; ../src/validation.cc: In static member function ‘static void Validation::Initialize(int)’: &gt; ../src/validation.cc:113: error: ‘Set’ is not a member of ‘Nan’ &gt; ../src/validation.cc:113: error: ‘target’ was not declared in this scope &gt; ../src/validation.cc:113: error: no matching function for call to ‘New(const char [11])’ &gt; ../src/validation.cc: At global scope: &gt; ../src/validation.cc:141: error: variable or field ‘init’ declared void &gt; ../src/validation.cc:141: error: ‘Handle’ was not declared in this scope &gt; ../src/validation.cc:141: error: expected primary-expression before ‘&gt;’ token &gt; ../src/validation.cc:141: error: ‘target’ was not declared in this scope &gt; ../src/validation.cc:147: error: ‘init’ was not declared in this scope &gt; ../src/validation.cc:147: error: too many initializers for ‘node::node_module’ &gt; In file included from ../src/validation.cc:15: &gt; ../../../../nan/2.2.0/nan/nan.h: In function ‘void Nan::SetMethod(const T&amp;, const char_, void (_)(const Nan::FunctionCallbackInfov8::Value&amp;)) [with T = v8::Localv8::FunctionTemplate]’: &gt; ../src/validation.cc:112: instantiated from here &gt; ../../../../nan/2.2.0/nan/nan.h:1865: error: ‘GetFunction’ was not declared in this scope &gt; make: **\* [Release/obj.target/validation/src/validation.o] Error 1 &gt; make: Leaving directory `/home/appium/appium-soft/node-v4.4.0-linux-x64/lib/node_modules/.stf_npminstall/utf-8-validate/1.2.1/utf-8-validate/build' &gt; gyp ERR! build error &gt; gyp ERR! stack Error:`make` failed with exit code: 2 &gt; gyp ERR! stack at ChildProcess.onExit (/home/appium/appium-soft/node-v4.4.0-linux-x64/lib/node_modules/cnpm/node_modules/npminstall/node_modules/node-gyp/lib/build.js:276:23) &gt; gyp ERR! stack at emitTwo (events.js:87:13) &gt; gyp ERR! stack at ChildProcess.emit (events.js:172:7) &gt; gyp ERR! stack at Process.ChildProcess._handle.onexit (internal/child_process.js:200:12) &gt; gyp ERR! System Linux 2.6.32-573.18.1.el6.x86_64 &gt; gyp ERR! command &quot;/home/appium/appium-soft/node-v4.4.0-linux-x64/bin/node&quot; &quot;/home/appium/appium-soft/node-v4.4.0-linux-x64/lib/node_modules/cnpm/node_modules/npminstall/node_modules/.bin/node-gyp&quot; &quot;rebuild&quot; &gt; gyp ERR! cwd /home/appium/appium-soft/node-v4.4.0-linux-x64/lib/node_modules/.stf_npminstall/utf-8-validate/1.2.1/utf-8-validate &gt; gyp ERR! node -v v4.4.0 &gt; gyp ERR! node-gyp -v v3.2.1 &gt; gyp ERR! not ok &gt; [Error: Run &quot;sh -c node-gyp rebuild&quot; error, exit code 1 &gt; at ChildProcess.&lt;anonymous&gt; (/home/appium/appium-soft/node-v4.4.0-linux-x64/lib/node_modules/cnpm/node_modules/npminstall/node_modules/runscript/index.js:67:21) &gt; at emitTwo (events.js:87:13) &gt; at ChildProcess.emit (events.js:172:7) &gt; at maybeClose (internal/child_process.js:827:16) &gt; at Process.ChildProcess._handle.onexit (internal/child_process.js:211:5)@%s] optional error: %s &gt; All packages installed (359 packages installed from npm registry, 2 packages installed from remote url, 1 packages installed from git, use 22s, speed 148.73kB/s, json 428(3.2MB), tarball 0B)</DESCRIPTION>
  <REPONAME>stf</REPONAME>
  <TIMEDIFFERENCEDAYS>69</TIMEDIFFERENCEDAYS>
  <BUGGYCOMMIT>
    <MESSAGE>--net host is no longer needed for stf-provider (#165) * --net host is no longer needed for stf-provider newer versions of Docker now support exposing port ranges, so we no longer need to use `--net host`. Respective docker networking changes for ADB are included. Signed-off-by: Pete Myron &lt;pete.myron@t-mobile.com&gt; * Update DEPLOYMENT.md fixed typo Signed-off-by: Pete Myron &lt;pete.myron@t-mobile.com&gt; Co-authored-by: Karol Wrótniak &lt;karol.wrotniak@droidsonroids.pl&gt;</MESSAGE>
    <SHA>26806152f3deb5a037aee515fa47a6202016c82a</SHA>
  </BUGGYCOMMIT>
  <PATCHCOMMITS>
    <COMMIT>
      <MESSAGE>Bump serve-favicon from 2.4.3 to 2.5.0 (#285) Bumps [serve-favicon](https://github.com/expressjs/serve-favicon) from 2.4.3 to 2.5.0. - [Release notes](https://github.com/expressjs/serve-favicon/releases) - [Changelog](https://github.com/expressjs/serve-favicon/blob/master/HISTORY.md) - [Commits](https://github.com/expressjs/serve-favicon/compare/v2.4.3...2.5.0) --- updated-dependencies: - dependency-name: serve-favicon dependency-type: direct:production update-type: version-update:semver-minor ... Signed-off-by: dependabot[bot] &lt;support@github.com&gt; Co-authored-by: dependabot[bot] &lt;49699333+dependabot[bot]@users.noreply.github.com&gt; Co-authored-by: Karol Wrótniak &lt;karol.wrotniak@droidsonroids.pl&gt;</MESSAGE>
      <SHA>4e85e824325e83da14beb1dc6c7d6263f51f5bb1</SHA>
      <PATCHEDFILES>
        <FILE>yarn.lock</FILE>
      </PATCHEDFILES>
    </COMMIT>
  </PATCHCOMMITS>
</ISSUE>
